<?xml version="1.0" encoding="UTF-8"?>
<testsuites>
  <testsuite name="" tests="274" assertions="992" errors="0" warnings="0" failures="0" skipped="0" time="1.828266">
    <testsuite name="Project Test Suite" tests="274" assertions="992" errors="0" warnings="0" failures="0" skipped="0" time="1.828266">
      <testsuite name="App\Tests\Card\CardGraphicTest" file="/mnt/c/Users/isabe/dbwebb-kurser/mvc/me/report/tests/Card/CardGraphicTest.php" tests="5" assertions="6" errors="0" warnings="0" failures="0" skipped="0" time="0.143956">
        <testcase name="testCardGraphicConstructor" class="App\Tests\Card\CardGraphicTest" classname="App.Tests.Card.CardGraphicTest" file="/mnt/c/Users/isabe/dbwebb-kurser/mvc/me/report/tests/Card/CardGraphicTest.php" line="11" assertions="2" time="0.120232"/>
        <testcase name="testGetAsStringHeartsAce" class="App\Tests\Card\CardGraphicTest" classname="App.Tests.Card.CardGraphicTest" file="/mnt/c/Users/isabe/dbwebb-kurser/mvc/me/report/tests/Card/CardGraphicTest.php" line="18" assertions="1" time="0.000384"/>
        <testcase name="testGetAsStringDiamondsQueen" class="App\Tests\Card\CardGraphicTest" classname="App.Tests.Card.CardGraphicTest" file="/mnt/c/Users/isabe/dbwebb-kurser/mvc/me/report/tests/Card/CardGraphicTest.php" line="25" assertions="1" time="0.000310"/>
        <testcase name="testGetAsStringSpadesKing" class="App\Tests\Card\CardGraphicTest" classname="App.Tests.Card.CardGraphicTest" file="/mnt/c/Users/isabe/dbwebb-kurser/mvc/me/report/tests/Card/CardGraphicTest.php" line="32" assertions="1" time="0.000333"/>
        <testcase name="testGetAsStringOutOfBounds" class="App\Tests\Card\CardGraphicTest" classname="App.Tests.Card.CardGraphicTest" file="/mnt/c/Users/isabe/dbwebb-kurser/mvc/me/report/tests/Card/CardGraphicTest.php" line="39" assertions="1" time="0.022697"/>
      </testsuite>
      <testsuite name="App\Tests\Card\CardHandTest" file="/mnt/c/Users/isabe/dbwebb-kurser/mvc/me/report/tests/Card/CardHandTest.php" tests="6" assertions="17" errors="0" warnings="0" failures="0" skipped="0" time="0.028342">
        <testcase name="testAddCard" class="App\Tests\Card\CardHandTest" classname="App.Tests.Card.CardHandTest" file="/mnt/c/Users/isabe/dbwebb-kurser/mvc/me/report/tests/Card/CardHandTest.php" line="11" assertions="2" time="0.026494"/>
        <testcase name="testGetHand" class="App\Tests\Card\CardHandTest" classname="App.Tests.Card.CardHandTest" file="/mnt/c/Users/isabe/dbwebb-kurser/mvc/me/report/tests/Card/CardHandTest.php" line="21" assertions="2" time="0.000408"/>
        <testcase name="testDrawMultipleCards" class="App\Tests\Card\CardHandTest" classname="App.Tests.Card.CardHandTest" file="/mnt/c/Users/isabe/dbwebb-kurser/mvc/me/report/tests/Card/CardHandTest.php" line="34" assertions="3" time="0.000349"/>
        <testcase name="testDrawMultipleCardsWhenDeckIsEmpty" class="App\Tests\Card\CardHandTest" classname="App.Tests.Card.CardHandTest" file="/mnt/c/Users/isabe/dbwebb-kurser/mvc/me/report/tests/Card/CardHandTest.php" line="46" assertions="2" time="0.000303"/>
        <testcase name="testDealCardsToPlayers" class="App\Tests\Card\CardHandTest" classname="App.Tests.Card.CardHandTest" file="/mnt/c/Users/isabe/dbwebb-kurser/mvc/me/report/tests/Card/CardHandTest.php" line="57" assertions="4" time="0.000400"/>
        <testcase name="testDealCardsToPlayersWithNotEnoughCards" class="App\Tests\Card\CardHandTest" classname="App.Tests.Card.CardHandTest" file="/mnt/c/Users/isabe/dbwebb-kurser/mvc/me/report/tests/Card/CardHandTest.php" line="76" assertions="4" time="0.000389"/>
      </testsuite>
      <testsuite name="App\Tests\Card\CardTest" file="/mnt/c/Users/isabe/dbwebb-kurser/mvc/me/report/tests/Card/CardTest.php" tests="5" assertions="6" errors="0" warnings="0" failures="0" skipped="0" time="0.001903">
        <testcase name="testCardConstructor" class="App\Tests\Card\CardTest" classname="App.Tests.Card.CardTest" file="/mnt/c/Users/isabe/dbwebb-kurser/mvc/me/report/tests/Card/CardTest.php" line="10" assertions="2" time="0.000678"/>
        <testcase name="testGetValue" class="App\Tests\Card\CardTest" classname="App.Tests.Card.CardTest" file="/mnt/c/Users/isabe/dbwebb-kurser/mvc/me/report/tests/Card/CardTest.php" line="17" assertions="1" time="0.000312"/>
        <testcase name="testGetAsString" class="App\Tests\Card\CardTest" classname="App.Tests.Card.CardTest" file="/mnt/c/Users/isabe/dbwebb-kurser/mvc/me/report/tests/Card/CardTest.php" line="23" assertions="1" time="0.000289"/>
        <testcase name="testGetForAPIWithHeartsAce" class="App\Tests\Card\CardTest" classname="App.Tests.Card.CardTest" file="/mnt/c/Users/isabe/dbwebb-kurser/mvc/me/report/tests/Card/CardTest.php" line="29" assertions="1" time="0.000320"/>
        <testcase name="testGetForAPIWithSpadesKing" class="App\Tests\Card\CardTest" classname="App.Tests.Card.CardTest" file="/mnt/c/Users/isabe/dbwebb-kurser/mvc/me/report/tests/Card/CardTest.php" line="36" assertions="1" time="0.000304"/>
      </testsuite>
      <testsuite name="App\Tests\Card\DeckOfCardsTest" file="/mnt/c/Users/isabe/dbwebb-kurser/mvc/me/report/tests/Card/DeckOfCardsTest.php" tests="4" assertions="56" errors="0" warnings="0" failures="0" skipped="0" time="0.008119">
        <testcase name="testDeckConstructor" class="App\Tests\Card\DeckOfCardsTest" classname="App.Tests.Card.DeckOfCardsTest" file="/mnt/c/Users/isabe/dbwebb-kurser/mvc/me/report/tests/Card/DeckOfCardsTest.php" line="11" assertions="2" time="0.006306"/>
        <testcase name="testDeckContainsUniqueCards" class="App\Tests\Card\DeckOfCardsTest" classname="App.Tests.Card.DeckOfCardsTest" file="/mnt/c/Users/isabe/dbwebb-kurser/mvc/me/report/tests/Card/DeckOfCardsTest.php" line="23" assertions="1" time="0.000638"/>
        <testcase name="testDeckHasCorrectCardValues" class="App\Tests\Card\DeckOfCardsTest" classname="App.Tests.Card.DeckOfCardsTest" file="/mnt/c/Users/isabe/dbwebb-kurser/mvc/me/report/tests/Card/DeckOfCardsTest.php" line="35" assertions="1" time="0.000486"/>
        <testcase name="testGetCardsReturnsArrayOfCardObjects" class="App\Tests\Card\DeckOfCardsTest" classname="App.Tests.Card.DeckOfCardsTest" file="/mnt/c/Users/isabe/dbwebb-kurser/mvc/me/report/tests/Card/DeckOfCardsTest.php" line="48" assertions="52" time="0.000689"/>
      </testsuite>
      <testsuite name="App\Tests\CardGame\BankTest" file="/mnt/c/Users/isabe/dbwebb-kurser/mvc/me/report/tests/CardGame/BankTest.php" tests="5" assertions="11" errors="0" warnings="0" failures="0" skipped="0" time="0.023532">
        <testcase name="testPlaceBetIncreasesPlayerBetAndPot" class="App\Tests\CardGame\BankTest" classname="App.Tests.CardGame.BankTest" file="/mnt/c/Users/isabe/dbwebb-kurser/mvc/me/report/tests/CardGame/BankTest.php" line="11" assertions="2" time="0.021885"/>
        <testcase name="testPlaceMultipleBetsIncreasesPlayerBetAndPot" class="App\Tests\CardGame\BankTest" classname="App.Tests.CardGame.BankTest" file="/mnt/c/Users/isabe/dbwebb-kurser/mvc/me/report/tests/CardGame/BankTest.php" line="22" assertions="2" time="0.000518"/>
        <testcase name="testPlaceBetFromMultiplePlayersIncreasesPot" class="App\Tests\CardGame\BankTest" classname="App.Tests.CardGame.BankTest" file="/mnt/c/Users/isabe/dbwebb-kurser/mvc/me/report/tests/CardGame/BankTest.php" line="34" assertions="3" time="0.000426"/>
        <testcase name="testGetPlayerBetReturnsZeroIfNoBetPlaced" class="App\Tests\CardGame\BankTest" classname="App.Tests.CardGame.BankTest" file="/mnt/c/Users/isabe/dbwebb-kurser/mvc/me/report/tests/CardGame/BankTest.php" line="48" assertions="1" time="0.000352"/>
        <testcase name="testResetBetsClearsAllBetsButNotPot" class="App\Tests\CardGame\BankTest" classname="App.Tests.CardGame.BankTest" file="/mnt/c/Users/isabe/dbwebb-kurser/mvc/me/report/tests/CardGame/BankTest.php" line="56" assertions="3" time="0.000351"/>
      </testsuite>
      <testsuite name="App\Tests\CardGame\CardGraphicTest" file="/mnt/c/Users/isabe/dbwebb-kurser/mvc/me/report/tests/CardGame/CardGraphicTest.php" tests="2" assertions="2" errors="0" warnings="0" failures="0" skipped="0" time="0.012064">
        <testcase name="testGetAsString" class="App\Tests\CardGame\CardGraphicTest" classname="App.Tests.CardGame.CardGraphicTest" file="/mnt/c/Users/isabe/dbwebb-kurser/mvc/me/report/tests/CardGame/CardGraphicTest.php" line="10" assertions="1" time="0.011651"/>
        <testcase name="testGetUnturned" class="App\Tests\CardGame\CardGraphicTest" classname="App.Tests.CardGame.CardGraphicTest" file="/mnt/c/Users/isabe/dbwebb-kurser/mvc/me/report/tests/CardGame/CardGraphicTest.php" line="16" assertions="1" time="0.000412"/>
      </testsuite>
      <testsuite name="App\Tests\CardGame\CardHandTest" file="/mnt/c/Users/isabe/dbwebb-kurser/mvc/me/report/tests/CardGame/CardHandTest.php" tests="10" assertions="17" errors="0" warnings="0" failures="0" skipped="0" time="0.021951">
        <testcase name="testAddCardAndGetCards" class="App\Tests\CardGame\CardHandTest" classname="App.Tests.CardGame.CardHandTest" file="/mnt/c/Users/isabe/dbwebb-kurser/mvc/me/report/tests/CardGame/CardHandTest.php" line="11" assertions="1" time="0.007331"/>
        <testcase name="testCalculateTotal" class="App\Tests\CardGame\CardHandTest" classname="App.Tests.CardGame.CardHandTest" file="/mnt/c/Users/isabe/dbwebb-kurser/mvc/me/report/tests/CardGame/CardHandTest.php" line="23" assertions="2" time="0.000401"/>
        <testcase name="testCalculateTotalWithAce" class="App\Tests\CardGame\CardHandTest" classname="App.Tests.CardGame.CardHandTest" file="/mnt/c/Users/isabe/dbwebb-kurser/mvc/me/report/tests/CardGame/CardHandTest.php" line="39" assertions="2" time="0.000360"/>
        <testcase name="testCalculateTotalWithAceAsEleven" class="App\Tests\CardGame\CardHandTest" classname="App.Tests.CardGame.CardHandTest" file="/mnt/c/Users/isabe/dbwebb-kurser/mvc/me/report/tests/CardGame/CardHandTest.php" line="55" assertions="2" time="0.000348"/>
        <testcase name="testCalculateTotalWithFaceCards" class="App\Tests\CardGame\CardHandTest" classname="App.Tests.CardGame.CardHandTest" file="/mnt/c/Users/isabe/dbwebb-kurser/mvc/me/report/tests/CardGame/CardHandTest.php" line="68" assertions="2" time="0.000414"/>
        <testcase name="testCalculateTotalDealer" class="App\Tests\CardGame\CardHandTest" classname="App.Tests.CardGame.CardHandTest" file="/mnt/c/Users/isabe/dbwebb-kurser/mvc/me/report/tests/CardGame/CardHandTest.php" line="80" assertions="1" time="0.000359"/>
        <testcase name="testCalculateTotalWithAceHighAdjustment" class="App\Tests\CardGame\CardHandTest" classname="App.Tests.CardGame.CardHandTest" file="/mnt/c/Users/isabe/dbwebb-kurser/mvc/me/report/tests/CardGame/CardHandTest.php" line="96" assertions="2" time="0.000360"/>
        <testcase name="testCalculateTotalDealerWithAce" class="App\Tests\CardGame\CardHandTest" classname="App.Tests.CardGame.CardHandTest" file="/mnt/c/Users/isabe/dbwebb-kurser/mvc/me/report/tests/CardGame/CardHandTest.php" line="114" assertions="1" time="0.000333"/>
        <testcase name="testCalculateTotalDealerWithFaceCard" class="App\Tests\CardGame\CardHandTest" classname="App.Tests.CardGame.CardHandTest" file="/mnt/c/Users/isabe/dbwebb-kurser/mvc/me/report/tests/CardGame/CardHandTest.php" line="125" assertions="1" time="0.000341"/>
        <testcase name="testDealCards" class="App\Tests\CardGame\CardHandTest" classname="App.Tests.CardGame.CardHandTest" file="/mnt/c/Users/isabe/dbwebb-kurser/mvc/me/report/tests/CardGame/CardHandTest.php" line="136" assertions="3" time="0.011705"/>
      </testsuite>
      <testsuite name="App\Tests\CardGame\CardTest" file="/mnt/c/Users/isabe/dbwebb-kurser/mvc/me/report/tests/CardGame/CardTest.php" tests="4" assertions="7" errors="0" warnings="0" failures="0" skipped="0" time="0.001277">
        <testcase name="testGetValue" class="App\Tests\CardGame\CardTest" classname="App.Tests.CardGame.CardTest" file="/mnt/c/Users/isabe/dbwebb-kurser/mvc/me/report/tests/CardGame/CardTest.php" line="10" assertions="1" time="0.000332"/>
        <testcase name="testGetCardName" class="App\Tests\CardGame\CardTest" classname="App.Tests.CardGame.CardTest" file="/mnt/c/Users/isabe/dbwebb-kurser/mvc/me/report/tests/CardGame/CardTest.php" line="16" assertions="4" time="0.000317"/>
        <testcase name="testGetSuit" class="App\Tests\CardGame\CardTest" classname="App.Tests.CardGame.CardTest" file="/mnt/c/Users/isabe/dbwebb-kurser/mvc/me/report/tests/CardGame/CardTest.php" line="28" assertions="1" time="0.000306"/>
        <testcase name="testGetCardNameDefault" class="App\Tests\CardGame\CardTest" classname="App.Tests.CardGame.CardTest" file="/mnt/c/Users/isabe/dbwebb-kurser/mvc/me/report/tests/CardGame/CardTest.php" line="33" assertions="1" time="0.000321"/>
      </testsuite>
      <testsuite name="App\Tests\CardGame\CommunityCardManagerTest" file="/mnt/c/Users/isabe/dbwebb-kurser/mvc/me/report/tests/CardGame/CommunityCardManagerTest.php" tests="4" assertions="15" errors="0" warnings="0" failures="0" skipped="0" time="0.341685">
        <testcase name="testDealCommunityCardsAddsCardsToCommunity" class="App\Tests\CardGame\CommunityCardManagerTest" classname="App.Tests.CardGame.CommunityCardManagerTest" file="/mnt/c/Users/isabe/dbwebb-kurser/mvc/me/report/tests/CardGame/CommunityCardManagerTest.php" line="13" assertions="10" time="0.300190"/>
        <testcase name="testGetCommunityCardsReturnsEmptyArrayWhenNoCardsDealt" class="App\Tests\CardGame\CommunityCardManagerTest" classname="App.Tests.CardGame.CommunityCardManagerTest" file="/mnt/c/Users/isabe/dbwebb-kurser/mvc/me/report/tests/CardGame/CommunityCardManagerTest.php" line="30" assertions="1" time="0.008879"/>
        <testcase name="testResetCommunityCardsClearsCommunityCards" class="App\Tests\CardGame\CommunityCardManagerTest" classname="App.Tests.CardGame.CommunityCardManagerTest" file="/mnt/c/Users/isabe/dbwebb-kurser/mvc/me/report/tests/CardGame/CommunityCardManagerTest.php" line="38" assertions="2" time="0.000668"/>
        <testcase name="testDealInitialCardsAddsCardsToPlayerHands" class="App\Tests\CardGame\CommunityCardManagerTest" classname="App.Tests.CardGame.CommunityCardManagerTest" file="/mnt/c/Users/isabe/dbwebb-kurser/mvc/me/report/tests/CardGame/CommunityCardManagerTest.php" line="53" assertions="2" time="0.031948"/>
      </testsuite>
      <testsuite name="App\Tests\CardGame\DeckOfCardsTest" file="/mnt/c/Users/isabe/dbwebb-kurser/mvc/me/report/tests/CardGame/DeckOfCardsTest.php" tests="1" assertions="1" errors="0" warnings="0" failures="0" skipped="0" time="0.007393">
        <testcase name="testGetDeck" class="App\Tests\CardGame\DeckOfCardsTest" classname="App.Tests.CardGame.DeckOfCardsTest" file="/mnt/c/Users/isabe/dbwebb-kurser/mvc/me/report/tests/CardGame/DeckOfCardsTest.php" line="10" assertions="1" time="0.007393"/>
      </testsuite>
      <testsuite name="App\Tests\CardGame\DeckTest" file="/mnt/c/Users/isabe/dbwebb-kurser/mvc/me/report/tests/CardGame/DeckTest.php" tests="5" assertions="162" errors="0" warnings="0" failures="0" skipped="0" time="0.077786">
        <testcase name="testDeckIsInitializedWith52Cards" class="App\Tests\CardGame\DeckTest" classname="App.Tests.CardGame.DeckTest" file="/mnt/c/Users/isabe/dbwebb-kurser/mvc/me/report/tests/CardGame/DeckTest.php" line="11" assertions="53" time="0.000974"/>
        <testcase name="testDeckContainsCorrectCardCombination" class="App\Tests\CardGame\DeckTest" classname="App.Tests.CardGame.DeckTest" file="/mnt/c/Users/isabe/dbwebb-kurser/mvc/me/report/tests/CardGame/DeckTest.php" line="25" assertions="52" time="0.020956"/>
        <testcase name="testDrawCardReducesDeckSize" class="App\Tests\CardGame\DeckTest" classname="App.Tests.CardGame.DeckTest" file="/mnt/c/Users/isabe/dbwebb-kurser/mvc/me/report/tests/CardGame/DeckTest.php" line="46" assertions="2" time="0.000749"/>
        <testcase name="testDrawAllCardsAndDeckIsEmpty" class="App\Tests\CardGame\DeckTest" classname="App.Tests.CardGame.DeckTest" file="/mnt/c/Users/isabe/dbwebb-kurser/mvc/me/report/tests/CardGame/DeckTest.php" line="60" assertions="54" time="0.009189"/>
        <testcase name="testShuffleRandomizesDeckOrder" class="App\Tests\CardGame\DeckTest" classname="App.Tests.CardGame.DeckTest" file="/mnt/c/Users/isabe/dbwebb-kurser/mvc/me/report/tests/CardGame/DeckTest.php" line="74" assertions="1" time="0.045917"/>
      </testsuite>
      <testsuite name="App\Tests\CardGame\GameDataServiceTest" file="/mnt/c/Users/isabe/dbwebb-kurser/mvc/me/report/tests/CardGame/GameDataServiceTest.php" tests="1" assertions="13" errors="0" warnings="0" failures="0" skipped="0" time="0.042464">
        <testcase name="testGetGameData" class="App\Tests\CardGame\GameDataServiceTest" classname="App.Tests.CardGame.GameDataServiceTest" file="/mnt/c/Users/isabe/dbwebb-kurser/mvc/me/report/tests/CardGame/GameDataServiceTest.php" line="53" assertions="13" time="0.042464"/>
      </testsuite>
      <testsuite name="App\Tests\CardGame\GameLoggerTest" file="/mnt/c/Users/isabe/dbwebb-kurser/mvc/me/report/tests/CardGame/GameLoggerTest.php" tests="2" assertions="3" errors="0" warnings="0" failures="0" skipped="0" time="0.031113">
        <testcase name="testLogGameStart" class="App\Tests\CardGame\GameLoggerTest" classname="App.Tests.CardGame.GameLoggerTest" file="/mnt/c/Users/isabe/dbwebb-kurser/mvc/me/report/tests/CardGame/GameLoggerTest.php" line="33" assertions="2" time="0.019974"/>
        <testcase name="testUpdateGameLog" class="App\Tests\CardGame\GameLoggerTest" classname="App.Tests.CardGame.GameLoggerTest" file="/mnt/c/Users/isabe/dbwebb-kurser/mvc/me/report/tests/CardGame/GameLoggerTest.php" line="70" assertions="1" time="0.011140"/>
      </testsuite>
      <testsuite name="App\Tests\CardGame\GameResultCheckTest" file="/mnt/c/Users/isabe/dbwebb-kurser/mvc/me/report/tests/CardGame/GameResultCheckTest.php" tests="5" assertions="28" errors="0" warnings="0" failures="0" skipped="0" time="0.018213">
        <testcase name="testCheckBlackjack" class="App\Tests\CardGame\GameResultCheckTest" classname="App.Tests.CardGame.GameResultCheckTest" file="/mnt/c/Users/isabe/dbwebb-kurser/mvc/me/report/tests/CardGame/GameResultCheckTest.php" line="10" assertions="5" time="0.016283"/>
        <testcase name="testCheckBust" class="App\Tests\CardGame\GameResultCheckTest" classname="App.Tests.CardGame.GameResultCheckTest" file="/mnt/c/Users/isabe/dbwebb-kurser/mvc/me/report/tests/CardGame/GameResultCheckTest.php" line="35" assertions="5" time="0.000422"/>
        <testcase name="testBlackjackOrBust" class="App\Tests\CardGame\GameResultCheckTest" classname="App.Tests.CardGame.GameResultCheckTest" file="/mnt/c/Users/isabe/dbwebb-kurser/mvc/me/report/tests/CardGame/GameResultCheckTest.php" line="60" assertions="7" time="0.000415"/>
        <testcase name="testHighestScore" class="App\Tests\CardGame\GameResultCheckTest" classname="App.Tests.CardGame.GameResultCheckTest" file="/mnt/c/Users/isabe/dbwebb-kurser/mvc/me/report/tests/CardGame/GameResultCheckTest.php" line="100" assertions="6" time="0.000511"/>
        <testcase name="testCheckCondition" class="App\Tests\CardGame\GameResultCheckTest" classname="App.Tests.CardGame.GameResultCheckTest" file="/mnt/c/Users/isabe/dbwebb-kurser/mvc/me/report/tests/CardGame/GameResultCheckTest.php" line="135" assertions="5" time="0.000582"/>
      </testsuite>
      <testsuite name="App\Tests\CardGame\GameServiceTest" file="/mnt/c/Users/isabe/dbwebb-kurser/mvc/me/report/tests/CardGame/GameServiceTest.php" tests="5" assertions="10" errors="0" warnings="0" failures="0" skipped="0" time="0.025006">
        <testcase name="testInitializeGame" class="App\Tests\CardGame\GameServiceTest" classname="App.Tests.CardGame.GameServiceTest" file="/mnt/c/Users/isabe/dbwebb-kurser/mvc/me/report/tests/CardGame/GameServiceTest.php" line="28" assertions="3" time="0.013856"/>
        <testcase name="testInitGameSuccess" class="App\Tests\CardGame\GameServiceTest" classname="App.Tests.CardGame.GameServiceTest" file="/mnt/c/Users/isabe/dbwebb-kurser/mvc/me/report/tests/CardGame/GameServiceTest.php" line="46" assertions="2" time="0.009185"/>
        <testcase name="testAdjustMoneyForBet" class="App\Tests\CardGame\GameServiceTest" classname="App.Tests.CardGame.GameServiceTest" file="/mnt/c/Users/isabe/dbwebb-kurser/mvc/me/report/tests/CardGame/GameServiceTest.php" line="57" assertions="3" time="0.000667"/>
        <testcase name="testIsValidBet" class="App\Tests\CardGame\GameServiceTest" classname="App.Tests.CardGame.GameServiceTest" file="/mnt/c/Users/isabe/dbwebb-kurser/mvc/me/report/tests/CardGame/GameServiceTest.php" line="80" assertions="1" time="0.000682"/>
        <testcase name="testIsInvalidBet" class="App\Tests\CardGame\GameServiceTest" classname="App.Tests.CardGame.GameServiceTest" file="/mnt/c/Users/isabe/dbwebb-kurser/mvc/me/report/tests/CardGame/GameServiceTest.php" line="92" assertions="1" time="0.000615"/>
      </testsuite>
      <testsuite name="App\Tests\CardGame\GameStageManagerTest" file="/mnt/c/Users/isabe/dbwebb-kurser/mvc/me/report/tests/CardGame/GameStageManagerTest.php" tests="6" assertions="10" errors="0" warnings="0" failures="0" skipped="0" time="0.019484">
        <testcase name="testInitialStageIsPreFlop" class="App\Tests\CardGame\GameStageManagerTest" classname="App.Tests.CardGame.GameStageManagerTest" file="/mnt/c/Users/isabe/dbwebb-kurser/mvc/me/report/tests/CardGame/GameStageManagerTest.php" line="12" assertions="1" time="0.006387"/>
        <testcase name="testAdvanceStageToFlop" class="App\Tests\CardGame\GameStageManagerTest" classname="App.Tests.CardGame.GameStageManagerTest" file="/mnt/c/Users/isabe/dbwebb-kurser/mvc/me/report/tests/CardGame/GameStageManagerTest.php" line="18" assertions="2" time="0.000989"/>
        <testcase name="testAdvanceStageToTurn" class="App\Tests\CardGame\GameStageManagerTest" classname="App.Tests.CardGame.GameStageManagerTest" file="/mnt/c/Users/isabe/dbwebb-kurser/mvc/me/report/tests/CardGame/GameStageManagerTest.php" line="34" assertions="2" time="0.010295"/>
        <testcase name="testAdvanceStageToRiver" class="App\Tests\CardGame\GameStageManagerTest" classname="App.Tests.CardGame.GameStageManagerTest" file="/mnt/c/Users/isabe/dbwebb-kurser/mvc/me/report/tests/CardGame/GameStageManagerTest.php" line="51" assertions="2" time="0.000777"/>
        <testcase name="testIsFinalStage" class="App\Tests\CardGame\GameStageManagerTest" classname="App.Tests.CardGame.GameStageManagerTest" file="/mnt/c/Users/isabe/dbwebb-kurser/mvc/me/report/tests/CardGame/GameStageManagerTest.php" line="68" assertions="1" time="0.000556"/>
        <testcase name="testResetStage" class="App\Tests\CardGame\GameStageManagerTest" classname="App.Tests.CardGame.GameStageManagerTest" file="/mnt/c/Users/isabe/dbwebb-kurser/mvc/me/report/tests/CardGame/GameStageManagerTest.php" line="81" assertions="2" time="0.000481"/>
      </testsuite>
      <testsuite name="App\Tests\CardGame\HandEvaluatorTest" file="/mnt/c/Users/isabe/dbwebb-kurser/mvc/me/report/tests/CardGame/HandEvaluatorTest.php" tests="7" assertions="9" errors="0" warnings="0" failures="0" skipped="0" time="0.018831">
        <testcase name="testGetBestHand" class="App\Tests\CardGame\HandEvaluatorTest" classname="App.Tests.CardGame.HandEvaluatorTest" file="/mnt/c/Users/isabe/dbwebb-kurser/mvc/me/report/tests/CardGame/HandEvaluatorTest.php" line="29" assertions="2" time="0.015752"/>
        <testcase name="testCompareHands" class="App\Tests\CardGame\HandEvaluatorTest" classname="App.Tests.CardGame.HandEvaluatorTest" file="/mnt/c/Users/isabe/dbwebb-kurser/mvc/me/report/tests/CardGame/HandEvaluatorTest.php" line="51" assertions="1" time="0.000613"/>
        <testcase name="testCompareHandsWithSameRank" class="App\Tests\CardGame\HandEvaluatorTest" classname="App.Tests.CardGame.HandEvaluatorTest" file="/mnt/c/Users/isabe/dbwebb-kurser/mvc/me/report/tests/CardGame/HandEvaluatorTest.php" line="61" assertions="1" time="0.000538"/>
        <testcase name="testCompareHandsWithIdenticalValues" class="App\Tests\CardGame\HandEvaluatorTest" classname="App.Tests.CardGame.HandEvaluatorTest" file="/mnt/c/Users/isabe/dbwebb-kurser/mvc/me/report/tests/CardGame/HandEvaluatorTest.php" line="71" assertions="1" time="0.000439"/>
        <testcase name="testCombinations" class="App\Tests\CardGame\HandEvaluatorTest" classname="App.Tests.CardGame.HandEvaluatorTest" file="/mnt/c/Users/isabe/dbwebb-kurser/mvc/me/report/tests/CardGame/HandEvaluatorTest.php" line="81" assertions="2" time="0.000528"/>
        <testcase name="testCompareHandValues" class="App\Tests\CardGame\HandEvaluatorTest" classname="App.Tests.CardGame.HandEvaluatorTest" file="/mnt/c/Users/isabe/dbwebb-kurser/mvc/me/report/tests/CardGame/HandEvaluatorTest.php" line="97" assertions="1" time="0.000489"/>
        <testcase name="testCompareHandValuesWithEqualHands" class="App\Tests\CardGame\HandEvaluatorTest" classname="App.Tests.CardGame.HandEvaluatorTest" file="/mnt/c/Users/isabe/dbwebb-kurser/mvc/me/report/tests/CardGame/HandEvaluatorTest.php" line="107" assertions="1" time="0.000472"/>
      </testsuite>
      <testsuite name="App\Tests\CardGame\HandRankingEvaluatorTest" file="/mnt/c/Users/isabe/dbwebb-kurser/mvc/me/report/tests/CardGame/HandRankingEvaluatorTest.php" tests="15" assertions="24" errors="0" warnings="0" failures="0" skipped="0" time="0.007832">
        <testcase name="testEvaluateHandWithFlush" class="App\Tests\CardGame\HandRankingEvaluatorTest" classname="App.Tests.CardGame.HandRankingEvaluatorTest" file="/mnt/c/Users/isabe/dbwebb-kurser/mvc/me/report/tests/CardGame/HandRankingEvaluatorTest.php" line="21" assertions="2" time="0.000649"/>
        <testcase name="testEvaluateHandWithStraight" class="App\Tests\CardGame\HandRankingEvaluatorTest" classname="App.Tests.CardGame.HandRankingEvaluatorTest" file="/mnt/c/Users/isabe/dbwebb-kurser/mvc/me/report/tests/CardGame/HandRankingEvaluatorTest.php" line="37" assertions="2" time="0.000560"/>
        <testcase name="testEvaluateHandWithFullHouse" class="App\Tests\CardGame\HandRankingEvaluatorTest" classname="App.Tests.CardGame.HandRankingEvaluatorTest" file="/mnt/c/Users/isabe/dbwebb-kurser/mvc/me/report/tests/CardGame/HandRankingEvaluatorTest.php" line="53" assertions="2" time="0.000548"/>
        <testcase name="testEvaluateHandWithThreeOfAKind" class="App\Tests\CardGame\HandRankingEvaluatorTest" classname="App.Tests.CardGame.HandRankingEvaluatorTest" file="/mnt/c/Users/isabe/dbwebb-kurser/mvc/me/report/tests/CardGame/HandRankingEvaluatorTest.php" line="69" assertions="2" time="0.000560"/>
        <testcase name="testEvaluateHandWithTwoPair" class="App\Tests\CardGame\HandRankingEvaluatorTest" classname="App.Tests.CardGame.HandRankingEvaluatorTest" file="/mnt/c/Users/isabe/dbwebb-kurser/mvc/me/report/tests/CardGame/HandRankingEvaluatorTest.php" line="85" assertions="2" time="0.000626"/>
        <testcase name="testEvaluateHandWithOnePair" class="App\Tests\CardGame\HandRankingEvaluatorTest" classname="App.Tests.CardGame.HandRankingEvaluatorTest" file="/mnt/c/Users/isabe/dbwebb-kurser/mvc/me/report/tests/CardGame/HandRankingEvaluatorTest.php" line="101" assertions="2" time="0.000725"/>
        <testcase name="testEvaluateHandWithHighCard" class="App\Tests\CardGame\HandRankingEvaluatorTest" classname="App.Tests.CardGame.HandRankingEvaluatorTest" file="/mnt/c/Users/isabe/dbwebb-kurser/mvc/me/report/tests/CardGame/HandRankingEvaluatorTest.php" line="117" assertions="2" time="0.000666"/>
        <testcase name="testIsFlush" class="App\Tests\CardGame\HandRankingEvaluatorTest" classname="App.Tests.CardGame.HandRankingEvaluatorTest" file="/mnt/c/Users/isabe/dbwebb-kurser/mvc/me/report/tests/CardGame/HandRankingEvaluatorTest.php" line="133" assertions="1" time="0.000403"/>
        <testcase name="testIsStraight" class="App\Tests\CardGame\HandRankingEvaluatorTest" classname="App.Tests.CardGame.HandRankingEvaluatorTest" file="/mnt/c/Users/isabe/dbwebb-kurser/mvc/me/report/tests/CardGame/HandRankingEvaluatorTest.php" line="148" assertions="1" time="0.000383"/>
        <testcase name="testIsFullHouse" class="App\Tests\CardGame\HandRankingEvaluatorTest" classname="App.Tests.CardGame.HandRankingEvaluatorTest" file="/mnt/c/Users/isabe/dbwebb-kurser/mvc/me/report/tests/CardGame/HandRankingEvaluatorTest.php" line="163" assertions="1" time="0.000392"/>
        <testcase name="testIsThreeOfAKind" class="App\Tests\CardGame\HandRankingEvaluatorTest" classname="App.Tests.CardGame.HandRankingEvaluatorTest" file="/mnt/c/Users/isabe/dbwebb-kurser/mvc/me/report/tests/CardGame/HandRankingEvaluatorTest.php" line="178" assertions="1" time="0.000394"/>
        <testcase name="testIsTwoPair" class="App\Tests\CardGame\HandRankingEvaluatorTest" classname="App.Tests.CardGame.HandRankingEvaluatorTest" file="/mnt/c/Users/isabe/dbwebb-kurser/mvc/me/report/tests/CardGame/HandRankingEvaluatorTest.php" line="193" assertions="1" time="0.000386"/>
        <testcase name="testIsOnePair" class="App\Tests\CardGame\HandRankingEvaluatorTest" classname="App.Tests.CardGame.HandRankingEvaluatorTest" file="/mnt/c/Users/isabe/dbwebb-kurser/mvc/me/report/tests/CardGame/HandRankingEvaluatorTest.php" line="208" assertions="1" time="0.000370"/>
        <testcase name="testIsHighCard" class="App\Tests\CardGame\HandRankingEvaluatorTest" classname="App.Tests.CardGame.HandRankingEvaluatorTest" file="/mnt/c/Users/isabe/dbwebb-kurser/mvc/me/report/tests/CardGame/HandRankingEvaluatorTest.php" line="223" assertions="2" time="0.000610"/>
        <testcase name="testIsRoyalFlush" class="App\Tests\CardGame\HandRankingEvaluatorTest" classname="App.Tests.CardGame.HandRankingEvaluatorTest" file="/mnt/c/Users/isabe/dbwebb-kurser/mvc/me/report/tests/CardGame/HandRankingEvaluatorTest.php" line="238" assertions="2" time="0.000560"/>
      </testsuite>
      <testsuite name="App\Tests\CardGame\IntelligentComputerTest" file="/mnt/c/Users/isabe/dbwebb-kurser/mvc/me/report/tests/CardGame/IntelligentComputerTest.php" tests="4" assertions="4" errors="0" warnings="0" failures="0" skipped="0" time="0.012810">
        <testcase name="testFoldWhenNoPairOrHighCardAndCurrentBetGreaterThanZero" class="App\Tests\CardGame\IntelligentComputerTest" classname="App.Tests.CardGame.IntelligentComputerTest" file="/mnt/c/Users/isabe/dbwebb-kurser/mvc/me/report/tests/CardGame/IntelligentComputerTest.php" line="19" assertions="1" time="0.009101"/>
        <testcase name="testCallWhenHighCardExistsAndCurrentBetGreaterThanZero" class="App\Tests\CardGame\IntelligentComputerTest" classname="App.Tests.CardGame.IntelligentComputerTest" file="/mnt/c/Users/isabe/dbwebb-kurser/mvc/me/report/tests/CardGame/IntelligentComputerTest.php" line="37" assertions="1" time="0.001589"/>
        <testcase name="testCheckWhenNoCurrentBet" class="App\Tests\CardGame\IntelligentComputerTest" classname="App.Tests.CardGame.IntelligentComputerTest" file="/mnt/c/Users/isabe/dbwebb-kurser/mvc/me/report/tests/CardGame/IntelligentComputerTest.php" line="55" assertions="1" time="0.001276"/>
        <testcase name="testRaiseWithThreeOfAKind" class="App\Tests\CardGame\IntelligentComputerTest" classname="App.Tests.CardGame.IntelligentComputerTest" file="/mnt/c/Users/isabe/dbwebb-kurser/mvc/me/report/tests/CardGame/IntelligentComputerTest.php" line="73" assertions="1" time="0.000844"/>
      </testsuite>
      <testsuite name="App\Tests\CardGame\MoneyHandlingTest" file="/mnt/c/Users/isabe/dbwebb-kurser/mvc/me/report/tests/CardGame/MoneyHandlingTest.php" tests="4" assertions="8" errors="0" warnings="0" failures="0" skipped="0" time="0.006934">
        <testcase name="testHandleMoneyPlayerWins" class="App\Tests\CardGame\MoneyHandlingTest" classname="App.Tests.CardGame.MoneyHandlingTest" file="/mnt/c/Users/isabe/dbwebb-kurser/mvc/me/report/tests/CardGame/MoneyHandlingTest.php" line="10" assertions="2" time="0.005919"/>
        <testcase name="testHandleMoneyDealerWins" class="App\Tests\CardGame\MoneyHandlingTest" classname="App.Tests.CardGame.MoneyHandlingTest" file="/mnt/c/Users/isabe/dbwebb-kurser/mvc/me/report/tests/CardGame/MoneyHandlingTest.php" line="24" assertions="2" time="0.000400"/>
        <testcase name="testHandleMoneyTie" class="App\Tests\CardGame\MoneyHandlingTest" classname="App.Tests.CardGame.MoneyHandlingTest" file="/mnt/c/Users/isabe/dbwebb-kurser/mvc/me/report/tests/CardGame/MoneyHandlingTest.php" line="38" assertions="2" time="0.000318"/>
        <testcase name="testHandleMoneyNoChange" class="App\Tests\CardGame\MoneyHandlingTest" classname="App.Tests.CardGame.MoneyHandlingTest" file="/mnt/c/Users/isabe/dbwebb-kurser/mvc/me/report/tests/CardGame/MoneyHandlingTest.php" line="52" assertions="2" time="0.000296"/>
      </testsuite>
      <testsuite name="App\Tests\CardGame\NormalComputerTest" file="/mnt/c/Users/isabe/dbwebb-kurser/mvc/me/report/tests/CardGame/NormalComputerTest.php" tests="4" assertions="4" errors="0" warnings="0" failures="0" skipped="0" time="0.002538">
        <testcase name="testFoldWhenNoPairOrHighCardAndCurrentBetGreaterThanZero" class="App\Tests\CardGame\NormalComputerTest" classname="App.Tests.CardGame.NormalComputerTest" file="/mnt/c/Users/isabe/dbwebb-kurser/mvc/me/report/tests/CardGame/NormalComputerTest.php" line="19" assertions="1" time="0.000641"/>
        <testcase name="testCallWhenPairExistsAndCurrentBetGreaterThanZero" class="App\Tests\CardGame\NormalComputerTest" classname="App.Tests.CardGame.NormalComputerTest" file="/mnt/c/Users/isabe/dbwebb-kurser/mvc/me/report/tests/CardGame/NormalComputerTest.php" line="37" assertions="1" time="0.000657"/>
        <testcase name="testCallWhenHighCardExistsAndCurrentBetGreaterThanZero" class="App\Tests\CardGame\NormalComputerTest" classname="App.Tests.CardGame.NormalComputerTest" file="/mnt/c/Users/isabe/dbwebb-kurser/mvc/me/report/tests/CardGame/NormalComputerTest.php" line="55" assertions="1" time="0.000618"/>
        <testcase name="testCheckWhenNoCurrentBet" class="App\Tests\CardGame\NormalComputerTest" classname="App.Tests.CardGame.NormalComputerTest" file="/mnt/c/Users/isabe/dbwebb-kurser/mvc/me/report/tests/CardGame/NormalComputerTest.php" line="73" assertions="1" time="0.000622"/>
      </testsuite>
      <testsuite name="App\Tests\CardGame\PlayerActionHandlerTest" file="/mnt/c/Users/isabe/dbwebb-kurser/mvc/me/report/tests/CardGame/PlayerActionHandlerTest.php" tests="12" assertions="24" errors="0" warnings="0" failures="0" skipped="0" time="0.209907">
        <testcase name="testProcessActionsInOrder" class="App\Tests\CardGame\PlayerActionHandlerTest" classname="App.Tests.CardGame.PlayerActionHandlerTest" file="/mnt/c/Users/isabe/dbwebb-kurser/mvc/me/report/tests/CardGame/PlayerActionHandlerTest.php" line="40" assertions="4" time="0.036862"/>
        <testcase name="testProcessPlayerActionFold" class="App\Tests\CardGame\PlayerActionHandlerTest" classname="App.Tests.CardGame.PlayerActionHandlerTest" file="/mnt/c/Users/isabe/dbwebb-kurser/mvc/me/report/tests/CardGame/PlayerActionHandlerTest.php" line="64" assertions="2" time="0.001287"/>
        <testcase name="testProcessPlayerActionRaise" class="App\Tests\CardGame\PlayerActionHandlerTest" classname="App.Tests.CardGame.PlayerActionHandlerTest" file="/mnt/c/Users/isabe/dbwebb-kurser/mvc/me/report/tests/CardGame/PlayerActionHandlerTest.php" line="79" assertions="1" time="0.142348"/>
        <testcase name="testHandleRemainingPlayersAfterAllIn" class="App\Tests\CardGame\PlayerActionHandlerTest" classname="App.Tests.CardGame.PlayerActionHandlerTest" file="/mnt/c/Users/isabe/dbwebb-kurser/mvc/me/report/tests/CardGame/PlayerActionHandlerTest.php" line="91" assertions="1" time="0.000756"/>
        <testcase name="testProcessNextPlayerActions" class="App\Tests\CardGame\PlayerActionHandlerTest" classname="App.Tests.CardGame.PlayerActionHandlerTest" file="/mnt/c/Users/isabe/dbwebb-kurser/mvc/me/report/tests/CardGame/PlayerActionHandlerTest.php" line="106" assertions="1" time="0.000906"/>
        <testcase name="testProcessRaiseResponses" class="App\Tests\CardGame\PlayerActionHandlerTest" classname="App.Tests.CardGame.PlayerActionHandlerTest" file="/mnt/c/Users/isabe/dbwebb-kurser/mvc/me/report/tests/CardGame/PlayerActionHandlerTest.php" line="122" assertions="1" time="0.000719"/>
        <testcase name="testNormalizeActionForAllIn" class="App\Tests\CardGame\PlayerActionHandlerTest" classname="App.Tests.CardGame.PlayerActionHandlerTest" file="/mnt/c/Users/isabe/dbwebb-kurser/mvc/me/report/tests/CardGame/PlayerActionHandlerTest.php" line="137" assertions="1" time="0.003625"/>
        <testcase name="testProcessPlayerActionOnlyOneActivePlayer" class="App\Tests\CardGame\PlayerActionHandlerTest" classname="App.Tests.CardGame.PlayerActionHandlerTest" file="/mnt/c/Users/isabe/dbwebb-kurser/mvc/me/report/tests/CardGame/PlayerActionHandlerTest.php" line="161" assertions="2" time="0.010530"/>
        <testcase name="testProcessPlayerActionCallsProcessNextPlayerActions" class="App\Tests\CardGame\PlayerActionHandlerTest" classname="App.Tests.CardGame.PlayerActionHandlerTest" file="/mnt/c/Users/isabe/dbwebb-kurser/mvc/me/report/tests/CardGame/PlayerActionHandlerTest.php" line="179" assertions="2" time="0.001830"/>
        <testcase name="testProcessNextPlayerActionsOnlyOneActivePlayer" class="App\Tests\CardGame\PlayerActionHandlerTest" classname="App.Tests.CardGame.PlayerActionHandlerTest" file="/mnt/c/Users/isabe/dbwebb-kurser/mvc/me/report/tests/CardGame/PlayerActionHandlerTest.php" line="210" assertions="2" time="0.002824"/>
        <testcase name="testProcessActionsInOrderSkipsFoldedPlayer" class="App\Tests\CardGame\PlayerActionHandlerTest" classname="App.Tests.CardGame.PlayerActionHandlerTest" file="/mnt/c/Users/isabe/dbwebb-kurser/mvc/me/report/tests/CardGame/PlayerActionHandlerTest.php" line="266" assertions="3" time="0.006844"/>
        <testcase name="testProcessActionsInOrderHandlesHumanPlayer" class="App\Tests\CardGame\PlayerActionHandlerTest" classname="App.Tests.CardGame.PlayerActionHandlerTest" file="/mnt/c/Users/isabe/dbwebb-kurser/mvc/me/report/tests/CardGame/PlayerActionHandlerTest.php" line="296" assertions="4" time="0.001375"/>
      </testsuite>
      <testsuite name="App\Tests\CardGame\PlayerActionInitTest" file="/mnt/c/Users/isabe/dbwebb-kurser/mvc/me/report/tests/CardGame/PlayerActionInitTest.php" tests="9" assertions="22" errors="0" warnings="0" failures="0" skipped="0" time="0.004733">
        <testcase name="testHandleBlinds" class="App\Tests\CardGame\PlayerActionInitTest" classname="App.Tests.CardGame.PlayerActionInitTest" file="/mnt/c/Users/isabe/dbwebb-kurser/mvc/me/report/tests/CardGame/PlayerActionInitTest.php" line="21" assertions="3" time="0.001030"/>
        <testcase name="testHandleCall" class="App\Tests\CardGame\PlayerActionInitTest" classname="App.Tests.CardGame.PlayerActionInitTest" file="/mnt/c/Users/isabe/dbwebb-kurser/mvc/me/report/tests/CardGame/PlayerActionInitTest.php" line="38" assertions="2" time="0.000888"/>
        <testcase name="testHandleRaise" class="App\Tests\CardGame\PlayerActionInitTest" classname="App.Tests.CardGame.PlayerActionInitTest" file="/mnt/c/Users/isabe/dbwebb-kurser/mvc/me/report/tests/CardGame/PlayerActionInitTest.php" line="51" assertions="3" time="0.000578"/>
        <testcase name="testHandleCheck" class="App\Tests\CardGame\PlayerActionInitTest" classname="App.Tests.CardGame.PlayerActionInitTest" file="/mnt/c/Users/isabe/dbwebb-kurser/mvc/me/report/tests/CardGame/PlayerActionInitTest.php" line="62" assertions="1" time="0.000334"/>
        <testcase name="testHandleAllIn" class="App\Tests\CardGame\PlayerActionInitTest" classname="App.Tests.CardGame.PlayerActionInitTest" file="/mnt/c/Users/isabe/dbwebb-kurser/mvc/me/report/tests/CardGame/PlayerActionInitTest.php" line="72" assertions="3" time="0.000570"/>
        <testcase name="testResetCurrentBet" class="App\Tests\CardGame\PlayerActionInitTest" classname="App.Tests.CardGame.PlayerActionInitTest" file="/mnt/c/Users/isabe/dbwebb-kurser/mvc/me/report/tests/CardGame/PlayerActionInitTest.php" line="83" assertions="1" time="0.000335"/>
        <testcase name="testInitializeRoles" class="App\Tests\CardGame\PlayerActionInitTest" classname="App.Tests.CardGame.PlayerActionInitTest" file="/mnt/c/Users/isabe/dbwebb-kurser/mvc/me/report/tests/CardGame/PlayerActionInitTest.php" line="93" assertions="3" time="0.000343"/>
        <testcase name="testRotateRoles" class="App\Tests\CardGame\PlayerActionInitTest" classname="App.Tests.CardGame.PlayerActionInitTest" file="/mnt/c/Users/isabe/dbwebb-kurser/mvc/me/report/tests/CardGame/PlayerActionInitTest.php" line="106" assertions="3" time="0.000306"/>
        <testcase name="testResetPlayersForNewRound" class="App\Tests\CardGame\PlayerActionInitTest" classname="App.Tests.CardGame.PlayerActionInitTest" file="/mnt/c/Users/isabe/dbwebb-kurser/mvc/me/report/tests/CardGame/PlayerActionInitTest.php" line="119" assertions="3" time="0.000349"/>
      </testsuite>
      <testsuite name="App\Tests\CardGame\PlayerTest" file="/mnt/c/Users/isabe/dbwebb-kurser/mvc/me/report/tests/CardGame/PlayerTest.php" tests="10" assertions="20" errors="0" warnings="0" failures="0" skipped="0" time="0.012399">
        <testcase name="testConstructorSetsPropertiesCorrectly" class="App\Tests\CardGame\PlayerTest" classname="App.Tests.CardGame.PlayerTest" file="/mnt/c/Users/isabe/dbwebb-kurser/mvc/me/report/tests/CardGame/PlayerTest.php" line="15" assertions="6" time="0.000398"/>
        <testcase name="testConstructorWithInvalidStrategyLevel" class="App\Tests\CardGame\PlayerTest" classname="App.Tests.CardGame.PlayerTest" file="/mnt/c/Users/isabe/dbwebb-kurser/mvc/me/report/tests/CardGame/PlayerTest.php" line="26" assertions="2" time="0.009279"/>
        <testcase name="testAddCardToHand" class="App\Tests\CardGame\PlayerTest" classname="App.Tests.CardGame.PlayerTest" file="/mnt/c/Users/isabe/dbwebb-kurser/mvc/me/report/tests/CardGame/PlayerTest.php" line="52" assertions="2" time="0.000355"/>
        <testcase name="testResetHand" class="App\Tests\CardGame\PlayerTest" classname="App.Tests.CardGame.PlayerTest" file="/mnt/c/Users/isabe/dbwebb-kurser/mvc/me/report/tests/CardGame/PlayerTest.php" line="63" assertions="1" time="0.000330"/>
        <testcase name="testSetAndGetChips" class="App\Tests\CardGame\PlayerTest" classname="App.Tests.CardGame.PlayerTest" file="/mnt/c/Users/isabe/dbwebb-kurser/mvc/me/report/tests/CardGame/PlayerTest.php" line="74" assertions="1" time="0.000292"/>
        <testcase name="testAddChips" class="App\Tests\CardGame\PlayerTest" classname="App.Tests.CardGame.PlayerTest" file="/mnt/c/Users/isabe/dbwebb-kurser/mvc/me/report/tests/CardGame/PlayerTest.php" line="83" assertions="1" time="0.000302"/>
        <testcase name="testFoldAndUnfold" class="App\Tests\CardGame\PlayerTest" classname="App.Tests.CardGame.PlayerTest" file="/mnt/c/Users/isabe/dbwebb-kurser/mvc/me/report/tests/CardGame/PlayerTest.php" line="92" assertions="2" time="0.000330"/>
        <testcase name="testSetAndGetCurrentBet" class="App\Tests\CardGame\PlayerTest" classname="App.Tests.CardGame.PlayerTest" file="/mnt/c/Users/isabe/dbwebb-kurser/mvc/me/report/tests/CardGame/PlayerTest.php" line="103" assertions="1" time="0.000287"/>
        <testcase name="testSetAndGetRole" class="App\Tests\CardGame\PlayerTest" classname="App.Tests.CardGame.PlayerTest" file="/mnt/c/Users/isabe/dbwebb-kurser/mvc/me/report/tests/CardGame/PlayerTest.php" line="112" assertions="3" time="0.000439"/>
        <testcase name="testMakeDecision" class="App\Tests\CardGame\PlayerTest" classname="App.Tests.CardGame.PlayerTest" file="/mnt/c/Users/isabe/dbwebb-kurser/mvc/me/report/tests/CardGame/PlayerTest.php" line="130" assertions="1" time="0.000387"/>
      </testsuite>
      <testsuite name="App\Tests\CardGame\PotManagerTest" file="/mnt/c/Users/isabe/dbwebb-kurser/mvc/me/report/tests/CardGame/PotManagerTest.php" tests="6" assertions="10" errors="0" warnings="0" failures="0" skipped="0" time="0.004466">
        <testcase name="testAddToPot" class="App\Tests\CardGame\PotManagerTest" classname="App.Tests.CardGame.PotManagerTest" file="/mnt/c/Users/isabe/dbwebb-kurser/mvc/me/report/tests/CardGame/PotManagerTest.php" line="18" assertions="2" time="0.000297"/>
        <testcase name="testResetPot" class="App\Tests\CardGame\PotManagerTest" classname="App.Tests.CardGame.PotManagerTest" file="/mnt/c/Users/isabe/dbwebb-kurser/mvc/me/report/tests/CardGame/PotManagerTest.php" line="27" assertions="1" time="0.000286"/>
        <testcase name="testUpdateAndResetCurrentBet" class="App\Tests\CardGame\PotManagerTest" classname="App.Tests.CardGame.PotManagerTest" file="/mnt/c/Users/isabe/dbwebb-kurser/mvc/me/report/tests/CardGame/PotManagerTest.php" line="34" assertions="2" time="0.001357"/>
        <testcase name="testHaveAllActivePlayersMatchedCurrentBet" class="App\Tests\CardGame\PotManagerTest" classname="App.Tests.CardGame.PotManagerTest" file="/mnt/c/Users/isabe/dbwebb-kurser/mvc/me/report/tests/CardGame/PotManagerTest.php" line="43" assertions="2" time="0.001353"/>
        <testcase name="testDistributeWinningsToPlayer" class="App\Tests\CardGame\PotManagerTest" classname="App.Tests.CardGame.PotManagerTest" file="/mnt/c/Users/isabe/dbwebb-kurser/mvc/me/report/tests/CardGame/PotManagerTest.php" line="87" assertions="1" time="0.000510"/>
        <testcase name="testSplitPotAmongWinners" class="App\Tests\CardGame\PotManagerTest" classname="App.Tests.CardGame.PotManagerTest" file="/mnt/c/Users/isabe/dbwebb-kurser/mvc/me/report/tests/CardGame/PotManagerTest.php" line="97" assertions="2" time="0.000663"/>
      </testsuite>
      <testsuite name="App\Tests\CardGame\TexasHoldemGameTest" file="/mnt/c/Users/isabe/dbwebb-kurser/mvc/me/report/tests/CardGame/TexasHoldemGameTest.php" tests="15" assertions="26" errors="0" warnings="0" failures="0" skipped="0" time="0.038183">
        <testcase name="testAddPlayer" class="App\Tests\CardGame\TexasHoldemGameTest" classname="App.Tests.CardGame.TexasHoldemGameTest" file="/mnt/c/Users/isabe/dbwebb-kurser/mvc/me/report/tests/CardGame/TexasHoldemGameTest.php" line="33" assertions="2" time="0.001324"/>
        <testcase name="testGetHandEvaluator" class="App\Tests\CardGame\TexasHoldemGameTest" classname="App.Tests.CardGame.TexasHoldemGameTest" file="/mnt/c/Users/isabe/dbwebb-kurser/mvc/me/report/tests/CardGame/TexasHoldemGameTest.php" line="42" assertions="2" time="0.001690"/>
        <testcase name="testAdvanceGameStage" class="App\Tests\CardGame\TexasHoldemGameTest" classname="App.Tests.CardGame.TexasHoldemGameTest" file="/mnt/c/Users/isabe/dbwebb-kurser/mvc/me/report/tests/CardGame/TexasHoldemGameTest.php" line="65" assertions="1" time="0.000918"/>
        <testcase name="testDetermineWinnerWithSingleActivePlayer" class="App\Tests\CardGame\TexasHoldemGameTest" classname="App.Tests.CardGame.TexasHoldemGameTest" file="/mnt/c/Users/isabe/dbwebb-kurser/mvc/me/report/tests/CardGame/TexasHoldemGameTest.php" line="75" assertions="2" time="0.001143"/>
        <testcase name="testHandleActionCall" class="App\Tests\CardGame\TexasHoldemGameTest" classname="App.Tests.CardGame.TexasHoldemGameTest" file="/mnt/c/Users/isabe/dbwebb-kurser/mvc/me/report/tests/CardGame/TexasHoldemGameTest.php" line="92" assertions="1" time="0.001807"/>
        <testcase name="testStartNewRound" class="App\Tests\CardGame\TexasHoldemGameTest" classname="App.Tests.CardGame.TexasHoldemGameTest" file="/mnt/c/Users/isabe/dbwebb-kurser/mvc/me/report/tests/CardGame/TexasHoldemGameTest.php" line="108" assertions="3" time="0.001526"/>
        <testcase name="testSetAllInOccurred" class="App\Tests\CardGame\TexasHoldemGameTest" classname="App.Tests.CardGame.TexasHoldemGameTest" file="/mnt/c/Users/isabe/dbwebb-kurser/mvc/me/report/tests/CardGame/TexasHoldemGameTest.php" line="121" assertions="1" time="0.000756"/>
        <testcase name="testProcessPlayerAction" class="App\Tests\CardGame\TexasHoldemGameTest" classname="App.Tests.CardGame.TexasHoldemGameTest" file="/mnt/c/Users/isabe/dbwebb-kurser/mvc/me/report/tests/CardGame/TexasHoldemGameTest.php" line="127" assertions="1" time="0.008061"/>
        <testcase name="testCountActivePlayers" class="App\Tests\CardGame\TexasHoldemGameTest" classname="App.Tests.CardGame.TexasHoldemGameTest" file="/mnt/c/Users/isabe/dbwebb-kurser/mvc/me/report/tests/CardGame/TexasHoldemGameTest.php" line="142" assertions="1" time="0.001087"/>
        <testcase name="testGetMinimumChips" class="App\Tests\CardGame\TexasHoldemGameTest" classname="App.Tests.CardGame.TexasHoldemGameTest" file="/mnt/c/Users/isabe/dbwebb-kurser/mvc/me/report/tests/CardGame/TexasHoldemGameTest.php" line="156" assertions="1" time="0.003470"/>
        <testcase name="testGameOverAfterFinalStage" class="App\Tests\CardGame\TexasHoldemGameTest" classname="App.Tests.CardGame.TexasHoldemGameTest" file="/mnt/c/Users/isabe/dbwebb-kurser/mvc/me/report/tests/CardGame/TexasHoldemGameTest.php" line="172" assertions="3" time="0.002305"/>
        <testcase name="testPlayRound" class="App\Tests\CardGame\TexasHoldemGameTest" classname="App.Tests.CardGame.TexasHoldemGameTest" file="/mnt/c/Users/isabe/dbwebb-kurser/mvc/me/report/tests/CardGame/TexasHoldemGameTest.php" line="189" assertions="1" time="0.009170"/>
        <testcase name="testDetermineWinnerNoWinnersFound" class="App\Tests\CardGame\TexasHoldemGameTest" classname="App.Tests.CardGame.TexasHoldemGameTest" file="/mnt/c/Users/isabe/dbwebb-kurser/mvc/me/report/tests/CardGame/TexasHoldemGameTest.php" line="214" assertions="3" time="0.001520"/>
        <testcase name="testHandleAllIn" class="App\Tests\CardGame\TexasHoldemGameTest" classname="App.Tests.CardGame.TexasHoldemGameTest" file="/mnt/c/Users/isabe/dbwebb-kurser/mvc/me/report/tests/CardGame/TexasHoldemGameTest.php" line="246" assertions="3" time="0.002372"/>
        <testcase name="testHandleRemainingPlayersAfterAllIn" class="App\Tests\CardGame\TexasHoldemGameTest" classname="App.Tests.CardGame.TexasHoldemGameTest" file="/mnt/c/Users/isabe/dbwebb-kurser/mvc/me/report/tests/CardGame/TexasHoldemGameTest.php" line="279" assertions="1" time="0.001033"/>
      </testsuite>
      <testsuite name="App\Tests\CardGame\WinnerEvaluatorTest" file="/mnt/c/Users/isabe/dbwebb-kurser/mvc/me/report/tests/CardGame/WinnerEvaluatorTest.php" tests="3" assertions="5" errors="0" warnings="0" failures="0" skipped="0" time="0.009023">
        <testcase name="testDetermineTie" class="App\Tests\CardGame\WinnerEvaluatorTest" classname="App.Tests.CardGame.WinnerEvaluatorTest" file="/mnt/c/Users/isabe/dbwebb-kurser/mvc/me/report/tests/CardGame/WinnerEvaluatorTest.php" line="54" assertions="3" time="0.008140"/>
        <testcase name="testDetermineWinnerWithEmptyPlayers" class="App\Tests\CardGame\WinnerEvaluatorTest" classname="App.Tests.CardGame.WinnerEvaluatorTest" file="/mnt/c/Users/isabe/dbwebb-kurser/mvc/me/report/tests/CardGame/WinnerEvaluatorTest.php" line="81" assertions="1" time="0.000493"/>
        <testcase name="testGetHandEvaluator" class="App\Tests\CardGame\WinnerEvaluatorTest" classname="App.Tests.CardGame.WinnerEvaluatorTest" file="/mnt/c/Users/isabe/dbwebb-kurser/mvc/me/report/tests/CardGame/WinnerEvaluatorTest.php" line="92" assertions="1" time="0.000390"/>
      </testsuite>
      <testsuite name="App\Tests\Controller\BlackJackControllerTest" file="/mnt/c/Users/isabe/dbwebb-kurser/mvc/me/report/tests/Controller/BlackJackControllerTest.php" tests="12" assertions="49" errors="0" warnings="0" failures="0" skipped="0" time="0.181185">
        <testcase name="testGame" class="App\Tests\Controller\BlackJackControllerTest" classname="App.Tests.Controller.BlackJackControllerTest" file="/mnt/c/Users/isabe/dbwebb-kurser/mvc/me/report/tests/Controller/BlackJackControllerTest.php" line="44" assertions="7" time="0.076166"/>
        <testcase name="testInit" class="App\Tests\Controller\BlackJackControllerTest" classname="App.Tests.Controller.BlackJackControllerTest" file="/mnt/c/Users/isabe/dbwebb-kurser/mvc/me/report/tests/Controller/BlackJackControllerTest.php" line="89" assertions="4" time="0.001130"/>
        <testcase name="testInitCallback" class="App\Tests\Controller\BlackJackControllerTest" classname="App.Tests.Controller.BlackJackControllerTest" file="/mnt/c/Users/isabe/dbwebb-kurser/mvc/me/report/tests/Controller/BlackJackControllerTest.php" line="113" assertions="4" time="0.085228"/>
        <testcase name="testInitCallbackFailed" class="App\Tests\Controller\BlackJackControllerTest" classname="App.Tests.Controller.BlackJackControllerTest" file="/mnt/c/Users/isabe/dbwebb-kurser/mvc/me/report/tests/Controller/BlackJackControllerTest.php" line="142" assertions="4" time="0.001415"/>
        <testcase name="testPlay" class="App\Tests\Controller\BlackJackControllerTest" classname="App.Tests.Controller.BlackJackControllerTest" file="/mnt/c/Users/isabe/dbwebb-kurser/mvc/me/report/tests/Controller/BlackJackControllerTest.php" line="174" assertions="5" time="0.001845"/>
        <testcase name="testStand" class="App\Tests\Controller\BlackJackControllerTest" classname="App.Tests.Controller.BlackJackControllerTest" file="/mnt/c/Users/isabe/dbwebb-kurser/mvc/me/report/tests/Controller/BlackJackControllerTest.php" line="233" assertions="4" time="0.002035"/>
        <testcase name="testHit" class="App\Tests\Controller\BlackJackControllerTest" classname="App.Tests.Controller.BlackJackControllerTest" file="/mnt/c/Users/isabe/dbwebb-kurser/mvc/me/report/tests/Controller/BlackJackControllerTest.php" line="276" assertions="4" time="0.002702"/>
        <testcase name="testDealerHit" class="App\Tests\Controller\BlackJackControllerTest" classname="App.Tests.Controller.BlackJackControllerTest" file="/mnt/c/Users/isabe/dbwebb-kurser/mvc/me/report/tests/Controller/BlackJackControllerTest.php" line="325" assertions="4" time="0.001978"/>
        <testcase name="testEndResult" class="App\Tests\Controller\BlackJackControllerTest" classname="App.Tests.Controller.BlackJackControllerTest" file="/mnt/c/Users/isabe/dbwebb-kurser/mvc/me/report/tests/Controller/BlackJackControllerTest.php" line="373" assertions="4" time="0.003633"/>
        <testcase name="testDoc" class="App\Tests\Controller\BlackJackControllerTest" classname="App.Tests.Controller.BlackJackControllerTest" file="/mnt/c/Users/isabe/dbwebb-kurser/mvc/me/report/tests/Controller/BlackJackControllerTest.php" line="441" assertions="3" time="0.000959"/>
        <testcase name="testPlayWithInvalidBet" class="App\Tests\Controller\BlackJackControllerTest" classname="App.Tests.Controller.BlackJackControllerTest" file="/mnt/c/Users/isabe/dbwebb-kurser/mvc/me/report/tests/Controller/BlackJackControllerTest.php" line="463" assertions="3" time="0.001645"/>
        <testcase name="testRedirectToGameEndResultAfterHit" class="App\Tests\Controller\BlackJackControllerTest" classname="App.Tests.Controller.BlackJackControllerTest" file="/mnt/c/Users/isabe/dbwebb-kurser/mvc/me/report/tests/Controller/BlackJackControllerTest.php" line="493" assertions="3" time="0.002449"/>
      </testsuite>
      <testsuite name="App\Tests\Controller\BlackJackJsonTest" file="/mnt/c/Users/isabe/dbwebb-kurser/mvc/me/report/tests/Controller/BlackJackJsonTest.php" tests="2" assertions="28" errors="0" warnings="0" failures="0" skipped="0" time="0.025631">
        <testcase name="testPlayWithoutGameStarted" class="App\Tests\Controller\BlackJackJsonTest" classname="App.Tests.Controller.BlackJackJsonTest" file="/mnt/c/Users/isabe/dbwebb-kurser/mvc/me/report/tests/Controller/BlackJackJsonTest.php" line="36" assertions="4" time="0.023351"/>
        <testcase name="testPlayWithGameInProgress" class="App\Tests\Controller\BlackJackJsonTest" classname="App.Tests.Controller.BlackJackJsonTest" file="/mnt/c/Users/isabe/dbwebb-kurser/mvc/me/report/tests/Controller/BlackJackJsonTest.php" line="60" assertions="24" time="0.002279"/>
      </testsuite>
      <testsuite name="App\Tests\Controller\CardGameControllerTest" file="/mnt/c/Users/isabe/dbwebb-kurser/mvc/me/report/tests/Controller/CardGameControllerTest.php" tests="13" assertions="42" errors="0" warnings="0" failures="0" skipped="0" time="0.046705">
        <testcase name="testShowSession" class="App\Tests\Controller\CardGameControllerTest" classname="App.Tests.Controller.CardGameControllerTest" file="/mnt/c/Users/isabe/dbwebb-kurser/mvc/me/report/tests/Controller/CardGameControllerTest.php" line="30" assertions="4" time="0.008293"/>
        <testcase name="testDeleteSession" class="App\Tests\Controller\CardGameControllerTest" classname="App.Tests.Controller.CardGameControllerTest" file="/mnt/c/Users/isabe/dbwebb-kurser/mvc/me/report/tests/Controller/CardGameControllerTest.php" line="54" assertions="4" time="0.001354"/>
        <testcase name="testHome" class="App\Tests\Controller\CardGameControllerTest" classname="App.Tests.Controller.CardGameControllerTest" file="/mnt/c/Users/isabe/dbwebb-kurser/mvc/me/report/tests/Controller/CardGameControllerTest.php" line="87" assertions="3" time="0.000765"/>
        <testcase name="testShowDeck" class="App\Tests\Controller\CardGameControllerTest" classname="App.Tests.Controller.CardGameControllerTest" file="/mnt/c/Users/isabe/dbwebb-kurser/mvc/me/report/tests/Controller/CardGameControllerTest.php" line="112" assertions="4" time="0.013062"/>
        <testcase name="testDrawCardWithNoDeckInSession" class="App\Tests\Controller\CardGameControllerTest" classname="App.Tests.Controller.CardGameControllerTest" file="/mnt/c/Users/isabe/dbwebb-kurser/mvc/me/report/tests/Controller/CardGameControllerTest.php" line="205" assertions="3" time="0.001082"/>
        <testcase name="testDrawCardWithEmptyDeck" class="App\Tests\Controller\CardGameControllerTest" classname="App.Tests.Controller.CardGameControllerTest" file="/mnt/c/Users/isabe/dbwebb-kurser/mvc/me/report/tests/Controller/CardGameControllerTest.php" line="234" assertions="3" time="0.001133"/>
        <testcase name="testDrawCardSuccessfully" class="App\Tests\Controller\CardGameControllerTest" classname="App.Tests.Controller.CardGameControllerTest" file="/mnt/c/Users/isabe/dbwebb-kurser/mvc/me/report/tests/Controller/CardGameControllerTest.php" line="267" assertions="3" time="0.001221"/>
        <testcase name="testDrawCardsPost" class="App\Tests\Controller\CardGameControllerTest" classname="App.Tests.Controller.CardGameControllerTest" file="/mnt/c/Users/isabe/dbwebb-kurser/mvc/me/report/tests/Controller/CardGameControllerTest.php" line="307" assertions="3" time="0.001692"/>
        <testcase name="testDrawNumberCardsWithNoDeckInSession" class="App\Tests\Controller\CardGameControllerTest" classname="App.Tests.Controller.CardGameControllerTest" file="/mnt/c/Users/isabe/dbwebb-kurser/mvc/me/report/tests/Controller/CardGameControllerTest.php" line="335" assertions="3" time="0.013400"/>
        <testcase name="testDrawNumberCardsWithEmptyDeck" class="App\Tests\Controller\CardGameControllerTest" classname="App.Tests.Controller.CardGameControllerTest" file="/mnt/c/Users/isabe/dbwebb-kurser/mvc/me/report/tests/Controller/CardGameControllerTest.php" line="363" assertions="3" time="0.001208"/>
        <testcase name="testDealCardsPost" class="App\Tests\Controller\CardGameControllerTest" classname="App.Tests.Controller.CardGameControllerTest" file="/mnt/c/Users/isabe/dbwebb-kurser/mvc/me/report/tests/Controller/CardGameControllerTest.php" line="395" assertions="3" time="0.001109"/>
        <testcase name="testDealCardsGetWithNoDeckInSession" class="App\Tests\Controller\CardGameControllerTest" classname="App.Tests.Controller.CardGameControllerTest" file="/mnt/c/Users/isabe/dbwebb-kurser/mvc/me/report/tests/Controller/CardGameControllerTest.php" line="420" assertions="3" time="0.001156"/>
        <testcase name="testDealCardsGetWithEmptyDeck" class="App\Tests\Controller\CardGameControllerTest" classname="App.Tests.Controller.CardGameControllerTest" file="/mnt/c/Users/isabe/dbwebb-kurser/mvc/me/report/tests/Controller/CardGameControllerTest.php" line="447" assertions="3" time="0.001230"/>
      </testsuite>
      <testsuite name="App\Tests\Controller\GamePlayerControllerTest" file="/mnt/c/Users/isabe/dbwebb-kurser/mvc/me/report/tests/Controller/GamePlayerControllerTest.php" tests="4" assertions="15" errors="0" warnings="0" failures="0" skipped="0" time="0.124034">
        <testcase name="testIndex" class="App\Tests\Controller\GamePlayerControllerTest" classname="App.Tests.Controller.GamePlayerControllerTest" file="/mnt/c/Users/isabe/dbwebb-kurser/mvc/me/report/tests/Controller/GamePlayerControllerTest.php" line="27" assertions="3" time="0.016063"/>
        <testcase name="testShowAllGamePlayers" class="App\Tests\Controller\GamePlayerControllerTest" classname="App.Tests.Controller.GamePlayerControllerTest" file="/mnt/c/Users/isabe/dbwebb-kurser/mvc/me/report/tests/Controller/GamePlayerControllerTest.php" line="48" assertions="4" time="0.097502"/>
        <testcase name="testShowAllScoresWithPlayers" class="App\Tests\Controller\GamePlayerControllerTest" classname="App.Tests.Controller.GamePlayerControllerTest" file="/mnt/c/Users/isabe/dbwebb-kurser/mvc/me/report/tests/Controller/GamePlayerControllerTest.php" line="88" assertions="4" time="0.009622"/>
        <testcase name="testResetPlayerDatabase" class="App\Tests\Controller\GamePlayerControllerTest" classname="App.Tests.Controller.GamePlayerControllerTest" file="/mnt/c/Users/isabe/dbwebb-kurser/mvc/me/report/tests/Controller/GamePlayerControllerTest.php" line="119" assertions="4" time="0.000847"/>
      </testsuite>
      <testsuite name="App\Tests\Controller\LibraryControllerTest" file="/mnt/c/Users/isabe/dbwebb-kurser/mvc/me/report/tests/Controller/LibraryControllerTest.php" tests="7" assertions="24" errors="0" warnings="0" failures="0" skipped="0" time="0.039243">
        <testcase name="testIndex" class="App\Tests\Controller\LibraryControllerTest" classname="App.Tests.Controller.LibraryControllerTest" file="/mnt/c/Users/isabe/dbwebb-kurser/mvc/me/report/tests/Controller/LibraryControllerTest.php" line="31" assertions="3" time="0.019902"/>
        <testcase name="testShowAllBooks" class="App\Tests\Controller\LibraryControllerTest" classname="App.Tests.Controller.LibraryControllerTest" file="/mnt/c/Users/isabe/dbwebb-kurser/mvc/me/report/tests/Controller/LibraryControllerTest.php" line="52" assertions="4" time="0.014527"/>
        <testcase name="testShowBookById" class="App\Tests\Controller\LibraryControllerTest" classname="App.Tests.Controller.LibraryControllerTest" file="/mnt/c/Users/isabe/dbwebb-kurser/mvc/me/report/tests/Controller/LibraryControllerTest.php" line="79" assertions="4" time="0.001237"/>
        <testcase name="testDeleteBookById" class="App\Tests\Controller\LibraryControllerTest" classname="App.Tests.Controller.LibraryControllerTest" file="/mnt/c/Users/isabe/dbwebb-kurser/mvc/me/report/tests/Controller/LibraryControllerTest.php" line="108" assertions="4" time="0.001408"/>
        <testcase name="testGetAllBooks" class="App\Tests\Controller\LibraryControllerTest" classname="App.Tests.Controller.LibraryControllerTest" file="/mnt/c/Users/isabe/dbwebb-kurser/mvc/me/report/tests/Controller/LibraryControllerTest.php" line="141" assertions="3" time="0.000683"/>
        <testcase name="testGetBookByIsbn" class="App\Tests\Controller\LibraryControllerTest" classname="App.Tests.Controller.LibraryControllerTest" file="/mnt/c/Users/isabe/dbwebb-kurser/mvc/me/report/tests/Controller/LibraryControllerTest.php" line="155" assertions="3" time="0.000734"/>
        <testcase name="testResetDatabase" class="App\Tests\Controller\LibraryControllerTest" classname="App.Tests.Controller.LibraryControllerTest" file="/mnt/c/Users/isabe/dbwebb-kurser/mvc/me/report/tests/Controller/LibraryControllerTest.php" line="170" assertions="3" time="0.000752"/>
      </testsuite>
      <testsuite name="App\Tests\Controller\LuckyControllerTest" file="/mnt/c/Users/isabe/dbwebb-kurser/mvc/me/report/tests/Controller/LuckyControllerTest.php" tests="2" assertions="10" errors="0" warnings="0" failures="0" skipped="0" time="0.046550">
        <testcase name="testNumber" class="App\Tests\Controller\LuckyControllerTest" classname="App.Tests.Controller.LuckyControllerTest" file="/mnt/c/Users/isabe/dbwebb-kurser/mvc/me/report/tests/Controller/LuckyControllerTest.php" line="11" assertions="7" time="0.045919"/>
        <testcase name="testHiya" class="App\Tests\Controller\LuckyControllerTest" classname="App.Tests.Controller.LuckyControllerTest" file="/mnt/c/Users/isabe/dbwebb-kurser/mvc/me/report/tests/Controller/LuckyControllerTest.php" line="27" assertions="3" time="0.000630"/>
      </testsuite>
      <testsuite name="App\Tests\Controller\ReportSiteJsonTest" file="/mnt/c/Users/isabe/dbwebb-kurser/mvc/me/report/tests/Controller/ReportSiteJsonTest.php" tests="11" assertions="65" errors="0" warnings="0" failures="0" skipped="0" time="0.033220">
        <testcase name="testJsonNumber" class="App\Tests\Controller\ReportSiteJsonTest" classname="App.Tests.Controller.ReportSiteJsonTest" file="/mnt/c/Users/isabe/dbwebb-kurser/mvc/me/report/tests/Controller/ReportSiteJsonTest.php" line="36" assertions="5" time="0.007077"/>
        <testcase name="testJsonQuote" class="App\Tests\Controller\ReportSiteJsonTest" classname="App.Tests.Controller.ReportSiteJsonTest" file="/mnt/c/Users/isabe/dbwebb-kurser/mvc/me/report/tests/Controller/ReportSiteJsonTest.php" line="49" assertions="5" time="0.000632"/>
        <testcase name="testDrawCardFromEmptyDeck" class="App\Tests\Controller\ReportSiteJsonTest" classname="App.Tests.Controller.ReportSiteJsonTest" file="/mnt/c/Users/isabe/dbwebb-kurser/mvc/me/report/tests/Controller/ReportSiteJsonTest.php" line="62" assertions="5" time="0.000765"/>
        <testcase name="testDrawMultipleCardsFromEmptyDeck" class="App\Tests\Controller\ReportSiteJsonTest" classname="App.Tests.Controller.ReportSiteJsonTest" file="/mnt/c/Users/isabe/dbwebb-kurser/mvc/me/report/tests/Controller/ReportSiteJsonTest.php" line="79" assertions="5" time="0.000866"/>
        <testcase name="testDrawMultipleCardsInvalidNumber" class="App\Tests\Controller\ReportSiteJsonTest" classname="App.Tests.Controller.ReportSiteJsonTest" file="/mnt/c/Users/isabe/dbwebb-kurser/mvc/me/report/tests/Controller/ReportSiteJsonTest.php" line="96" assertions="6" time="0.000765"/>
        <testcase name="testDrawMultipleCardsSuccessfully" class="App\Tests\Controller\ReportSiteJsonTest" classname="App.Tests.Controller.ReportSiteJsonTest" file="/mnt/c/Users/isabe/dbwebb-kurser/mvc/me/report/tests/Controller/ReportSiteJsonTest.php" line="118" assertions="11" time="0.000983"/>
        <testcase name="testGetDeck" class="App\Tests\Controller\ReportSiteJsonTest" classname="App.Tests.Controller.ReportSiteJsonTest" file="/mnt/c/Users/isabe/dbwebb-kurser/mvc/me/report/tests/Controller/ReportSiteJsonTest.php" line="171" assertions="7" time="0.007448"/>
        <testcase name="testShuffleDeck" class="App\Tests\Controller\ReportSiteJsonTest" classname="App.Tests.Controller.ReportSiteJsonTest" file="/mnt/c/Users/isabe/dbwebb-kurser/mvc/me/report/tests/Controller/ReportSiteJsonTest.php" line="193" assertions="4" time="0.011097"/>
        <testcase name="testDrawCard" class="App\Tests\Controller\ReportSiteJsonTest" classname="App.Tests.Controller.ReportSiteJsonTest" file="/mnt/c/Users/isabe/dbwebb-kurser/mvc/me/report/tests/Controller/ReportSiteJsonTest.php" line="216" assertions="6" time="0.001456"/>
        <testcase name="testDealCardsToPlayers" class="App\Tests\Controller\ReportSiteJsonTest" classname="App.Tests.Controller.ReportSiteJsonTest" file="/mnt/c/Users/isabe/dbwebb-kurser/mvc/me/report/tests/Controller/ReportSiteJsonTest.php" line="241" assertions="6" time="0.001206"/>
        <testcase name="testDealCardsToPlayersWithInvalidNumbers" class="App\Tests\Controller\ReportSiteJsonTest" classname="App.Tests.Controller.ReportSiteJsonTest" file="/mnt/c/Users/isabe/dbwebb-kurser/mvc/me/report/tests/Controller/ReportSiteJsonTest.php" line="266" assertions="5" time="0.000926"/>
      </testsuite>
      <testsuite name="App\Tests\Controller\ReportSiteTest" file="/mnt/c/Users/isabe/dbwebb-kurser/mvc/me/report/tests/Controller/ReportSiteTest.php" tests="7" assertions="21" errors="0" warnings="0" failures="0" skipped="0" time="0.012612">
        <testcase name="testNumber" class="App\Tests\Controller\ReportSiteTest" classname="App.Tests.Controller.ReportSiteTest" file="/mnt/c/Users/isabe/dbwebb-kurser/mvc/me/report/tests/Controller/ReportSiteTest.php" line="32" assertions="3" time="0.007085"/>
        <testcase name="testHome" class="App\Tests\Controller\ReportSiteTest" classname="App.Tests.Controller.ReportSiteTest" file="/mnt/c/Users/isabe/dbwebb-kurser/mvc/me/report/tests/Controller/ReportSiteTest.php" line="45" assertions="3" time="0.001301"/>
        <testcase name="testAbout" class="App\Tests\Controller\ReportSiteTest" classname="App.Tests.Controller.ReportSiteTest" file="/mnt/c/Users/isabe/dbwebb-kurser/mvc/me/report/tests/Controller/ReportSiteTest.php" line="58" assertions="3" time="0.000776"/>
        <testcase name="testReport" class="App\Tests\Controller\ReportSiteTest" classname="App.Tests.Controller.ReportSiteTest" file="/mnt/c/Users/isabe/dbwebb-kurser/mvc/me/report/tests/Controller/ReportSiteTest.php" line="71" assertions="3" time="0.000786"/>
        <testcase name="testMetrics" class="App\Tests\Controller\ReportSiteTest" classname="App.Tests.Controller.ReportSiteTest" file="/mnt/c/Users/isabe/dbwebb-kurser/mvc/me/report/tests/Controller/ReportSiteTest.php" line="84" assertions="3" time="0.001025"/>
        <testcase name="testProj" class="App\Tests\Controller\ReportSiteTest" classname="App.Tests.Controller.ReportSiteTest" file="/mnt/c/Users/isabe/dbwebb-kurser/mvc/me/report/tests/Controller/ReportSiteTest.php" line="97" assertions="3" time="0.000795"/>
        <testcase name="testApiHome" class="App\Tests\Controller\ReportSiteTest" classname="App.Tests.Controller.ReportSiteTest" file="/mnt/c/Users/isabe/dbwebb-kurser/mvc/me/report/tests/Controller/ReportSiteTest.php" line="110" assertions="3" time="0.000843"/>
      </testsuite>
      <testsuite name="App\Tests\Controller\TexasHoldemControllerTest" file="/mnt/c/Users/isabe/dbwebb-kurser/mvc/me/report/tests/Controller/TexasHoldemControllerTest.php" tests="14" assertions="59" errors="0" warnings="0" failures="0" skipped="0" time="0.122842">
        <testcase name="testSubmitScore" class="App\Tests\Controller\TexasHoldemControllerTest" classname="App.Tests.Controller.TexasHoldemControllerTest" file="/mnt/c/Users/isabe/dbwebb-kurser/mvc/me/report/tests/Controller/TexasHoldemControllerTest.php" line="75" assertions="5" time="0.100234"/>
        <testcase name="testStartGameGetRequest" class="App\Tests\Controller\TexasHoldemControllerTest" classname="App.Tests.Controller.TexasHoldemControllerTest" file="/mnt/c/Users/isabe/dbwebb-kurser/mvc/me/report/tests/Controller/TexasHoldemControllerTest.php" line="117" assertions="3" time="0.001365"/>
        <testcase name="testAboutRequest" class="App\Tests\Controller\TexasHoldemControllerTest" classname="App.Tests.Controller.TexasHoldemControllerTest" file="/mnt/c/Users/isabe/dbwebb-kurser/mvc/me/report/tests/Controller/TexasHoldemControllerTest.php" line="136" assertions="3" time="0.001018"/>
        <testcase name="testStartTexasHoldemGame" class="App\Tests\Controller\TexasHoldemControllerTest" classname="App.Tests.Controller.TexasHoldemControllerTest" file="/mnt/c/Users/isabe/dbwebb-kurser/mvc/me/report/tests/Controller/TexasHoldemControllerTest.php" line="152" assertions="5" time="0.002770"/>
        <testcase name="testIndexPage" class="App\Tests\Controller\TexasHoldemControllerTest" classname="App.Tests.Controller.TexasHoldemControllerTest" file="/mnt/c/Users/isabe/dbwebb-kurser/mvc/me/report/tests/Controller/TexasHoldemControllerTest.php" line="195" assertions="3" time="0.001129"/>
        <testcase name="testPlayRoundGet" class="App\Tests\Controller\TexasHoldemControllerTest" classname="App.Tests.Controller.TexasHoldemControllerTest" file="/mnt/c/Users/isabe/dbwebb-kurser/mvc/me/report/tests/Controller/TexasHoldemControllerTest.php" line="215" assertions="5" time="0.004013"/>
        <testcase name="testPlayRoundRedirectsToStartIfNoGameInSession" class="App\Tests\Controller\TexasHoldemControllerTest" classname="App.Tests.Controller.TexasHoldemControllerTest" file="/mnt/c/Users/isabe/dbwebb-kurser/mvc/me/report/tests/Controller/TexasHoldemControllerTest.php" line="247" assertions="4" time="0.001289"/>
        <testcase name="testPlayRoundHandlesComputerPlayerAction" class="App\Tests\Controller\TexasHoldemControllerTest" classname="App.Tests.Controller.TexasHoldemControllerTest" file="/mnt/c/Users/isabe/dbwebb-kurser/mvc/me/report/tests/Controller/TexasHoldemControllerTest.php" line="278" assertions="5" time="0.002821"/>
        <testcase name="testStartNewRound" class="App\Tests\Controller\TexasHoldemControllerTest" classname="App.Tests.Controller.TexasHoldemControllerTest" file="/mnt/c/Users/isabe/dbwebb-kurser/mvc/me/report/tests/Controller/TexasHoldemControllerTest.php" line="331" assertions="5" time="0.001377"/>
        <testcase name="testStartNewRoundRedirectsToStartIfNoGameInSession" class="App\Tests\Controller\TexasHoldemControllerTest" classname="App.Tests.Controller.TexasHoldemControllerTest" file="/mnt/c/Users/isabe/dbwebb-kurser/mvc/me/report/tests/Controller/TexasHoldemControllerTest.php" line="363" assertions="4" time="0.001233"/>
        <testcase name="testSubmitScoreInvalidUsername" class="App\Tests\Controller\TexasHoldemControllerTest" classname="App.Tests.Controller.TexasHoldemControllerTest" file="/mnt/c/Users/isabe/dbwebb-kurser/mvc/me/report/tests/Controller/TexasHoldemControllerTest.php" line="393" assertions="6" time="0.001292"/>
        <testcase name="testSubmitScoreRedirectsToStartIfNoGameInSession" class="App\Tests\Controller\TexasHoldemControllerTest" classname="App.Tests.Controller.TexasHoldemControllerTest" file="/mnt/c/Users/isabe/dbwebb-kurser/mvc/me/report/tests/Controller/TexasHoldemControllerTest.php" line="427" assertions="4" time="0.001442"/>
        <testcase name="testDatabaseRequest" class="App\Tests\Controller\TexasHoldemControllerTest" classname="App.Tests.Controller.TexasHoldemControllerTest" file="/mnt/c/Users/isabe/dbwebb-kurser/mvc/me/report/tests/Controller/TexasHoldemControllerTest.php" line="465" assertions="3" time="0.001231"/>
        <testcase name="testPlayRoundRendersGameView" class="App\Tests\Controller\TexasHoldemControllerTest" classname="App.Tests.Controller.TexasHoldemControllerTest" file="/mnt/c/Users/isabe/dbwebb-kurser/mvc/me/report/tests/Controller/TexasHoldemControllerTest.php" line="480" assertions="4" time="0.001625"/>
      </testsuite>
      <testsuite name="App\Tests\Controller\TexasHoldemJsonTest" file="/mnt/c/Users/isabe/dbwebb-kurser/mvc/me/report/tests/Controller/TexasHoldemJsonTest.php" tests="14" assertions="88" errors="0" warnings="0" failures="0" skipped="0" time="0.023181">
        <testcase name="testApiPage" class="App\Tests\Controller\TexasHoldemJsonTest" classname="App.Tests.Controller.TexasHoldemJsonTest" file="/mnt/c/Users/isabe/dbwebb-kurser/mvc/me/report/tests/Controller/TexasHoldemJsonTest.php" line="38" assertions="2" time="0.007102"/>
        <testcase name="testStartNewGame" class="App\Tests\Controller\TexasHoldemJsonTest" classname="App.Tests.Controller.TexasHoldemJsonTest" file="/mnt/c/Users/isabe/dbwebb-kurser/mvc/me/report/tests/Controller/TexasHoldemJsonTest.php" line="54" assertions="6" time="0.001447"/>
        <testcase name="testGetGameStateWithoutGame" class="App\Tests\Controller\TexasHoldemJsonTest" classname="App.Tests.Controller.TexasHoldemJsonTest" file="/mnt/c/Users/isabe/dbwebb-kurser/mvc/me/report/tests/Controller/TexasHoldemJsonTest.php" line="78" assertions="6" time="0.001365"/>
        <testcase name="testGetGameStateWithGame" class="App\Tests\Controller\TexasHoldemJsonTest" classname="App.Tests.Controller.TexasHoldemJsonTest" file="/mnt/c/Users/isabe/dbwebb-kurser/mvc/me/report/tests/Controller/TexasHoldemJsonTest.php" line="97" assertions="7" time="0.001496"/>
        <testcase name="testStartNewRound" class="App\Tests\Controller\TexasHoldemJsonTest" classname="App.Tests.Controller.TexasHoldemJsonTest" file="/mnt/c/Users/isabe/dbwebb-kurser/mvc/me/report/tests/Controller/TexasHoldemJsonTest.php" line="121" assertions="7" time="0.001086"/>
        <testcase name="testResetGame" class="App\Tests\Controller\TexasHoldemJsonTest" classname="App.Tests.Controller.TexasHoldemJsonTest" file="/mnt/c/Users/isabe/dbwebb-kurser/mvc/me/report/tests/Controller/TexasHoldemJsonTest.php" line="147" assertions="6" time="0.000748"/>
        <testcase name="testSetChips" class="App\Tests\Controller\TexasHoldemJsonTest" classname="App.Tests.Controller.TexasHoldemJsonTest" file="/mnt/c/Users/isabe/dbwebb-kurser/mvc/me/report/tests/Controller/TexasHoldemJsonTest.php" line="165" assertions="7" time="0.001400"/>
        <testcase name="testSetChipsCompOne" class="App\Tests\Controller\TexasHoldemJsonTest" classname="App.Tests.Controller.TexasHoldemJsonTest" file="/mnt/c/Users/isabe/dbwebb-kurser/mvc/me/report/tests/Controller/TexasHoldemJsonTest.php" line="191" assertions="7" time="0.001517"/>
        <testcase name="testSetChipsCompTwo" class="App\Tests\Controller\TexasHoldemJsonTest" classname="App.Tests.Controller.TexasHoldemJsonTest" file="/mnt/c/Users/isabe/dbwebb-kurser/mvc/me/report/tests/Controller/TexasHoldemJsonTest.php" line="217" assertions="7" time="0.001415"/>
        <testcase name="testGetCommunityCardsWithoutGame" class="App\Tests\Controller\TexasHoldemJsonTest" classname="App.Tests.Controller.TexasHoldemJsonTest" file="/mnt/c/Users/isabe/dbwebb-kurser/mvc/me/report/tests/Controller/TexasHoldemJsonTest.php" line="244" assertions="6" time="0.000802"/>
        <testcase name="testGetCommunityCards" class="App\Tests\Controller\TexasHoldemJsonTest" classname="App.Tests.Controller.TexasHoldemJsonTest" file="/mnt/c/Users/isabe/dbwebb-kurser/mvc/me/report/tests/Controller/TexasHoldemJsonTest.php" line="263" assertions="6" time="0.001357"/>
        <testcase name="testGetPlayerCardsWithoutGame" class="App\Tests\Controller\TexasHoldemJsonTest" classname="App.Tests.Controller.TexasHoldemJsonTest" file="/mnt/c/Users/isabe/dbwebb-kurser/mvc/me/report/tests/Controller/TexasHoldemJsonTest.php" line="295" assertions="6" time="0.000804"/>
        <testcase name="testGetPlayerCards" class="App\Tests\Controller\TexasHoldemJsonTest" classname="App.Tests.Controller.TexasHoldemJsonTest" file="/mnt/c/Users/isabe/dbwebb-kurser/mvc/me/report/tests/Controller/TexasHoldemJsonTest.php" line="314" assertions="8" time="0.001395"/>
        <testcase name="testGetPlayerCardsPlayerNotFound" class="App\Tests\Controller\TexasHoldemJsonTest" classname="App.Tests.Controller.TexasHoldemJsonTest" file="/mnt/c/Users/isabe/dbwebb-kurser/mvc/me/report/tests/Controller/TexasHoldemJsonTest.php" line="348" assertions="7" time="0.001248"/>
      </testsuite>
      <testsuite name="App\Dice\DiceTest" file="/mnt/c/Users/isabe/dbwebb-kurser/mvc/me/report/tests/Dice/DiceTest.php" tests="1" assertions="2" errors="0" warnings="0" failures="0" skipped="0" time="0.008026">
        <testcase name="testCreateDice" class="App\Dice\DiceTest" classname="App.Dice.DiceTest" file="/mnt/c/Users/isabe/dbwebb-kurser/mvc/me/report/tests/Dice/DiceTest.php" line="16" assertions="2" time="0.008026"/>
      </testsuite>
      <testsuite name="App\Tests\Entity\GamePlayerTest" file="/mnt/c/Users/isabe/dbwebb-kurser/mvc/me/report/tests/Entity/GamePlayerTest.php" tests="10" assertions="23" errors="0" warnings="0" failures="0" skipped="0" time="0.005753">
        <testcase name="testInitialValues" class="App\Tests\Entity\GamePlayerTest" classname="App.Tests.Entity.GamePlayerTest" file="/mnt/c/Users/isabe/dbwebb-kurser/mvc/me/report/tests/Entity/GamePlayerTest.php" line="14" assertions="5" time="0.000405"/>
        <testcase name="testGetId" class="App\Tests\Entity\GamePlayerTest" classname="App.Tests.Entity.GamePlayerTest" file="/mnt/c/Users/isabe/dbwebb-kurser/mvc/me/report/tests/Entity/GamePlayerTest.php" line="25" assertions="2" time="0.000339"/>
        <testcase name="testGetUsername" class="App\Tests\Entity\GamePlayerTest" classname="App.Tests.Entity.GamePlayerTest" file="/mnt/c/Users/isabe/dbwebb-kurser/mvc/me/report/tests/Entity/GamePlayerTest.php" line="38" assertions="2" time="0.000423"/>
        <testcase name="testSetId" class="App\Tests\Entity\GamePlayerTest" classname="App.Tests.Entity.GamePlayerTest" file="/mnt/c/Users/isabe/dbwebb-kurser/mvc/me/report/tests/Entity/GamePlayerTest.php" line="51" assertions="1" time="0.000326"/>
        <testcase name="testGetAge" class="App\Tests\Entity\GamePlayerTest" classname="App.Tests.Entity.GamePlayerTest" file="/mnt/c/Users/isabe/dbwebb-kurser/mvc/me/report/tests/Entity/GamePlayerTest.php" line="59" assertions="2" time="0.000313"/>
        <testcase name="testGetScores" class="App\Tests\Entity\GamePlayerTest" classname="App.Tests.Entity.GamePlayerTest" file="/mnt/c/Users/isabe/dbwebb-kurser/mvc/me/report/tests/Entity/GamePlayerTest.php" line="73" assertions="4" time="0.001706"/>
        <testcase name="testSetAndGetUsername" class="App\Tests\Entity\GamePlayerTest" classname="App.Tests.Entity.GamePlayerTest" file="/mnt/c/Users/isabe/dbwebb-kurser/mvc/me/report/tests/Entity/GamePlayerTest.php" line="86" assertions="1" time="0.000360"/>
        <testcase name="testSetAndGetAge" class="App\Tests\Entity\GamePlayerTest" classname="App.Tests.Entity.GamePlayerTest" file="/mnt/c/Users/isabe/dbwebb-kurser/mvc/me/report/tests/Entity/GamePlayerTest.php" line="95" assertions="1" time="0.000319"/>
        <testcase name="testGetScoresReturnsCollection" class="App\Tests\Entity\GamePlayerTest" classname="App.Tests.Entity.GamePlayerTest" file="/mnt/c/Users/isabe/dbwebb-kurser/mvc/me/report/tests/Entity/GamePlayerTest.php" line="104" assertions="2" time="0.000315"/>
        <testcase name="testAddScore" class="App\Tests\Entity\GamePlayerTest" classname="App.Tests.Entity.GamePlayerTest" file="/mnt/c/Users/isabe/dbwebb-kurser/mvc/me/report/tests/Entity/GamePlayerTest.php" line="111" assertions="3" time="0.001247"/>
      </testsuite>
      <testsuite name="App\Tests\Entity\ScoresTest" file="/mnt/c/Users/isabe/dbwebb-kurser/mvc/me/report/tests/Entity/ScoresTest.php" tests="5" assertions="10" errors="0" warnings="0" failures="0" skipped="0" time="0.001678">
        <testcase name="testInitialValues" class="App\Tests\Entity\ScoresTest" classname="App.Tests.Entity.ScoresTest" file="/mnt/c/Users/isabe/dbwebb-kurser/mvc/me/report/tests/Entity/ScoresTest.php" line="12" assertions="4" time="0.000324"/>
        <testcase name="testSetAndGetUserId" class="App\Tests\Entity\ScoresTest" classname="App.Tests.Entity.ScoresTest" file="/mnt/c/Users/isabe/dbwebb-kurser/mvc/me/report/tests/Entity/ScoresTest.php" line="22" assertions="1" time="0.000418"/>
        <testcase name="testSetAndGetScore" class="App\Tests\Entity\ScoresTest" classname="App.Tests.Entity.ScoresTest" file="/mnt/c/Users/isabe/dbwebb-kurser/mvc/me/report/tests/Entity/ScoresTest.php" line="32" assertions="1" time="0.000295"/>
        <testcase name="testSetAndGetDate" class="App\Tests\Entity\ScoresTest" classname="App.Tests.Entity.ScoresTest" file="/mnt/c/Users/isabe/dbwebb-kurser/mvc/me/report/tests/Entity/ScoresTest.php" line="42" assertions="1" time="0.000307"/>
        <testcase name="testScoreRelationshipWithGamePlayer" class="App\Tests\Entity\ScoresTest" classname="App.Tests.Entity.ScoresTest" file="/mnt/c/Users/isabe/dbwebb-kurser/mvc/me/report/tests/Entity/ScoresTest.php" line="52" assertions="3" time="0.000334"/>
      </testsuite>
      <testsuite name="App\Entity\LibraryTest" file="/mnt/c/Users/isabe/dbwebb-kurser/mvc/me/report/tests/Library/LibraryTest.php" tests="5" assertions="5" errors="0" warnings="0" failures="0" skipped="0" time="0.002119">
        <testcase name="testSetTitle" class="App\Entity\LibraryTest" classname="App.Entity.LibraryTest" file="/mnt/c/Users/isabe/dbwebb-kurser/mvc/me/report/tests/Library/LibraryTest.php" line="9" assertions="1" time="0.000358"/>
        <testcase name="testSetAndGetAuthor" class="App\Entity\LibraryTest" classname="App.Entity.LibraryTest" file="/mnt/c/Users/isabe/dbwebb-kurser/mvc/me/report/tests/Library/LibraryTest.php" line="16" assertions="1" time="0.000296"/>
        <testcase name="testSetAndGetIsbn" class="App\Entity\LibraryTest" classname="App.Entity.LibraryTest" file="/mnt/c/Users/isabe/dbwebb-kurser/mvc/me/report/tests/Library/LibraryTest.php" line="23" assertions="1" time="0.000293"/>
        <testcase name="testSetAndGetBookimage" class="App\Entity\LibraryTest" classname="App.Entity.LibraryTest" file="/mnt/c/Users/isabe/dbwebb-kurser/mvc/me/report/tests/Library/LibraryTest.php" line="30" assertions="1" time="0.000290"/>
        <testcase name="testSetAndGetDescription" class="App\Entity\LibraryTest" classname="App.Entity.LibraryTest" file="/mnt/c/Users/isabe/dbwebb-kurser/mvc/me/report/tests/Library/LibraryTest.php" line="37" assertions="1" time="0.000881"/>
      </testsuite>
      <testsuite name="App\Tests\Entity\ProductTest" file="/mnt/c/Users/isabe/dbwebb-kurser/mvc/me/report/tests/Library/ProductTest.php" tests="2" assertions="2" errors="0" warnings="0" failures="0" skipped="0" time="0.007235">
        <testcase name="testSetName" class="App\Tests\Entity\ProductTest" classname="App.Tests.Entity.ProductTest" file="/mnt/c/Users/isabe/dbwebb-kurser/mvc/me/report/tests/Library/ProductTest.php" line="10" assertions="1" time="0.006916"/>
        <testcase name="testSetValue" class="App\Tests\Entity\ProductTest" classname="App.Tests.Entity.ProductTest" file="/mnt/c/Users/isabe/dbwebb-kurser/mvc/me/report/tests/Library/ProductTest.php" line="17" assertions="1" time="0.000318"/>
      </testsuite>
      <testsuite name="App\Tests\Service\ApiServiceTest" file="/mnt/c/Users/isabe/dbwebb-kurser/mvc/me/report/tests/Service/ApiServiceTest.php" tests="3" assertions="17" errors="0" warnings="0" failures="0" skipped="0" time="0.003297">
        <testcase name="testGetAllBooks" class="App\Tests\Service\ApiServiceTest" classname="App.Tests.Service.ApiServiceTest" file="/mnt/c/Users/isabe/dbwebb-kurser/mvc/me/report/tests/Service/ApiServiceTest.php" line="24" assertions="6" time="0.001249"/>
        <testcase name="testGetBookByIsbn" class="App\Tests\Service\ApiServiceTest" classname="App.Tests.Service.ApiServiceTest" file="/mnt/c/Users/isabe/dbwebb-kurser/mvc/me/report/tests/Service/ApiServiceTest.php" line="49" assertions="5" time="0.001298"/>
        <testcase name="testGetBookByIsbnNotFound" class="App\Tests\Service\ApiServiceTest" classname="App.Tests.Service.ApiServiceTest" file="/mnt/c/Users/isabe/dbwebb-kurser/mvc/me/report/tests/Service/ApiServiceTest.php" line="74" assertions="6" time="0.000749"/>
      </testsuite>
      <testsuite name="App\Tests\Service\DatabaseResetServiceTest" file="/mnt/c/Users/isabe/dbwebb-kurser/mvc/me/report/tests/Service/DatabaseResetServiceTest.php" tests="1" assertions="3" errors="0" warnings="0" failures="0" skipped="0" time="0.000884">
        <testcase name="testResetDatabase" class="App\Tests\Service\DatabaseResetServiceTest" classname="App.Tests.Service.DatabaseResetServiceTest" file="/mnt/c/Users/isabe/dbwebb-kurser/mvc/me/report/tests/Service/DatabaseResetServiceTest.php" line="24" assertions="3" time="0.000884"/>
      </testsuite>
      <testsuite name="App\Tests\Service\PlayerScoreResetServiceTest" file="/mnt/c/Users/isabe/dbwebb-kurser/mvc/me/report/tests/Service/PlayerScoreResetServiceTest.php" tests="2" assertions="9" errors="0" warnings="0" failures="0" skipped="0" time="0.012128">
        <testcase name="testResetPlayerDataSuccess" class="App\Tests\Service\PlayerScoreResetServiceTest" classname="App.Tests.Service.PlayerScoreResetServiceTest" file="/mnt/c/Users/isabe/dbwebb-kurser/mvc/me/report/tests/Service/PlayerScoreResetServiceTest.php" line="49" assertions="5" time="0.001027"/>
        <testcase name="testResetPlayerDataFailure" class="App\Tests\Service\PlayerScoreResetServiceTest" classname="App.Tests.Service.PlayerScoreResetServiceTest" file="/mnt/c/Users/isabe/dbwebb-kurser/mvc/me/report/tests/Service/PlayerScoreResetServiceTest.php" line="67" assertions="4" time="0.011101"/>
      </testsuite>
    </testsuite>
  </testsuite>
</testsuites>
