<?xml version="1.0" encoding="UTF-8"?>
<testsuites>
  <testsuite name="" tests="303" assertions="1034" errors="0" warnings="0" failures="0" skipped="0" time="1.966948">
    <testsuite name="Project Test Suite" tests="303" assertions="1034" errors="0" warnings="0" failures="0" skipped="0" time="1.966948">
      <testsuite name="App\Tests\Card\CardGraphicTest" file="/mnt/c/Users/isabe/dbwebb-kurser/mvc/me/report/tests/Card/CardGraphicTest.php" tests="5" assertions="6" errors="0" warnings="0" failures="0" skipped="0" time="0.148258">
        <testcase name="testCardGraphicConstructor" class="App\Tests\Card\CardGraphicTest" classname="App.Tests.Card.CardGraphicTest" file="/mnt/c/Users/isabe/dbwebb-kurser/mvc/me/report/tests/Card/CardGraphicTest.php" line="11" assertions="2" time="0.125457"/>
        <testcase name="testGetAsStringHeartsAce" class="App\Tests\Card\CardGraphicTest" classname="App.Tests.Card.CardGraphicTest" file="/mnt/c/Users/isabe/dbwebb-kurser/mvc/me/report/tests/Card/CardGraphicTest.php" line="18" assertions="1" time="0.000484"/>
        <testcase name="testGetAsStringDiamondsQueen" class="App\Tests\Card\CardGraphicTest" classname="App.Tests.Card.CardGraphicTest" file="/mnt/c/Users/isabe/dbwebb-kurser/mvc/me/report/tests/Card/CardGraphicTest.php" line="25" assertions="1" time="0.000362"/>
        <testcase name="testGetAsStringSpadesKing" class="App\Tests\Card\CardGraphicTest" classname="App.Tests.Card.CardGraphicTest" file="/mnt/c/Users/isabe/dbwebb-kurser/mvc/me/report/tests/Card/CardGraphicTest.php" line="32" assertions="1" time="0.000294"/>
        <testcase name="testGetAsStringOutOfBounds" class="App\Tests\Card\CardGraphicTest" classname="App.Tests.Card.CardGraphicTest" file="/mnt/c/Users/isabe/dbwebb-kurser/mvc/me/report/tests/Card/CardGraphicTest.php" line="39" assertions="1" time="0.021661"/>
      </testsuite>
      <testsuite name="App\Tests\Card\CardHandTest" file="/mnt/c/Users/isabe/dbwebb-kurser/mvc/me/report/tests/Card/CardHandTest.php" tests="6" assertions="17" errors="0" warnings="0" failures="0" skipped="0" time="0.024252">
        <testcase name="testAddCard" class="App\Tests\Card\CardHandTest" classname="App.Tests.Card.CardHandTest" file="/mnt/c/Users/isabe/dbwebb-kurser/mvc/me/report/tests/Card/CardHandTest.php" line="11" assertions="2" time="0.022509"/>
        <testcase name="testGetHand" class="App\Tests\Card\CardHandTest" classname="App.Tests.Card.CardHandTest" file="/mnt/c/Users/isabe/dbwebb-kurser/mvc/me/report/tests/Card/CardHandTest.php" line="21" assertions="2" time="0.000333"/>
        <testcase name="testDrawMultipleCards" class="App\Tests\Card\CardHandTest" classname="App.Tests.Card.CardHandTest" file="/mnt/c/Users/isabe/dbwebb-kurser/mvc/me/report/tests/Card/CardHandTest.php" line="34" assertions="3" time="0.000330"/>
        <testcase name="testDrawMultipleCardsWhenDeckIsEmpty" class="App\Tests\Card\CardHandTest" classname="App.Tests.Card.CardHandTest" file="/mnt/c/Users/isabe/dbwebb-kurser/mvc/me/report/tests/Card/CardHandTest.php" line="46" assertions="2" time="0.000336"/>
        <testcase name="testDealCardsToPlayers" class="App\Tests\Card\CardHandTest" classname="App.Tests.Card.CardHandTest" file="/mnt/c/Users/isabe/dbwebb-kurser/mvc/me/report/tests/Card/CardHandTest.php" line="57" assertions="4" time="0.000411"/>
        <testcase name="testDealCardsToPlayersWithNotEnoughCards" class="App\Tests\Card\CardHandTest" classname="App.Tests.Card.CardHandTest" file="/mnt/c/Users/isabe/dbwebb-kurser/mvc/me/report/tests/Card/CardHandTest.php" line="76" assertions="4" time="0.000334"/>
      </testsuite>
      <testsuite name="App\Tests\Card\CardTest" file="/mnt/c/Users/isabe/dbwebb-kurser/mvc/me/report/tests/Card/CardTest.php" tests="5" assertions="6" errors="0" warnings="0" failures="0" skipped="0" time="0.001476">
        <testcase name="testCardConstructor" class="App\Tests\Card\CardTest" classname="App.Tests.Card.CardTest" file="/mnt/c/Users/isabe/dbwebb-kurser/mvc/me/report/tests/Card/CardTest.php" line="10" assertions="2" time="0.000287"/>
        <testcase name="testGetValue" class="App\Tests\Card\CardTest" classname="App.Tests.Card.CardTest" file="/mnt/c/Users/isabe/dbwebb-kurser/mvc/me/report/tests/Card/CardTest.php" line="17" assertions="1" time="0.000275"/>
        <testcase name="testGetAsString" class="App\Tests\Card\CardTest" classname="App.Tests.Card.CardTest" file="/mnt/c/Users/isabe/dbwebb-kurser/mvc/me/report/tests/Card/CardTest.php" line="23" assertions="1" time="0.000274"/>
        <testcase name="testGetForAPIWithHeartsAce" class="App\Tests\Card\CardTest" classname="App.Tests.Card.CardTest" file="/mnt/c/Users/isabe/dbwebb-kurser/mvc/me/report/tests/Card/CardTest.php" line="29" assertions="1" time="0.000355"/>
        <testcase name="testGetForAPIWithSpadesKing" class="App\Tests\Card\CardTest" classname="App.Tests.Card.CardTest" file="/mnt/c/Users/isabe/dbwebb-kurser/mvc/me/report/tests/Card/CardTest.php" line="36" assertions="1" time="0.000285"/>
      </testsuite>
      <testsuite name="App\Tests\Card\DeckOfCardsTest" file="/mnt/c/Users/isabe/dbwebb-kurser/mvc/me/report/tests/Card/DeckOfCardsTest.php" tests="4" assertions="56" errors="0" warnings="0" failures="0" skipped="0" time="0.008944">
        <testcase name="testDeckConstructor" class="App\Tests\Card\DeckOfCardsTest" classname="App.Tests.Card.DeckOfCardsTest" file="/mnt/c/Users/isabe/dbwebb-kurser/mvc/me/report/tests/Card/DeckOfCardsTest.php" line="11" assertions="2" time="0.007356"/>
        <testcase name="testDeckContainsUniqueCards" class="App\Tests\Card\DeckOfCardsTest" classname="App.Tests.Card.DeckOfCardsTest" file="/mnt/c/Users/isabe/dbwebb-kurser/mvc/me/report/tests/Card/DeckOfCardsTest.php" line="23" assertions="1" time="0.000516"/>
        <testcase name="testDeckHasCorrectCardValues" class="App\Tests\Card\DeckOfCardsTest" classname="App.Tests.Card.DeckOfCardsTest" file="/mnt/c/Users/isabe/dbwebb-kurser/mvc/me/report/tests/Card/DeckOfCardsTest.php" line="35" assertions="1" time="0.000469"/>
        <testcase name="testGetCardsReturnsArrayOfCardObjects" class="App\Tests\Card\DeckOfCardsTest" classname="App.Tests.Card.DeckOfCardsTest" file="/mnt/c/Users/isabe/dbwebb-kurser/mvc/me/report/tests/Card/DeckOfCardsTest.php" line="48" assertions="52" time="0.000602"/>
      </testsuite>
      <testsuite name="App\Tests\CardGame\AllInScenarioHandlerTest" file="/mnt/c/Users/isabe/dbwebb-kurser/mvc/me/report/tests/CardGame/AllInScenarioHandlerTest.php" tests="2" assertions="4" errors="0" warnings="0" failures="0" skipped="0" time="0.316934">
        <testcase name="testHandleAllInScenarioWhenAllInOccurs" class="App\Tests\CardGame\AllInScenarioHandlerTest" classname="App.Tests.CardGame.AllInScenarioHandlerTest" file="/mnt/c/Users/isabe/dbwebb-kurser/mvc/me/report/tests/CardGame/AllInScenarioHandlerTest.php" line="12" assertions="2" time="0.300119"/>
        <testcase name="testHandleAllInScenarioWhenNoAllInOccurs" class="App\Tests\CardGame\AllInScenarioHandlerTest" classname="App.Tests.CardGame.AllInScenarioHandlerTest" file="/mnt/c/Users/isabe/dbwebb-kurser/mvc/me/report/tests/CardGame/AllInScenarioHandlerTest.php" line="42" assertions="2" time="0.016815"/>
      </testsuite>
      <testsuite name="App\Tests\CardGame\BankTest" file="/mnt/c/Users/isabe/dbwebb-kurser/mvc/me/report/tests/CardGame/BankTest.php" tests="5" assertions="11" errors="0" warnings="0" failures="0" skipped="0" time="0.020122">
        <testcase name="testPlaceBetIncreasesPlayerBetAndPot" class="App\Tests\CardGame\BankTest" classname="App.Tests.CardGame.BankTest" file="/mnt/c/Users/isabe/dbwebb-kurser/mvc/me/report/tests/CardGame/BankTest.php" line="11" assertions="2" time="0.018781"/>
        <testcase name="testPlaceMultipleBetsIncreasesPlayerBetAndPot" class="App\Tests\CardGame\BankTest" classname="App.Tests.CardGame.BankTest" file="/mnt/c/Users/isabe/dbwebb-kurser/mvc/me/report/tests/CardGame/BankTest.php" line="22" assertions="2" time="0.000368"/>
        <testcase name="testPlaceBetFromMultiplePlayersIncreasesPot" class="App\Tests\CardGame\BankTest" classname="App.Tests.CardGame.BankTest" file="/mnt/c/Users/isabe/dbwebb-kurser/mvc/me/report/tests/CardGame/BankTest.php" line="34" assertions="3" time="0.000330"/>
        <testcase name="testGetPlayerBetReturnsZeroIfNoBetPlaced" class="App\Tests\CardGame\BankTest" classname="App.Tests.CardGame.BankTest" file="/mnt/c/Users/isabe/dbwebb-kurser/mvc/me/report/tests/CardGame/BankTest.php" line="48" assertions="1" time="0.000309"/>
        <testcase name="testResetBetsClearsAllBetsButNotPot" class="App\Tests\CardGame\BankTest" classname="App.Tests.CardGame.BankTest" file="/mnt/c/Users/isabe/dbwebb-kurser/mvc/me/report/tests/CardGame/BankTest.php" line="56" assertions="3" time="0.000335"/>
      </testsuite>
      <testsuite name="App\Tests\CardGame\CardGraphicTest" file="/mnt/c/Users/isabe/dbwebb-kurser/mvc/me/report/tests/CardGame/CardGraphicTest.php" tests="2" assertions="2" errors="0" warnings="0" failures="0" skipped="0" time="0.016235">
        <testcase name="testGetAsString" class="App\Tests\CardGame\CardGraphicTest" classname="App.Tests.CardGame.CardGraphicTest" file="/mnt/c/Users/isabe/dbwebb-kurser/mvc/me/report/tests/CardGame/CardGraphicTest.php" line="10" assertions="1" time="0.015905"/>
        <testcase name="testGetUnturned" class="App\Tests\CardGame\CardGraphicTest" classname="App.Tests.CardGame.CardGraphicTest" file="/mnt/c/Users/isabe/dbwebb-kurser/mvc/me/report/tests/CardGame/CardGraphicTest.php" line="16" assertions="1" time="0.000330"/>
      </testsuite>
      <testsuite name="App\Tests\CardGame\CardHandTest" file="/mnt/c/Users/isabe/dbwebb-kurser/mvc/me/report/tests/CardGame/CardHandTest.php" tests="10" assertions="17" errors="0" warnings="0" failures="0" skipped="0" time="0.013029">
        <testcase name="testAddCardAndGetCards" class="App\Tests\CardGame\CardHandTest" classname="App.Tests.CardGame.CardHandTest" file="/mnt/c/Users/isabe/dbwebb-kurser/mvc/me/report/tests/CardGame/CardHandTest.php" line="11" assertions="1" time="0.009795"/>
        <testcase name="testCalculateTotal" class="App\Tests\CardGame\CardHandTest" classname="App.Tests.CardGame.CardHandTest" file="/mnt/c/Users/isabe/dbwebb-kurser/mvc/me/report/tests/CardGame/CardHandTest.php" line="23" assertions="2" time="0.000359"/>
        <testcase name="testCalculateTotalWithAce" class="App\Tests\CardGame\CardHandTest" classname="App.Tests.CardGame.CardHandTest" file="/mnt/c/Users/isabe/dbwebb-kurser/mvc/me/report/tests/CardGame/CardHandTest.php" line="38" assertions="2" time="0.000342"/>
        <testcase name="testCalculateTotalWithAceAsEleven" class="App\Tests\CardGame\CardHandTest" classname="App.Tests.CardGame.CardHandTest" file="/mnt/c/Users/isabe/dbwebb-kurser/mvc/me/report/tests/CardGame/CardHandTest.php" line="54" assertions="2" time="0.000339"/>
        <testcase name="testCalculateTotalWithFaceCards" class="App\Tests\CardGame\CardHandTest" classname="App.Tests.CardGame.CardHandTest" file="/mnt/c/Users/isabe/dbwebb-kurser/mvc/me/report/tests/CardGame/CardHandTest.php" line="67" assertions="2" time="0.000342"/>
        <testcase name="testCalculateTotalDealer" class="App\Tests\CardGame\CardHandTest" classname="App.Tests.CardGame.CardHandTest" file="/mnt/c/Users/isabe/dbwebb-kurser/mvc/me/report/tests/CardGame/CardHandTest.php" line="79" assertions="1" time="0.000317"/>
        <testcase name="testCalculateTotalWithAceHighAdjustment" class="App\Tests\CardGame\CardHandTest" classname="App.Tests.CardGame.CardHandTest" file="/mnt/c/Users/isabe/dbwebb-kurser/mvc/me/report/tests/CardGame/CardHandTest.php" line="92" assertions="2" time="0.000363"/>
        <testcase name="testCalculateTotalDealerWithAce" class="App\Tests\CardGame\CardHandTest" classname="App.Tests.CardGame.CardHandTest" file="/mnt/c/Users/isabe/dbwebb-kurser/mvc/me/report/tests/CardGame/CardHandTest.php" line="109" assertions="1" time="0.000389"/>
        <testcase name="testCalculateTotalDealerWithFaceCard" class="App\Tests\CardGame\CardHandTest" classname="App.Tests.CardGame.CardHandTest" file="/mnt/c/Users/isabe/dbwebb-kurser/mvc/me/report/tests/CardGame/CardHandTest.php" line="119" assertions="1" time="0.000428"/>
        <testcase name="testDealCards" class="App\Tests\CardGame\CardHandTest" classname="App.Tests.CardGame.CardHandTest" file="/mnt/c/Users/isabe/dbwebb-kurser/mvc/me/report/tests/CardGame/CardHandTest.php" line="129" assertions="3" time="0.000355"/>
      </testsuite>
      <testsuite name="App\Tests\CardGame\CardTest" file="/mnt/c/Users/isabe/dbwebb-kurser/mvc/me/report/tests/CardGame/CardTest.php" tests="4" assertions="7" errors="0" warnings="0" failures="0" skipped="0" time="0.001215">
        <testcase name="testGetValue" class="App\Tests\CardGame\CardTest" classname="App.Tests.CardGame.CardTest" file="/mnt/c/Users/isabe/dbwebb-kurser/mvc/me/report/tests/CardGame/CardTest.php" line="10" assertions="1" time="0.000305"/>
        <testcase name="testGetCardName" class="App\Tests\CardGame\CardTest" classname="App.Tests.CardGame.CardTest" file="/mnt/c/Users/isabe/dbwebb-kurser/mvc/me/report/tests/CardGame/CardTest.php" line="16" assertions="4" time="0.000308"/>
        <testcase name="testGetSuit" class="App\Tests\CardGame\CardTest" classname="App.Tests.CardGame.CardTest" file="/mnt/c/Users/isabe/dbwebb-kurser/mvc/me/report/tests/CardGame/CardTest.php" line="28" assertions="1" time="0.000282"/>
        <testcase name="testGetCardNameDefault" class="App\Tests\CardGame\CardTest" classname="App.Tests.CardGame.CardTest" file="/mnt/c/Users/isabe/dbwebb-kurser/mvc/me/report/tests/CardGame/CardTest.php" line="33" assertions="1" time="0.000319"/>
      </testsuite>
      <testsuite name="App\Tests\CardGame\CommunityCardManagerTest" file="/mnt/c/Users/isabe/dbwebb-kurser/mvc/me/report/tests/CardGame/CommunityCardManagerTest.php" tests="4" assertions="15" errors="0" warnings="0" failures="0" skipped="0" time="0.041264">
        <testcase name="testDealCommunityCardsAddsCardsToCommunity" class="App\Tests\CardGame\CommunityCardManagerTest" classname="App.Tests.CardGame.CommunityCardManagerTest" file="/mnt/c/Users/isabe/dbwebb-kurser/mvc/me/report/tests/CardGame/CommunityCardManagerTest.php" line="13" assertions="10" time="0.027177"/>
        <testcase name="testGetCommunityCardsReturnsEmptyArrayWhenNoCardsDealt" class="App\Tests\CardGame\CommunityCardManagerTest" classname="App.Tests.CardGame.CommunityCardManagerTest" file="/mnt/c/Users/isabe/dbwebb-kurser/mvc/me/report/tests/CardGame/CommunityCardManagerTest.php" line="29" assertions="1" time="0.011865"/>
        <testcase name="testResetCommunityCardsClearsCommunityCards" class="App\Tests\CardGame\CommunityCardManagerTest" classname="App.Tests.CardGame.CommunityCardManagerTest" file="/mnt/c/Users/isabe/dbwebb-kurser/mvc/me/report/tests/CardGame/CommunityCardManagerTest.php" line="37" assertions="2" time="0.000553"/>
        <testcase name="testDealInitialCardsAddsCardsToPlayerHands" class="App\Tests\CardGame\CommunityCardManagerTest" classname="App.Tests.CardGame.CommunityCardManagerTest" file="/mnt/c/Users/isabe/dbwebb-kurser/mvc/me/report/tests/CardGame/CommunityCardManagerTest.php" line="51" assertions="2" time="0.001670"/>
      </testsuite>
      <testsuite name="App\Tests\CardGame\DeckOfCardsTest" file="/mnt/c/Users/isabe/dbwebb-kurser/mvc/me/report/tests/CardGame/DeckOfCardsTest.php" tests="1" assertions="1" errors="0" warnings="0" failures="0" skipped="0" time="0.010526">
        <testcase name="testGetDeck" class="App\Tests\CardGame\DeckOfCardsTest" classname="App.Tests.CardGame.DeckOfCardsTest" file="/mnt/c/Users/isabe/dbwebb-kurser/mvc/me/report/tests/CardGame/DeckOfCardsTest.php" line="10" assertions="1" time="0.010526"/>
      </testsuite>
      <testsuite name="App\Tests\CardGame\DeckTest" file="/mnt/c/Users/isabe/dbwebb-kurser/mvc/me/report/tests/CardGame/DeckTest.php" tests="5" assertions="162" errors="0" warnings="0" failures="0" skipped="0" time="0.086404">
        <testcase name="testDeckIsInitializedWith52Cards" class="App\Tests\CardGame\DeckTest" classname="App.Tests.CardGame.DeckTest" file="/mnt/c/Users/isabe/dbwebb-kurser/mvc/me/report/tests/CardGame/DeckTest.php" line="11" assertions="53" time="0.001181"/>
        <testcase name="testDeckContainsCorrectCardCombination" class="App\Tests\CardGame\DeckTest" classname="App.Tests.CardGame.DeckTest" file="/mnt/c/Users/isabe/dbwebb-kurser/mvc/me/report/tests/CardGame/DeckTest.php" line="24" assertions="52" time="0.025858"/>
        <testcase name="testDrawCardReducesDeckSize" class="App\Tests\CardGame\DeckTest" classname="App.Tests.CardGame.DeckTest" file="/mnt/c/Users/isabe/dbwebb-kurser/mvc/me/report/tests/CardGame/DeckTest.php" line="44" assertions="2" time="0.000654"/>
        <testcase name="testDrawAllCardsAndDeckIsEmpty" class="App\Tests\CardGame\DeckTest" classname="App.Tests.CardGame.DeckTest" file="/mnt/c/Users/isabe/dbwebb-kurser/mvc/me/report/tests/CardGame/DeckTest.php" line="58" assertions="54" time="0.011885"/>
        <testcase name="testShuffleRandomizesDeckOrder" class="App\Tests\CardGame\DeckTest" classname="App.Tests.CardGame.DeckTest" file="/mnt/c/Users/isabe/dbwebb-kurser/mvc/me/report/tests/CardGame/DeckTest.php" line="72" assertions="1" time="0.046825"/>
      </testsuite>
      <testsuite name="App\Tests\CardGame\GameDataServiceTest" file="/mnt/c/Users/isabe/dbwebb-kurser/mvc/me/report/tests/CardGame/GameDataServiceTest.php" tests="1" assertions="13" errors="0" warnings="0" failures="0" skipped="0" time="0.045312">
        <testcase name="testGetGameData" class="App\Tests\CardGame\GameDataServiceTest" classname="App.Tests.CardGame.GameDataServiceTest" file="/mnt/c/Users/isabe/dbwebb-kurser/mvc/me/report/tests/CardGame/GameDataServiceTest.php" line="53" assertions="13" time="0.045312"/>
      </testsuite>
      <testsuite name="App\Tests\CardGame\GameLoggerTest" file="/mnt/c/Users/isabe/dbwebb-kurser/mvc/me/report/tests/CardGame/GameLoggerTest.php" tests="2" assertions="3" errors="0" warnings="0" failures="0" skipped="0" time="0.024738">
        <testcase name="testLogGameStart" class="App\Tests\CardGame\GameLoggerTest" classname="App.Tests.CardGame.GameLoggerTest" file="/mnt/c/Users/isabe/dbwebb-kurser/mvc/me/report/tests/CardGame/GameLoggerTest.php" line="33" assertions="2" time="0.023763"/>
        <testcase name="testUpdateGameLog" class="App\Tests\CardGame\GameLoggerTest" classname="App.Tests.CardGame.GameLoggerTest" file="/mnt/c/Users/isabe/dbwebb-kurser/mvc/me/report/tests/CardGame/GameLoggerTest.php" line="70" assertions="1" time="0.000974"/>
      </testsuite>
      <testsuite name="App\Tests\CardGame\GameManagerJsonTest" file="/mnt/c/Users/isabe/dbwebb-kurser/mvc/me/report/tests/CardGame/GameManagerJsonTest.php" tests="3" assertions="15" errors="0" warnings="0" failures="0" skipped="0" time="0.213257">
        <testcase name="testStartNewGame" class="App\Tests\CardGame\GameManagerJsonTest" classname="App.Tests.CardGame.GameManagerJsonTest" file="/mnt/c/Users/isabe/dbwebb-kurser/mvc/me/report/tests/CardGame/GameManagerJsonTest.php" line="26" assertions="6" time="0.198576"/>
        <testcase name="testGetGameState" class="App\Tests\CardGame\GameManagerJsonTest" classname="App.Tests.CardGame.GameManagerJsonTest" file="/mnt/c/Users/isabe/dbwebb-kurser/mvc/me/report/tests/CardGame/GameManagerJsonTest.php" line="48" assertions="4" time="0.013767"/>
        <testcase name="testGetCommunityCards" class="App\Tests\CardGame\GameManagerJsonTest" classname="App.Tests.CardGame.GameManagerJsonTest" file="/mnt/c/Users/isabe/dbwebb-kurser/mvc/me/report/tests/CardGame/GameManagerJsonTest.php" line="61" assertions="5" time="0.000914"/>
      </testsuite>
      <testsuite name="App\Tests\CardGame\GameProgressionTest" file="/mnt/c/Users/isabe/dbwebb-kurser/mvc/me/report/tests/CardGame/GameProgressionTest.php" tests="2" assertions="5" errors="0" warnings="0" failures="0" skipped="0" time="0.053788">
        <testcase name="testAdvancePhaseWhenGameOver" class="App\Tests\CardGame\GameProgressionTest" classname="App.Tests.CardGame.GameProgressionTest" file="/mnt/c/Users/isabe/dbwebb-kurser/mvc/me/report/tests/CardGame/GameProgressionTest.php" line="16" assertions="1" time="0.052358"/>
        <testcase name="testAdvancePhaseToNextStage" class="App\Tests\CardGame\GameProgressionTest" classname="App.Tests.CardGame.GameProgressionTest" file="/mnt/c/Users/isabe/dbwebb-kurser/mvc/me/report/tests/CardGame/GameProgressionTest.php" line="41" assertions="4" time="0.001431"/>
      </testsuite>
      <testsuite name="App\Tests\CardGame\GameResultCheckTest" file="/mnt/c/Users/isabe/dbwebb-kurser/mvc/me/report/tests/CardGame/GameResultCheckTest.php" tests="5" assertions="28" errors="0" warnings="0" failures="0" skipped="0" time="0.010048">
        <testcase name="testCheckBlackjack" class="App\Tests\CardGame\GameResultCheckTest" classname="App.Tests.CardGame.GameResultCheckTest" file="/mnt/c/Users/isabe/dbwebb-kurser/mvc/me/report/tests/CardGame/GameResultCheckTest.php" line="10" assertions="5" time="0.008508"/>
        <testcase name="testCheckBust" class="App\Tests\CardGame\GameResultCheckTest" classname="App.Tests.CardGame.GameResultCheckTest" file="/mnt/c/Users/isabe/dbwebb-kurser/mvc/me/report/tests/CardGame/GameResultCheckTest.php" line="35" assertions="5" time="0.000345"/>
        <testcase name="testBlackjackOrBust" class="App\Tests\CardGame\GameResultCheckTest" classname="App.Tests.CardGame.GameResultCheckTest" file="/mnt/c/Users/isabe/dbwebb-kurser/mvc/me/report/tests/CardGame/GameResultCheckTest.php" line="60" assertions="7" time="0.000369"/>
        <testcase name="testHighestScore" class="App\Tests\CardGame\GameResultCheckTest" classname="App.Tests.CardGame.GameResultCheckTest" file="/mnt/c/Users/isabe/dbwebb-kurser/mvc/me/report/tests/CardGame/GameResultCheckTest.php" line="100" assertions="6" time="0.000484"/>
        <testcase name="testCheckCondition" class="App\Tests\CardGame\GameResultCheckTest" classname="App.Tests.CardGame.GameResultCheckTest" file="/mnt/c/Users/isabe/dbwebb-kurser/mvc/me/report/tests/CardGame/GameResultCheckTest.php" line="135" assertions="5" time="0.000343"/>
      </testsuite>
      <testsuite name="App\Tests\CardGame\GameServiceTest" file="/mnt/c/Users/isabe/dbwebb-kurser/mvc/me/report/tests/CardGame/GameServiceTest.php" tests="5" assertions="10" errors="0" warnings="0" failures="0" skipped="0" time="0.036490">
        <testcase name="testInitializeGame" class="App\Tests\CardGame\GameServiceTest" classname="App.Tests.CardGame.GameServiceTest" file="/mnt/c/Users/isabe/dbwebb-kurser/mvc/me/report/tests/CardGame/GameServiceTest.php" line="28" assertions="3" time="0.020542"/>
        <testcase name="testInitGameSuccess" class="App\Tests\CardGame\GameServiceTest" classname="App.Tests.CardGame.GameServiceTest" file="/mnt/c/Users/isabe/dbwebb-kurser/mvc/me/report/tests/CardGame/GameServiceTest.php" line="46" assertions="2" time="0.014299"/>
        <testcase name="testAdjustMoneyForBet" class="App\Tests\CardGame\GameServiceTest" classname="App.Tests.CardGame.GameServiceTest" file="/mnt/c/Users/isabe/dbwebb-kurser/mvc/me/report/tests/CardGame/GameServiceTest.php" line="57" assertions="3" time="0.000687"/>
        <testcase name="testIsValidBet" class="App\Tests\CardGame\GameServiceTest" classname="App.Tests.CardGame.GameServiceTest" file="/mnt/c/Users/isabe/dbwebb-kurser/mvc/me/report/tests/CardGame/GameServiceTest.php" line="79" assertions="1" time="0.000476"/>
        <testcase name="testIsInvalidBet" class="App\Tests\CardGame\GameServiceTest" classname="App.Tests.CardGame.GameServiceTest" file="/mnt/c/Users/isabe/dbwebb-kurser/mvc/me/report/tests/CardGame/GameServiceTest.php" line="91" assertions="1" time="0.000486"/>
      </testsuite>
      <testsuite name="App\Tests\CardGame\GameStageManagerTest" file="/mnt/c/Users/isabe/dbwebb-kurser/mvc/me/report/tests/CardGame/GameStageManagerTest.php" tests="6" assertions="10" errors="0" warnings="0" failures="0" skipped="0" time="0.014197">
        <testcase name="testInitialStageIsPreFlop" class="App\Tests\CardGame\GameStageManagerTest" classname="App.Tests.CardGame.GameStageManagerTest" file="/mnt/c/Users/isabe/dbwebb-kurser/mvc/me/report/tests/CardGame/GameStageManagerTest.php" line="12" assertions="1" time="0.000286"/>
        <testcase name="testAdvanceStageToFlop" class="App\Tests\CardGame\GameStageManagerTest" classname="App.Tests.CardGame.GameStageManagerTest" file="/mnt/c/Users/isabe/dbwebb-kurser/mvc/me/report/tests/CardGame/GameStageManagerTest.php" line="18" assertions="2" time="0.001085"/>
        <testcase name="testAdvanceStageToTurn" class="App\Tests\CardGame\GameStageManagerTest" classname="App.Tests.CardGame.GameStageManagerTest" file="/mnt/c/Users/isabe/dbwebb-kurser/mvc/me/report/tests/CardGame/GameStageManagerTest.php" line="34" assertions="2" time="0.011223"/>
        <testcase name="testAdvanceStageToRiver" class="App\Tests\CardGame\GameStageManagerTest" classname="App.Tests.CardGame.GameStageManagerTest" file="/mnt/c/Users/isabe/dbwebb-kurser/mvc/me/report/tests/CardGame/GameStageManagerTest.php" line="51" assertions="2" time="0.000724"/>
        <testcase name="testIsFinalStage" class="App\Tests\CardGame\GameStageManagerTest" classname="App.Tests.CardGame.GameStageManagerTest" file="/mnt/c/Users/isabe/dbwebb-kurser/mvc/me/report/tests/CardGame/GameStageManagerTest.php" line="68" assertions="1" time="0.000443"/>
        <testcase name="testResetStage" class="App\Tests\CardGame\GameStageManagerTest" classname="App.Tests.CardGame.GameStageManagerTest" file="/mnt/c/Users/isabe/dbwebb-kurser/mvc/me/report/tests/CardGame/GameStageManagerTest.php" line="81" assertions="2" time="0.000436"/>
      </testsuite>
      <testsuite name="App\Tests\CardGame\GameViewRendererTest" file="/mnt/c/Users/isabe/dbwebb-kurser/mvc/me/report/tests/CardGame/GameViewRendererTest.php" tests="1" assertions="4" errors="0" warnings="0" failures="0" skipped="0" time="0.023914">
        <testcase name="testRenderGameView" class="App\Tests\CardGame\GameViewRendererTest" classname="App.Tests.CardGame.GameViewRendererTest" file="/mnt/c/Users/isabe/dbwebb-kurser/mvc/me/report/tests/CardGame/GameViewRendererTest.php" line="13" assertions="4" time="0.023914"/>
      </testsuite>
      <testsuite name="App\Tests\CardGame\HandEvaluatorTest" file="/mnt/c/Users/isabe/dbwebb-kurser/mvc/me/report/tests/CardGame/HandEvaluatorTest.php" tests="7" assertions="9" errors="0" warnings="0" failures="0" skipped="0" time="0.005032">
        <testcase name="testGetBestHand" class="App\Tests\CardGame\HandEvaluatorTest" classname="App.Tests.CardGame.HandEvaluatorTest" file="/mnt/c/Users/isabe/dbwebb-kurser/mvc/me/report/tests/CardGame/HandEvaluatorTest.php" line="27" assertions="2" time="0.002396"/>
        <testcase name="testCompareHands" class="App\Tests\CardGame\HandEvaluatorTest" classname="App.Tests.CardGame.HandEvaluatorTest" file="/mnt/c/Users/isabe/dbwebb-kurser/mvc/me/report/tests/CardGame/HandEvaluatorTest.php" line="48" assertions="1" time="0.000462"/>
        <testcase name="testCompareHandsWithSameRank" class="App\Tests\CardGame\HandEvaluatorTest" classname="App.Tests.CardGame.HandEvaluatorTest" file="/mnt/c/Users/isabe/dbwebb-kurser/mvc/me/report/tests/CardGame/HandEvaluatorTest.php" line="58" assertions="1" time="0.000426"/>
        <testcase name="testCompareHandsWithIdenticalValues" class="App\Tests\CardGame\HandEvaluatorTest" classname="App.Tests.CardGame.HandEvaluatorTest" file="/mnt/c/Users/isabe/dbwebb-kurser/mvc/me/report/tests/CardGame/HandEvaluatorTest.php" line="68" assertions="1" time="0.000442"/>
        <testcase name="testCombinations" class="App\Tests\CardGame\HandEvaluatorTest" classname="App.Tests.CardGame.HandEvaluatorTest" file="/mnt/c/Users/isabe/dbwebb-kurser/mvc/me/report/tests/CardGame/HandEvaluatorTest.php" line="78" assertions="2" time="0.000509"/>
        <testcase name="testCompareHandValues" class="App\Tests\CardGame\HandEvaluatorTest" classname="App.Tests.CardGame.HandEvaluatorTest" file="/mnt/c/Users/isabe/dbwebb-kurser/mvc/me/report/tests/CardGame/HandEvaluatorTest.php" line="94" assertions="1" time="0.000402"/>
        <testcase name="testCompareHandValuesWithEqualHands" class="App\Tests\CardGame\HandEvaluatorTest" classname="App.Tests.CardGame.HandEvaluatorTest" file="/mnt/c/Users/isabe/dbwebb-kurser/mvc/me/report/tests/CardGame/HandEvaluatorTest.php" line="104" assertions="1" time="0.000395"/>
      </testsuite>
      <testsuite name="App\Tests\CardGame\HandRankingEvaluatorTest" file="/mnt/c/Users/isabe/dbwebb-kurser/mvc/me/report/tests/CardGame/HandRankingEvaluatorTest.php" tests="15" assertions="24" errors="0" warnings="0" failures="0" skipped="0" time="0.007246">
        <testcase name="testEvaluateHandWithFlush" class="App\Tests\CardGame\HandRankingEvaluatorTest" classname="App.Tests.CardGame.HandRankingEvaluatorTest" file="/mnt/c/Users/isabe/dbwebb-kurser/mvc/me/report/tests/CardGame/HandRankingEvaluatorTest.php" line="21" assertions="2" time="0.000466"/>
        <testcase name="testEvaluateHandWithStraight" class="App\Tests\CardGame\HandRankingEvaluatorTest" classname="App.Tests.CardGame.HandRankingEvaluatorTest" file="/mnt/c/Users/isabe/dbwebb-kurser/mvc/me/report/tests/CardGame/HandRankingEvaluatorTest.php" line="37" assertions="2" time="0.000483"/>
        <testcase name="testEvaluateHandWithFullHouse" class="App\Tests\CardGame\HandRankingEvaluatorTest" classname="App.Tests.CardGame.HandRankingEvaluatorTest" file="/mnt/c/Users/isabe/dbwebb-kurser/mvc/me/report/tests/CardGame/HandRankingEvaluatorTest.php" line="53" assertions="2" time="0.000442"/>
        <testcase name="testEvaluateHandWithThreeOfAKind" class="App\Tests\CardGame\HandRankingEvaluatorTest" classname="App.Tests.CardGame.HandRankingEvaluatorTest" file="/mnt/c/Users/isabe/dbwebb-kurser/mvc/me/report/tests/CardGame/HandRankingEvaluatorTest.php" line="69" assertions="2" time="0.000521"/>
        <testcase name="testEvaluateHandWithTwoPair" class="App\Tests\CardGame\HandRankingEvaluatorTest" classname="App.Tests.CardGame.HandRankingEvaluatorTest" file="/mnt/c/Users/isabe/dbwebb-kurser/mvc/me/report/tests/CardGame/HandRankingEvaluatorTest.php" line="85" assertions="2" time="0.000580"/>
        <testcase name="testEvaluateHandWithOnePair" class="App\Tests\CardGame\HandRankingEvaluatorTest" classname="App.Tests.CardGame.HandRankingEvaluatorTest" file="/mnt/c/Users/isabe/dbwebb-kurser/mvc/me/report/tests/CardGame/HandRankingEvaluatorTest.php" line="101" assertions="2" time="0.000623"/>
        <testcase name="testEvaluateHandWithHighCard" class="App\Tests\CardGame\HandRankingEvaluatorTest" classname="App.Tests.CardGame.HandRankingEvaluatorTest" file="/mnt/c/Users/isabe/dbwebb-kurser/mvc/me/report/tests/CardGame/HandRankingEvaluatorTest.php" line="117" assertions="2" time="0.000614"/>
        <testcase name="testIsFlush" class="App\Tests\CardGame\HandRankingEvaluatorTest" classname="App.Tests.CardGame.HandRankingEvaluatorTest" file="/mnt/c/Users/isabe/dbwebb-kurser/mvc/me/report/tests/CardGame/HandRankingEvaluatorTest.php" line="133" assertions="1" time="0.000379"/>
        <testcase name="testIsStraight" class="App\Tests\CardGame\HandRankingEvaluatorTest" classname="App.Tests.CardGame.HandRankingEvaluatorTest" file="/mnt/c/Users/isabe/dbwebb-kurser/mvc/me/report/tests/CardGame/HandRankingEvaluatorTest.php" line="148" assertions="1" time="0.000391"/>
        <testcase name="testIsFullHouse" class="App\Tests\CardGame\HandRankingEvaluatorTest" classname="App.Tests.CardGame.HandRankingEvaluatorTest" file="/mnt/c/Users/isabe/dbwebb-kurser/mvc/me/report/tests/CardGame/HandRankingEvaluatorTest.php" line="163" assertions="1" time="0.000366"/>
        <testcase name="testIsThreeOfAKind" class="App\Tests\CardGame\HandRankingEvaluatorTest" classname="App.Tests.CardGame.HandRankingEvaluatorTest" file="/mnt/c/Users/isabe/dbwebb-kurser/mvc/me/report/tests/CardGame/HandRankingEvaluatorTest.php" line="178" assertions="1" time="0.000365"/>
        <testcase name="testIsTwoPair" class="App\Tests\CardGame\HandRankingEvaluatorTest" classname="App.Tests.CardGame.HandRankingEvaluatorTest" file="/mnt/c/Users/isabe/dbwebb-kurser/mvc/me/report/tests/CardGame/HandRankingEvaluatorTest.php" line="193" assertions="1" time="0.000427"/>
        <testcase name="testIsOnePair" class="App\Tests\CardGame\HandRankingEvaluatorTest" classname="App.Tests.CardGame.HandRankingEvaluatorTest" file="/mnt/c/Users/isabe/dbwebb-kurser/mvc/me/report/tests/CardGame/HandRankingEvaluatorTest.php" line="208" assertions="1" time="0.000390"/>
        <testcase name="testIsHighCard" class="App\Tests\CardGame\HandRankingEvaluatorTest" classname="App.Tests.CardGame.HandRankingEvaluatorTest" file="/mnt/c/Users/isabe/dbwebb-kurser/mvc/me/report/tests/CardGame/HandRankingEvaluatorTest.php" line="223" assertions="2" time="0.000611"/>
        <testcase name="testIsRoyalFlush" class="App\Tests\CardGame\HandRankingEvaluatorTest" classname="App.Tests.CardGame.HandRankingEvaluatorTest" file="/mnt/c/Users/isabe/dbwebb-kurser/mvc/me/report/tests/CardGame/HandRankingEvaluatorTest.php" line="238" assertions="2" time="0.000589"/>
      </testsuite>
      <testsuite name="App\Tests\CardGame\IntelligentComputerTest" file="/mnt/c/Users/isabe/dbwebb-kurser/mvc/me/report/tests/CardGame/IntelligentComputerTest.php" tests="7" assertions="7" errors="0" warnings="0" failures="0" skipped="0" time="0.018969">
        <testcase name="testFoldWhenNoPairOrHighCardAndCurrentBetGreaterThanZero" class="App\Tests\CardGame\IntelligentComputerTest" classname="App.Tests.CardGame.IntelligentComputerTest" file="/mnt/c/Users/isabe/dbwebb-kurser/mvc/me/report/tests/CardGame/IntelligentComputerTest.php" line="19" assertions="1" time="0.001257"/>
        <testcase name="testCheckWhenNoCurrentBet" class="App\Tests\CardGame\IntelligentComputerTest" classname="App.Tests.CardGame.IntelligentComputerTest" file="/mnt/c/Users/isabe/dbwebb-kurser/mvc/me/report/tests/CardGame/IntelligentComputerTest.php" line="39" assertions="1" time="0.001137"/>
        <testcase name="testCallWhenAllInRequiredAndRankIsHigh" class="App\Tests\CardGame\IntelligentComputerTest" classname="App.Tests.CardGame.IntelligentComputerTest" file="/mnt/c/Users/isabe/dbwebb-kurser/mvc/me/report/tests/CardGame/IntelligentComputerTest.php" line="59" assertions="1" time="0.001111"/>
        <testcase name="testFoldWhenAllInRequiredAndRankIsLow" class="App\Tests\CardGame\IntelligentComputerTest" classname="App.Tests.CardGame.IntelligentComputerTest" file="/mnt/c/Users/isabe/dbwebb-kurser/mvc/me/report/tests/CardGame/IntelligentComputerTest.php" line="80" assertions="1" time="0.001100"/>
        <testcase name="testAllInWithStraightFlushOrRoyalFlush" class="App\Tests\CardGame\IntelligentComputerTest" classname="App.Tests.CardGame.IntelligentComputerTest" file="/mnt/c/Users/isabe/dbwebb-kurser/mvc/me/report/tests/CardGame/IntelligentComputerTest.php" line="101" assertions="1" time="0.012243"/>
        <testcase name="testRaiseWithFullHouseOrHigher" class="App\Tests\CardGame\IntelligentComputerTest" classname="App.Tests.CardGame.IntelligentComputerTest" file="/mnt/c/Users/isabe/dbwebb-kurser/mvc/me/report/tests/CardGame/IntelligentComputerTest.php" line="123" assertions="1" time="0.001006"/>
        <testcase name="testCallWithLowBetAndPairOrHigher" class="App\Tests\CardGame\IntelligentComputerTest" classname="App.Tests.CardGame.IntelligentComputerTest" file="/mnt/c/Users/isabe/dbwebb-kurser/mvc/me/report/tests/CardGame/IntelligentComputerTest.php" line="142" assertions="1" time="0.001114"/>
      </testsuite>
      <testsuite name="App\Tests\CardGame\MoneyHandlingTest" file="/mnt/c/Users/isabe/dbwebb-kurser/mvc/me/report/tests/CardGame/MoneyHandlingTest.php" tests="4" assertions="8" errors="0" warnings="0" failures="0" skipped="0" time="0.011118">
        <testcase name="testHandleMoneyPlayerWins" class="App\Tests\CardGame\MoneyHandlingTest" classname="App.Tests.CardGame.MoneyHandlingTest" file="/mnt/c/Users/isabe/dbwebb-kurser/mvc/me/report/tests/CardGame/MoneyHandlingTest.php" line="10" assertions="2" time="0.010170"/>
        <testcase name="testHandleMoneyDealerWins" class="App\Tests\CardGame\MoneyHandlingTest" classname="App.Tests.CardGame.MoneyHandlingTest" file="/mnt/c/Users/isabe/dbwebb-kurser/mvc/me/report/tests/CardGame/MoneyHandlingTest.php" line="24" assertions="2" time="0.000320"/>
        <testcase name="testHandleMoneyTie" class="App\Tests\CardGame\MoneyHandlingTest" classname="App.Tests.CardGame.MoneyHandlingTest" file="/mnt/c/Users/isabe/dbwebb-kurser/mvc/me/report/tests/CardGame/MoneyHandlingTest.php" line="38" assertions="2" time="0.000298"/>
        <testcase name="testHandleMoneyNoChange" class="App\Tests\CardGame\MoneyHandlingTest" classname="App.Tests.CardGame.MoneyHandlingTest" file="/mnt/c/Users/isabe/dbwebb-kurser/mvc/me/report/tests/CardGame/MoneyHandlingTest.php" line="52" assertions="2" time="0.000330"/>
      </testsuite>
      <testsuite name="App\Tests\CardGame\NormalComputerTest" file="/mnt/c/Users/isabe/dbwebb-kurser/mvc/me/report/tests/CardGame/NormalComputerTest.php" tests="4" assertions="4" errors="0" warnings="0" failures="0" skipped="0" time="0.002436">
        <testcase name="testFoldWhenNoPairOrHighCardAndCurrentBetGreaterThanZero" class="App\Tests\CardGame\NormalComputerTest" classname="App.Tests.CardGame.NormalComputerTest" file="/mnt/c/Users/isabe/dbwebb-kurser/mvc/me/report/tests/CardGame/NormalComputerTest.php" line="19" assertions="1" time="0.000610"/>
        <testcase name="testCallWhenPairExistsAndCurrentBetGreaterThanZero" class="App\Tests\CardGame\NormalComputerTest" classname="App.Tests.CardGame.NormalComputerTest" file="/mnt/c/Users/isabe/dbwebb-kurser/mvc/me/report/tests/CardGame/NormalComputerTest.php" line="37" assertions="1" time="0.000673"/>
        <testcase name="testCallWhenHighCardExistsAndCurrentBetGreaterThanZero" class="App\Tests\CardGame\NormalComputerTest" classname="App.Tests.CardGame.NormalComputerTest" file="/mnt/c/Users/isabe/dbwebb-kurser/mvc/me/report/tests/CardGame/NormalComputerTest.php" line="55" assertions="1" time="0.000585"/>
        <testcase name="testCheckWhenNoCurrentBet" class="App\Tests\CardGame\NormalComputerTest" classname="App.Tests.CardGame.NormalComputerTest" file="/mnt/c/Users/isabe/dbwebb-kurser/mvc/me/report/tests/CardGame/NormalComputerTest.php" line="73" assertions="1" time="0.000568"/>
      </testsuite>
      <testsuite name="App\Tests\CardGame\PlayerActionHandlerTest" file="/mnt/c/Users/isabe/dbwebb-kurser/mvc/me/report/tests/CardGame/PlayerActionHandlerTest.php" tests="12" assertions="24" errors="0" warnings="0" failures="0" skipped="0" time="0.015317">
        <testcase name="testProcessActionsInOrder" class="App\Tests\CardGame\PlayerActionHandlerTest" classname="App.Tests.CardGame.PlayerActionHandlerTest" file="/mnt/c/Users/isabe/dbwebb-kurser/mvc/me/report/tests/CardGame/PlayerActionHandlerTest.php" line="43" assertions="4" time="0.001098"/>
        <testcase name="testProcessPlayerActionFold" class="App\Tests\CardGame\PlayerActionHandlerTest" classname="App.Tests.CardGame.PlayerActionHandlerTest" file="/mnt/c/Users/isabe/dbwebb-kurser/mvc/me/report/tests/CardGame/PlayerActionHandlerTest.php" line="67" assertions="2" time="0.000663"/>
        <testcase name="testProcessPlayerActionRaise" class="App\Tests\CardGame\PlayerActionHandlerTest" classname="App.Tests.CardGame.PlayerActionHandlerTest" file="/mnt/c/Users/isabe/dbwebb-kurser/mvc/me/report/tests/CardGame/PlayerActionHandlerTest.php" line="82" assertions="1" time="0.001043"/>
        <testcase name="testHandleRemainingPlayersAfterAllIn" class="App\Tests\CardGame\PlayerActionHandlerTest" classname="App.Tests.CardGame.PlayerActionHandlerTest" file="/mnt/c/Users/isabe/dbwebb-kurser/mvc/me/report/tests/CardGame/PlayerActionHandlerTest.php" line="94" assertions="1" time="0.000772"/>
        <testcase name="testProcessNextPlayerActions" class="App\Tests\CardGame\PlayerActionHandlerTest" classname="App.Tests.CardGame.PlayerActionHandlerTest" file="/mnt/c/Users/isabe/dbwebb-kurser/mvc/me/report/tests/CardGame/PlayerActionHandlerTest.php" line="109" assertions="1" time="0.000870"/>
        <testcase name="testProcessRaiseResponses" class="App\Tests\CardGame\PlayerActionHandlerTest" classname="App.Tests.CardGame.PlayerActionHandlerTest" file="/mnt/c/Users/isabe/dbwebb-kurser/mvc/me/report/tests/CardGame/PlayerActionHandlerTest.php" line="123" assertions="1" time="0.000686"/>
        <testcase name="testNormalizeActionForAllIn" class="App\Tests\CardGame\PlayerActionHandlerTest" classname="App.Tests.CardGame.PlayerActionHandlerTest" file="/mnt/c/Users/isabe/dbwebb-kurser/mvc/me/report/tests/CardGame/PlayerActionHandlerTest.php" line="137" assertions="1" time="0.000676"/>
        <testcase name="testProcessPlayerActionOnlyOneActivePlayer" class="App\Tests\CardGame\PlayerActionHandlerTest" classname="App.Tests.CardGame.PlayerActionHandlerTest" file="/mnt/c/Users/isabe/dbwebb-kurser/mvc/me/report/tests/CardGame/PlayerActionHandlerTest.php" line="161" assertions="2" time="0.001273"/>
        <testcase name="testProcessPlayerActionCallsProcessNextPlayerActions" class="App\Tests\CardGame\PlayerActionHandlerTest" classname="App.Tests.CardGame.PlayerActionHandlerTest" file="/mnt/c/Users/isabe/dbwebb-kurser/mvc/me/report/tests/CardGame/PlayerActionHandlerTest.php" line="175" assertions="2" time="0.001562"/>
        <testcase name="testProcessNextPlayerActionsOnlyOneActivePlayer" class="App\Tests\CardGame\PlayerActionHandlerTest" classname="App.Tests.CardGame.PlayerActionHandlerTest" file="/mnt/c/Users/isabe/dbwebb-kurser/mvc/me/report/tests/CardGame/PlayerActionHandlerTest.php" line="203" assertions="2" time="0.004204"/>
        <testcase name="testProcessActionsInOrderSkipsFoldedPlayer" class="App\Tests\CardGame\PlayerActionHandlerTest" classname="App.Tests.CardGame.PlayerActionHandlerTest" file="/mnt/c/Users/isabe/dbwebb-kurser/mvc/me/report/tests/CardGame/PlayerActionHandlerTest.php" line="256" assertions="3" time="0.001119"/>
        <testcase name="testProcessActionsInOrderHandlesHumanPlayer" class="App\Tests\CardGame\PlayerActionHandlerTest" classname="App.Tests.CardGame.PlayerActionHandlerTest" file="/mnt/c/Users/isabe/dbwebb-kurser/mvc/me/report/tests/CardGame/PlayerActionHandlerTest.php" line="285" assertions="4" time="0.001351"/>
      </testsuite>
      <testsuite name="App\Tests\CardGame\PlayerActionInitTest" file="/mnt/c/Users/isabe/dbwebb-kurser/mvc/me/report/tests/CardGame/PlayerActionInitTest.php" tests="9" assertions="22" errors="0" warnings="0" failures="0" skipped="0" time="0.003851">
        <testcase name="testHandleBlinds" class="App\Tests\CardGame\PlayerActionInitTest" classname="App.Tests.CardGame.PlayerActionInitTest" file="/mnt/c/Users/isabe/dbwebb-kurser/mvc/me/report/tests/CardGame/PlayerActionInitTest.php" line="21" assertions="3" time="0.000752"/>
        <testcase name="testHandleCall" class="App\Tests\CardGame\PlayerActionInitTest" classname="App.Tests.CardGame.PlayerActionInitTest" file="/mnt/c/Users/isabe/dbwebb-kurser/mvc/me/report/tests/CardGame/PlayerActionInitTest.php" line="38" assertions="2" time="0.000477"/>
        <testcase name="testHandleRaise" class="App\Tests\CardGame\PlayerActionInitTest" classname="App.Tests.CardGame.PlayerActionInitTest" file="/mnt/c/Users/isabe/dbwebb-kurser/mvc/me/report/tests/CardGame/PlayerActionInitTest.php" line="51" assertions="3" time="0.000462"/>
        <testcase name="testHandleCheck" class="App\Tests\CardGame\PlayerActionInitTest" classname="App.Tests.CardGame.PlayerActionInitTest" file="/mnt/c/Users/isabe/dbwebb-kurser/mvc/me/report/tests/CardGame/PlayerActionInitTest.php" line="62" assertions="1" time="0.000355"/>
        <testcase name="testHandleAllIn" class="App\Tests\CardGame\PlayerActionInitTest" classname="App.Tests.CardGame.PlayerActionInitTest" file="/mnt/c/Users/isabe/dbwebb-kurser/mvc/me/report/tests/CardGame/PlayerActionInitTest.php" line="71" assertions="3" time="0.000510"/>
        <testcase name="testResetCurrentBet" class="App\Tests\CardGame\PlayerActionInitTest" classname="App.Tests.CardGame.PlayerActionInitTest" file="/mnt/c/Users/isabe/dbwebb-kurser/mvc/me/report/tests/CardGame/PlayerActionInitTest.php" line="82" assertions="1" time="0.000305"/>
        <testcase name="testInitializeRoles" class="App\Tests\CardGame\PlayerActionInitTest" classname="App.Tests.CardGame.PlayerActionInitTest" file="/mnt/c/Users/isabe/dbwebb-kurser/mvc/me/report/tests/CardGame/PlayerActionInitTest.php" line="92" assertions="3" time="0.000325"/>
        <testcase name="testRotateRoles" class="App\Tests\CardGame\PlayerActionInitTest" classname="App.Tests.CardGame.PlayerActionInitTest" file="/mnt/c/Users/isabe/dbwebb-kurser/mvc/me/report/tests/CardGame/PlayerActionInitTest.php" line="105" assertions="3" time="0.000295"/>
        <testcase name="testResetPlayersForNewRound" class="App\Tests\CardGame\PlayerActionInitTest" classname="App.Tests.CardGame.PlayerActionInitTest" file="/mnt/c/Users/isabe/dbwebb-kurser/mvc/me/report/tests/CardGame/PlayerActionInitTest.php" line="118" assertions="3" time="0.000368"/>
      </testsuite>
      <testsuite name="App\Tests\CardGame\PlayerManagerJsonTest" file="/mnt/c/Users/isabe/dbwebb-kurser/mvc/me/report/tests/CardGame/PlayerManagerJsonTest.php" tests="4" assertions="15" errors="0" warnings="0" failures="0" skipped="0" time="0.011396">
        <testcase name="testSetChipsSuccess" class="App\Tests\CardGame\PlayerManagerJsonTest" classname="App.Tests.CardGame.PlayerManagerJsonTest" file="/mnt/c/Users/isabe/dbwebb-kurser/mvc/me/report/tests/CardGame/PlayerManagerJsonTest.php" line="21" assertions="4" time="0.009166"/>
        <testcase name="testSetChipsInvalidPlayerIndex" class="App\Tests\CardGame\PlayerManagerJsonTest" classname="App.Tests.CardGame.PlayerManagerJsonTest" file="/mnt/c/Users/isabe/dbwebb-kurser/mvc/me/report/tests/CardGame/PlayerManagerJsonTest.php" line="40" assertions="3" time="0.000599"/>
        <testcase name="testGetPlayerCardsSuccess" class="App\Tests\CardGame\PlayerManagerJsonTest" classname="App.Tests.CardGame.PlayerManagerJsonTest" file="/mnt/c/Users/isabe/dbwebb-kurser/mvc/me/report/tests/CardGame/PlayerManagerJsonTest.php" line="54" assertions="5" time="0.001035"/>
        <testcase name="testGetPlayerCardsPlayerNotFound" class="App\Tests\CardGame\PlayerManagerJsonTest" classname="App.Tests.CardGame.PlayerManagerJsonTest" file="/mnt/c/Users/isabe/dbwebb-kurser/mvc/me/report/tests/CardGame/PlayerManagerJsonTest.php" line="83" assertions="3" time="0.000596"/>
      </testsuite>
      <testsuite name="App\Tests\CardGame\PlayerTest" file="/mnt/c/Users/isabe/dbwebb-kurser/mvc/me/report/tests/CardGame/PlayerTest.php" tests="9" assertions="17" errors="0" warnings="0" failures="0" skipped="0" time="0.014901">
        <testcase name="testConstructorSetsPropertiesCorrectly" class="App\Tests\CardGame\PlayerTest" classname="App.Tests.CardGame.PlayerTest" file="/mnt/c/Users/isabe/dbwebb-kurser/mvc/me/report/tests/CardGame/PlayerTest.php" line="18" assertions="6" time="0.000343"/>
        <testcase name="testConstructorWithInvalidStrategyLevel" class="App\Tests\CardGame\PlayerTest" classname="App.Tests.CardGame.PlayerTest" file="/mnt/c/Users/isabe/dbwebb-kurser/mvc/me/report/tests/CardGame/PlayerTest.php" line="29" assertions="2" time="0.012326"/>
        <testcase name="testAddCardToHand" class="App\Tests\CardGame\PlayerTest" classname="App.Tests.CardGame.PlayerTest" file="/mnt/c/Users/isabe/dbwebb-kurser/mvc/me/report/tests/CardGame/PlayerTest.php" line="54" assertions="2" time="0.000342"/>
        <testcase name="testResetHand" class="App\Tests\CardGame\PlayerTest" classname="App.Tests.CardGame.PlayerTest" file="/mnt/c/Users/isabe/dbwebb-kurser/mvc/me/report/tests/CardGame/PlayerTest.php" line="65" assertions="1" time="0.000316"/>
        <testcase name="testSetAndGetChips" class="App\Tests\CardGame\PlayerTest" classname="App.Tests.CardGame.PlayerTest" file="/mnt/c/Users/isabe/dbwebb-kurser/mvc/me/report/tests/CardGame/PlayerTest.php" line="76" assertions="1" time="0.000295"/>
        <testcase name="testAddChips" class="App\Tests\CardGame\PlayerTest" classname="App.Tests.CardGame.PlayerTest" file="/mnt/c/Users/isabe/dbwebb-kurser/mvc/me/report/tests/CardGame/PlayerTest.php" line="85" assertions="1" time="0.000304"/>
        <testcase name="testFoldAndUnfold" class="App\Tests\CardGame\PlayerTest" classname="App.Tests.CardGame.PlayerTest" file="/mnt/c/Users/isabe/dbwebb-kurser/mvc/me/report/tests/CardGame/PlayerTest.php" line="94" assertions="2" time="0.000298"/>
        <testcase name="testSetAndGetCurrentBet" class="App\Tests\CardGame\PlayerTest" classname="App.Tests.CardGame.PlayerTest" file="/mnt/c/Users/isabe/dbwebb-kurser/mvc/me/report/tests/CardGame/PlayerTest.php" line="105" assertions="1" time="0.000283"/>
        <testcase name="testMakeDecision" class="App\Tests\CardGame\PlayerTest" classname="App.Tests.CardGame.PlayerTest" file="/mnt/c/Users/isabe/dbwebb-kurser/mvc/me/report/tests/CardGame/PlayerTest.php" line="151" assertions="1" time="0.000395"/>
      </testsuite>
      <testsuite name="App\Tests\CardGame\PotManagerTest" file="/mnt/c/Users/isabe/dbwebb-kurser/mvc/me/report/tests/CardGame/PotManagerTest.php" tests="6" assertions="10" errors="0" warnings="0" failures="0" skipped="0" time="0.003360">
        <testcase name="testAddToPot" class="App\Tests\CardGame\PotManagerTest" classname="App.Tests.CardGame.PotManagerTest" file="/mnt/c/Users/isabe/dbwebb-kurser/mvc/me/report/tests/CardGame/PotManagerTest.php" line="18" assertions="2" time="0.000323"/>
        <testcase name="testResetPot" class="App\Tests\CardGame\PotManagerTest" classname="App.Tests.CardGame.PotManagerTest" file="/mnt/c/Users/isabe/dbwebb-kurser/mvc/me/report/tests/CardGame/PotManagerTest.php" line="27" assertions="1" time="0.000285"/>
        <testcase name="testUpdateAndResetCurrentBet" class="App\Tests\CardGame\PotManagerTest" classname="App.Tests.CardGame.PotManagerTest" file="/mnt/c/Users/isabe/dbwebb-kurser/mvc/me/report/tests/CardGame/PotManagerTest.php" line="34" assertions="2" time="0.000300"/>
        <testcase name="testHaveAllActivePlayersMatchedCurrentBet" class="App\Tests\CardGame\PotManagerTest" classname="App.Tests.CardGame.PotManagerTest" file="/mnt/c/Users/isabe/dbwebb-kurser/mvc/me/report/tests/CardGame/PotManagerTest.php" line="43" assertions="2" time="0.001363"/>
        <testcase name="testDistributeWinningsToPlayer" class="App\Tests\CardGame\PotManagerTest" classname="App.Tests.CardGame.PotManagerTest" file="/mnt/c/Users/isabe/dbwebb-kurser/mvc/me/report/tests/CardGame/PotManagerTest.php" line="84" assertions="1" time="0.000494"/>
        <testcase name="testSplitPotAmongWinners" class="App\Tests\CardGame\PotManagerTest" classname="App.Tests.CardGame.PotManagerTest" file="/mnt/c/Users/isabe/dbwebb-kurser/mvc/me/report/tests/CardGame/PotManagerTest.php" line="94" assertions="2" time="0.000596"/>
      </testsuite>
      <testsuite name="App\Tests\CardGame\TexasHoldemGameTest" file="/mnt/c/Users/isabe/dbwebb-kurser/mvc/me/report/tests/CardGame/TexasHoldemGameTest.php" tests="15" assertions="26" errors="0" warnings="0" failures="0" skipped="0" time="0.029295">
        <testcase name="testAddPlayer" class="App\Tests\CardGame\TexasHoldemGameTest" classname="App.Tests.CardGame.TexasHoldemGameTest" file="/mnt/c/Users/isabe/dbwebb-kurser/mvc/me/report/tests/CardGame/TexasHoldemGameTest.php" line="33" assertions="2" time="0.000775"/>
        <testcase name="testGetHandEvaluator" class="App\Tests\CardGame\TexasHoldemGameTest" classname="App.Tests.CardGame.TexasHoldemGameTest" file="/mnt/c/Users/isabe/dbwebb-kurser/mvc/me/report/tests/CardGame/TexasHoldemGameTest.php" line="42" assertions="2" time="0.001562"/>
        <testcase name="testAdvanceGameStage" class="App\Tests\CardGame\TexasHoldemGameTest" classname="App.Tests.CardGame.TexasHoldemGameTest" file="/mnt/c/Users/isabe/dbwebb-kurser/mvc/me/report/tests/CardGame/TexasHoldemGameTest.php" line="62" assertions="1" time="0.000836"/>
        <testcase name="testDetermineWinnerWithSingleActivePlayer" class="App\Tests\CardGame\TexasHoldemGameTest" classname="App.Tests.CardGame.TexasHoldemGameTest" file="/mnt/c/Users/isabe/dbwebb-kurser/mvc/me/report/tests/CardGame/TexasHoldemGameTest.php" line="72" assertions="2" time="0.001056"/>
        <testcase name="testHandleActionCall" class="App\Tests\CardGame\TexasHoldemGameTest" classname="App.Tests.CardGame.TexasHoldemGameTest" file="/mnt/c/Users/isabe/dbwebb-kurser/mvc/me/report/tests/CardGame/TexasHoldemGameTest.php" line="89" assertions="1" time="0.001352"/>
        <testcase name="testStartNewRound" class="App\Tests\CardGame\TexasHoldemGameTest" classname="App.Tests.CardGame.TexasHoldemGameTest" file="/mnt/c/Users/isabe/dbwebb-kurser/mvc/me/report/tests/CardGame/TexasHoldemGameTest.php" line="105" assertions="3" time="0.001396"/>
        <testcase name="testSetAllInOccurred" class="App\Tests\CardGame\TexasHoldemGameTest" classname="App.Tests.CardGame.TexasHoldemGameTest" file="/mnt/c/Users/isabe/dbwebb-kurser/mvc/me/report/tests/CardGame/TexasHoldemGameTest.php" line="118" assertions="1" time="0.000680"/>
        <testcase name="testProcessPlayerAction" class="App\Tests\CardGame\TexasHoldemGameTest" classname="App.Tests.CardGame.TexasHoldemGameTest" file="/mnt/c/Users/isabe/dbwebb-kurser/mvc/me/report/tests/CardGame/TexasHoldemGameTest.php" line="124" assertions="1" time="0.001126"/>
        <testcase name="testCountActivePlayers" class="App\Tests\CardGame\TexasHoldemGameTest" classname="App.Tests.CardGame.TexasHoldemGameTest" file="/mnt/c/Users/isabe/dbwebb-kurser/mvc/me/report/tests/CardGame/TexasHoldemGameTest.php" line="139" assertions="1" time="0.000981"/>
        <testcase name="testGetMinimumChips" class="App\Tests\CardGame\TexasHoldemGameTest" classname="App.Tests.CardGame.TexasHoldemGameTest" file="/mnt/c/Users/isabe/dbwebb-kurser/mvc/me/report/tests/CardGame/TexasHoldemGameTest.php" line="153" assertions="1" time="0.001226"/>
        <testcase name="testGameOverAfterFinalStage" class="App\Tests\CardGame\TexasHoldemGameTest" classname="App.Tests.CardGame.TexasHoldemGameTest" file="/mnt/c/Users/isabe/dbwebb-kurser/mvc/me/report/tests/CardGame/TexasHoldemGameTest.php" line="169" assertions="3" time="0.002014"/>
        <testcase name="testPlayRound" class="App\Tests\CardGame\TexasHoldemGameTest" classname="App.Tests.CardGame.TexasHoldemGameTest" file="/mnt/c/Users/isabe/dbwebb-kurser/mvc/me/report/tests/CardGame/TexasHoldemGameTest.php" line="186" assertions="1" time="0.012049"/>
        <testcase name="testDetermineWinnerNoWinnersFound" class="App\Tests\CardGame\TexasHoldemGameTest" classname="App.Tests.CardGame.TexasHoldemGameTest" file="/mnt/c/Users/isabe/dbwebb-kurser/mvc/me/report/tests/CardGame/TexasHoldemGameTest.php" line="211" assertions="3" time="0.001287"/>
        <testcase name="testHandleAllIn" class="App\Tests\CardGame\TexasHoldemGameTest" classname="App.Tests.CardGame.TexasHoldemGameTest" file="/mnt/c/Users/isabe/dbwebb-kurser/mvc/me/report/tests/CardGame/TexasHoldemGameTest.php" line="243" assertions="3" time="0.002079"/>
        <testcase name="testHandleRemainingPlayersAfterAllIn" class="App\Tests\CardGame\TexasHoldemGameTest" classname="App.Tests.CardGame.TexasHoldemGameTest" file="/mnt/c/Users/isabe/dbwebb-kurser/mvc/me/report/tests/CardGame/TexasHoldemGameTest.php" line="276" assertions="1" time="0.000876"/>
      </testsuite>
      <testsuite name="App\Tests\CardGame\WinnerEvaluatorTest" file="/mnt/c/Users/isabe/dbwebb-kurser/mvc/me/report/tests/CardGame/WinnerEvaluatorTest.php" tests="3" assertions="5" errors="0" warnings="0" failures="0" skipped="0" time="0.001843">
        <testcase name="testDetermineTie" class="App\Tests\CardGame\WinnerEvaluatorTest" classname="App.Tests.CardGame.WinnerEvaluatorTest" file="/mnt/c/Users/isabe/dbwebb-kurser/mvc/me/report/tests/CardGame/WinnerEvaluatorTest.php" line="54" assertions="3" time="0.000976"/>
        <testcase name="testDetermineWinnerWithEmptyPlayers" class="App\Tests\CardGame\WinnerEvaluatorTest" classname="App.Tests.CardGame.WinnerEvaluatorTest" file="/mnt/c/Users/isabe/dbwebb-kurser/mvc/me/report/tests/CardGame/WinnerEvaluatorTest.php" line="78" assertions="1" time="0.000461"/>
        <testcase name="testGetHandEvaluator" class="App\Tests\CardGame\WinnerEvaluatorTest" classname="App.Tests.CardGame.WinnerEvaluatorTest" file="/mnt/c/Users/isabe/dbwebb-kurser/mvc/me/report/tests/CardGame/WinnerEvaluatorTest.php" line="88" assertions="1" time="0.000405"/>
      </testsuite>
      <testsuite name="App\Tests\Controller\BlackJackControllerTest" file="/mnt/c/Users/isabe/dbwebb-kurser/mvc/me/report/tests/Controller/BlackJackControllerTest.php" tests="12" assertions="49" errors="0" warnings="0" failures="0" skipped="0" time="0.154540">
        <testcase name="testGame" class="App\Tests\Controller\BlackJackControllerTest" classname="App.Tests.Controller.BlackJackControllerTest" file="/mnt/c/Users/isabe/dbwebb-kurser/mvc/me/report/tests/Controller/BlackJackControllerTest.php" line="48" assertions="7" time="0.044020"/>
        <testcase name="testInit" class="App\Tests\Controller\BlackJackControllerTest" classname="App.Tests.Controller.BlackJackControllerTest" file="/mnt/c/Users/isabe/dbwebb-kurser/mvc/me/report/tests/Controller/BlackJackControllerTest.php" line="93" assertions="4" time="0.001071"/>
        <testcase name="testInitCallback" class="App\Tests\Controller\BlackJackControllerTest" classname="App.Tests.Controller.BlackJackControllerTest" file="/mnt/c/Users/isabe/dbwebb-kurser/mvc/me/report/tests/Controller/BlackJackControllerTest.php" line="117" assertions="4" time="0.091948"/>
        <testcase name="testInitCallbackFailed" class="App\Tests\Controller\BlackJackControllerTest" classname="App.Tests.Controller.BlackJackControllerTest" file="/mnt/c/Users/isabe/dbwebb-kurser/mvc/me/report/tests/Controller/BlackJackControllerTest.php" line="146" assertions="4" time="0.001169"/>
        <testcase name="testPlay" class="App\Tests\Controller\BlackJackControllerTest" classname="App.Tests.Controller.BlackJackControllerTest" file="/mnt/c/Users/isabe/dbwebb-kurser/mvc/me/report/tests/Controller/BlackJackControllerTest.php" line="178" assertions="5" time="0.002161"/>
        <testcase name="testStand" class="App\Tests\Controller\BlackJackControllerTest" classname="App.Tests.Controller.BlackJackControllerTest" file="/mnt/c/Users/isabe/dbwebb-kurser/mvc/me/report/tests/Controller/BlackJackControllerTest.php" line="237" assertions="4" time="0.001586"/>
        <testcase name="testHit" class="App\Tests\Controller\BlackJackControllerTest" classname="App.Tests.Controller.BlackJackControllerTest" file="/mnt/c/Users/isabe/dbwebb-kurser/mvc/me/report/tests/Controller/BlackJackControllerTest.php" line="280" assertions="4" time="0.002128"/>
        <testcase name="testDealerHit" class="App\Tests\Controller\BlackJackControllerTest" classname="App.Tests.Controller.BlackJackControllerTest" file="/mnt/c/Users/isabe/dbwebb-kurser/mvc/me/report/tests/Controller/BlackJackControllerTest.php" line="329" assertions="4" time="0.001815"/>
        <testcase name="testEndResult" class="App\Tests\Controller\BlackJackControllerTest" classname="App.Tests.Controller.BlackJackControllerTest" file="/mnt/c/Users/isabe/dbwebb-kurser/mvc/me/report/tests/Controller/BlackJackControllerTest.php" line="377" assertions="4" time="0.003941"/>
        <testcase name="testDoc" class="App\Tests\Controller\BlackJackControllerTest" classname="App.Tests.Controller.BlackJackControllerTest" file="/mnt/c/Users/isabe/dbwebb-kurser/mvc/me/report/tests/Controller/BlackJackControllerTest.php" line="445" assertions="3" time="0.000896"/>
        <testcase name="testPlayWithInvalidBet" class="App\Tests\Controller\BlackJackControllerTest" classname="App.Tests.Controller.BlackJackControllerTest" file="/mnt/c/Users/isabe/dbwebb-kurser/mvc/me/report/tests/Controller/BlackJackControllerTest.php" line="467" assertions="3" time="0.001554"/>
        <testcase name="testRedirectToGameEndResultAfterHit" class="App\Tests\Controller\BlackJackControllerTest" classname="App.Tests.Controller.BlackJackControllerTest" file="/mnt/c/Users/isabe/dbwebb-kurser/mvc/me/report/tests/Controller/BlackJackControllerTest.php" line="497" assertions="3" time="0.002251"/>
      </testsuite>
      <testsuite name="App\Tests\Controller\BlackJackJsonTest" file="/mnt/c/Users/isabe/dbwebb-kurser/mvc/me/report/tests/Controller/BlackJackJsonTest.php" tests="2" assertions="28" errors="0" warnings="0" failures="0" skipped="0" time="0.019602">
        <testcase name="testPlayWithoutGameStarted" class="App\Tests\Controller\BlackJackJsonTest" classname="App.Tests.Controller.BlackJackJsonTest" file="/mnt/c/Users/isabe/dbwebb-kurser/mvc/me/report/tests/Controller/BlackJackJsonTest.php" line="36" assertions="4" time="0.017222"/>
        <testcase name="testPlayWithGameInProgress" class="App\Tests\Controller\BlackJackJsonTest" classname="App.Tests.Controller.BlackJackJsonTest" file="/mnt/c/Users/isabe/dbwebb-kurser/mvc/me/report/tests/Controller/BlackJackJsonTest.php" line="60" assertions="24" time="0.002380"/>
      </testsuite>
      <testsuite name="App\Tests\Controller\CardGameControllerTest" file="/mnt/c/Users/isabe/dbwebb-kurser/mvc/me/report/tests/Controller/CardGameControllerTest.php" tests="13" assertions="42" errors="0" warnings="0" failures="0" skipped="0" time="0.048358">
        <testcase name="testShowSession" class="App\Tests\Controller\CardGameControllerTest" classname="App.Tests.Controller.CardGameControllerTest" file="/mnt/c/Users/isabe/dbwebb-kurser/mvc/me/report/tests/Controller/CardGameControllerTest.php" line="30" assertions="4" time="0.010035"/>
        <testcase name="testDeleteSession" class="App\Tests\Controller\CardGameControllerTest" classname="App.Tests.Controller.CardGameControllerTest" file="/mnt/c/Users/isabe/dbwebb-kurser/mvc/me/report/tests/Controller/CardGameControllerTest.php" line="54" assertions="4" time="0.001384"/>
        <testcase name="testHome" class="App\Tests\Controller\CardGameControllerTest" classname="App.Tests.Controller.CardGameControllerTest" file="/mnt/c/Users/isabe/dbwebb-kurser/mvc/me/report/tests/Controller/CardGameControllerTest.php" line="87" assertions="3" time="0.000802"/>
        <testcase name="testShowDeck" class="App\Tests\Controller\CardGameControllerTest" classname="App.Tests.Controller.CardGameControllerTest" file="/mnt/c/Users/isabe/dbwebb-kurser/mvc/me/report/tests/Controller/CardGameControllerTest.php" line="112" assertions="4" time="0.011617"/>
        <testcase name="testDrawCardWithNoDeckInSession" class="App\Tests\Controller\CardGameControllerTest" classname="App.Tests.Controller.CardGameControllerTest" file="/mnt/c/Users/isabe/dbwebb-kurser/mvc/me/report/tests/Controller/CardGameControllerTest.php" line="205" assertions="3" time="0.001012"/>
        <testcase name="testDrawCardWithEmptyDeck" class="App\Tests\Controller\CardGameControllerTest" classname="App.Tests.Controller.CardGameControllerTest" file="/mnt/c/Users/isabe/dbwebb-kurser/mvc/me/report/tests/Controller/CardGameControllerTest.php" line="234" assertions="3" time="0.001104"/>
        <testcase name="testDrawCardSuccessfully" class="App\Tests\Controller\CardGameControllerTest" classname="App.Tests.Controller.CardGameControllerTest" file="/mnt/c/Users/isabe/dbwebb-kurser/mvc/me/report/tests/Controller/CardGameControllerTest.php" line="267" assertions="3" time="0.001367"/>
        <testcase name="testDrawCardsPost" class="App\Tests\Controller\CardGameControllerTest" classname="App.Tests.Controller.CardGameControllerTest" file="/mnt/c/Users/isabe/dbwebb-kurser/mvc/me/report/tests/Controller/CardGameControllerTest.php" line="307" assertions="3" time="0.001084"/>
        <testcase name="testDrawNumberCardsWithNoDeckInSession" class="App\Tests\Controller\CardGameControllerTest" classname="App.Tests.Controller.CardGameControllerTest" file="/mnt/c/Users/isabe/dbwebb-kurser/mvc/me/report/tests/Controller/CardGameControllerTest.php" line="335" assertions="3" time="0.015816"/>
        <testcase name="testDrawNumberCardsWithEmptyDeck" class="App\Tests\Controller\CardGameControllerTest" classname="App.Tests.Controller.CardGameControllerTest" file="/mnt/c/Users/isabe/dbwebb-kurser/mvc/me/report/tests/Controller/CardGameControllerTest.php" line="363" assertions="3" time="0.001182"/>
        <testcase name="testDealCardsPost" class="App\Tests\Controller\CardGameControllerTest" classname="App.Tests.Controller.CardGameControllerTest" file="/mnt/c/Users/isabe/dbwebb-kurser/mvc/me/report/tests/Controller/CardGameControllerTest.php" line="395" assertions="3" time="0.000862"/>
        <testcase name="testDealCardsGetWithNoDeckInSession" class="App\Tests\Controller\CardGameControllerTest" classname="App.Tests.Controller.CardGameControllerTest" file="/mnt/c/Users/isabe/dbwebb-kurser/mvc/me/report/tests/Controller/CardGameControllerTest.php" line="420" assertions="3" time="0.000997"/>
        <testcase name="testDealCardsGetWithEmptyDeck" class="App\Tests\Controller\CardGameControllerTest" classname="App.Tests.Controller.CardGameControllerTest" file="/mnt/c/Users/isabe/dbwebb-kurser/mvc/me/report/tests/Controller/CardGameControllerTest.php" line="447" assertions="3" time="0.001097"/>
      </testsuite>
      <testsuite name="App\Tests\Controller\GamePlayerControllerTest" file="/mnt/c/Users/isabe/dbwebb-kurser/mvc/me/report/tests/Controller/GamePlayerControllerTest.php" tests="4" assertions="15" errors="0" warnings="0" failures="0" skipped="0" time="0.140566">
        <testcase name="testIndex" class="App\Tests\Controller\GamePlayerControllerTest" classname="App.Tests.Controller.GamePlayerControllerTest" file="/mnt/c/Users/isabe/dbwebb-kurser/mvc/me/report/tests/Controller/GamePlayerControllerTest.php" line="26" assertions="3" time="0.021519"/>
        <testcase name="testShowAllGamePlayers" class="App\Tests\Controller\GamePlayerControllerTest" classname="App.Tests.Controller.GamePlayerControllerTest" file="/mnt/c/Users/isabe/dbwebb-kurser/mvc/me/report/tests/Controller/GamePlayerControllerTest.php" line="47" assertions="4" time="0.106518"/>
        <testcase name="testShowAllScoresWithPlayers" class="App\Tests\Controller\GamePlayerControllerTest" classname="App.Tests.Controller.GamePlayerControllerTest" file="/mnt/c/Users/isabe/dbwebb-kurser/mvc/me/report/tests/Controller/GamePlayerControllerTest.php" line="85" assertions="4" time="0.011817"/>
        <testcase name="testResetPlayerDatabase" class="App\Tests\Controller\GamePlayerControllerTest" classname="App.Tests.Controller.GamePlayerControllerTest" file="/mnt/c/Users/isabe/dbwebb-kurser/mvc/me/report/tests/Controller/GamePlayerControllerTest.php" line="115" assertions="4" time="0.000712"/>
      </testsuite>
      <testsuite name="App\Tests\Controller\LibraryControllerTest" file="/mnt/c/Users/isabe/dbwebb-kurser/mvc/me/report/tests/Controller/LibraryControllerTest.php" tests="10" assertions="32" errors="0" warnings="0" failures="0" skipped="0" time="0.055074">
        <testcase name="testIndex" class="App\Tests\Controller\LibraryControllerTest" classname="App.Tests.Controller.LibraryControllerTest" file="/mnt/c/Users/isabe/dbwebb-kurser/mvc/me/report/tests/Controller/LibraryControllerTest.php" line="31" assertions="3" time="0.025455"/>
        <testcase name="testCreateBookFormRendering" class="App\Tests\Controller\LibraryControllerTest" classname="App.Tests.Controller.LibraryControllerTest" file="/mnt/c/Users/isabe/dbwebb-kurser/mvc/me/report/tests/Controller/LibraryControllerTest.php" line="52" assertions="3" time="0.011457"/>
        <testcase name="testCreateBookWithPost" class="App\Tests\Controller\LibraryControllerTest" classname="App.Tests.Controller.LibraryControllerTest" file="/mnt/c/Users/isabe/dbwebb-kurser/mvc/me/report/tests/Controller/LibraryControllerTest.php" line="81" assertions="1" time="0.000839"/>
        <testcase name="testUpdateBookFormRendering" class="App\Tests\Controller\LibraryControllerTest" classname="App.Tests.Controller.LibraryControllerTest" file="/mnt/c/Users/isabe/dbwebb-kurser/mvc/me/report/tests/Controller/LibraryControllerTest.php" line="103" assertions="4" time="0.011672"/>
        <testcase name="testShowAllBooks" class="App\Tests\Controller\LibraryControllerTest" classname="App.Tests.Controller.LibraryControllerTest" file="/mnt/c/Users/isabe/dbwebb-kurser/mvc/me/report/tests/Controller/LibraryControllerTest.php" line="142" assertions="4" time="0.001060"/>
        <testcase name="testShowBookById" class="App\Tests\Controller\LibraryControllerTest" classname="App.Tests.Controller.LibraryControllerTest" file="/mnt/c/Users/isabe/dbwebb-kurser/mvc/me/report/tests/Controller/LibraryControllerTest.php" line="169" assertions="4" time="0.001062"/>
        <testcase name="testDeleteBookById" class="App\Tests\Controller\LibraryControllerTest" classname="App.Tests.Controller.LibraryControllerTest" file="/mnt/c/Users/isabe/dbwebb-kurser/mvc/me/report/tests/Controller/LibraryControllerTest.php" line="198" assertions="4" time="0.001491"/>
        <testcase name="testGetAllBooks" class="App\Tests\Controller\LibraryControllerTest" classname="App.Tests.Controller.LibraryControllerTest" file="/mnt/c/Users/isabe/dbwebb-kurser/mvc/me/report/tests/Controller/LibraryControllerTest.php" line="231" assertions="3" time="0.000721"/>
        <testcase name="testGetBookByIsbn" class="App\Tests\Controller\LibraryControllerTest" classname="App.Tests.Controller.LibraryControllerTest" file="/mnt/c/Users/isabe/dbwebb-kurser/mvc/me/report/tests/Controller/LibraryControllerTest.php" line="245" assertions="3" time="0.000705"/>
        <testcase name="testResetDatabase" class="App\Tests\Controller\LibraryControllerTest" classname="App.Tests.Controller.LibraryControllerTest" file="/mnt/c/Users/isabe/dbwebb-kurser/mvc/me/report/tests/Controller/LibraryControllerTest.php" line="260" assertions="3" time="0.000611"/>
      </testsuite>
      <testsuite name="App\Tests\Controller\LuckyControllerTest" file="/mnt/c/Users/isabe/dbwebb-kurser/mvc/me/report/tests/Controller/LuckyControllerTest.php" tests="2" assertions="10" errors="0" warnings="0" failures="0" skipped="0" time="0.051860">
        <testcase name="testNumber" class="App\Tests\Controller\LuckyControllerTest" classname="App.Tests.Controller.LuckyControllerTest" file="/mnt/c/Users/isabe/dbwebb-kurser/mvc/me/report/tests/Controller/LuckyControllerTest.php" line="11" assertions="7" time="0.051423"/>
        <testcase name="testHiya" class="App\Tests\Controller\LuckyControllerTest" classname="App.Tests.Controller.LuckyControllerTest" file="/mnt/c/Users/isabe/dbwebb-kurser/mvc/me/report/tests/Controller/LuckyControllerTest.php" line="27" assertions="3" time="0.000437"/>
      </testsuite>
      <testsuite name="App\Tests\Controller\ReportSiteJsonTest" file="/mnt/c/Users/isabe/dbwebb-kurser/mvc/me/report/tests/Controller/ReportSiteJsonTest.php" tests="11" assertions="65" errors="0" warnings="0" failures="0" skipped="0" time="0.032414">
        <testcase name="testJsonNumber" class="App\Tests\Controller\ReportSiteJsonTest" classname="App.Tests.Controller.ReportSiteJsonTest" file="/mnt/c/Users/isabe/dbwebb-kurser/mvc/me/report/tests/Controller/ReportSiteJsonTest.php" line="36" assertions="5" time="0.009646"/>
        <testcase name="testJsonQuote" class="App\Tests\Controller\ReportSiteJsonTest" classname="App.Tests.Controller.ReportSiteJsonTest" file="/mnt/c/Users/isabe/dbwebb-kurser/mvc/me/report/tests/Controller/ReportSiteJsonTest.php" line="49" assertions="5" time="0.000713"/>
        <testcase name="testDrawCardFromEmptyDeck" class="App\Tests\Controller\ReportSiteJsonTest" classname="App.Tests.Controller.ReportSiteJsonTest" file="/mnt/c/Users/isabe/dbwebb-kurser/mvc/me/report/tests/Controller/ReportSiteJsonTest.php" line="62" assertions="5" time="0.000878"/>
        <testcase name="testDrawMultipleCardsFromEmptyDeck" class="App\Tests\Controller\ReportSiteJsonTest" classname="App.Tests.Controller.ReportSiteJsonTest" file="/mnt/c/Users/isabe/dbwebb-kurser/mvc/me/report/tests/Controller/ReportSiteJsonTest.php" line="79" assertions="5" time="0.000800"/>
        <testcase name="testDrawMultipleCardsInvalidNumber" class="App\Tests\Controller\ReportSiteJsonTest" classname="App.Tests.Controller.ReportSiteJsonTest" file="/mnt/c/Users/isabe/dbwebb-kurser/mvc/me/report/tests/Controller/ReportSiteJsonTest.php" line="96" assertions="6" time="0.000764"/>
        <testcase name="testDrawMultipleCardsSuccessfully" class="App\Tests\Controller\ReportSiteJsonTest" classname="App.Tests.Controller.ReportSiteJsonTest" file="/mnt/c/Users/isabe/dbwebb-kurser/mvc/me/report/tests/Controller/ReportSiteJsonTest.php" line="118" assertions="11" time="0.001035"/>
        <testcase name="testGetDeck" class="App\Tests\Controller\ReportSiteJsonTest" classname="App.Tests.Controller.ReportSiteJsonTest" file="/mnt/c/Users/isabe/dbwebb-kurser/mvc/me/report/tests/Controller/ReportSiteJsonTest.php" line="171" assertions="7" time="0.005452"/>
        <testcase name="testShuffleDeck" class="App\Tests\Controller\ReportSiteJsonTest" classname="App.Tests.Controller.ReportSiteJsonTest" file="/mnt/c/Users/isabe/dbwebb-kurser/mvc/me/report/tests/Controller/ReportSiteJsonTest.php" line="193" assertions="4" time="0.009979"/>
        <testcase name="testDrawCard" class="App\Tests\Controller\ReportSiteJsonTest" classname="App.Tests.Controller.ReportSiteJsonTest" file="/mnt/c/Users/isabe/dbwebb-kurser/mvc/me/report/tests/Controller/ReportSiteJsonTest.php" line="216" assertions="6" time="0.001213"/>
        <testcase name="testDealCardsToPlayers" class="App\Tests\Controller\ReportSiteJsonTest" classname="App.Tests.Controller.ReportSiteJsonTest" file="/mnt/c/Users/isabe/dbwebb-kurser/mvc/me/report/tests/Controller/ReportSiteJsonTest.php" line="241" assertions="6" time="0.001105"/>
        <testcase name="testDealCardsToPlayersWithInvalidNumbers" class="App\Tests\Controller\ReportSiteJsonTest" classname="App.Tests.Controller.ReportSiteJsonTest" file="/mnt/c/Users/isabe/dbwebb-kurser/mvc/me/report/tests/Controller/ReportSiteJsonTest.php" line="266" assertions="5" time="0.000829"/>
      </testsuite>
      <testsuite name="App\Tests\Controller\ReportSiteTest" file="/mnt/c/Users/isabe/dbwebb-kurser/mvc/me/report/tests/Controller/ReportSiteTest.php" tests="7" assertions="21" errors="0" warnings="0" failures="0" skipped="0" time="0.014245">
        <testcase name="testNumber" class="App\Tests\Controller\ReportSiteTest" classname="App.Tests.Controller.ReportSiteTest" file="/mnt/c/Users/isabe/dbwebb-kurser/mvc/me/report/tests/Controller/ReportSiteTest.php" line="32" assertions="3" time="0.009926"/>
        <testcase name="testHome" class="App\Tests\Controller\ReportSiteTest" classname="App.Tests.Controller.ReportSiteTest" file="/mnt/c/Users/isabe/dbwebb-kurser/mvc/me/report/tests/Controller/ReportSiteTest.php" line="45" assertions="3" time="0.000820"/>
        <testcase name="testAbout" class="App\Tests\Controller\ReportSiteTest" classname="App.Tests.Controller.ReportSiteTest" file="/mnt/c/Users/isabe/dbwebb-kurser/mvc/me/report/tests/Controller/ReportSiteTest.php" line="58" assertions="3" time="0.000742"/>
        <testcase name="testReport" class="App\Tests\Controller\ReportSiteTest" classname="App.Tests.Controller.ReportSiteTest" file="/mnt/c/Users/isabe/dbwebb-kurser/mvc/me/report/tests/Controller/ReportSiteTest.php" line="71" assertions="3" time="0.000691"/>
        <testcase name="testMetrics" class="App\Tests\Controller\ReportSiteTest" classname="App.Tests.Controller.ReportSiteTest" file="/mnt/c/Users/isabe/dbwebb-kurser/mvc/me/report/tests/Controller/ReportSiteTest.php" line="84" assertions="3" time="0.000717"/>
        <testcase name="testProj" class="App\Tests\Controller\ReportSiteTest" classname="App.Tests.Controller.ReportSiteTest" file="/mnt/c/Users/isabe/dbwebb-kurser/mvc/me/report/tests/Controller/ReportSiteTest.php" line="97" assertions="3" time="0.000654"/>
        <testcase name="testApiHome" class="App\Tests\Controller\ReportSiteTest" classname="App.Tests.Controller.ReportSiteTest" file="/mnt/c/Users/isabe/dbwebb-kurser/mvc/me/report/tests/Controller/ReportSiteTest.php" line="110" assertions="3" time="0.000696"/>
      </testsuite>
      <testsuite name="App\Tests\Controller\TexasHoldemControllerTest" file="/mnt/c/Users/isabe/dbwebb-kurser/mvc/me/report/tests/Controller/TexasHoldemControllerTest.php" tests="16" assertions="38" errors="0" warnings="0" failures="0" skipped="0" time="0.049842">
        <testcase name="testIndex" class="App\Tests\Controller\TexasHoldemControllerTest" classname="App.Tests.Controller.TexasHoldemControllerTest" file="/mnt/c/Users/isabe/dbwebb-kurser/mvc/me/report/tests/Controller/TexasHoldemControllerTest.php" line="67" assertions="2" time="0.031590"/>
        <testcase name="testAbout" class="App\Tests\Controller\TexasHoldemControllerTest" classname="App.Tests.Controller.TexasHoldemControllerTest" file="/mnt/c/Users/isabe/dbwebb-kurser/mvc/me/report/tests/Controller/TexasHoldemControllerTest.php" line="74" assertions="2" time="0.001114"/>
        <testcase name="testDatabase" class="App\Tests\Controller\TexasHoldemControllerTest" classname="App.Tests.Controller.TexasHoldemControllerTest" file="/mnt/c/Users/isabe/dbwebb-kurser/mvc/me/report/tests/Controller/TexasHoldemControllerTest.php" line="81" assertions="2" time="0.000933"/>
        <testcase name="testStartGamePostRequest" class="App\Tests\Controller\TexasHoldemControllerTest" classname="App.Tests.Controller.TexasHoldemControllerTest" file="/mnt/c/Users/isabe/dbwebb-kurser/mvc/me/report/tests/Controller/TexasHoldemControllerTest.php" line="88" assertions="4" time="0.001473"/>
        <testcase name="testStartGameGetRequest" class="App\Tests\Controller\TexasHoldemControllerTest" classname="App.Tests.Controller.TexasHoldemControllerTest" file="/mnt/c/Users/isabe/dbwebb-kurser/mvc/me/report/tests/Controller/TexasHoldemControllerTest.php" line="120" assertions="2" time="0.000941"/>
        <testcase name="testPlayRoundWhenNoGameInSession" class="App\Tests\Controller\TexasHoldemControllerTest" classname="App.Tests.Controller.TexasHoldemControllerTest" file="/mnt/c/Users/isabe/dbwebb-kurser/mvc/me/report/tests/Controller/TexasHoldemControllerTest.php" line="129" assertions="2" time="0.001065"/>
        <testcase name="testPlayRoundWithAllInScenario" class="App\Tests\Controller\TexasHoldemControllerTest" classname="App.Tests.Controller.TexasHoldemControllerTest" file="/mnt/c/Users/isabe/dbwebb-kurser/mvc/me/report/tests/Controller/TexasHoldemControllerTest.php" line="139" assertions="2" time="0.001264"/>
        <testcase name="testSubmitScoreWithValidData" class="App\Tests\Controller\TexasHoldemControllerTest" classname="App.Tests.Controller.TexasHoldemControllerTest" file="/mnt/c/Users/isabe/dbwebb-kurser/mvc/me/report/tests/Controller/TexasHoldemControllerTest.php" line="158" assertions="3" time="0.001473"/>
        <testcase name="testSubmitScoreWithInvalidUsername" class="App\Tests\Controller\TexasHoldemControllerTest" classname="App.Tests.Controller.TexasHoldemControllerTest" file="/mnt/c/Users/isabe/dbwebb-kurser/mvc/me/report/tests/Controller/TexasHoldemControllerTest.php" line="179" assertions="2" time="0.001065"/>
        <testcase name="testSubmitScoreWhenNoGameInSession" class="App\Tests\Controller\TexasHoldemControllerTest" classname="App.Tests.Controller.TexasHoldemControllerTest" file="/mnt/c/Users/isabe/dbwebb-kurser/mvc/me/report/tests/Controller/TexasHoldemControllerTest.php" line="193" assertions="3" time="0.001382"/>
        <testcase name="testStartNewRoundWhenNoGameInSession" class="App\Tests\Controller\TexasHoldemControllerTest" classname="App.Tests.Controller.TexasHoldemControllerTest" file="/mnt/c/Users/isabe/dbwebb-kurser/mvc/me/report/tests/Controller/TexasHoldemControllerTest.php" line="219" assertions="2" time="0.001074"/>
        <testcase name="testStartNewRoundWithGameInSession" class="App\Tests\Controller\TexasHoldemControllerTest" classname="App.Tests.Controller.TexasHoldemControllerTest" file="/mnt/c/Users/isabe/dbwebb-kurser/mvc/me/report/tests/Controller/TexasHoldemControllerTest.php" line="229" assertions="3" time="0.001135"/>
        <testcase name="testApiPage" class="App\Tests\Controller\TexasHoldemControllerTest" classname="App.Tests.Controller.TexasHoldemControllerTest" file="/mnt/c/Users/isabe/dbwebb-kurser/mvc/me/report/tests/Controller/TexasHoldemControllerTest.php" line="241" assertions="2" time="0.000929"/>
        <testcase name="testPlayRoundWithNormalScenario" class="App\Tests\Controller\TexasHoldemControllerTest" classname="App.Tests.Controller.TexasHoldemControllerTest" file="/mnt/c/Users/isabe/dbwebb-kurser/mvc/me/report/tests/Controller/TexasHoldemControllerTest.php" line="248" assertions="2" time="0.001405"/>
        <testcase name="testPlayRoundWithPhaseAdvanced" class="App\Tests\Controller\TexasHoldemControllerTest" classname="App.Tests.Controller.TexasHoldemControllerTest" file="/mnt/c/Users/isabe/dbwebb-kurser/mvc/me/report/tests/Controller/TexasHoldemControllerTest.php" line="275" assertions="3" time="0.001514"/>
        <testcase name="testPlayRoundWithGameOver" class="App\Tests\Controller\TexasHoldemControllerTest" classname="App.Tests.Controller.TexasHoldemControllerTest" file="/mnt/c/Users/isabe/dbwebb-kurser/mvc/me/report/tests/Controller/TexasHoldemControllerTest.php" line="300" assertions="2" time="0.001484"/>
      </testsuite>
      <testsuite name="App\Tests\Controller\TexasHoldemJsonTest" file="/mnt/c/Users/isabe/dbwebb-kurser/mvc/me/report/tests/Controller/TexasHoldemJsonTest.php" tests="11" assertions="79" errors="0" warnings="0" failures="0" skipped="0" time="0.022222">
        <testcase name="testStartNewGame" class="App\Tests\Controller\TexasHoldemJsonTest" classname="App.Tests.Controller.TexasHoldemJsonTest" file="/mnt/c/Users/isabe/dbwebb-kurser/mvc/me/report/tests/Controller/TexasHoldemJsonTest.php" line="51" assertions="7" time="0.011028"/>
        <testcase name="testGetGameStateWithoutGame" class="App\Tests\Controller\TexasHoldemJsonTest" classname="App.Tests.Controller.TexasHoldemJsonTest" file="/mnt/c/Users/isabe/dbwebb-kurser/mvc/me/report/tests/Controller/TexasHoldemJsonTest.php" line="86" assertions="6" time="0.000901"/>
        <testcase name="testGetGameStateWithGame" class="App\Tests\Controller\TexasHoldemJsonTest" classname="App.Tests.Controller.TexasHoldemJsonTest" file="/mnt/c/Users/isabe/dbwebb-kurser/mvc/me/report/tests/Controller/TexasHoldemJsonTest.php" line="105" assertions="8" time="0.001492"/>
        <testcase name="testResetGame" class="App\Tests\Controller\TexasHoldemJsonTest" classname="App.Tests.Controller.TexasHoldemJsonTest" file="/mnt/c/Users/isabe/dbwebb-kurser/mvc/me/report/tests/Controller/TexasHoldemJsonTest.php" line="138" assertions="6" time="0.000784"/>
        <testcase name="testSetChipsForPlayer" class="App\Tests\Controller\TexasHoldemJsonTest" classname="App.Tests.Controller.TexasHoldemJsonTest" file="/mnt/c/Users/isabe/dbwebb-kurser/mvc/me/report/tests/Controller/TexasHoldemJsonTest.php" line="156" assertions="7" time="0.001666"/>
        <testcase name="testSetChipsNoGameFound" class="App\Tests\Controller\TexasHoldemJsonTest" classname="App.Tests.Controller.TexasHoldemJsonTest" file="/mnt/c/Users/isabe/dbwebb-kurser/mvc/me/report/tests/Controller/TexasHoldemJsonTest.php" line="186" assertions="7" time="0.000879"/>
        <testcase name="testGetCommunityCardsWithoutGame" class="App\Tests\Controller\TexasHoldemJsonTest" classname="App.Tests.Controller.TexasHoldemJsonTest" file="/mnt/c/Users/isabe/dbwebb-kurser/mvc/me/report/tests/Controller/TexasHoldemJsonTest.php" line="208" assertions="6" time="0.000842"/>
        <testcase name="testGetCommunityCards" class="App\Tests\Controller\TexasHoldemJsonTest" classname="App.Tests.Controller.TexasHoldemJsonTest" file="/mnt/c/Users/isabe/dbwebb-kurser/mvc/me/report/tests/Controller/TexasHoldemJsonTest.php" line="227" assertions="6" time="0.001421"/>
        <testcase name="testGetPlayerCardsWithoutGame" class="App\Tests\Controller\TexasHoldemJsonTest" classname="App.Tests.Controller.TexasHoldemJsonTest" file="/mnt/c/Users/isabe/dbwebb-kurser/mvc/me/report/tests/Controller/TexasHoldemJsonTest.php" line="263" assertions="6" time="0.000874"/>
        <testcase name="testGetPlayerCardsPlayerNotFound" class="App\Tests\Controller\TexasHoldemJsonTest" classname="App.Tests.Controller.TexasHoldemJsonTest" file="/mnt/c/Users/isabe/dbwebb-kurser/mvc/me/report/tests/Controller/TexasHoldemJsonTest.php" line="281" assertions="9" time="0.001048"/>
        <testcase name="testGetPlayerCardsSuccess" class="App\Tests\Controller\TexasHoldemJsonTest" classname="App.Tests.Controller.TexasHoldemJsonTest" file="/mnt/c/Users/isabe/dbwebb-kurser/mvc/me/report/tests/Controller/TexasHoldemJsonTest.php" line="309" assertions="11" time="0.001285"/>
      </testsuite>
      <testsuite name="App\Dice\DiceTest" file="/mnt/c/Users/isabe/dbwebb-kurser/mvc/me/report/tests/Dice/DiceTest.php" tests="1" assertions="2" errors="0" warnings="0" failures="0" skipped="0" time="0.011982">
        <testcase name="testCreateDice" class="App\Dice\DiceTest" classname="App.Dice.DiceTest" file="/mnt/c/Users/isabe/dbwebb-kurser/mvc/me/report/tests/Dice/DiceTest.php" line="16" assertions="2" time="0.011982"/>
      </testsuite>
      <testsuite name="App\Tests\Entity\GamePlayerTest" file="/mnt/c/Users/isabe/dbwebb-kurser/mvc/me/report/tests/Entity/GamePlayerTest.php" tests="10" assertions="23" errors="0" warnings="0" failures="0" skipped="0" time="0.043761">
        <testcase name="testInitialValues" class="App\Tests\Entity\GamePlayerTest" classname="App.Tests.Entity.GamePlayerTest" file="/mnt/c/Users/isabe/dbwebb-kurser/mvc/me/report/tests/Entity/GamePlayerTest.php" line="14" assertions="5" time="0.029181"/>
        <testcase name="testGetId" class="App\Tests\Entity\GamePlayerTest" classname="App.Tests.Entity.GamePlayerTest" file="/mnt/c/Users/isabe/dbwebb-kurser/mvc/me/report/tests/Entity/GamePlayerTest.php" line="25" assertions="2" time="0.000446"/>
        <testcase name="testGetUsername" class="App\Tests\Entity\GamePlayerTest" classname="App.Tests.Entity.GamePlayerTest" file="/mnt/c/Users/isabe/dbwebb-kurser/mvc/me/report/tests/Entity/GamePlayerTest.php" line="37" assertions="2" time="0.000337"/>
        <testcase name="testSetId" class="App\Tests\Entity\GamePlayerTest" classname="App.Tests.Entity.GamePlayerTest" file="/mnt/c/Users/isabe/dbwebb-kurser/mvc/me/report/tests/Entity/GamePlayerTest.php" line="49" assertions="1" time="0.000321"/>
        <testcase name="testGetAge" class="App\Tests\Entity\GamePlayerTest" classname="App.Tests.Entity.GamePlayerTest" file="/mnt/c/Users/isabe/dbwebb-kurser/mvc/me/report/tests/Entity/GamePlayerTest.php" line="57" assertions="2" time="0.000331"/>
        <testcase name="testGetScores" class="App\Tests\Entity\GamePlayerTest" classname="App.Tests.Entity.GamePlayerTest" file="/mnt/c/Users/isabe/dbwebb-kurser/mvc/me/report/tests/Entity/GamePlayerTest.php" line="70" assertions="4" time="0.011058"/>
        <testcase name="testSetAndGetUsername" class="App\Tests\Entity\GamePlayerTest" classname="App.Tests.Entity.GamePlayerTest" file="/mnt/c/Users/isabe/dbwebb-kurser/mvc/me/report/tests/Entity/GamePlayerTest.php" line="83" assertions="1" time="0.000328"/>
        <testcase name="testSetAndGetAge" class="App\Tests\Entity\GamePlayerTest" classname="App.Tests.Entity.GamePlayerTest" file="/mnt/c/Users/isabe/dbwebb-kurser/mvc/me/report/tests/Entity/GamePlayerTest.php" line="92" assertions="1" time="0.000296"/>
        <testcase name="testGetScoresReturnsCollection" class="App\Tests\Entity\GamePlayerTest" classname="App.Tests.Entity.GamePlayerTest" file="/mnt/c/Users/isabe/dbwebb-kurser/mvc/me/report/tests/Entity/GamePlayerTest.php" line="101" assertions="2" time="0.000316"/>
        <testcase name="testAddScore" class="App\Tests\Entity\GamePlayerTest" classname="App.Tests.Entity.GamePlayerTest" file="/mnt/c/Users/isabe/dbwebb-kurser/mvc/me/report/tests/Entity/GamePlayerTest.php" line="108" assertions="3" time="0.001146"/>
      </testsuite>
      <testsuite name="App\Tests\Entity\ScoresTest" file="/mnt/c/Users/isabe/dbwebb-kurser/mvc/me/report/tests/Entity/ScoresTest.php" tests="5" assertions="10" errors="0" warnings="0" failures="0" skipped="0" time="0.001608">
        <testcase name="testInitialValues" class="App\Tests\Entity\ScoresTest" classname="App.Tests.Entity.ScoresTest" file="/mnt/c/Users/isabe/dbwebb-kurser/mvc/me/report/tests/Entity/ScoresTest.php" line="12" assertions="4" time="0.000312"/>
        <testcase name="testSetAndGetUserId" class="App\Tests\Entity\ScoresTest" classname="App.Tests.Entity.ScoresTest" file="/mnt/c/Users/isabe/dbwebb-kurser/mvc/me/report/tests/Entity/ScoresTest.php" line="22" assertions="1" time="0.000404"/>
        <testcase name="testSetAndGetScore" class="App\Tests\Entity\ScoresTest" classname="App.Tests.Entity.ScoresTest" file="/mnt/c/Users/isabe/dbwebb-kurser/mvc/me/report/tests/Entity/ScoresTest.php" line="32" assertions="1" time="0.000285"/>
        <testcase name="testSetAndGetDate" class="App\Tests\Entity\ScoresTest" classname="App.Tests.Entity.ScoresTest" file="/mnt/c/Users/isabe/dbwebb-kurser/mvc/me/report/tests/Entity/ScoresTest.php" line="42" assertions="1" time="0.000290"/>
        <testcase name="testScoreRelationshipWithGamePlayer" class="App\Tests\Entity\ScoresTest" classname="App.Tests.Entity.ScoresTest" file="/mnt/c/Users/isabe/dbwebb-kurser/mvc/me/report/tests/Entity/ScoresTest.php" line="52" assertions="3" time="0.000318"/>
      </testsuite>
      <testsuite name="App\Entity\LibraryTest" file="/mnt/c/Users/isabe/dbwebb-kurser/mvc/me/report/tests/Library/LibraryTest.php" tests="5" assertions="5" errors="0" warnings="0" failures="0" skipped="0" time="0.001524">
        <testcase name="testSetTitle" class="App\Entity\LibraryTest" classname="App.Entity.LibraryTest" file="/mnt/c/Users/isabe/dbwebb-kurser/mvc/me/report/tests/Library/LibraryTest.php" line="9" assertions="1" time="0.000296"/>
        <testcase name="testSetAndGetAuthor" class="App\Entity\LibraryTest" classname="App.Entity.LibraryTest" file="/mnt/c/Users/isabe/dbwebb-kurser/mvc/me/report/tests/Library/LibraryTest.php" line="16" assertions="1" time="0.000338"/>
        <testcase name="testSetAndGetIsbn" class="App\Entity\LibraryTest" classname="App.Entity.LibraryTest" file="/mnt/c/Users/isabe/dbwebb-kurser/mvc/me/report/tests/Library/LibraryTest.php" line="23" assertions="1" time="0.000300"/>
        <testcase name="testSetAndGetBookimage" class="App\Entity\LibraryTest" classname="App.Entity.LibraryTest" file="/mnt/c/Users/isabe/dbwebb-kurser/mvc/me/report/tests/Library/LibraryTest.php" line="30" assertions="1" time="0.000296"/>
        <testcase name="testSetAndGetDescription" class="App\Entity\LibraryTest" classname="App.Entity.LibraryTest" file="/mnt/c/Users/isabe/dbwebb-kurser/mvc/me/report/tests/Library/LibraryTest.php" line="37" assertions="1" time="0.000294"/>
      </testsuite>
      <testsuite name="App\Tests\Entity\ProductTest" file="/mnt/c/Users/isabe/dbwebb-kurser/mvc/me/report/tests/Library/ProductTest.php" tests="2" assertions="2" errors="0" warnings="0" failures="0" skipped="0" time="0.008748">
        <testcase name="testSetName" class="App\Tests\Entity\ProductTest" classname="App.Tests.Entity.ProductTest" file="/mnt/c/Users/isabe/dbwebb-kurser/mvc/me/report/tests/Library/ProductTest.php" line="10" assertions="1" time="0.008442"/>
        <testcase name="testSetValue" class="App\Tests\Entity\ProductTest" classname="App.Tests.Entity.ProductTest" file="/mnt/c/Users/isabe/dbwebb-kurser/mvc/me/report/tests/Library/ProductTest.php" line="17" assertions="1" time="0.000307"/>
      </testsuite>
      <testsuite name="App\Tests\Service\ApiServiceTest" file="/mnt/c/Users/isabe/dbwebb-kurser/mvc/me/report/tests/Service/ApiServiceTest.php" tests="3" assertions="17" errors="0" warnings="0" failures="0" skipped="0" time="0.003430">
        <testcase name="testGetAllBooks" class="App\Tests\Service\ApiServiceTest" classname="App.Tests.Service.ApiServiceTest" file="/mnt/c/Users/isabe/dbwebb-kurser/mvc/me/report/tests/Service/ApiServiceTest.php" line="24" assertions="6" time="0.001197"/>
        <testcase name="testGetBookByIsbn" class="App\Tests\Service\ApiServiceTest" classname="App.Tests.Service.ApiServiceTest" file="/mnt/c/Users/isabe/dbwebb-kurser/mvc/me/report/tests/Service/ApiServiceTest.php" line="49" assertions="5" time="0.001455"/>
        <testcase name="testGetBookByIsbnNotFound" class="App\Tests\Service\ApiServiceTest" classname="App.Tests.Service.ApiServiceTest" file="/mnt/c/Users/isabe/dbwebb-kurser/mvc/me/report/tests/Service/ApiServiceTest.php" line="74" assertions="6" time="0.000778"/>
      </testsuite>
      <testsuite name="App\Tests\Service\DatabaseResetServiceTest" file="/mnt/c/Users/isabe/dbwebb-kurser/mvc/me/report/tests/Service/DatabaseResetServiceTest.php" tests="1" assertions="3" errors="0" warnings="0" failures="0" skipped="0" time="0.000862">
        <testcase name="testResetDatabase" class="App\Tests\Service\DatabaseResetServiceTest" classname="App.Tests.Service.DatabaseResetServiceTest" file="/mnt/c/Users/isabe/dbwebb-kurser/mvc/me/report/tests/Service/DatabaseResetServiceTest.php" line="24" assertions="3" time="0.000862"/>
      </testsuite>
      <testsuite name="App\Tests\Service\GameHandlerServiceTest" file="/mnt/c/Users/isabe/dbwebb-kurser/mvc/me/report/tests/Service/GameHandlerServiceTest.php" tests="9" assertions="10" errors="0" warnings="0" failures="0" skipped="0" time="0.006886">
        <testcase name="testHandleAllInScenarioWhenAllInOccurs" class="App\Tests\Service\GameHandlerServiceTest" classname="App.Tests.Service.GameHandlerServiceTest" file="/mnt/c/Users/isabe/dbwebb-kurser/mvc/me/report/tests/Service/GameHandlerServiceTest.php" line="51" assertions="1" time="0.000779"/>
        <testcase name="testHandleAllInScenarioWhenNoAllInOccurs" class="App\Tests\Service\GameHandlerServiceTest" classname="App.Tests.Service.GameHandlerServiceTest" file="/mnt/c/Users/isabe/dbwebb-kurser/mvc/me/report/tests/Service/GameHandlerServiceTest.php" line="64" assertions="1" time="0.000633"/>
        <testcase name="testAdvancePhaseIfNeededWhenPhaseAdvanced" class="App\Tests\Service\GameHandlerServiceTest" classname="App.Tests.Service.GameHandlerServiceTest" file="/mnt/c/Users/isabe/dbwebb-kurser/mvc/me/report/tests/Service/GameHandlerServiceTest.php" line="75" assertions="1" time="0.000974"/>
        <testcase name="testAdvancePhaseIfNeededWhenGameOver" class="App\Tests\Service\GameHandlerServiceTest" classname="App.Tests.Service.GameHandlerServiceTest" file="/mnt/c/Users/isabe/dbwebb-kurser/mvc/me/report/tests/Service/GameHandlerServiceTest.php" line="90" assertions="1" time="0.001007"/>
        <testcase name="testAdvancePhaseIfNeededWhenNoPhaseAdvanceNeeded" class="App\Tests\Service\GameHandlerServiceTest" classname="App.Tests.Service.GameHandlerServiceTest" file="/mnt/c/Users/isabe/dbwebb-kurser/mvc/me/report/tests/Service/GameHandlerServiceTest.php" line="105" assertions="1" time="0.000552"/>
        <testcase name="testHandleGameStatusWhenGameOver" class="App\Tests\Service\GameHandlerServiceTest" classname="App.Tests.Service.GameHandlerServiceTest" file="/mnt/c/Users/isabe/dbwebb-kurser/mvc/me/report/tests/Service/GameHandlerServiceTest.php" line="113" assertions="1" time="0.000848"/>
        <testcase name="testHandleGameStatusWhenPhaseAdvanced" class="App\Tests\Service\GameHandlerServiceTest" classname="App.Tests.Service.GameHandlerServiceTest" file="/mnt/c/Users/isabe/dbwebb-kurser/mvc/me/report/tests/Service/GameHandlerServiceTest.php" line="123" assertions="2" time="0.000687"/>
        <testcase name="testHandleGameStatusWhenStatusIsNull" class="App\Tests\Service\GameHandlerServiceTest" classname="App.Tests.Service.GameHandlerServiceTest" file="/mnt/c/Users/isabe/dbwebb-kurser/mvc/me/report/tests/Service/GameHandlerServiceTest.php" line="132" assertions="1" time="0.000763"/>
        <testcase name="testRenderGameView" class="App\Tests\Service\GameHandlerServiceTest" classname="App.Tests.Service.GameHandlerServiceTest" file="/mnt/c/Users/isabe/dbwebb-kurser/mvc/me/report/tests/Service/GameHandlerServiceTest.php" line="142" assertions="1" time="0.000644"/>
      </testsuite>
      <testsuite name="App\Tests\Service\GameInitializerTest" file="/mnt/c/Users/isabe/dbwebb-kurser/mvc/me/report/tests/Service/GameInitializerTest.php" tests="2" assertions="6" errors="0" warnings="0" failures="0" skipped="0" time="0.002591">
        <testcase name="testInitializeGame" class="App\Tests\Service\GameInitializerTest" classname="App.Tests.Service.GameInitializerTest" file="/mnt/c/Users/isabe/dbwebb-kurser/mvc/me/report/tests/Service/GameInitializerTest.php" line="26" assertions="5" time="0.001403"/>
        <testcase name="testSaveGameToSession" class="App\Tests\Service\GameInitializerTest" classname="App.Tests.Service.GameInitializerTest" file="/mnt/c/Users/isabe/dbwebb-kurser/mvc/me/report/tests/Service/GameInitializerTest.php" line="39" assertions="1" time="0.001188"/>
      </testsuite>
      <testsuite name="App\Tests\Service\PlayerScoreResetServiceTest" file="/mnt/c/Users/isabe/dbwebb-kurser/mvc/me/report/tests/Service/PlayerScoreResetServiceTest.php" tests="2" assertions="9" errors="0" warnings="0" failures="0" skipped="0" time="0.038261">
        <testcase name="testResetPlayerDataSuccess" class="App\Tests\Service\PlayerScoreResetServiceTest" classname="App.Tests.Service.PlayerScoreResetServiceTest" file="/mnt/c/Users/isabe/dbwebb-kurser/mvc/me/report/tests/Service/PlayerScoreResetServiceTest.php" line="47" assertions="5" time="0.025855"/>
        <testcase name="testResetPlayerDataFailure" class="App\Tests\Service\PlayerScoreResetServiceTest" classname="App.Tests.Service.PlayerScoreResetServiceTest" file="/mnt/c/Users/isabe/dbwebb-kurser/mvc/me/report/tests/Service/PlayerScoreResetServiceTest.php" line="61" assertions="4" time="0.012406"/>
      </testsuite>
      <testsuite name="App\Tests\Service\ScoreServiceTest" file="/mnt/c/Users/isabe/dbwebb-kurser/mvc/me/report/tests/Service/ScoreServiceTest.php" tests="2" assertions="5" errors="0" warnings="0" failures="0" skipped="0" time="0.023403">
        <testcase name="testSubmitScoreSuccessfully" class="App\Tests\Service\ScoreServiceTest" classname="App.Tests.Service.ScoreServiceTest" file="/mnt/c/Users/isabe/dbwebb-kurser/mvc/me/report/tests/Service/ScoreServiceTest.php" line="36" assertions="3" time="0.022552"/>
        <testcase name="testSubmitScoreFailure" class="App\Tests\Service\ScoreServiceTest" classname="App.Tests.Service.ScoreServiceTest" file="/mnt/c/Users/isabe/dbwebb-kurser/mvc/me/report/tests/Service/ScoreServiceTest.php" line="47" assertions="2" time="0.000851"/>
      </testsuite>
    </testsuite>
  </testsuite>
</testsuites>
