<?xml version="1.0" encoding="UTF-8"?>
<testsuites>
  <testsuite name="" tests="287" assertions="1035" errors="0" warnings="0" failures="0" skipped="0" time="2.803666">
    <testsuite name="Project Test Suite" tests="287" assertions="1035" errors="0" warnings="0" failures="0" skipped="0" time="2.803666">
      <testsuite name="App\Tests\Card\CardGraphicTest" file="/mnt/c/Users/isabe/dbwebb-kurser/mvc/me/report/tests/Card/CardGraphicTest.php" tests="5" assertions="6" errors="0" warnings="0" failures="0" skipped="0" time="0.136213">
        <testcase name="testCardGraphicConstructor" class="App\Tests\Card\CardGraphicTest" classname="App.Tests.Card.CardGraphicTest" file="/mnt/c/Users/isabe/dbwebb-kurser/mvc/me/report/tests/Card/CardGraphicTest.php" line="11" assertions="2" time="0.110281"/>
        <testcase name="testGetAsStringHeartsAce" class="App\Tests\Card\CardGraphicTest" classname="App.Tests.Card.CardGraphicTest" file="/mnt/c/Users/isabe/dbwebb-kurser/mvc/me/report/tests/Card/CardGraphicTest.php" line="18" assertions="1" time="0.000300"/>
        <testcase name="testGetAsStringDiamondsQueen" class="App\Tests\Card\CardGraphicTest" classname="App.Tests.Card.CardGraphicTest" file="/mnt/c/Users/isabe/dbwebb-kurser/mvc/me/report/tests/Card/CardGraphicTest.php" line="25" assertions="1" time="0.000279"/>
        <testcase name="testGetAsStringSpadesKing" class="App\Tests\Card\CardGraphicTest" classname="App.Tests.Card.CardGraphicTest" file="/mnt/c/Users/isabe/dbwebb-kurser/mvc/me/report/tests/Card/CardGraphicTest.php" line="32" assertions="1" time="0.000326"/>
        <testcase name="testGetAsStringOutOfBounds" class="App\Tests\Card\CardGraphicTest" classname="App.Tests.Card.CardGraphicTest" file="/mnt/c/Users/isabe/dbwebb-kurser/mvc/me/report/tests/Card/CardGraphicTest.php" line="39" assertions="1" time="0.025027"/>
      </testsuite>
      <testsuite name="App\Tests\Card\CardHandTest" file="/mnt/c/Users/isabe/dbwebb-kurser/mvc/me/report/tests/Card/CardHandTest.php" tests="6" assertions="17" errors="0" warnings="0" failures="0" skipped="0" time="0.026292">
        <testcase name="testAddCard" class="App\Tests\Card\CardHandTest" classname="App.Tests.Card.CardHandTest" file="/mnt/c/Users/isabe/dbwebb-kurser/mvc/me/report/tests/Card/CardHandTest.php" line="11" assertions="2" time="0.024049"/>
        <testcase name="testGetHand" class="App\Tests\Card\CardHandTest" classname="App.Tests.Card.CardHandTest" file="/mnt/c/Users/isabe/dbwebb-kurser/mvc/me/report/tests/Card/CardHandTest.php" line="21" assertions="2" time="0.000355"/>
        <testcase name="testDrawMultipleCards" class="App\Tests\Card\CardHandTest" classname="App.Tests.Card.CardHandTest" file="/mnt/c/Users/isabe/dbwebb-kurser/mvc/me/report/tests/Card/CardHandTest.php" line="34" assertions="3" time="0.000414"/>
        <testcase name="testDrawMultipleCardsWhenDeckIsEmpty" class="App\Tests\Card\CardHandTest" classname="App.Tests.Card.CardHandTest" file="/mnt/c/Users/isabe/dbwebb-kurser/mvc/me/report/tests/Card/CardHandTest.php" line="46" assertions="2" time="0.000307"/>
        <testcase name="testDealCardsToPlayers" class="App\Tests\Card\CardHandTest" classname="App.Tests.Card.CardHandTest" file="/mnt/c/Users/isabe/dbwebb-kurser/mvc/me/report/tests/Card/CardHandTest.php" line="57" assertions="4" time="0.000834"/>
        <testcase name="testDealCardsToPlayersWithNotEnoughCards" class="App\Tests\Card\CardHandTest" classname="App.Tests.Card.CardHandTest" file="/mnt/c/Users/isabe/dbwebb-kurser/mvc/me/report/tests/Card/CardHandTest.php" line="76" assertions="4" time="0.000334"/>
      </testsuite>
      <testsuite name="App\Tests\Card\CardTest" file="/mnt/c/Users/isabe/dbwebb-kurser/mvc/me/report/tests/Card/CardTest.php" tests="5" assertions="6" errors="0" warnings="0" failures="0" skipped="0" time="0.001542">
        <testcase name="testCardConstructor" class="App\Tests\Card\CardTest" classname="App.Tests.Card.CardTest" file="/mnt/c/Users/isabe/dbwebb-kurser/mvc/me/report/tests/Card/CardTest.php" line="10" assertions="2" time="0.000288"/>
        <testcase name="testGetValue" class="App\Tests\Card\CardTest" classname="App.Tests.Card.CardTest" file="/mnt/c/Users/isabe/dbwebb-kurser/mvc/me/report/tests/Card/CardTest.php" line="17" assertions="1" time="0.000278"/>
        <testcase name="testGetAsString" class="App\Tests\Card\CardTest" classname="App.Tests.Card.CardTest" file="/mnt/c/Users/isabe/dbwebb-kurser/mvc/me/report/tests/Card/CardTest.php" line="23" assertions="1" time="0.000280"/>
        <testcase name="testGetForAPIWithHeartsAce" class="App\Tests\Card\CardTest" classname="App.Tests.Card.CardTest" file="/mnt/c/Users/isabe/dbwebb-kurser/mvc/me/report/tests/Card/CardTest.php" line="29" assertions="1" time="0.000288"/>
        <testcase name="testGetForAPIWithSpadesKing" class="App\Tests\Card\CardTest" classname="App.Tests.Card.CardTest" file="/mnt/c/Users/isabe/dbwebb-kurser/mvc/me/report/tests/Card/CardTest.php" line="36" assertions="1" time="0.000408"/>
      </testsuite>
      <testsuite name="App\Tests\Card\DeckOfCardsTest" file="/mnt/c/Users/isabe/dbwebb-kurser/mvc/me/report/tests/Card/DeckOfCardsTest.php" tests="4" assertions="56" errors="0" warnings="0" failures="0" skipped="0" time="0.009362">
        <testcase name="testDeckConstructor" class="App\Tests\Card\DeckOfCardsTest" classname="App.Tests.Card.DeckOfCardsTest" file="/mnt/c/Users/isabe/dbwebb-kurser/mvc/me/report/tests/Card/DeckOfCardsTest.php" line="11" assertions="2" time="0.007756"/>
        <testcase name="testDeckContainsUniqueCards" class="App\Tests\Card\DeckOfCardsTest" classname="App.Tests.Card.DeckOfCardsTest" file="/mnt/c/Users/isabe/dbwebb-kurser/mvc/me/report/tests/Card/DeckOfCardsTest.php" line="23" assertions="1" time="0.000508"/>
        <testcase name="testDeckHasCorrectCardValues" class="App\Tests\Card\DeckOfCardsTest" classname="App.Tests.Card.DeckOfCardsTest" file="/mnt/c/Users/isabe/dbwebb-kurser/mvc/me/report/tests/Card/DeckOfCardsTest.php" line="35" assertions="1" time="0.000489"/>
        <testcase name="testGetCardsReturnsArrayOfCardObjects" class="App\Tests\Card\DeckOfCardsTest" classname="App.Tests.Card.DeckOfCardsTest" file="/mnt/c/Users/isabe/dbwebb-kurser/mvc/me/report/tests/Card/DeckOfCardsTest.php" line="48" assertions="52" time="0.000609"/>
      </testsuite>
      <testsuite name="App\Tests\CardGame\BankTest" file="/mnt/c/Users/isabe/dbwebb-kurser/mvc/me/report/tests/CardGame/BankTest.php" tests="5" assertions="11" errors="0" warnings="0" failures="0" skipped="0" time="0.041198">
        <testcase name="testPlaceBetIncreasesPlayerBetAndPot" class="App\Tests\CardGame\BankTest" classname="App.Tests.CardGame.BankTest" file="/mnt/c/Users/isabe/dbwebb-kurser/mvc/me/report/tests/CardGame/BankTest.php" line="11" assertions="2" time="0.039896"/>
        <testcase name="testPlaceMultipleBetsIncreasesPlayerBetAndPot" class="App\Tests\CardGame\BankTest" classname="App.Tests.CardGame.BankTest" file="/mnt/c/Users/isabe/dbwebb-kurser/mvc/me/report/tests/CardGame/BankTest.php" line="22" assertions="2" time="0.000360"/>
        <testcase name="testPlaceBetFromMultiplePlayersIncreasesPot" class="App\Tests\CardGame\BankTest" classname="App.Tests.CardGame.BankTest" file="/mnt/c/Users/isabe/dbwebb-kurser/mvc/me/report/tests/CardGame/BankTest.php" line="34" assertions="3" time="0.000326"/>
        <testcase name="testGetPlayerBetReturnsZeroIfNoBetPlaced" class="App\Tests\CardGame\BankTest" classname="App.Tests.CardGame.BankTest" file="/mnt/c/Users/isabe/dbwebb-kurser/mvc/me/report/tests/CardGame/BankTest.php" line="48" assertions="1" time="0.000292"/>
        <testcase name="testResetBetsClearsAllBetsButNotPot" class="App\Tests\CardGame\BankTest" classname="App.Tests.CardGame.BankTest" file="/mnt/c/Users/isabe/dbwebb-kurser/mvc/me/report/tests/CardGame/BankTest.php" line="56" assertions="3" time="0.000324"/>
      </testsuite>
      <testsuite name="App\Tests\CardGame\CardGraphicTest" file="/mnt/c/Users/isabe/dbwebb-kurser/mvc/me/report/tests/CardGame/CardGraphicTest.php" tests="2" assertions="2" errors="0" warnings="0" failures="0" skipped="0" time="0.015911">
        <testcase name="testGetAsString" class="App\Tests\CardGame\CardGraphicTest" classname="App.Tests.CardGame.CardGraphicTest" file="/mnt/c/Users/isabe/dbwebb-kurser/mvc/me/report/tests/CardGame/CardGraphicTest.php" line="10" assertions="1" time="0.015578"/>
        <testcase name="testGetUnturned" class="App\Tests\CardGame\CardGraphicTest" classname="App.Tests.CardGame.CardGraphicTest" file="/mnt/c/Users/isabe/dbwebb-kurser/mvc/me/report/tests/CardGame/CardGraphicTest.php" line="16" assertions="1" time="0.000333"/>
      </testsuite>
      <testsuite name="App\Tests\CardGame\CardHandTest" file="/mnt/c/Users/isabe/dbwebb-kurser/mvc/me/report/tests/CardGame/CardHandTest.php" tests="10" assertions="17" errors="0" warnings="0" failures="0" skipped="0" time="0.027185">
        <testcase name="testAddCardAndGetCards" class="App\Tests\CardGame\CardHandTest" classname="App.Tests.CardGame.CardHandTest" file="/mnt/c/Users/isabe/dbwebb-kurser/mvc/me/report/tests/CardGame/CardHandTest.php" line="11" assertions="1" time="0.010513"/>
        <testcase name="testCalculateTotal" class="App\Tests\CardGame\CardHandTest" classname="App.Tests.CardGame.CardHandTest" file="/mnt/c/Users/isabe/dbwebb-kurser/mvc/me/report/tests/CardGame/CardHandTest.php" line="23" assertions="2" time="0.000365"/>
        <testcase name="testCalculateTotalWithAce" class="App\Tests\CardGame\CardHandTest" classname="App.Tests.CardGame.CardHandTest" file="/mnt/c/Users/isabe/dbwebb-kurser/mvc/me/report/tests/CardGame/CardHandTest.php" line="39" assertions="2" time="0.000348"/>
        <testcase name="testCalculateTotalWithAceAsEleven" class="App\Tests\CardGame\CardHandTest" classname="App.Tests.CardGame.CardHandTest" file="/mnt/c/Users/isabe/dbwebb-kurser/mvc/me/report/tests/CardGame/CardHandTest.php" line="55" assertions="2" time="0.000354"/>
        <testcase name="testCalculateTotalWithFaceCards" class="App\Tests\CardGame\CardHandTest" classname="App.Tests.CardGame.CardHandTest" file="/mnt/c/Users/isabe/dbwebb-kurser/mvc/me/report/tests/CardGame/CardHandTest.php" line="68" assertions="2" time="0.000619"/>
        <testcase name="testCalculateTotalDealer" class="App\Tests\CardGame\CardHandTest" classname="App.Tests.CardGame.CardHandTest" file="/mnt/c/Users/isabe/dbwebb-kurser/mvc/me/report/tests/CardGame/CardHandTest.php" line="80" assertions="1" time="0.000349"/>
        <testcase name="testCalculateTotalWithAceHighAdjustment" class="App\Tests\CardGame\CardHandTest" classname="App.Tests.CardGame.CardHandTest" file="/mnt/c/Users/isabe/dbwebb-kurser/mvc/me/report/tests/CardGame/CardHandTest.php" line="96" assertions="2" time="0.000418"/>
        <testcase name="testCalculateTotalDealerWithAce" class="App\Tests\CardGame\CardHandTest" classname="App.Tests.CardGame.CardHandTest" file="/mnt/c/Users/isabe/dbwebb-kurser/mvc/me/report/tests/CardGame/CardHandTest.php" line="114" assertions="1" time="0.000317"/>
        <testcase name="testCalculateTotalDealerWithFaceCard" class="App\Tests\CardGame\CardHandTest" classname="App.Tests.CardGame.CardHandTest" file="/mnt/c/Users/isabe/dbwebb-kurser/mvc/me/report/tests/CardGame/CardHandTest.php" line="125" assertions="1" time="0.000315"/>
        <testcase name="testDealCards" class="App\Tests\CardGame\CardHandTest" classname="App.Tests.CardGame.CardHandTest" file="/mnt/c/Users/isabe/dbwebb-kurser/mvc/me/report/tests/CardGame/CardHandTest.php" line="136" assertions="3" time="0.013587"/>
      </testsuite>
      <testsuite name="App\Tests\CardGame\CardTest" file="/mnt/c/Users/isabe/dbwebb-kurser/mvc/me/report/tests/CardGame/CardTest.php" tests="4" assertions="7" errors="0" warnings="0" failures="0" skipped="0" time="0.001192">
        <testcase name="testGetValue" class="App\Tests\CardGame\CardTest" classname="App.Tests.CardGame.CardTest" file="/mnt/c/Users/isabe/dbwebb-kurser/mvc/me/report/tests/CardGame/CardTest.php" line="10" assertions="1" time="0.000287"/>
        <testcase name="testGetCardName" class="App\Tests\CardGame\CardTest" classname="App.Tests.CardGame.CardTest" file="/mnt/c/Users/isabe/dbwebb-kurser/mvc/me/report/tests/CardGame/CardTest.php" line="16" assertions="4" time="0.000342"/>
        <testcase name="testGetSuit" class="App\Tests\CardGame\CardTest" classname="App.Tests.CardGame.CardTest" file="/mnt/c/Users/isabe/dbwebb-kurser/mvc/me/report/tests/CardGame/CardTest.php" line="28" assertions="1" time="0.000280"/>
        <testcase name="testGetCardNameDefault" class="App\Tests\CardGame\CardTest" classname="App.Tests.CardGame.CardTest" file="/mnt/c/Users/isabe/dbwebb-kurser/mvc/me/report/tests/CardGame/CardTest.php" line="33" assertions="1" time="0.000283"/>
      </testsuite>
      <testsuite name="App\Tests\CardGame\CommunityCardManagerTest" file="/mnt/c/Users/isabe/dbwebb-kurser/mvc/me/report/tests/CardGame/CommunityCardManagerTest.php" tests="4" assertions="15" errors="0" warnings="0" failures="0" skipped="0" time="0.370825">
        <testcase name="testDealCommunityCardsAddsCardsToCommunity" class="App\Tests\CardGame\CommunityCardManagerTest" classname="App.Tests.CardGame.CommunityCardManagerTest" file="/mnt/c/Users/isabe/dbwebb-kurser/mvc/me/report/tests/CardGame/CommunityCardManagerTest.php" line="13" assertions="10" time="0.310930"/>
        <testcase name="testGetCommunityCardsReturnsEmptyArrayWhenNoCardsDealt" class="App\Tests\CardGame\CommunityCardManagerTest" classname="App.Tests.CardGame.CommunityCardManagerTest" file="/mnt/c/Users/isabe/dbwebb-kurser/mvc/me/report/tests/CardGame/CommunityCardManagerTest.php" line="30" assertions="1" time="0.012456"/>
        <testcase name="testResetCommunityCardsClearsCommunityCards" class="App\Tests\CardGame\CommunityCardManagerTest" classname="App.Tests.CardGame.CommunityCardManagerTest" file="/mnt/c/Users/isabe/dbwebb-kurser/mvc/me/report/tests/CardGame/CommunityCardManagerTest.php" line="38" assertions="2" time="0.000560"/>
        <testcase name="testDealInitialCardsAddsCardsToPlayerHands" class="App\Tests\CardGame\CommunityCardManagerTest" classname="App.Tests.CardGame.CommunityCardManagerTest" file="/mnt/c/Users/isabe/dbwebb-kurser/mvc/me/report/tests/CardGame/CommunityCardManagerTest.php" line="53" assertions="2" time="0.046879"/>
      </testsuite>
      <testsuite name="App\Tests\CardGame\DeckOfCardsTest" file="/mnt/c/Users/isabe/dbwebb-kurser/mvc/me/report/tests/CardGame/DeckOfCardsTest.php" tests="1" assertions="1" errors="0" warnings="0" failures="0" skipped="0" time="0.009157">
        <testcase name="testGetDeck" class="App\Tests\CardGame\DeckOfCardsTest" classname="App.Tests.CardGame.DeckOfCardsTest" file="/mnt/c/Users/isabe/dbwebb-kurser/mvc/me/report/tests/CardGame/DeckOfCardsTest.php" line="10" assertions="1" time="0.009157"/>
      </testsuite>
      <testsuite name="App\Tests\CardGame\DeckTest" file="/mnt/c/Users/isabe/dbwebb-kurser/mvc/me/report/tests/CardGame/DeckTest.php" tests="5" assertions="162" errors="0" warnings="0" failures="0" skipped="0" time="0.083649">
        <testcase name="testDeckIsInitializedWith52Cards" class="App\Tests\CardGame\DeckTest" classname="App.Tests.CardGame.DeckTest" file="/mnt/c/Users/isabe/dbwebb-kurser/mvc/me/report/tests/CardGame/DeckTest.php" line="11" assertions="53" time="0.000874"/>
        <testcase name="testDeckContainsCorrectCardCombination" class="App\Tests\CardGame\DeckTest" classname="App.Tests.CardGame.DeckTest" file="/mnt/c/Users/isabe/dbwebb-kurser/mvc/me/report/tests/CardGame/DeckTest.php" line="25" assertions="52" time="0.023866"/>
        <testcase name="testDrawCardReducesDeckSize" class="App\Tests\CardGame\DeckTest" classname="App.Tests.CardGame.DeckTest" file="/mnt/c/Users/isabe/dbwebb-kurser/mvc/me/report/tests/CardGame/DeckTest.php" line="46" assertions="2" time="0.000615"/>
        <testcase name="testDrawAllCardsAndDeckIsEmpty" class="App\Tests\CardGame\DeckTest" classname="App.Tests.CardGame.DeckTest" file="/mnt/c/Users/isabe/dbwebb-kurser/mvc/me/report/tests/CardGame/DeckTest.php" line="60" assertions="54" time="0.013501"/>
        <testcase name="testShuffleRandomizesDeckOrder" class="App\Tests\CardGame\DeckTest" classname="App.Tests.CardGame.DeckTest" file="/mnt/c/Users/isabe/dbwebb-kurser/mvc/me/report/tests/CardGame/DeckTest.php" line="74" assertions="1" time="0.044793"/>
      </testsuite>
      <testsuite name="App\Tests\CardGame\GameDataServiceTest" file="/mnt/c/Users/isabe/dbwebb-kurser/mvc/me/report/tests/CardGame/GameDataServiceTest.php" tests="1" assertions="13" errors="0" warnings="0" failures="0" skipped="0" time="0.067377">
        <testcase name="testGetGameData" class="App\Tests\CardGame\GameDataServiceTest" classname="App.Tests.CardGame.GameDataServiceTest" file="/mnt/c/Users/isabe/dbwebb-kurser/mvc/me/report/tests/CardGame/GameDataServiceTest.php" line="53" assertions="13" time="0.067377"/>
      </testsuite>
      <testsuite name="App\Tests\CardGame\GameLoggerTest" file="/mnt/c/Users/isabe/dbwebb-kurser/mvc/me/report/tests/CardGame/GameLoggerTest.php" tests="2" assertions="3" errors="0" warnings="0" failures="0" skipped="0" time="0.032178">
        <testcase name="testLogGameStart" class="App\Tests\CardGame\GameLoggerTest" classname="App.Tests.CardGame.GameLoggerTest" file="/mnt/c/Users/isabe/dbwebb-kurser/mvc/me/report/tests/CardGame/GameLoggerTest.php" line="33" assertions="2" time="0.020728"/>
        <testcase name="testUpdateGameLog" class="App\Tests\CardGame\GameLoggerTest" classname="App.Tests.CardGame.GameLoggerTest" file="/mnt/c/Users/isabe/dbwebb-kurser/mvc/me/report/tests/CardGame/GameLoggerTest.php" line="70" assertions="1" time="0.011451"/>
      </testsuite>
      <testsuite name="App\Tests\CardGame\GameManagerJsonTest" file="/mnt/c/Users/isabe/dbwebb-kurser/mvc/me/report/tests/CardGame/GameManagerJsonTest.php" tests="3" assertions="15" errors="0" warnings="0" failures="0" skipped="0" time="0.535807">
        <testcase name="testStartNewGame" class="App\Tests\CardGame\GameManagerJsonTest" classname="App.Tests.CardGame.GameManagerJsonTest" file="/mnt/c/Users/isabe/dbwebb-kurser/mvc/me/report/tests/CardGame/GameManagerJsonTest.php" line="27" assertions="6" time="0.523365"/>
        <testcase name="testGetGameState" class="App\Tests\CardGame\GameManagerJsonTest" classname="App.Tests.CardGame.GameManagerJsonTest" file="/mnt/c/Users/isabe/dbwebb-kurser/mvc/me/report/tests/CardGame/GameManagerJsonTest.php" line="52" assertions="4" time="0.011433"/>
        <testcase name="testGetCommunityCards" class="App\Tests\CardGame\GameManagerJsonTest" classname="App.Tests.CardGame.GameManagerJsonTest" file="/mnt/c/Users/isabe/dbwebb-kurser/mvc/me/report/tests/CardGame/GameManagerJsonTest.php" line="68" assertions="5" time="0.001010"/>
      </testsuite>
      <testsuite name="App\Tests\CardGame\GameResultCheckTest" file="/mnt/c/Users/isabe/dbwebb-kurser/mvc/me/report/tests/CardGame/GameResultCheckTest.php" tests="5" assertions="28" errors="0" warnings="0" failures="0" skipped="0" time="0.021975">
        <testcase name="testCheckBlackjack" class="App\Tests\CardGame\GameResultCheckTest" classname="App.Tests.CardGame.GameResultCheckTest" file="/mnt/c/Users/isabe/dbwebb-kurser/mvc/me/report/tests/CardGame/GameResultCheckTest.php" line="10" assertions="5" time="0.020520"/>
        <testcase name="testCheckBust" class="App\Tests\CardGame\GameResultCheckTest" classname="App.Tests.CardGame.GameResultCheckTest" file="/mnt/c/Users/isabe/dbwebb-kurser/mvc/me/report/tests/CardGame/GameResultCheckTest.php" line="35" assertions="5" time="0.000343"/>
        <testcase name="testBlackjackOrBust" class="App\Tests\CardGame\GameResultCheckTest" classname="App.Tests.CardGame.GameResultCheckTest" file="/mnt/c/Users/isabe/dbwebb-kurser/mvc/me/report/tests/CardGame/GameResultCheckTest.php" line="60" assertions="7" time="0.000385"/>
        <testcase name="testHighestScore" class="App\Tests\CardGame\GameResultCheckTest" classname="App.Tests.CardGame.GameResultCheckTest" file="/mnt/c/Users/isabe/dbwebb-kurser/mvc/me/report/tests/CardGame/GameResultCheckTest.php" line="100" assertions="6" time="0.000330"/>
        <testcase name="testCheckCondition" class="App\Tests\CardGame\GameResultCheckTest" classname="App.Tests.CardGame.GameResultCheckTest" file="/mnt/c/Users/isabe/dbwebb-kurser/mvc/me/report/tests/CardGame/GameResultCheckTest.php" line="135" assertions="5" time="0.000397"/>
      </testsuite>
      <testsuite name="App\Tests\CardGame\GameServiceTest" file="/mnt/c/Users/isabe/dbwebb-kurser/mvc/me/report/tests/CardGame/GameServiceTest.php" tests="5" assertions="10" errors="0" warnings="0" failures="0" skipped="0" time="0.030935">
        <testcase name="testInitializeGame" class="App\Tests\CardGame\GameServiceTest" classname="App.Tests.CardGame.GameServiceTest" file="/mnt/c/Users/isabe/dbwebb-kurser/mvc/me/report/tests/CardGame/GameServiceTest.php" line="28" assertions="3" time="0.016182"/>
        <testcase name="testInitGameSuccess" class="App\Tests\CardGame\GameServiceTest" classname="App.Tests.CardGame.GameServiceTest" file="/mnt/c/Users/isabe/dbwebb-kurser/mvc/me/report/tests/CardGame/GameServiceTest.php" line="46" assertions="2" time="0.013132"/>
        <testcase name="testAdjustMoneyForBet" class="App\Tests\CardGame\GameServiceTest" classname="App.Tests.CardGame.GameServiceTest" file="/mnt/c/Users/isabe/dbwebb-kurser/mvc/me/report/tests/CardGame/GameServiceTest.php" line="57" assertions="3" time="0.000639"/>
        <testcase name="testIsValidBet" class="App\Tests\CardGame\GameServiceTest" classname="App.Tests.CardGame.GameServiceTest" file="/mnt/c/Users/isabe/dbwebb-kurser/mvc/me/report/tests/CardGame/GameServiceTest.php" line="80" assertions="1" time="0.000490"/>
        <testcase name="testIsInvalidBet" class="App\Tests\CardGame\GameServiceTest" classname="App.Tests.CardGame.GameServiceTest" file="/mnt/c/Users/isabe/dbwebb-kurser/mvc/me/report/tests/CardGame/GameServiceTest.php" line="92" assertions="1" time="0.000492"/>
      </testsuite>
      <testsuite name="App\Tests\CardGame\GameStageManagerTest" file="/mnt/c/Users/isabe/dbwebb-kurser/mvc/me/report/tests/CardGame/GameStageManagerTest.php" tests="6" assertions="10" errors="0" warnings="0" failures="0" skipped="0" time="0.015684">
        <testcase name="testInitialStageIsPreFlop" class="App\Tests\CardGame\GameStageManagerTest" classname="App.Tests.CardGame.GameStageManagerTest" file="/mnt/c/Users/isabe/dbwebb-kurser/mvc/me/report/tests/CardGame/GameStageManagerTest.php" line="12" assertions="1" time="0.000311"/>
        <testcase name="testAdvanceStageToFlop" class="App\Tests\CardGame\GameStageManagerTest" classname="App.Tests.CardGame.GameStageManagerTest" file="/mnt/c/Users/isabe/dbwebb-kurser/mvc/me/report/tests/CardGame/GameStageManagerTest.php" line="18" assertions="2" time="0.000917"/>
        <testcase name="testAdvanceStageToTurn" class="App\Tests\CardGame\GameStageManagerTest" classname="App.Tests.CardGame.GameStageManagerTest" file="/mnt/c/Users/isabe/dbwebb-kurser/mvc/me/report/tests/CardGame/GameStageManagerTest.php" line="34" assertions="2" time="0.012957"/>
        <testcase name="testAdvanceStageToRiver" class="App\Tests\CardGame\GameStageManagerTest" classname="App.Tests.CardGame.GameStageManagerTest" file="/mnt/c/Users/isabe/dbwebb-kurser/mvc/me/report/tests/CardGame/GameStageManagerTest.php" line="51" assertions="2" time="0.000622"/>
        <testcase name="testIsFinalStage" class="App\Tests\CardGame\GameStageManagerTest" classname="App.Tests.CardGame.GameStageManagerTest" file="/mnt/c/Users/isabe/dbwebb-kurser/mvc/me/report/tests/CardGame/GameStageManagerTest.php" line="68" assertions="1" time="0.000440"/>
        <testcase name="testResetStage" class="App\Tests\CardGame\GameStageManagerTest" classname="App.Tests.CardGame.GameStageManagerTest" file="/mnt/c/Users/isabe/dbwebb-kurser/mvc/me/report/tests/CardGame/GameStageManagerTest.php" line="81" assertions="2" time="0.000438"/>
      </testsuite>
      <testsuite name="App\Tests\CardGame\HandEvaluatorTest" file="/mnt/c/Users/isabe/dbwebb-kurser/mvc/me/report/tests/CardGame/HandEvaluatorTest.php" tests="7" assertions="9" errors="0" warnings="0" failures="0" skipped="0" time="0.005042">
        <testcase name="testGetBestHand" class="App\Tests\CardGame\HandEvaluatorTest" classname="App.Tests.CardGame.HandEvaluatorTest" file="/mnt/c/Users/isabe/dbwebb-kurser/mvc/me/report/tests/CardGame/HandEvaluatorTest.php" line="29" assertions="2" time="0.002154"/>
        <testcase name="testCompareHands" class="App\Tests\CardGame\HandEvaluatorTest" classname="App.Tests.CardGame.HandEvaluatorTest" file="/mnt/c/Users/isabe/dbwebb-kurser/mvc/me/report/tests/CardGame/HandEvaluatorTest.php" line="51" assertions="1" time="0.000397"/>
        <testcase name="testCompareHandsWithSameRank" class="App\Tests\CardGame\HandEvaluatorTest" classname="App.Tests.CardGame.HandEvaluatorTest" file="/mnt/c/Users/isabe/dbwebb-kurser/mvc/me/report/tests/CardGame/HandEvaluatorTest.php" line="61" assertions="1" time="0.000514"/>
        <testcase name="testCompareHandsWithIdenticalValues" class="App\Tests\CardGame\HandEvaluatorTest" classname="App.Tests.CardGame.HandEvaluatorTest" file="/mnt/c/Users/isabe/dbwebb-kurser/mvc/me/report/tests/CardGame/HandEvaluatorTest.php" line="71" assertions="1" time="0.000522"/>
        <testcase name="testCombinations" class="App\Tests\CardGame\HandEvaluatorTest" classname="App.Tests.CardGame.HandEvaluatorTest" file="/mnt/c/Users/isabe/dbwebb-kurser/mvc/me/report/tests/CardGame/HandEvaluatorTest.php" line="81" assertions="2" time="0.000571"/>
        <testcase name="testCompareHandValues" class="App\Tests\CardGame\HandEvaluatorTest" classname="App.Tests.CardGame.HandEvaluatorTest" file="/mnt/c/Users/isabe/dbwebb-kurser/mvc/me/report/tests/CardGame/HandEvaluatorTest.php" line="97" assertions="1" time="0.000453"/>
        <testcase name="testCompareHandValuesWithEqualHands" class="App\Tests\CardGame\HandEvaluatorTest" classname="App.Tests.CardGame.HandEvaluatorTest" file="/mnt/c/Users/isabe/dbwebb-kurser/mvc/me/report/tests/CardGame/HandEvaluatorTest.php" line="107" assertions="1" time="0.000431"/>
      </testsuite>
      <testsuite name="App\Tests\CardGame\HandRankingEvaluatorTest" file="/mnt/c/Users/isabe/dbwebb-kurser/mvc/me/report/tests/CardGame/HandRankingEvaluatorTest.php" tests="15" assertions="24" errors="0" warnings="0" failures="0" skipped="0" time="0.007135">
        <testcase name="testEvaluateHandWithFlush" class="App\Tests\CardGame\HandRankingEvaluatorTest" classname="App.Tests.CardGame.HandRankingEvaluatorTest" file="/mnt/c/Users/isabe/dbwebb-kurser/mvc/me/report/tests/CardGame/HandRankingEvaluatorTest.php" line="21" assertions="2" time="0.000487"/>
        <testcase name="testEvaluateHandWithStraight" class="App\Tests\CardGame\HandRankingEvaluatorTest" classname="App.Tests.CardGame.HandRankingEvaluatorTest" file="/mnt/c/Users/isabe/dbwebb-kurser/mvc/me/report/tests/CardGame/HandRankingEvaluatorTest.php" line="37" assertions="2" time="0.000500"/>
        <testcase name="testEvaluateHandWithFullHouse" class="App\Tests\CardGame\HandRankingEvaluatorTest" classname="App.Tests.CardGame.HandRankingEvaluatorTest" file="/mnt/c/Users/isabe/dbwebb-kurser/mvc/me/report/tests/CardGame/HandRankingEvaluatorTest.php" line="53" assertions="2" time="0.000425"/>
        <testcase name="testEvaluateHandWithThreeOfAKind" class="App\Tests\CardGame\HandRankingEvaluatorTest" classname="App.Tests.CardGame.HandRankingEvaluatorTest" file="/mnt/c/Users/isabe/dbwebb-kurser/mvc/me/report/tests/CardGame/HandRankingEvaluatorTest.php" line="69" assertions="2" time="0.000518"/>
        <testcase name="testEvaluateHandWithTwoPair" class="App\Tests\CardGame\HandRankingEvaluatorTest" classname="App.Tests.CardGame.HandRankingEvaluatorTest" file="/mnt/c/Users/isabe/dbwebb-kurser/mvc/me/report/tests/CardGame/HandRankingEvaluatorTest.php" line="85" assertions="2" time="0.000582"/>
        <testcase name="testEvaluateHandWithOnePair" class="App\Tests\CardGame\HandRankingEvaluatorTest" classname="App.Tests.CardGame.HandRankingEvaluatorTest" file="/mnt/c/Users/isabe/dbwebb-kurser/mvc/me/report/tests/CardGame/HandRankingEvaluatorTest.php" line="101" assertions="2" time="0.000602"/>
        <testcase name="testEvaluateHandWithHighCard" class="App\Tests\CardGame\HandRankingEvaluatorTest" classname="App.Tests.CardGame.HandRankingEvaluatorTest" file="/mnt/c/Users/isabe/dbwebb-kurser/mvc/me/report/tests/CardGame/HandRankingEvaluatorTest.php" line="117" assertions="2" time="0.000619"/>
        <testcase name="testIsFlush" class="App\Tests\CardGame\HandRankingEvaluatorTest" classname="App.Tests.CardGame.HandRankingEvaluatorTest" file="/mnt/c/Users/isabe/dbwebb-kurser/mvc/me/report/tests/CardGame/HandRankingEvaluatorTest.php" line="133" assertions="1" time="0.000383"/>
        <testcase name="testIsStraight" class="App\Tests\CardGame\HandRankingEvaluatorTest" classname="App.Tests.CardGame.HandRankingEvaluatorTest" file="/mnt/c/Users/isabe/dbwebb-kurser/mvc/me/report/tests/CardGame/HandRankingEvaluatorTest.php" line="148" assertions="1" time="0.000382"/>
        <testcase name="testIsFullHouse" class="App\Tests\CardGame\HandRankingEvaluatorTest" classname="App.Tests.CardGame.HandRankingEvaluatorTest" file="/mnt/c/Users/isabe/dbwebb-kurser/mvc/me/report/tests/CardGame/HandRankingEvaluatorTest.php" line="163" assertions="1" time="0.000378"/>
        <testcase name="testIsThreeOfAKind" class="App\Tests\CardGame\HandRankingEvaluatorTest" classname="App.Tests.CardGame.HandRankingEvaluatorTest" file="/mnt/c/Users/isabe/dbwebb-kurser/mvc/me/report/tests/CardGame/HandRankingEvaluatorTest.php" line="178" assertions="1" time="0.000369"/>
        <testcase name="testIsTwoPair" class="App\Tests\CardGame\HandRankingEvaluatorTest" classname="App.Tests.CardGame.HandRankingEvaluatorTest" file="/mnt/c/Users/isabe/dbwebb-kurser/mvc/me/report/tests/CardGame/HandRankingEvaluatorTest.php" line="193" assertions="1" time="0.000373"/>
        <testcase name="testIsOnePair" class="App\Tests\CardGame\HandRankingEvaluatorTest" classname="App.Tests.CardGame.HandRankingEvaluatorTest" file="/mnt/c/Users/isabe/dbwebb-kurser/mvc/me/report/tests/CardGame/HandRankingEvaluatorTest.php" line="208" assertions="1" time="0.000368"/>
        <testcase name="testIsHighCard" class="App\Tests\CardGame\HandRankingEvaluatorTest" classname="App.Tests.CardGame.HandRankingEvaluatorTest" file="/mnt/c/Users/isabe/dbwebb-kurser/mvc/me/report/tests/CardGame/HandRankingEvaluatorTest.php" line="223" assertions="2" time="0.000608"/>
        <testcase name="testIsRoyalFlush" class="App\Tests\CardGame\HandRankingEvaluatorTest" classname="App.Tests.CardGame.HandRankingEvaluatorTest" file="/mnt/c/Users/isabe/dbwebb-kurser/mvc/me/report/tests/CardGame/HandRankingEvaluatorTest.php" line="238" assertions="2" time="0.000542"/>
      </testsuite>
      <testsuite name="App\Tests\CardGame\IntelligentComputerTest" file="/mnt/c/Users/isabe/dbwebb-kurser/mvc/me/report/tests/CardGame/IntelligentComputerTest.php" tests="4" assertions="4" errors="0" warnings="0" failures="0" skipped="0" time="0.004064">
        <testcase name="testFoldWhenNoPairOrHighCardAndCurrentBetGreaterThanZero" class="App\Tests\CardGame\IntelligentComputerTest" classname="App.Tests.CardGame.IntelligentComputerTest" file="/mnt/c/Users/isabe/dbwebb-kurser/mvc/me/report/tests/CardGame/IntelligentComputerTest.php" line="19" assertions="1" time="0.000981"/>
        <testcase name="testCallWhenHighCardExistsAndCurrentBetGreaterThanZero" class="App\Tests\CardGame\IntelligentComputerTest" classname="App.Tests.CardGame.IntelligentComputerTest" file="/mnt/c/Users/isabe/dbwebb-kurser/mvc/me/report/tests/CardGame/IntelligentComputerTest.php" line="37" assertions="1" time="0.001031"/>
        <testcase name="testCheckWhenNoCurrentBet" class="App\Tests\CardGame\IntelligentComputerTest" classname="App.Tests.CardGame.IntelligentComputerTest" file="/mnt/c/Users/isabe/dbwebb-kurser/mvc/me/report/tests/CardGame/IntelligentComputerTest.php" line="55" assertions="1" time="0.001043"/>
        <testcase name="testRaiseWithThreeOfAKind" class="App\Tests\CardGame\IntelligentComputerTest" classname="App.Tests.CardGame.IntelligentComputerTest" file="/mnt/c/Users/isabe/dbwebb-kurser/mvc/me/report/tests/CardGame/IntelligentComputerTest.php" line="73" assertions="1" time="0.001009"/>
      </testsuite>
      <testsuite name="App\Tests\CardGame\MoneyHandlingTest" file="/mnt/c/Users/isabe/dbwebb-kurser/mvc/me/report/tests/CardGame/MoneyHandlingTest.php" tests="4" assertions="8" errors="0" warnings="0" failures="0" skipped="0" time="0.009052">
        <testcase name="testHandleMoneyPlayerWins" class="App\Tests\CardGame\MoneyHandlingTest" classname="App.Tests.CardGame.MoneyHandlingTest" file="/mnt/c/Users/isabe/dbwebb-kurser/mvc/me/report/tests/CardGame/MoneyHandlingTest.php" line="10" assertions="2" time="0.008106"/>
        <testcase name="testHandleMoneyDealerWins" class="App\Tests\CardGame\MoneyHandlingTest" classname="App.Tests.CardGame.MoneyHandlingTest" file="/mnt/c/Users/isabe/dbwebb-kurser/mvc/me/report/tests/CardGame/MoneyHandlingTest.php" line="24" assertions="2" time="0.000343"/>
        <testcase name="testHandleMoneyTie" class="App\Tests\CardGame\MoneyHandlingTest" classname="App.Tests.CardGame.MoneyHandlingTest" file="/mnt/c/Users/isabe/dbwebb-kurser/mvc/me/report/tests/CardGame/MoneyHandlingTest.php" line="38" assertions="2" time="0.000299"/>
        <testcase name="testHandleMoneyNoChange" class="App\Tests\CardGame\MoneyHandlingTest" classname="App.Tests.CardGame.MoneyHandlingTest" file="/mnt/c/Users/isabe/dbwebb-kurser/mvc/me/report/tests/CardGame/MoneyHandlingTest.php" line="52" assertions="2" time="0.000304"/>
      </testsuite>
      <testsuite name="App\Tests\CardGame\NormalComputerTest" file="/mnt/c/Users/isabe/dbwebb-kurser/mvc/me/report/tests/CardGame/NormalComputerTest.php" tests="4" assertions="4" errors="0" warnings="0" failures="0" skipped="0" time="0.002395">
        <testcase name="testFoldWhenNoPairOrHighCardAndCurrentBetGreaterThanZero" class="App\Tests\CardGame\NormalComputerTest" classname="App.Tests.CardGame.NormalComputerTest" file="/mnt/c/Users/isabe/dbwebb-kurser/mvc/me/report/tests/CardGame/NormalComputerTest.php" line="19" assertions="1" time="0.000643"/>
        <testcase name="testCallWhenPairExistsAndCurrentBetGreaterThanZero" class="App\Tests\CardGame\NormalComputerTest" classname="App.Tests.CardGame.NormalComputerTest" file="/mnt/c/Users/isabe/dbwebb-kurser/mvc/me/report/tests/CardGame/NormalComputerTest.php" line="37" assertions="1" time="0.000582"/>
        <testcase name="testCallWhenHighCardExistsAndCurrentBetGreaterThanZero" class="App\Tests\CardGame\NormalComputerTest" classname="App.Tests.CardGame.NormalComputerTest" file="/mnt/c/Users/isabe/dbwebb-kurser/mvc/me/report/tests/CardGame/NormalComputerTest.php" line="55" assertions="1" time="0.000587"/>
        <testcase name="testCheckWhenNoCurrentBet" class="App\Tests\CardGame\NormalComputerTest" classname="App.Tests.CardGame.NormalComputerTest" file="/mnt/c/Users/isabe/dbwebb-kurser/mvc/me/report/tests/CardGame/NormalComputerTest.php" line="73" assertions="1" time="0.000583"/>
      </testsuite>
      <testsuite name="App\Tests\CardGame\PlayerActionHandlerTest" file="/mnt/c/Users/isabe/dbwebb-kurser/mvc/me/report/tests/CardGame/PlayerActionHandlerTest.php" tests="12" assertions="24" errors="0" warnings="0" failures="0" skipped="0" time="0.032630">
        <testcase name="testProcessActionsInOrder" class="App\Tests\CardGame\PlayerActionHandlerTest" classname="App.Tests.CardGame.PlayerActionHandlerTest" file="/mnt/c/Users/isabe/dbwebb-kurser/mvc/me/report/tests/CardGame/PlayerActionHandlerTest.php" line="43" assertions="4" time="0.001058"/>
        <testcase name="testProcessPlayerActionFold" class="App\Tests\CardGame\PlayerActionHandlerTest" classname="App.Tests.CardGame.PlayerActionHandlerTest" file="/mnt/c/Users/isabe/dbwebb-kurser/mvc/me/report/tests/CardGame/PlayerActionHandlerTest.php" line="67" assertions="2" time="0.000711"/>
        <testcase name="testProcessPlayerActionRaise" class="App\Tests\CardGame\PlayerActionHandlerTest" classname="App.Tests.CardGame.PlayerActionHandlerTest" file="/mnt/c/Users/isabe/dbwebb-kurser/mvc/me/report/tests/CardGame/PlayerActionHandlerTest.php" line="82" assertions="1" time="0.000983"/>
        <testcase name="testHandleRemainingPlayersAfterAllIn" class="App\Tests\CardGame\PlayerActionHandlerTest" classname="App.Tests.CardGame.PlayerActionHandlerTest" file="/mnt/c/Users/isabe/dbwebb-kurser/mvc/me/report/tests/CardGame/PlayerActionHandlerTest.php" line="94" assertions="1" time="0.000797"/>
        <testcase name="testProcessNextPlayerActions" class="App\Tests\CardGame\PlayerActionHandlerTest" classname="App.Tests.CardGame.PlayerActionHandlerTest" file="/mnt/c/Users/isabe/dbwebb-kurser/mvc/me/report/tests/CardGame/PlayerActionHandlerTest.php" line="109" assertions="1" time="0.000870"/>
        <testcase name="testProcessRaiseResponses" class="App\Tests\CardGame\PlayerActionHandlerTest" classname="App.Tests.CardGame.PlayerActionHandlerTest" file="/mnt/c/Users/isabe/dbwebb-kurser/mvc/me/report/tests/CardGame/PlayerActionHandlerTest.php" line="125" assertions="1" time="0.000707"/>
        <testcase name="testNormalizeActionForAllIn" class="App\Tests\CardGame\PlayerActionHandlerTest" classname="App.Tests.CardGame.PlayerActionHandlerTest" file="/mnt/c/Users/isabe/dbwebb-kurser/mvc/me/report/tests/CardGame/PlayerActionHandlerTest.php" line="140" assertions="1" time="0.000657"/>
        <testcase name="testProcessPlayerActionOnlyOneActivePlayer" class="App\Tests\CardGame\PlayerActionHandlerTest" classname="App.Tests.CardGame.PlayerActionHandlerTest" file="/mnt/c/Users/isabe/dbwebb-kurser/mvc/me/report/tests/CardGame/PlayerActionHandlerTest.php" line="164" assertions="2" time="0.010666"/>
        <testcase name="testProcessPlayerActionCallsProcessNextPlayerActions" class="App\Tests\CardGame\PlayerActionHandlerTest" classname="App.Tests.CardGame.PlayerActionHandlerTest" file="/mnt/c/Users/isabe/dbwebb-kurser/mvc/me/report/tests/CardGame/PlayerActionHandlerTest.php" line="182" assertions="2" time="0.001755"/>
        <testcase name="testProcessNextPlayerActionsOnlyOneActivePlayer" class="App\Tests\CardGame\PlayerActionHandlerTest" classname="App.Tests.CardGame.PlayerActionHandlerTest" file="/mnt/c/Users/isabe/dbwebb-kurser/mvc/me/report/tests/CardGame/PlayerActionHandlerTest.php" line="213" assertions="2" time="0.002696"/>
        <testcase name="testProcessActionsInOrderSkipsFoldedPlayer" class="App\Tests\CardGame\PlayerActionHandlerTest" classname="App.Tests.CardGame.PlayerActionHandlerTest" file="/mnt/c/Users/isabe/dbwebb-kurser/mvc/me/report/tests/CardGame/PlayerActionHandlerTest.php" line="269" assertions="3" time="0.010460"/>
        <testcase name="testProcessActionsInOrderHandlesHumanPlayer" class="App\Tests\CardGame\PlayerActionHandlerTest" classname="App.Tests.CardGame.PlayerActionHandlerTest" file="/mnt/c/Users/isabe/dbwebb-kurser/mvc/me/report/tests/CardGame/PlayerActionHandlerTest.php" line="299" assertions="4" time="0.001270"/>
      </testsuite>
      <testsuite name="App\Tests\CardGame\PlayerActionInitTest" file="/mnt/c/Users/isabe/dbwebb-kurser/mvc/me/report/tests/CardGame/PlayerActionInitTest.php" tests="9" assertions="22" errors="0" warnings="0" failures="0" skipped="0" time="0.003717">
        <testcase name="testHandleBlinds" class="App\Tests\CardGame\PlayerActionInitTest" classname="App.Tests.CardGame.PlayerActionInitTest" file="/mnt/c/Users/isabe/dbwebb-kurser/mvc/me/report/tests/CardGame/PlayerActionInitTest.php" line="21" assertions="3" time="0.000617"/>
        <testcase name="testHandleCall" class="App\Tests\CardGame\PlayerActionInitTest" classname="App.Tests.CardGame.PlayerActionInitTest" file="/mnt/c/Users/isabe/dbwebb-kurser/mvc/me/report/tests/CardGame/PlayerActionInitTest.php" line="38" assertions="2" time="0.000496"/>
        <testcase name="testHandleRaise" class="App\Tests\CardGame\PlayerActionInitTest" classname="App.Tests.CardGame.PlayerActionInitTest" file="/mnt/c/Users/isabe/dbwebb-kurser/mvc/me/report/tests/CardGame/PlayerActionInitTest.php" line="51" assertions="3" time="0.000457"/>
        <testcase name="testHandleCheck" class="App\Tests\CardGame\PlayerActionInitTest" classname="App.Tests.CardGame.PlayerActionInitTest" file="/mnt/c/Users/isabe/dbwebb-kurser/mvc/me/report/tests/CardGame/PlayerActionInitTest.php" line="62" assertions="1" time="0.000309"/>
        <testcase name="testHandleAllIn" class="App\Tests\CardGame\PlayerActionInitTest" classname="App.Tests.CardGame.PlayerActionInitTest" file="/mnt/c/Users/isabe/dbwebb-kurser/mvc/me/report/tests/CardGame/PlayerActionInitTest.php" line="72" assertions="3" time="0.000504"/>
        <testcase name="testResetCurrentBet" class="App\Tests\CardGame\PlayerActionInitTest" classname="App.Tests.CardGame.PlayerActionInitTest" file="/mnt/c/Users/isabe/dbwebb-kurser/mvc/me/report/tests/CardGame/PlayerActionInitTest.php" line="83" assertions="1" time="0.000313"/>
        <testcase name="testInitializeRoles" class="App\Tests\CardGame\PlayerActionInitTest" classname="App.Tests.CardGame.PlayerActionInitTest" file="/mnt/c/Users/isabe/dbwebb-kurser/mvc/me/report/tests/CardGame/PlayerActionInitTest.php" line="93" assertions="3" time="0.000353"/>
        <testcase name="testRotateRoles" class="App\Tests\CardGame\PlayerActionInitTest" classname="App.Tests.CardGame.PlayerActionInitTest" file="/mnt/c/Users/isabe/dbwebb-kurser/mvc/me/report/tests/CardGame/PlayerActionInitTest.php" line="106" assertions="3" time="0.000321"/>
        <testcase name="testResetPlayersForNewRound" class="App\Tests\CardGame\PlayerActionInitTest" classname="App.Tests.CardGame.PlayerActionInitTest" file="/mnt/c/Users/isabe/dbwebb-kurser/mvc/me/report/tests/CardGame/PlayerActionInitTest.php" line="119" assertions="3" time="0.000347"/>
      </testsuite>
      <testsuite name="App\Tests\CardGame\PlayerManagerJsonTest" file="/mnt/c/Users/isabe/dbwebb-kurser/mvc/me/report/tests/CardGame/PlayerManagerJsonTest.php" tests="4" assertions="15" errors="0" warnings="0" failures="0" skipped="0" time="0.010697">
        <testcase name="testSetChipsSuccess" class="App\Tests\CardGame\PlayerManagerJsonTest" classname="App.Tests.CardGame.PlayerManagerJsonTest" file="/mnt/c/Users/isabe/dbwebb-kurser/mvc/me/report/tests/CardGame/PlayerManagerJsonTest.php" line="22" assertions="4" time="0.008237"/>
        <testcase name="testSetChipsInvalidPlayerIndex" class="App\Tests\CardGame\PlayerManagerJsonTest" classname="App.Tests.CardGame.PlayerManagerJsonTest" file="/mnt/c/Users/isabe/dbwebb-kurser/mvc/me/report/tests/CardGame/PlayerManagerJsonTest.php" line="43" assertions="3" time="0.000620"/>
        <testcase name="testGetPlayerCardsSuccess" class="App\Tests\CardGame\PlayerManagerJsonTest" classname="App.Tests.CardGame.PlayerManagerJsonTest" file="/mnt/c/Users/isabe/dbwebb-kurser/mvc/me/report/tests/CardGame/PlayerManagerJsonTest.php" line="59" assertions="5" time="0.001251"/>
        <testcase name="testGetPlayerCardsPlayerNotFound" class="App\Tests\CardGame\PlayerManagerJsonTest" classname="App.Tests.CardGame.PlayerManagerJsonTest" file="/mnt/c/Users/isabe/dbwebb-kurser/mvc/me/report/tests/CardGame/PlayerManagerJsonTest.php" line="90" assertions="3" time="0.000589"/>
      </testsuite>
      <testsuite name="App\Tests\CardGame\PlayerTest" file="/mnt/c/Users/isabe/dbwebb-kurser/mvc/me/report/tests/CardGame/PlayerTest.php" tests="11" assertions="24" errors="0" warnings="0" failures="0" skipped="0" time="0.014035">
        <testcase name="testConstructorSetsPropertiesCorrectly" class="App\Tests\CardGame\PlayerTest" classname="App.Tests.CardGame.PlayerTest" file="/mnt/c/Users/isabe/dbwebb-kurser/mvc/me/report/tests/CardGame/PlayerTest.php" line="15" assertions="6" time="0.000342"/>
        <testcase name="testConstructorWithInvalidStrategyLevel" class="App\Tests\CardGame\PlayerTest" classname="App.Tests.CardGame.PlayerTest" file="/mnt/c/Users/isabe/dbwebb-kurser/mvc/me/report/tests/CardGame/PlayerTest.php" line="26" assertions="2" time="0.010759"/>
        <testcase name="testAddCardToHand" class="App\Tests\CardGame\PlayerTest" classname="App.Tests.CardGame.PlayerTest" file="/mnt/c/Users/isabe/dbwebb-kurser/mvc/me/report/tests/CardGame/PlayerTest.php" line="52" assertions="2" time="0.000364"/>
        <testcase name="testResetHand" class="App\Tests\CardGame\PlayerTest" classname="App.Tests.CardGame.PlayerTest" file="/mnt/c/Users/isabe/dbwebb-kurser/mvc/me/report/tests/CardGame/PlayerTest.php" line="63" assertions="1" time="0.000344"/>
        <testcase name="testSetAndGetChips" class="App\Tests\CardGame\PlayerTest" classname="App.Tests.CardGame.PlayerTest" file="/mnt/c/Users/isabe/dbwebb-kurser/mvc/me/report/tests/CardGame/PlayerTest.php" line="74" assertions="1" time="0.000291"/>
        <testcase name="testAddChips" class="App\Tests\CardGame\PlayerTest" classname="App.Tests.CardGame.PlayerTest" file="/mnt/c/Users/isabe/dbwebb-kurser/mvc/me/report/tests/CardGame/PlayerTest.php" line="83" assertions="1" time="0.000285"/>
        <testcase name="testFoldAndUnfold" class="App\Tests\CardGame\PlayerTest" classname="App.Tests.CardGame.PlayerTest" file="/mnt/c/Users/isabe/dbwebb-kurser/mvc/me/report/tests/CardGame/PlayerTest.php" line="92" assertions="2" time="0.000297"/>
        <testcase name="testSetAndGetCurrentBet" class="App\Tests\CardGame\PlayerTest" classname="App.Tests.CardGame.PlayerTest" file="/mnt/c/Users/isabe/dbwebb-kurser/mvc/me/report/tests/CardGame/PlayerTest.php" line="103" assertions="1" time="0.000283"/>
        <testcase name="testSetAndGetRole" class="App\Tests\CardGame\PlayerTest" classname="App.Tests.CardGame.PlayerTest" file="/mnt/c/Users/isabe/dbwebb-kurser/mvc/me/report/tests/CardGame/PlayerTest.php" line="112" assertions="3" time="0.000319"/>
        <testcase name="testSetAndGetRoleWithDifferentValues" class="App\Tests\CardGame\PlayerTest" classname="App.Tests.CardGame.PlayerTest" file="/mnt/c/Users/isabe/dbwebb-kurser/mvc/me/report/tests/CardGame/PlayerTest.php" line="128" assertions="4" time="0.000391"/>
        <testcase name="testMakeDecision" class="App\Tests\CardGame\PlayerTest" classname="App.Tests.CardGame.PlayerTest" file="/mnt/c/Users/isabe/dbwebb-kurser/mvc/me/report/tests/CardGame/PlayerTest.php" line="149" assertions="1" time="0.000361"/>
      </testsuite>
      <testsuite name="App\Tests\CardGame\PotManagerTest" file="/mnt/c/Users/isabe/dbwebb-kurser/mvc/me/report/tests/CardGame/PotManagerTest.php" tests="6" assertions="10" errors="0" warnings="0" failures="0" skipped="0" time="0.003293">
        <testcase name="testAddToPot" class="App\Tests\CardGame\PotManagerTest" classname="App.Tests.CardGame.PotManagerTest" file="/mnt/c/Users/isabe/dbwebb-kurser/mvc/me/report/tests/CardGame/PotManagerTest.php" line="18" assertions="2" time="0.000295"/>
        <testcase name="testResetPot" class="App\Tests\CardGame\PotManagerTest" classname="App.Tests.CardGame.PotManagerTest" file="/mnt/c/Users/isabe/dbwebb-kurser/mvc/me/report/tests/CardGame/PotManagerTest.php" line="27" assertions="1" time="0.000283"/>
        <testcase name="testUpdateAndResetCurrentBet" class="App\Tests\CardGame\PotManagerTest" classname="App.Tests.CardGame.PotManagerTest" file="/mnt/c/Users/isabe/dbwebb-kurser/mvc/me/report/tests/CardGame/PotManagerTest.php" line="34" assertions="2" time="0.000288"/>
        <testcase name="testHaveAllActivePlayersMatchedCurrentBet" class="App\Tests\CardGame\PotManagerTest" classname="App.Tests.CardGame.PotManagerTest" file="/mnt/c/Users/isabe/dbwebb-kurser/mvc/me/report/tests/CardGame/PotManagerTest.php" line="43" assertions="2" time="0.001301"/>
        <testcase name="testDistributeWinningsToPlayer" class="App\Tests\CardGame\PotManagerTest" classname="App.Tests.CardGame.PotManagerTest" file="/mnt/c/Users/isabe/dbwebb-kurser/mvc/me/report/tests/CardGame/PotManagerTest.php" line="87" assertions="1" time="0.000513"/>
        <testcase name="testSplitPotAmongWinners" class="App\Tests\CardGame\PotManagerTest" classname="App.Tests.CardGame.PotManagerTest" file="/mnt/c/Users/isabe/dbwebb-kurser/mvc/me/report/tests/CardGame/PotManagerTest.php" line="97" assertions="2" time="0.000613"/>
      </testsuite>
      <testsuite name="App\Tests\CardGame\TexasHoldemGameTest" file="/mnt/c/Users/isabe/dbwebb-kurser/mvc/me/report/tests/CardGame/TexasHoldemGameTest.php" tests="15" assertions="26" errors="0" warnings="0" failures="0" skipped="0" time="0.037122">
        <testcase name="testAddPlayer" class="App\Tests\CardGame\TexasHoldemGameTest" classname="App.Tests.CardGame.TexasHoldemGameTest" file="/mnt/c/Users/isabe/dbwebb-kurser/mvc/me/report/tests/CardGame/TexasHoldemGameTest.php" line="33" assertions="2" time="0.000745"/>
        <testcase name="testGetHandEvaluator" class="App\Tests\CardGame\TexasHoldemGameTest" classname="App.Tests.CardGame.TexasHoldemGameTest" file="/mnt/c/Users/isabe/dbwebb-kurser/mvc/me/report/tests/CardGame/TexasHoldemGameTest.php" line="42" assertions="2" time="0.001570"/>
        <testcase name="testAdvanceGameStage" class="App\Tests\CardGame\TexasHoldemGameTest" classname="App.Tests.CardGame.TexasHoldemGameTest" file="/mnt/c/Users/isabe/dbwebb-kurser/mvc/me/report/tests/CardGame/TexasHoldemGameTest.php" line="65" assertions="1" time="0.000868"/>
        <testcase name="testDetermineWinnerWithSingleActivePlayer" class="App\Tests\CardGame\TexasHoldemGameTest" classname="App.Tests.CardGame.TexasHoldemGameTest" file="/mnt/c/Users/isabe/dbwebb-kurser/mvc/me/report/tests/CardGame/TexasHoldemGameTest.php" line="75" assertions="2" time="0.001041"/>
        <testcase name="testHandleActionCall" class="App\Tests\CardGame\TexasHoldemGameTest" classname="App.Tests.CardGame.TexasHoldemGameTest" file="/mnt/c/Users/isabe/dbwebb-kurser/mvc/me/report/tests/CardGame/TexasHoldemGameTest.php" line="92" assertions="1" time="0.001481"/>
        <testcase name="testStartNewRound" class="App\Tests\CardGame\TexasHoldemGameTest" classname="App.Tests.CardGame.TexasHoldemGameTest" file="/mnt/c/Users/isabe/dbwebb-kurser/mvc/me/report/tests/CardGame/TexasHoldemGameTest.php" line="108" assertions="3" time="0.001380"/>
        <testcase name="testSetAllInOccurred" class="App\Tests\CardGame\TexasHoldemGameTest" classname="App.Tests.CardGame.TexasHoldemGameTest" file="/mnt/c/Users/isabe/dbwebb-kurser/mvc/me/report/tests/CardGame/TexasHoldemGameTest.php" line="121" assertions="1" time="0.000642"/>
        <testcase name="testProcessPlayerAction" class="App\Tests\CardGame\TexasHoldemGameTest" classname="App.Tests.CardGame.TexasHoldemGameTest" file="/mnt/c/Users/isabe/dbwebb-kurser/mvc/me/report/tests/CardGame/TexasHoldemGameTest.php" line="127" assertions="1" time="0.010225"/>
        <testcase name="testCountActivePlayers" class="App\Tests\CardGame\TexasHoldemGameTest" classname="App.Tests.CardGame.TexasHoldemGameTest" file="/mnt/c/Users/isabe/dbwebb-kurser/mvc/me/report/tests/CardGame/TexasHoldemGameTest.php" line="142" assertions="1" time="0.001038"/>
        <testcase name="testGetMinimumChips" class="App\Tests\CardGame\TexasHoldemGameTest" classname="App.Tests.CardGame.TexasHoldemGameTest" file="/mnt/c/Users/isabe/dbwebb-kurser/mvc/me/report/tests/CardGame/TexasHoldemGameTest.php" line="156" assertions="1" time="0.001183"/>
        <testcase name="testGameOverAfterFinalStage" class="App\Tests\CardGame\TexasHoldemGameTest" classname="App.Tests.CardGame.TexasHoldemGameTest" file="/mnt/c/Users/isabe/dbwebb-kurser/mvc/me/report/tests/CardGame/TexasHoldemGameTest.php" line="172" assertions="3" time="0.002039"/>
        <testcase name="testPlayRound" class="App\Tests\CardGame\TexasHoldemGameTest" classname="App.Tests.CardGame.TexasHoldemGameTest" file="/mnt/c/Users/isabe/dbwebb-kurser/mvc/me/report/tests/CardGame/TexasHoldemGameTest.php" line="189" assertions="1" time="0.010796"/>
        <testcase name="testDetermineWinnerNoWinnersFound" class="App\Tests\CardGame\TexasHoldemGameTest" classname="App.Tests.CardGame.TexasHoldemGameTest" file="/mnt/c/Users/isabe/dbwebb-kurser/mvc/me/report/tests/CardGame/TexasHoldemGameTest.php" line="214" assertions="3" time="0.001190"/>
        <testcase name="testHandleAllIn" class="App\Tests\CardGame\TexasHoldemGameTest" classname="App.Tests.CardGame.TexasHoldemGameTest" file="/mnt/c/Users/isabe/dbwebb-kurser/mvc/me/report/tests/CardGame/TexasHoldemGameTest.php" line="246" assertions="3" time="0.002067"/>
        <testcase name="testHandleRemainingPlayersAfterAllIn" class="App\Tests\CardGame\TexasHoldemGameTest" classname="App.Tests.CardGame.TexasHoldemGameTest" file="/mnt/c/Users/isabe/dbwebb-kurser/mvc/me/report/tests/CardGame/TexasHoldemGameTest.php" line="279" assertions="1" time="0.000859"/>
      </testsuite>
      <testsuite name="App\Tests\CardGame\WinnerEvaluatorTest" file="/mnt/c/Users/isabe/dbwebb-kurser/mvc/me/report/tests/CardGame/WinnerEvaluatorTest.php" tests="3" assertions="5" errors="0" warnings="0" failures="0" skipped="0" time="0.013368">
        <testcase name="testDetermineTie" class="App\Tests\CardGame\WinnerEvaluatorTest" classname="App.Tests.CardGame.WinnerEvaluatorTest" file="/mnt/c/Users/isabe/dbwebb-kurser/mvc/me/report/tests/CardGame/WinnerEvaluatorTest.php" line="54" assertions="3" time="0.012418"/>
        <testcase name="testDetermineWinnerWithEmptyPlayers" class="App\Tests\CardGame\WinnerEvaluatorTest" classname="App.Tests.CardGame.WinnerEvaluatorTest" file="/mnt/c/Users/isabe/dbwebb-kurser/mvc/me/report/tests/CardGame/WinnerEvaluatorTest.php" line="81" assertions="1" time="0.000557"/>
        <testcase name="testGetHandEvaluator" class="App\Tests\CardGame\WinnerEvaluatorTest" classname="App.Tests.CardGame.WinnerEvaluatorTest" file="/mnt/c/Users/isabe/dbwebb-kurser/mvc/me/report/tests/CardGame/WinnerEvaluatorTest.php" line="92" assertions="1" time="0.000393"/>
      </testsuite>
      <testsuite name="App\Tests\Controller\BlackJackControllerTest" file="/mnt/c/Users/isabe/dbwebb-kurser/mvc/me/report/tests/Controller/BlackJackControllerTest.php" tests="12" assertions="49" errors="0" warnings="0" failures="0" skipped="0" time="0.468696">
        <testcase name="testGame" class="App\Tests\Controller\BlackJackControllerTest" classname="App.Tests.Controller.BlackJackControllerTest" file="/mnt/c/Users/isabe/dbwebb-kurser/mvc/me/report/tests/Controller/BlackJackControllerTest.php" line="48" assertions="7" time="0.207322"/>
        <testcase name="testInit" class="App\Tests\Controller\BlackJackControllerTest" classname="App.Tests.Controller.BlackJackControllerTest" file="/mnt/c/Users/isabe/dbwebb-kurser/mvc/me/report/tests/Controller/BlackJackControllerTest.php" line="93" assertions="4" time="0.001116"/>
        <testcase name="testInitCallback" class="App\Tests\Controller\BlackJackControllerTest" classname="App.Tests.Controller.BlackJackControllerTest" file="/mnt/c/Users/isabe/dbwebb-kurser/mvc/me/report/tests/Controller/BlackJackControllerTest.php" line="117" assertions="4" time="0.242870"/>
        <testcase name="testInitCallbackFailed" class="App\Tests\Controller\BlackJackControllerTest" classname="App.Tests.Controller.BlackJackControllerTest" file="/mnt/c/Users/isabe/dbwebb-kurser/mvc/me/report/tests/Controller/BlackJackControllerTest.php" line="146" assertions="4" time="0.001255"/>
        <testcase name="testPlay" class="App\Tests\Controller\BlackJackControllerTest" classname="App.Tests.Controller.BlackJackControllerTest" file="/mnt/c/Users/isabe/dbwebb-kurser/mvc/me/report/tests/Controller/BlackJackControllerTest.php" line="178" assertions="5" time="0.002024"/>
        <testcase name="testStand" class="App\Tests\Controller\BlackJackControllerTest" classname="App.Tests.Controller.BlackJackControllerTest" file="/mnt/c/Users/isabe/dbwebb-kurser/mvc/me/report/tests/Controller/BlackJackControllerTest.php" line="237" assertions="4" time="0.001579"/>
        <testcase name="testHit" class="App\Tests\Controller\BlackJackControllerTest" classname="App.Tests.Controller.BlackJackControllerTest" file="/mnt/c/Users/isabe/dbwebb-kurser/mvc/me/report/tests/Controller/BlackJackControllerTest.php" line="280" assertions="4" time="0.002243"/>
        <testcase name="testDealerHit" class="App\Tests\Controller\BlackJackControllerTest" classname="App.Tests.Controller.BlackJackControllerTest" file="/mnt/c/Users/isabe/dbwebb-kurser/mvc/me/report/tests/Controller/BlackJackControllerTest.php" line="329" assertions="4" time="0.001827"/>
        <testcase name="testEndResult" class="App\Tests\Controller\BlackJackControllerTest" classname="App.Tests.Controller.BlackJackControllerTest" file="/mnt/c/Users/isabe/dbwebb-kurser/mvc/me/report/tests/Controller/BlackJackControllerTest.php" line="377" assertions="4" time="0.003487"/>
        <testcase name="testDoc" class="App\Tests\Controller\BlackJackControllerTest" classname="App.Tests.Controller.BlackJackControllerTest" file="/mnt/c/Users/isabe/dbwebb-kurser/mvc/me/report/tests/Controller/BlackJackControllerTest.php" line="445" assertions="3" time="0.000931"/>
        <testcase name="testPlayWithInvalidBet" class="App\Tests\Controller\BlackJackControllerTest" classname="App.Tests.Controller.BlackJackControllerTest" file="/mnt/c/Users/isabe/dbwebb-kurser/mvc/me/report/tests/Controller/BlackJackControllerTest.php" line="467" assertions="3" time="0.001381"/>
        <testcase name="testRedirectToGameEndResultAfterHit" class="App\Tests\Controller\BlackJackControllerTest" classname="App.Tests.Controller.BlackJackControllerTest" file="/mnt/c/Users/isabe/dbwebb-kurser/mvc/me/report/tests/Controller/BlackJackControllerTest.php" line="497" assertions="3" time="0.002661"/>
      </testsuite>
      <testsuite name="App\Tests\Controller\BlackJackJsonTest" file="/mnt/c/Users/isabe/dbwebb-kurser/mvc/me/report/tests/Controller/BlackJackJsonTest.php" tests="2" assertions="28" errors="0" warnings="0" failures="0" skipped="0" time="0.019631">
        <testcase name="testPlayWithoutGameStarted" class="App\Tests\Controller\BlackJackJsonTest" classname="App.Tests.Controller.BlackJackJsonTest" file="/mnt/c/Users/isabe/dbwebb-kurser/mvc/me/report/tests/Controller/BlackJackJsonTest.php" line="36" assertions="4" time="0.017524"/>
        <testcase name="testPlayWithGameInProgress" class="App\Tests\Controller\BlackJackJsonTest" classname="App.Tests.Controller.BlackJackJsonTest" file="/mnt/c/Users/isabe/dbwebb-kurser/mvc/me/report/tests/Controller/BlackJackJsonTest.php" line="60" assertions="24" time="0.002107"/>
      </testsuite>
      <testsuite name="App\Tests\Controller\CardGameControllerTest" file="/mnt/c/Users/isabe/dbwebb-kurser/mvc/me/report/tests/Controller/CardGameControllerTest.php" tests="13" assertions="42" errors="0" warnings="0" failures="0" skipped="0" time="0.046926">
        <testcase name="testShowSession" class="App\Tests\Controller\CardGameControllerTest" classname="App.Tests.Controller.CardGameControllerTest" file="/mnt/c/Users/isabe/dbwebb-kurser/mvc/me/report/tests/Controller/CardGameControllerTest.php" line="30" assertions="4" time="0.010545"/>
        <testcase name="testDeleteSession" class="App\Tests\Controller\CardGameControllerTest" classname="App.Tests.Controller.CardGameControllerTest" file="/mnt/c/Users/isabe/dbwebb-kurser/mvc/me/report/tests/Controller/CardGameControllerTest.php" line="54" assertions="4" time="0.001353"/>
        <testcase name="testHome" class="App\Tests\Controller\CardGameControllerTest" classname="App.Tests.Controller.CardGameControllerTest" file="/mnt/c/Users/isabe/dbwebb-kurser/mvc/me/report/tests/Controller/CardGameControllerTest.php" line="87" assertions="3" time="0.000832"/>
        <testcase name="testShowDeck" class="App\Tests\Controller\CardGameControllerTest" classname="App.Tests.Controller.CardGameControllerTest" file="/mnt/c/Users/isabe/dbwebb-kurser/mvc/me/report/tests/Controller/CardGameControllerTest.php" line="112" assertions="4" time="0.011286"/>
        <testcase name="testDrawCardWithNoDeckInSession" class="App\Tests\Controller\CardGameControllerTest" classname="App.Tests.Controller.CardGameControllerTest" file="/mnt/c/Users/isabe/dbwebb-kurser/mvc/me/report/tests/Controller/CardGameControllerTest.php" line="205" assertions="3" time="0.001012"/>
        <testcase name="testDrawCardWithEmptyDeck" class="App\Tests\Controller\CardGameControllerTest" classname="App.Tests.Controller.CardGameControllerTest" file="/mnt/c/Users/isabe/dbwebb-kurser/mvc/me/report/tests/Controller/CardGameControllerTest.php" line="234" assertions="3" time="0.001124"/>
        <testcase name="testDrawCardSuccessfully" class="App\Tests\Controller\CardGameControllerTest" classname="App.Tests.Controller.CardGameControllerTest" file="/mnt/c/Users/isabe/dbwebb-kurser/mvc/me/report/tests/Controller/CardGameControllerTest.php" line="267" assertions="3" time="0.001180"/>
        <testcase name="testDrawCardsPost" class="App\Tests\Controller\CardGameControllerTest" classname="App.Tests.Controller.CardGameControllerTest" file="/mnt/c/Users/isabe/dbwebb-kurser/mvc/me/report/tests/Controller/CardGameControllerTest.php" line="307" assertions="3" time="0.001029"/>
        <testcase name="testDrawNumberCardsWithNoDeckInSession" class="App\Tests\Controller\CardGameControllerTest" classname="App.Tests.Controller.CardGameControllerTest" file="/mnt/c/Users/isabe/dbwebb-kurser/mvc/me/report/tests/Controller/CardGameControllerTest.php" line="335" assertions="3" time="0.014591"/>
        <testcase name="testDrawNumberCardsWithEmptyDeck" class="App\Tests\Controller\CardGameControllerTest" classname="App.Tests.Controller.CardGameControllerTest" file="/mnt/c/Users/isabe/dbwebb-kurser/mvc/me/report/tests/Controller/CardGameControllerTest.php" line="363" assertions="3" time="0.001208"/>
        <testcase name="testDealCardsPost" class="App\Tests\Controller\CardGameControllerTest" classname="App.Tests.Controller.CardGameControllerTest" file="/mnt/c/Users/isabe/dbwebb-kurser/mvc/me/report/tests/Controller/CardGameControllerTest.php" line="395" assertions="3" time="0.000770"/>
        <testcase name="testDealCardsGetWithNoDeckInSession" class="App\Tests\Controller\CardGameControllerTest" classname="App.Tests.Controller.CardGameControllerTest" file="/mnt/c/Users/isabe/dbwebb-kurser/mvc/me/report/tests/Controller/CardGameControllerTest.php" line="420" assertions="3" time="0.000927"/>
        <testcase name="testDealCardsGetWithEmptyDeck" class="App\Tests\Controller\CardGameControllerTest" classname="App.Tests.Controller.CardGameControllerTest" file="/mnt/c/Users/isabe/dbwebb-kurser/mvc/me/report/tests/Controller/CardGameControllerTest.php" line="447" assertions="3" time="0.001068"/>
      </testsuite>
      <testsuite name="App\Tests\Controller\GamePlayerControllerTest" file="/mnt/c/Users/isabe/dbwebb-kurser/mvc/me/report/tests/Controller/GamePlayerControllerTest.php" tests="4" assertions="15" errors="0" warnings="0" failures="0" skipped="0" time="0.225243">
        <testcase name="testIndex" class="App\Tests\Controller\GamePlayerControllerTest" classname="App.Tests.Controller.GamePlayerControllerTest" file="/mnt/c/Users/isabe/dbwebb-kurser/mvc/me/report/tests/Controller/GamePlayerControllerTest.php" line="27" assertions="3" time="0.021561"/>
        <testcase name="testShowAllGamePlayers" class="App\Tests\Controller\GamePlayerControllerTest" classname="App.Tests.Controller.GamePlayerControllerTest" file="/mnt/c/Users/isabe/dbwebb-kurser/mvc/me/report/tests/Controller/GamePlayerControllerTest.php" line="48" assertions="4" time="0.190699"/>
        <testcase name="testShowAllScoresWithPlayers" class="App\Tests\Controller\GamePlayerControllerTest" classname="App.Tests.Controller.GamePlayerControllerTest" file="/mnt/c/Users/isabe/dbwebb-kurser/mvc/me/report/tests/Controller/GamePlayerControllerTest.php" line="88" assertions="4" time="0.012330"/>
        <testcase name="testResetPlayerDatabase" class="App\Tests\Controller\GamePlayerControllerTest" classname="App.Tests.Controller.GamePlayerControllerTest" file="/mnt/c/Users/isabe/dbwebb-kurser/mvc/me/report/tests/Controller/GamePlayerControllerTest.php" line="119" assertions="4" time="0.000652"/>
      </testsuite>
      <testsuite name="App\Tests\Controller\LibraryControllerTest" file="/mnt/c/Users/isabe/dbwebb-kurser/mvc/me/report/tests/Controller/LibraryControllerTest.php" tests="10" assertions="32" errors="0" warnings="0" failures="0" skipped="0" time="0.057245">
        <testcase name="testIndex" class="App\Tests\Controller\LibraryControllerTest" classname="App.Tests.Controller.LibraryControllerTest" file="/mnt/c/Users/isabe/dbwebb-kurser/mvc/me/report/tests/Controller/LibraryControllerTest.php" line="31" assertions="3" time="0.027172"/>
        <testcase name="testCreateBookFormRendering" class="App\Tests\Controller\LibraryControllerTest" classname="App.Tests.Controller.LibraryControllerTest" file="/mnt/c/Users/isabe/dbwebb-kurser/mvc/me/report/tests/Controller/LibraryControllerTest.php" line="52" assertions="3" time="0.011407"/>
        <testcase name="testCreateBookWithPost" class="App\Tests\Controller\LibraryControllerTest" classname="App.Tests.Controller.LibraryControllerTest" file="/mnt/c/Users/isabe/dbwebb-kurser/mvc/me/report/tests/Controller/LibraryControllerTest.php" line="81" assertions="1" time="0.000768"/>
        <testcase name="testUpdateBookFormRendering" class="App\Tests\Controller\LibraryControllerTest" classname="App.Tests.Controller.LibraryControllerTest" file="/mnt/c/Users/isabe/dbwebb-kurser/mvc/me/report/tests/Controller/LibraryControllerTest.php" line="103" assertions="4" time="0.012110"/>
        <testcase name="testShowAllBooks" class="App\Tests\Controller\LibraryControllerTest" classname="App.Tests.Controller.LibraryControllerTest" file="/mnt/c/Users/isabe/dbwebb-kurser/mvc/me/report/tests/Controller/LibraryControllerTest.php" line="142" assertions="4" time="0.001120"/>
        <testcase name="testShowBookById" class="App\Tests\Controller\LibraryControllerTest" classname="App.Tests.Controller.LibraryControllerTest" file="/mnt/c/Users/isabe/dbwebb-kurser/mvc/me/report/tests/Controller/LibraryControllerTest.php" line="169" assertions="4" time="0.001106"/>
        <testcase name="testDeleteBookById" class="App\Tests\Controller\LibraryControllerTest" classname="App.Tests.Controller.LibraryControllerTest" file="/mnt/c/Users/isabe/dbwebb-kurser/mvc/me/report/tests/Controller/LibraryControllerTest.php" line="198" assertions="4" time="0.001363"/>
        <testcase name="testGetAllBooks" class="App\Tests\Controller\LibraryControllerTest" classname="App.Tests.Controller.LibraryControllerTest" file="/mnt/c/Users/isabe/dbwebb-kurser/mvc/me/report/tests/Controller/LibraryControllerTest.php" line="231" assertions="3" time="0.000633"/>
        <testcase name="testGetBookByIsbn" class="App\Tests\Controller\LibraryControllerTest" classname="App.Tests.Controller.LibraryControllerTest" file="/mnt/c/Users/isabe/dbwebb-kurser/mvc/me/report/tests/Controller/LibraryControllerTest.php" line="245" assertions="3" time="0.000834"/>
        <testcase name="testResetDatabase" class="App\Tests\Controller\LibraryControllerTest" classname="App.Tests.Controller.LibraryControllerTest" file="/mnt/c/Users/isabe/dbwebb-kurser/mvc/me/report/tests/Controller/LibraryControllerTest.php" line="260" assertions="3" time="0.000733"/>
      </testsuite>
      <testsuite name="App\Tests\Controller\LuckyControllerTest" file="/mnt/c/Users/isabe/dbwebb-kurser/mvc/me/report/tests/Controller/LuckyControllerTest.php" tests="2" assertions="10" errors="0" warnings="0" failures="0" skipped="0" time="0.050926">
        <testcase name="testNumber" class="App\Tests\Controller\LuckyControllerTest" classname="App.Tests.Controller.LuckyControllerTest" file="/mnt/c/Users/isabe/dbwebb-kurser/mvc/me/report/tests/Controller/LuckyControllerTest.php" line="11" assertions="7" time="0.050486"/>
        <testcase name="testHiya" class="App\Tests\Controller\LuckyControllerTest" classname="App.Tests.Controller.LuckyControllerTest" file="/mnt/c/Users/isabe/dbwebb-kurser/mvc/me/report/tests/Controller/LuckyControllerTest.php" line="27" assertions="3" time="0.000440"/>
      </testsuite>
      <testsuite name="App\Tests\Controller\ReportSiteJsonTest" file="/mnt/c/Users/isabe/dbwebb-kurser/mvc/me/report/tests/Controller/ReportSiteJsonTest.php" tests="11" assertions="65" errors="0" warnings="0" failures="0" skipped="0" time="0.032925">
        <testcase name="testJsonNumber" class="App\Tests\Controller\ReportSiteJsonTest" classname="App.Tests.Controller.ReportSiteJsonTest" file="/mnt/c/Users/isabe/dbwebb-kurser/mvc/me/report/tests/Controller/ReportSiteJsonTest.php" line="36" assertions="5" time="0.011366"/>
        <testcase name="testJsonQuote" class="App\Tests\Controller\ReportSiteJsonTest" classname="App.Tests.Controller.ReportSiteJsonTest" file="/mnt/c/Users/isabe/dbwebb-kurser/mvc/me/report/tests/Controller/ReportSiteJsonTest.php" line="49" assertions="5" time="0.000679"/>
        <testcase name="testDrawCardFromEmptyDeck" class="App\Tests\Controller\ReportSiteJsonTest" classname="App.Tests.Controller.ReportSiteJsonTest" file="/mnt/c/Users/isabe/dbwebb-kurser/mvc/me/report/tests/Controller/ReportSiteJsonTest.php" line="62" assertions="5" time="0.000757"/>
        <testcase name="testDrawMultipleCardsFromEmptyDeck" class="App\Tests\Controller\ReportSiteJsonTest" classname="App.Tests.Controller.ReportSiteJsonTest" file="/mnt/c/Users/isabe/dbwebb-kurser/mvc/me/report/tests/Controller/ReportSiteJsonTest.php" line="79" assertions="5" time="0.000749"/>
        <testcase name="testDrawMultipleCardsInvalidNumber" class="App\Tests\Controller\ReportSiteJsonTest" classname="App.Tests.Controller.ReportSiteJsonTest" file="/mnt/c/Users/isabe/dbwebb-kurser/mvc/me/report/tests/Controller/ReportSiteJsonTest.php" line="96" assertions="6" time="0.000751"/>
        <testcase name="testDrawMultipleCardsSuccessfully" class="App\Tests\Controller\ReportSiteJsonTest" classname="App.Tests.Controller.ReportSiteJsonTest" file="/mnt/c/Users/isabe/dbwebb-kurser/mvc/me/report/tests/Controller/ReportSiteJsonTest.php" line="118" assertions="11" time="0.000976"/>
        <testcase name="testGetDeck" class="App\Tests\Controller\ReportSiteJsonTest" classname="App.Tests.Controller.ReportSiteJsonTest" file="/mnt/c/Users/isabe/dbwebb-kurser/mvc/me/report/tests/Controller/ReportSiteJsonTest.php" line="171" assertions="7" time="0.005349"/>
        <testcase name="testShuffleDeck" class="App\Tests\Controller\ReportSiteJsonTest" classname="App.Tests.Controller.ReportSiteJsonTest" file="/mnt/c/Users/isabe/dbwebb-kurser/mvc/me/report/tests/Controller/ReportSiteJsonTest.php" line="193" assertions="4" time="0.009465"/>
        <testcase name="testDrawCard" class="App\Tests\Controller\ReportSiteJsonTest" classname="App.Tests.Controller.ReportSiteJsonTest" file="/mnt/c/Users/isabe/dbwebb-kurser/mvc/me/report/tests/Controller/ReportSiteJsonTest.php" line="216" assertions="6" time="0.001068"/>
        <testcase name="testDealCardsToPlayers" class="App\Tests\Controller\ReportSiteJsonTest" classname="App.Tests.Controller.ReportSiteJsonTest" file="/mnt/c/Users/isabe/dbwebb-kurser/mvc/me/report/tests/Controller/ReportSiteJsonTest.php" line="241" assertions="6" time="0.001007"/>
        <testcase name="testDealCardsToPlayersWithInvalidNumbers" class="App\Tests\Controller\ReportSiteJsonTest" classname="App.Tests.Controller.ReportSiteJsonTest" file="/mnt/c/Users/isabe/dbwebb-kurser/mvc/me/report/tests/Controller/ReportSiteJsonTest.php" line="266" assertions="5" time="0.000759"/>
      </testsuite>
      <testsuite name="App\Tests\Controller\ReportSiteTest" file="/mnt/c/Users/isabe/dbwebb-kurser/mvc/me/report/tests/Controller/ReportSiteTest.php" tests="7" assertions="21" errors="0" warnings="0" failures="0" skipped="0" time="0.014562">
        <testcase name="testNumber" class="App\Tests\Controller\ReportSiteTest" classname="App.Tests.Controller.ReportSiteTest" file="/mnt/c/Users/isabe/dbwebb-kurser/mvc/me/report/tests/Controller/ReportSiteTest.php" line="32" assertions="3" time="0.010348"/>
        <testcase name="testHome" class="App\Tests\Controller\ReportSiteTest" classname="App.Tests.Controller.ReportSiteTest" file="/mnt/c/Users/isabe/dbwebb-kurser/mvc/me/report/tests/Controller/ReportSiteTest.php" line="45" assertions="3" time="0.000719"/>
        <testcase name="testAbout" class="App\Tests\Controller\ReportSiteTest" classname="App.Tests.Controller.ReportSiteTest" file="/mnt/c/Users/isabe/dbwebb-kurser/mvc/me/report/tests/Controller/ReportSiteTest.php" line="58" assertions="3" time="0.000715"/>
        <testcase name="testReport" class="App\Tests\Controller\ReportSiteTest" classname="App.Tests.Controller.ReportSiteTest" file="/mnt/c/Users/isabe/dbwebb-kurser/mvc/me/report/tests/Controller/ReportSiteTest.php" line="71" assertions="3" time="0.000702"/>
        <testcase name="testMetrics" class="App\Tests\Controller\ReportSiteTest" classname="App.Tests.Controller.ReportSiteTest" file="/mnt/c/Users/isabe/dbwebb-kurser/mvc/me/report/tests/Controller/ReportSiteTest.php" line="84" assertions="3" time="0.000725"/>
        <testcase name="testProj" class="App\Tests\Controller\ReportSiteTest" classname="App.Tests.Controller.ReportSiteTest" file="/mnt/c/Users/isabe/dbwebb-kurser/mvc/me/report/tests/Controller/ReportSiteTest.php" line="97" assertions="3" time="0.000662"/>
        <testcase name="testApiHome" class="App\Tests\Controller\ReportSiteTest" classname="App.Tests.Controller.ReportSiteTest" file="/mnt/c/Users/isabe/dbwebb-kurser/mvc/me/report/tests/Controller/ReportSiteTest.php" line="110" assertions="3" time="0.000691"/>
      </testsuite>
      <testsuite name="App\Tests\Controller\TexasHoldemControllerTest" file="/mnt/c/Users/isabe/dbwebb-kurser/mvc/me/report/tests/Controller/TexasHoldemControllerTest.php" tests="19" assertions="69" errors="0" warnings="0" failures="0" skipped="0" time="0.229861">
        <testcase name="testSubmitScore" class="App\Tests\Controller\TexasHoldemControllerTest" classname="App.Tests.Controller.TexasHoldemControllerTest" file="/mnt/c/Users/isabe/dbwebb-kurser/mvc/me/report/tests/Controller/TexasHoldemControllerTest.php" line="77" assertions="5" time="0.201181"/>
        <testcase name="testStartGameGetRequest" class="App\Tests\Controller\TexasHoldemControllerTest" classname="App.Tests.Controller.TexasHoldemControllerTest" file="/mnt/c/Users/isabe/dbwebb-kurser/mvc/me/report/tests/Controller/TexasHoldemControllerTest.php" line="119" assertions="3" time="0.001044"/>
        <testcase name="testAboutRequest" class="App\Tests\Controller\TexasHoldemControllerTest" classname="App.Tests.Controller.TexasHoldemControllerTest" file="/mnt/c/Users/isabe/dbwebb-kurser/mvc/me/report/tests/Controller/TexasHoldemControllerTest.php" line="138" assertions="3" time="0.000962"/>
        <testcase name="testStartTexasHoldemGame" class="App\Tests\Controller\TexasHoldemControllerTest" classname="App.Tests.Controller.TexasHoldemControllerTest" file="/mnt/c/Users/isabe/dbwebb-kurser/mvc/me/report/tests/Controller/TexasHoldemControllerTest.php" line="154" assertions="5" time="0.002586"/>
        <testcase name="testIndexPage" class="App\Tests\Controller\TexasHoldemControllerTest" classname="App.Tests.Controller.TexasHoldemControllerTest" file="/mnt/c/Users/isabe/dbwebb-kurser/mvc/me/report/tests/Controller/TexasHoldemControllerTest.php" line="197" assertions="3" time="0.001001"/>
        <testcase name="testPlayRoundGet" class="App\Tests\Controller\TexasHoldemControllerTest" classname="App.Tests.Controller.TexasHoldemControllerTest" file="/mnt/c/Users/isabe/dbwebb-kurser/mvc/me/report/tests/Controller/TexasHoldemControllerTest.php" line="217" assertions="5" time="0.001663"/>
        <testcase name="testPlayRoundRedirectsToStartIfNoGameInSession" class="App\Tests\Controller\TexasHoldemControllerTest" classname="App.Tests.Controller.TexasHoldemControllerTest" file="/mnt/c/Users/isabe/dbwebb-kurser/mvc/me/report/tests/Controller/TexasHoldemControllerTest.php" line="249" assertions="4" time="0.001283"/>
        <testcase name="testPlayRoundHandlesComputerPlayerAction" class="App\Tests\Controller\TexasHoldemControllerTest" classname="App.Tests.Controller.TexasHoldemControllerTest" file="/mnt/c/Users/isabe/dbwebb-kurser/mvc/me/report/tests/Controller/TexasHoldemControllerTest.php" line="280" assertions="5" time="0.002204"/>
        <testcase name="testStartNewRound" class="App\Tests\Controller\TexasHoldemControllerTest" classname="App.Tests.Controller.TexasHoldemControllerTest" file="/mnt/c/Users/isabe/dbwebb-kurser/mvc/me/report/tests/Controller/TexasHoldemControllerTest.php" line="333" assertions="5" time="0.001360"/>
        <testcase name="testStartNewRoundRedirectsToStartIfNoGameInSession" class="App\Tests\Controller\TexasHoldemControllerTest" classname="App.Tests.Controller.TexasHoldemControllerTest" file="/mnt/c/Users/isabe/dbwebb-kurser/mvc/me/report/tests/Controller/TexasHoldemControllerTest.php" line="365" assertions="4" time="0.001184"/>
        <testcase name="testSubmitScoreInvalidUsername" class="App\Tests\Controller\TexasHoldemControllerTest" classname="App.Tests.Controller.TexasHoldemControllerTest" file="/mnt/c/Users/isabe/dbwebb-kurser/mvc/me/report/tests/Controller/TexasHoldemControllerTest.php" line="395" assertions="6" time="0.000919"/>
        <testcase name="testSubmitScoreRedirectsToStartIfNoGameInSession" class="App\Tests\Controller\TexasHoldemControllerTest" classname="App.Tests.Controller.TexasHoldemControllerTest" file="/mnt/c/Users/isabe/dbwebb-kurser/mvc/me/report/tests/Controller/TexasHoldemControllerTest.php" line="429" assertions="4" time="0.001352"/>
        <testcase name="testDatabaseRequest" class="App\Tests\Controller\TexasHoldemControllerTest" classname="App.Tests.Controller.TexasHoldemControllerTest" file="/mnt/c/Users/isabe/dbwebb-kurser/mvc/me/report/tests/Controller/TexasHoldemControllerTest.php" line="467" assertions="3" time="0.000995"/>
        <testcase name="testPlayRoundRendersGameView" class="App\Tests\Controller\TexasHoldemControllerTest" classname="App.Tests.Controller.TexasHoldemControllerTest" file="/mnt/c/Users/isabe/dbwebb-kurser/mvc/me/report/tests/Controller/TexasHoldemControllerTest.php" line="482" assertions="4" time="0.001627"/>
        <testcase name="testRenderGameViewWhenGameIsOver" class="App\Tests\Controller\TexasHoldemControllerTest" classname="App.Tests.Controller.TexasHoldemControllerTest" file="/mnt/c/Users/isabe/dbwebb-kurser/mvc/me/report/tests/Controller/TexasHoldemControllerTest.php" line="519" assertions="1" time="0.004703"/>
        <testcase name="testCurrentActionIndexResetToDefaultIfNotNumeric" class="App\Tests\Controller\TexasHoldemControllerTest" classname="App.Tests.Controller.TexasHoldemControllerTest" file="/mnt/c/Users/isabe/dbwebb-kurser/mvc/me/report/tests/Controller/TexasHoldemControllerTest.php" line="536" assertions="1" time="0.001190"/>
        <testcase name="testFoldedPlayerIsSkipped" class="App\Tests\Controller\TexasHoldemControllerTest" classname="App.Tests.Controller.TexasHoldemControllerTest" file="/mnt/c/Users/isabe/dbwebb-kurser/mvc/me/report/tests/Controller/TexasHoldemControllerTest.php" line="557" assertions="1" time="0.001531"/>
        <testcase name="testReturnResponse" class="App\Tests\Controller\TexasHoldemControllerTest" classname="App.Tests.Controller.TexasHoldemControllerTest" file="/mnt/c/Users/isabe/dbwebb-kurser/mvc/me/report/tests/Controller/TexasHoldemControllerTest.php" line="585" assertions="5" time="0.001729"/>
        <testcase name="testHandleAllInScenario" class="App\Tests\Controller\TexasHoldemControllerTest" classname="App.Tests.Controller.TexasHoldemControllerTest" file="/mnt/c/Users/isabe/dbwebb-kurser/mvc/me/report/tests/Controller/TexasHoldemControllerTest.php" line="617" assertions="2" time="0.001347"/>
      </testsuite>
      <testsuite name="App\Tests\Controller\TexasHoldemJsonTest" file="/mnt/c/Users/isabe/dbwebb-kurser/mvc/me/report/tests/Controller/TexasHoldemJsonTest.php" tests="11" assertions="79" errors="0" warnings="0" failures="0" skipped="0" time="0.039981">
        <testcase name="testStartNewGame" class="App\Tests\Controller\TexasHoldemJsonTest" classname="App.Tests.Controller.TexasHoldemJsonTest" file="/mnt/c/Users/isabe/dbwebb-kurser/mvc/me/report/tests/Controller/TexasHoldemJsonTest.php" line="51" assertions="7" time="0.029173"/>
        <testcase name="testGetGameStateWithoutGame" class="App\Tests\Controller\TexasHoldemJsonTest" classname="App.Tests.Controller.TexasHoldemJsonTest" file="/mnt/c/Users/isabe/dbwebb-kurser/mvc/me/report/tests/Controller/TexasHoldemJsonTest.php" line="88" assertions="6" time="0.000892"/>
        <testcase name="testGetGameStateWithGame" class="App\Tests\Controller\TexasHoldemJsonTest" classname="App.Tests.Controller.TexasHoldemJsonTest" file="/mnt/c/Users/isabe/dbwebb-kurser/mvc/me/report/tests/Controller/TexasHoldemJsonTest.php" line="108" assertions="8" time="0.001504"/>
        <testcase name="testResetGame" class="App\Tests\Controller\TexasHoldemJsonTest" classname="App.Tests.Controller.TexasHoldemJsonTest" file="/mnt/c/Users/isabe/dbwebb-kurser/mvc/me/report/tests/Controller/TexasHoldemJsonTest.php" line="143" assertions="6" time="0.000801"/>
        <testcase name="testSetChipsForPlayer" class="App\Tests\Controller\TexasHoldemJsonTest" classname="App.Tests.Controller.TexasHoldemJsonTest" file="/mnt/c/Users/isabe/dbwebb-kurser/mvc/me/report/tests/Controller/TexasHoldemJsonTest.php" line="162" assertions="7" time="0.001536"/>
        <testcase name="testSetChipsNoGameFound" class="App\Tests\Controller\TexasHoldemJsonTest" classname="App.Tests.Controller.TexasHoldemJsonTest" file="/mnt/c/Users/isabe/dbwebb-kurser/mvc/me/report/tests/Controller/TexasHoldemJsonTest.php" line="193" assertions="7" time="0.000883"/>
        <testcase name="testGetCommunityCardsWithoutGame" class="App\Tests\Controller\TexasHoldemJsonTest" classname="App.Tests.Controller.TexasHoldemJsonTest" file="/mnt/c/Users/isabe/dbwebb-kurser/mvc/me/report/tests/Controller/TexasHoldemJsonTest.php" line="216" assertions="6" time="0.000790"/>
        <testcase name="testGetCommunityCards" class="App\Tests\Controller\TexasHoldemJsonTest" classname="App.Tests.Controller.TexasHoldemJsonTest" file="/mnt/c/Users/isabe/dbwebb-kurser/mvc/me/report/tests/Controller/TexasHoldemJsonTest.php" line="236" assertions="6" time="0.001313"/>
        <testcase name="testGetPlayerCardsWithoutGame" class="App\Tests\Controller\TexasHoldemJsonTest" classname="App.Tests.Controller.TexasHoldemJsonTest" file="/mnt/c/Users/isabe/dbwebb-kurser/mvc/me/report/tests/Controller/TexasHoldemJsonTest.php" line="274" assertions="6" time="0.000793"/>
        <testcase name="testGetPlayerCardsPlayerNotFound" class="App\Tests\Controller\TexasHoldemJsonTest" classname="App.Tests.Controller.TexasHoldemJsonTest" file="/mnt/c/Users/isabe/dbwebb-kurser/mvc/me/report/tests/Controller/TexasHoldemJsonTest.php" line="293" assertions="9" time="0.001005"/>
        <testcase name="testGetPlayerCardsSuccess" class="App\Tests\Controller\TexasHoldemJsonTest" classname="App.Tests.Controller.TexasHoldemJsonTest" file="/mnt/c/Users/isabe/dbwebb-kurser/mvc/me/report/tests/Controller/TexasHoldemJsonTest.php" line="323" assertions="11" time="0.001291"/>
      </testsuite>
      <testsuite name="App\Dice\DiceTest" file="/mnt/c/Users/isabe/dbwebb-kurser/mvc/me/report/tests/Dice/DiceTest.php" tests="1" assertions="2" errors="0" warnings="0" failures="0" skipped="0" time="0.013161">
        <testcase name="testCreateDice" class="App\Dice\DiceTest" classname="App.Dice.DiceTest" file="/mnt/c/Users/isabe/dbwebb-kurser/mvc/me/report/tests/Dice/DiceTest.php" line="16" assertions="2" time="0.013161"/>
      </testsuite>
      <testsuite name="App\Tests\Entity\GamePlayerTest" file="/mnt/c/Users/isabe/dbwebb-kurser/mvc/me/report/tests/Entity/GamePlayerTest.php" tests="10" assertions="23" errors="0" warnings="0" failures="0" skipped="0" time="0.004781">
        <testcase name="testInitialValues" class="App\Tests\Entity\GamePlayerTest" classname="App.Tests.Entity.GamePlayerTest" file="/mnt/c/Users/isabe/dbwebb-kurser/mvc/me/report/tests/Entity/GamePlayerTest.php" line="14" assertions="5" time="0.000360"/>
        <testcase name="testGetId" class="App\Tests\Entity\GamePlayerTest" classname="App.Tests.Entity.GamePlayerTest" file="/mnt/c/Users/isabe/dbwebb-kurser/mvc/me/report/tests/Entity/GamePlayerTest.php" line="25" assertions="2" time="0.000311"/>
        <testcase name="testGetUsername" class="App\Tests\Entity\GamePlayerTest" classname="App.Tests.Entity.GamePlayerTest" file="/mnt/c/Users/isabe/dbwebb-kurser/mvc/me/report/tests/Entity/GamePlayerTest.php" line="38" assertions="2" time="0.000310"/>
        <testcase name="testSetId" class="App\Tests\Entity\GamePlayerTest" classname="App.Tests.Entity.GamePlayerTest" file="/mnt/c/Users/isabe/dbwebb-kurser/mvc/me/report/tests/Entity/GamePlayerTest.php" line="51" assertions="1" time="0.000297"/>
        <testcase name="testGetAge" class="App\Tests\Entity\GamePlayerTest" classname="App.Tests.Entity.GamePlayerTest" file="/mnt/c/Users/isabe/dbwebb-kurser/mvc/me/report/tests/Entity/GamePlayerTest.php" line="59" assertions="2" time="0.000300"/>
        <testcase name="testGetScores" class="App\Tests\Entity\GamePlayerTest" classname="App.Tests.Entity.GamePlayerTest" file="/mnt/c/Users/isabe/dbwebb-kurser/mvc/me/report/tests/Entity/GamePlayerTest.php" line="73" assertions="4" time="0.001097"/>
        <testcase name="testSetAndGetUsername" class="App\Tests\Entity\GamePlayerTest" classname="App.Tests.Entity.GamePlayerTest" file="/mnt/c/Users/isabe/dbwebb-kurser/mvc/me/report/tests/Entity/GamePlayerTest.php" line="86" assertions="1" time="0.000308"/>
        <testcase name="testSetAndGetAge" class="App\Tests\Entity\GamePlayerTest" classname="App.Tests.Entity.GamePlayerTest" file="/mnt/c/Users/isabe/dbwebb-kurser/mvc/me/report/tests/Entity/GamePlayerTest.php" line="95" assertions="1" time="0.000292"/>
        <testcase name="testGetScoresReturnsCollection" class="App\Tests\Entity\GamePlayerTest" classname="App.Tests.Entity.GamePlayerTest" file="/mnt/c/Users/isabe/dbwebb-kurser/mvc/me/report/tests/Entity/GamePlayerTest.php" line="104" assertions="2" time="0.000314"/>
        <testcase name="testAddScore" class="App\Tests\Entity\GamePlayerTest" classname="App.Tests.Entity.GamePlayerTest" file="/mnt/c/Users/isabe/dbwebb-kurser/mvc/me/report/tests/Entity/GamePlayerTest.php" line="111" assertions="3" time="0.001192"/>
      </testsuite>
      <testsuite name="App\Tests\Entity\ScoresTest" file="/mnt/c/Users/isabe/dbwebb-kurser/mvc/me/report/tests/Entity/ScoresTest.php" tests="5" assertions="10" errors="0" warnings="0" failures="0" skipped="0" time="0.001626">
        <testcase name="testInitialValues" class="App\Tests\Entity\ScoresTest" classname="App.Tests.Entity.ScoresTest" file="/mnt/c/Users/isabe/dbwebb-kurser/mvc/me/report/tests/Entity/ScoresTest.php" line="12" assertions="4" time="0.000310"/>
        <testcase name="testSetAndGetUserId" class="App\Tests\Entity\ScoresTest" classname="App.Tests.Entity.ScoresTest" file="/mnt/c/Users/isabe/dbwebb-kurser/mvc/me/report/tests/Entity/ScoresTest.php" line="22" assertions="1" time="0.000400"/>
        <testcase name="testSetAndGetScore" class="App\Tests\Entity\ScoresTest" classname="App.Tests.Entity.ScoresTest" file="/mnt/c/Users/isabe/dbwebb-kurser/mvc/me/report/tests/Entity/ScoresTest.php" line="32" assertions="1" time="0.000284"/>
        <testcase name="testSetAndGetDate" class="App\Tests\Entity\ScoresTest" classname="App.Tests.Entity.ScoresTest" file="/mnt/c/Users/isabe/dbwebb-kurser/mvc/me/report/tests/Entity/ScoresTest.php" line="42" assertions="1" time="0.000293"/>
        <testcase name="testScoreRelationshipWithGamePlayer" class="App\Tests\Entity\ScoresTest" classname="App.Tests.Entity.ScoresTest" file="/mnt/c/Users/isabe/dbwebb-kurser/mvc/me/report/tests/Entity/ScoresTest.php" line="52" assertions="3" time="0.000340"/>
      </testsuite>
      <testsuite name="App\Entity\LibraryTest" file="/mnt/c/Users/isabe/dbwebb-kurser/mvc/me/report/tests/Library/LibraryTest.php" tests="5" assertions="5" errors="0" warnings="0" failures="0" skipped="0" time="0.001443">
        <testcase name="testSetTitle" class="App\Entity\LibraryTest" classname="App.Entity.LibraryTest" file="/mnt/c/Users/isabe/dbwebb-kurser/mvc/me/report/tests/Library/LibraryTest.php" line="9" assertions="1" time="0.000292"/>
        <testcase name="testSetAndGetAuthor" class="App\Entity\LibraryTest" classname="App.Entity.LibraryTest" file="/mnt/c/Users/isabe/dbwebb-kurser/mvc/me/report/tests/Library/LibraryTest.php" line="16" assertions="1" time="0.000288"/>
        <testcase name="testSetAndGetIsbn" class="App\Entity\LibraryTest" classname="App.Entity.LibraryTest" file="/mnt/c/Users/isabe/dbwebb-kurser/mvc/me/report/tests/Library/LibraryTest.php" line="23" assertions="1" time="0.000288"/>
        <testcase name="testSetAndGetBookimage" class="App\Entity\LibraryTest" classname="App.Entity.LibraryTest" file="/mnt/c/Users/isabe/dbwebb-kurser/mvc/me/report/tests/Library/LibraryTest.php" line="30" assertions="1" time="0.000289"/>
        <testcase name="testSetAndGetDescription" class="App\Entity\LibraryTest" classname="App.Entity.LibraryTest" file="/mnt/c/Users/isabe/dbwebb-kurser/mvc/me/report/tests/Library/LibraryTest.php" line="37" assertions="1" time="0.000286"/>
      </testsuite>
      <testsuite name="App\Tests\Entity\ProductTest" file="/mnt/c/Users/isabe/dbwebb-kurser/mvc/me/report/tests/Library/ProductTest.php" tests="2" assertions="2" errors="0" warnings="0" failures="0" skipped="0" time="0.009945">
        <testcase name="testSetName" class="App\Tests\Entity\ProductTest" classname="App.Tests.Entity.ProductTest" file="/mnt/c/Users/isabe/dbwebb-kurser/mvc/me/report/tests/Library/ProductTest.php" line="10" assertions="1" time="0.009636"/>
        <testcase name="testSetValue" class="App\Tests\Entity\ProductTest" classname="App.Tests.Entity.ProductTest" file="/mnt/c/Users/isabe/dbwebb-kurser/mvc/me/report/tests/Library/ProductTest.php" line="17" assertions="1" time="0.000309"/>
      </testsuite>
      <testsuite name="App\Tests\Service\ApiServiceTest" file="/mnt/c/Users/isabe/dbwebb-kurser/mvc/me/report/tests/Service/ApiServiceTest.php" tests="3" assertions="17" errors="0" warnings="0" failures="0" skipped="0" time="0.003410">
        <testcase name="testGetAllBooks" class="App\Tests\Service\ApiServiceTest" classname="App.Tests.Service.ApiServiceTest" file="/mnt/c/Users/isabe/dbwebb-kurser/mvc/me/report/tests/Service/ApiServiceTest.php" line="24" assertions="6" time="0.001461"/>
        <testcase name="testGetBookByIsbn" class="App\Tests\Service\ApiServiceTest" classname="App.Tests.Service.ApiServiceTest" file="/mnt/c/Users/isabe/dbwebb-kurser/mvc/me/report/tests/Service/ApiServiceTest.php" line="49" assertions="5" time="0.001262"/>
        <testcase name="testGetBookByIsbnNotFound" class="App\Tests\Service\ApiServiceTest" classname="App.Tests.Service.ApiServiceTest" file="/mnt/c/Users/isabe/dbwebb-kurser/mvc/me/report/tests/Service/ApiServiceTest.php" line="74" assertions="6" time="0.000687"/>
      </testsuite>
      <testsuite name="App\Tests\Service\DatabaseResetServiceTest" file="/mnt/c/Users/isabe/dbwebb-kurser/mvc/me/report/tests/Service/DatabaseResetServiceTest.php" tests="1" assertions="3" errors="0" warnings="0" failures="0" skipped="0" time="0.000906">
        <testcase name="testResetDatabase" class="App\Tests\Service\DatabaseResetServiceTest" classname="App.Tests.Service.DatabaseResetServiceTest" file="/mnt/c/Users/isabe/dbwebb-kurser/mvc/me/report/tests/Service/DatabaseResetServiceTest.php" line="24" assertions="3" time="0.000906"/>
      </testsuite>
      <testsuite name="App\Tests\Service\PlayerScoreResetServiceTest" file="/mnt/c/Users/isabe/dbwebb-kurser/mvc/me/report/tests/Service/PlayerScoreResetServiceTest.php" tests="2" assertions="9" errors="0" warnings="0" failures="0" skipped="0" time="0.013366">
        <testcase name="testResetPlayerDataSuccess" class="App\Tests\Service\PlayerScoreResetServiceTest" classname="App.Tests.Service.PlayerScoreResetServiceTest" file="/mnt/c/Users/isabe/dbwebb-kurser/mvc/me/report/tests/Service/PlayerScoreResetServiceTest.php" line="49" assertions="5" time="0.000935"/>
        <testcase name="testResetPlayerDataFailure" class="App\Tests\Service\PlayerScoreResetServiceTest" classname="App.Tests.Service.PlayerScoreResetServiceTest" file="/mnt/c/Users/isabe/dbwebb-kurser/mvc/me/report/tests/Service/PlayerScoreResetServiceTest.php" line="67" assertions="4" time="0.012430"/>
      </testsuite>
    </testsuite>
  </testsuite>
</testsuites>
