<?xml version="1.0" encoding="UTF-8"?>
<testsuites>
  <testsuite name="" tests="57" assertions="185" errors="0" warnings="1" failures="0" skipped="0" time="0.955952">
    <testsuite name="Project Test Suite" tests="57" assertions="185" errors="0" warnings="1" failures="0" skipped="0" time="0.955952">
      <testsuite name="App\Tests\CardGame\CardGraphicTest" file="/mnt/c/Users/isabe/dbwebb-kurser/mvc/me/report/tests/CardGame/CardGraphicTest.php" tests="2" assertions="2" errors="0" warnings="0" failures="0" skipped="0" time="0.103264">
        <testcase name="testGetAsString" class="App\Tests\CardGame\CardGraphicTest" classname="App.Tests.CardGame.CardGraphicTest" file="/mnt/c/Users/isabe/dbwebb-kurser/mvc/me/report/tests/CardGame/CardGraphicTest.php" line="10" assertions="1" time="0.102951"/>
        <testcase name="testGetUnturned" class="App\Tests\CardGame\CardGraphicTest" classname="App.Tests.CardGame.CardGraphicTest" file="/mnt/c/Users/isabe/dbwebb-kurser/mvc/me/report/tests/CardGame/CardGraphicTest.php" line="16" assertions="1" time="0.000313"/>
      </testsuite>
      <testsuite name="App\Tests\CardGame\CardHandTest" file="/mnt/c/Users/isabe/dbwebb-kurser/mvc/me/report/tests/CardGame/CardHandTest.php" tests="10" assertions="17" errors="0" warnings="0" failures="0" skipped="0" time="0.035480">
        <testcase name="testAddCardAndGetCards" class="App\Tests\CardGame\CardHandTest" classname="App.Tests.CardGame.CardHandTest" file="/mnt/c/Users/isabe/dbwebb-kurser/mvc/me/report/tests/CardGame/CardHandTest.php" line="11" assertions="1" time="0.019258"/>
        <testcase name="testCalculateTotal" class="App\Tests\CardGame\CardHandTest" classname="App.Tests.CardGame.CardHandTest" file="/mnt/c/Users/isabe/dbwebb-kurser/mvc/me/report/tests/CardGame/CardHandTest.php" line="23" assertions="2" time="0.000346"/>
        <testcase name="testCalculateTotalWithAce" class="App\Tests\CardGame\CardHandTest" classname="App.Tests.CardGame.CardHandTest" file="/mnt/c/Users/isabe/dbwebb-kurser/mvc/me/report/tests/CardGame/CardHandTest.php" line="39" assertions="2" time="0.000333"/>
        <testcase name="testCalculateTotalWithAceAsEleven" class="App\Tests\CardGame\CardHandTest" classname="App.Tests.CardGame.CardHandTest" file="/mnt/c/Users/isabe/dbwebb-kurser/mvc/me/report/tests/CardGame/CardHandTest.php" line="55" assertions="2" time="0.000344"/>
        <testcase name="testCalculateTotalWithFaceCards" class="App\Tests\CardGame\CardHandTest" classname="App.Tests.CardGame.CardHandTest" file="/mnt/c/Users/isabe/dbwebb-kurser/mvc/me/report/tests/CardGame/CardHandTest.php" line="68" assertions="2" time="0.000351"/>
        <testcase name="testCalculateTotalDealer" class="App\Tests\CardGame\CardHandTest" classname="App.Tests.CardGame.CardHandTest" file="/mnt/c/Users/isabe/dbwebb-kurser/mvc/me/report/tests/CardGame/CardHandTest.php" line="80" assertions="1" time="0.000321"/>
        <testcase name="testCalculateTotalWithAceHighAdjustment" class="App\Tests\CardGame\CardHandTest" classname="App.Tests.CardGame.CardHandTest" file="/mnt/c/Users/isabe/dbwebb-kurser/mvc/me/report/tests/CardGame/CardHandTest.php" line="96" assertions="2" time="0.000340"/>
        <testcase name="testCalculateTotalDealerWithAce" class="App\Tests\CardGame\CardHandTest" classname="App.Tests.CardGame.CardHandTest" file="/mnt/c/Users/isabe/dbwebb-kurser/mvc/me/report/tests/CardGame/CardHandTest.php" line="114" assertions="1" time="0.000307"/>
        <testcase name="testCalculateTotalDealerWithFaceCard" class="App\Tests\CardGame\CardHandTest" classname="App.Tests.CardGame.CardHandTest" file="/mnt/c/Users/isabe/dbwebb-kurser/mvc/me/report/tests/CardGame/CardHandTest.php" line="125" assertions="1" time="0.000306"/>
        <testcase name="testDealCards" class="App\Tests\CardGame\CardHandTest" classname="App.Tests.CardGame.CardHandTest" file="/mnt/c/Users/isabe/dbwebb-kurser/mvc/me/report/tests/CardGame/CardHandTest.php" line="136" assertions="3" time="0.013573"/>
      </testsuite>
      <testsuite name="App\Tests\CardGame\CardTest" file="/mnt/c/Users/isabe/dbwebb-kurser/mvc/me/report/tests/CardGame/CardTest.php" tests="4" assertions="7" errors="0" warnings="0" failures="0" skipped="0" time="0.001148">
        <testcase name="testGetValue" class="App\Tests\CardGame\CardTest" classname="App.Tests.CardGame.CardTest" file="/mnt/c/Users/isabe/dbwebb-kurser/mvc/me/report/tests/CardGame/CardTest.php" line="10" assertions="1" time="0.000286"/>
        <testcase name="testGetCardName" class="App\Tests\CardGame\CardTest" classname="App.Tests.CardGame.CardTest" file="/mnt/c/Users/isabe/dbwebb-kurser/mvc/me/report/tests/CardGame/CardTest.php" line="16" assertions="4" time="0.000301"/>
        <testcase name="testGetSuit" class="App\Tests\CardGame\CardTest" classname="App.Tests.CardGame.CardTest" file="/mnt/c/Users/isabe/dbwebb-kurser/mvc/me/report/tests/CardGame/CardTest.php" line="28" assertions="1" time="0.000273"/>
        <testcase name="testGetCardNameDefault" class="App\Tests\CardGame\CardTest" classname="App.Tests.CardGame.CardTest" file="/mnt/c/Users/isabe/dbwebb-kurser/mvc/me/report/tests/CardGame/CardTest.php" line="33" assertions="1" time="0.000287"/>
      </testsuite>
      <testsuite name="App\Tests\CardGame\DeckOfCardsTest" file="/mnt/c/Users/isabe/dbwebb-kurser/mvc/me/report/tests/CardGame/DeckOfCardsTest.php" tests="1" assertions="1" errors="0" warnings="0" failures="0" skipped="0" time="0.009170">
        <testcase name="testGetDeck" class="App\Tests\CardGame\DeckOfCardsTest" classname="App.Tests.CardGame.DeckOfCardsTest" file="/mnt/c/Users/isabe/dbwebb-kurser/mvc/me/report/tests/CardGame/DeckOfCardsTest.php" line="10" assertions="1" time="0.009170"/>
      </testsuite>
      <testsuite name="App\Tests\CardGame\GameDataServiceTest" file="/mnt/c/Users/isabe/dbwebb-kurser/mvc/me/report/tests/CardGame/GameDataServiceTest.php" tests="1" assertions="13" errors="0" warnings="0" failures="0" skipped="0" time="0.350798">
        <testcase name="testGetGameData" class="App\Tests\CardGame\GameDataServiceTest" classname="App.Tests.CardGame.GameDataServiceTest" file="/mnt/c/Users/isabe/dbwebb-kurser/mvc/me/report/tests/CardGame/GameDataServiceTest.php" line="53" assertions="13" time="0.350798"/>
      </testsuite>
      <testsuite name="App\Tests\CardGame\GameLoggerTest" file="/mnt/c/Users/isabe/dbwebb-kurser/mvc/me/report/tests/CardGame/GameLoggerTest.php" tests="2" assertions="3" errors="0" warnings="0" failures="0" skipped="0" time="0.047112">
        <testcase name="testLogGameStart" class="App\Tests\CardGame\GameLoggerTest" classname="App.Tests.CardGame.GameLoggerTest" file="/mnt/c/Users/isabe/dbwebb-kurser/mvc/me/report/tests/CardGame/GameLoggerTest.php" line="33" assertions="2" time="0.025247"/>
        <testcase name="testUpdateGameLog" class="App\Tests\CardGame\GameLoggerTest" classname="App.Tests.CardGame.GameLoggerTest" file="/mnt/c/Users/isabe/dbwebb-kurser/mvc/me/report/tests/CardGame/GameLoggerTest.php" line="70" assertions="1" time="0.021865"/>
      </testsuite>
      <testsuite name="App\Tests\CardGame\GameResultCheckTest" file="/mnt/c/Users/isabe/dbwebb-kurser/mvc/me/report/tests/CardGame/GameResultCheckTest.php" tests="5" assertions="28" errors="0" warnings="0" failures="0" skipped="0" time="0.017172">
        <testcase name="testCheckBlackjack" class="App\Tests\CardGame\GameResultCheckTest" classname="App.Tests.CardGame.GameResultCheckTest" file="/mnt/c/Users/isabe/dbwebb-kurser/mvc/me/report/tests/CardGame/GameResultCheckTest.php" line="10" assertions="5" time="0.015821"/>
        <testcase name="testCheckBust" class="App\Tests\CardGame\GameResultCheckTest" classname="App.Tests.CardGame.GameResultCheckTest" file="/mnt/c/Users/isabe/dbwebb-kurser/mvc/me/report/tests/CardGame/GameResultCheckTest.php" line="35" assertions="5" time="0.000339"/>
        <testcase name="testBlackjackOrBust" class="App\Tests\CardGame\GameResultCheckTest" classname="App.Tests.CardGame.GameResultCheckTest" file="/mnt/c/Users/isabe/dbwebb-kurser/mvc/me/report/tests/CardGame/GameResultCheckTest.php" line="60" assertions="7" time="0.000364"/>
        <testcase name="testHighestScore" class="App\Tests\CardGame\GameResultCheckTest" classname="App.Tests.CardGame.GameResultCheckTest" file="/mnt/c/Users/isabe/dbwebb-kurser/mvc/me/report/tests/CardGame/GameResultCheckTest.php" line="100" assertions="6" time="0.000325"/>
        <testcase name="testCheckCondition" class="App\Tests\CardGame\GameResultCheckTest" classname="App.Tests.CardGame.GameResultCheckTest" file="/mnt/c/Users/isabe/dbwebb-kurser/mvc/me/report/tests/CardGame/GameResultCheckTest.php" line="135" assertions="5" time="0.000324"/>
      </testsuite>
      <testsuite name="App\Tests\CardGame\GameServiceTest" file="/mnt/c/Users/isabe/dbwebb-kurser/mvc/me/report/tests/CardGame/GameServiceTest.php" tests="5" assertions="10" errors="0" warnings="0" failures="0" skipped="0" time="0.030873">
        <testcase name="testInitializeGame" class="App\Tests\CardGame\GameServiceTest" classname="App.Tests.CardGame.GameServiceTest" file="/mnt/c/Users/isabe/dbwebb-kurser/mvc/me/report/tests/CardGame/GameServiceTest.php" line="28" assertions="3" time="0.017303"/>
        <testcase name="testInitGameSuccess" class="App\Tests\CardGame\GameServiceTest" classname="App.Tests.CardGame.GameServiceTest" file="/mnt/c/Users/isabe/dbwebb-kurser/mvc/me/report/tests/CardGame/GameServiceTest.php" line="46" assertions="2" time="0.012034"/>
        <testcase name="testAdjustMoneyForBet" class="App\Tests\CardGame\GameServiceTest" classname="App.Tests.CardGame.GameServiceTest" file="/mnt/c/Users/isabe/dbwebb-kurser/mvc/me/report/tests/CardGame/GameServiceTest.php" line="57" assertions="3" time="0.000592"/>
        <testcase name="testIsValidBet" class="App\Tests\CardGame\GameServiceTest" classname="App.Tests.CardGame.GameServiceTest" file="/mnt/c/Users/isabe/dbwebb-kurser/mvc/me/report/tests/CardGame/GameServiceTest.php" line="80" assertions="1" time="0.000472"/>
        <testcase name="testIsInvalidBet" class="App\Tests\CardGame\GameServiceTest" classname="App.Tests.CardGame.GameServiceTest" file="/mnt/c/Users/isabe/dbwebb-kurser/mvc/me/report/tests/CardGame/GameServiceTest.php" line="92" assertions="1" time="0.000473"/>
      </testsuite>
      <testsuite name="App\Tests\CardGame\MoneyHandlingTest" file="/mnt/c/Users/isabe/dbwebb-kurser/mvc/me/report/tests/CardGame/MoneyHandlingTest.php" tests="4" assertions="8" errors="0" warnings="0" failures="0" skipped="0" time="0.009949">
        <testcase name="testHandleMoneyPlayerWins" class="App\Tests\CardGame\MoneyHandlingTest" classname="App.Tests.CardGame.MoneyHandlingTest" file="/mnt/c/Users/isabe/dbwebb-kurser/mvc/me/report/tests/CardGame/MoneyHandlingTest.php" line="10" assertions="2" time="0.009019"/>
        <testcase name="testHandleMoneyDealerWins" class="App\Tests\CardGame\MoneyHandlingTest" classname="App.Tests.CardGame.MoneyHandlingTest" file="/mnt/c/Users/isabe/dbwebb-kurser/mvc/me/report/tests/CardGame/MoneyHandlingTest.php" line="24" assertions="2" time="0.000325"/>
        <testcase name="testHandleMoneyTie" class="App\Tests\CardGame\MoneyHandlingTest" classname="App.Tests.CardGame.MoneyHandlingTest" file="/mnt/c/Users/isabe/dbwebb-kurser/mvc/me/report/tests/CardGame/MoneyHandlingTest.php" line="38" assertions="2" time="0.000300"/>
        <testcase name="testHandleMoneyNoChange" class="App\Tests\CardGame\MoneyHandlingTest" classname="App.Tests.CardGame.MoneyHandlingTest" file="/mnt/c/Users/isabe/dbwebb-kurser/mvc/me/report/tests/CardGame/MoneyHandlingTest.php" line="52" assertions="2" time="0.000305"/>
      </testsuite>
      <testsuite name="App\Tests\Controller\BlackJackControllerTest" file="/mnt/c/Users/isabe/dbwebb-kurser/mvc/me/report/tests/Controller/BlackJackControllerTest.php" tests="10" assertions="41" errors="0" warnings="0" failures="0" skipped="0" time="0.253772">
        <testcase name="testGame" class="App\Tests\Controller\BlackJackControllerTest" classname="App.Tests.Controller.BlackJackControllerTest" file="/mnt/c/Users/isabe/dbwebb-kurser/mvc/me/report/tests/Controller/BlackJackControllerTest.php" line="43" assertions="5" time="0.134606"/>
        <testcase name="testInit" class="App\Tests\Controller\BlackJackControllerTest" classname="App.Tests.Controller.BlackJackControllerTest" file="/mnt/c/Users/isabe/dbwebb-kurser/mvc/me/report/tests/Controller/BlackJackControllerTest.php" line="82" assertions="4" time="0.001076"/>
        <testcase name="testInitCallback" class="App\Tests\Controller\BlackJackControllerTest" classname="App.Tests.Controller.BlackJackControllerTest" file="/mnt/c/Users/isabe/dbwebb-kurser/mvc/me/report/tests/Controller/BlackJackControllerTest.php" line="106" assertions="4" time="0.104991"/>
        <testcase name="testInitCallbackFailed" class="App\Tests\Controller\BlackJackControllerTest" classname="App.Tests.Controller.BlackJackControllerTest" file="/mnt/c/Users/isabe/dbwebb-kurser/mvc/me/report/tests/Controller/BlackJackControllerTest.php" line="135" assertions="4" time="0.001152"/>
        <testcase name="testPlay" class="App\Tests\Controller\BlackJackControllerTest" classname="App.Tests.Controller.BlackJackControllerTest" file="/mnt/c/Users/isabe/dbwebb-kurser/mvc/me/report/tests/Controller/BlackJackControllerTest.php" line="167" assertions="5" time="0.001763"/>
        <testcase name="testStand" class="App\Tests\Controller\BlackJackControllerTest" classname="App.Tests.Controller.BlackJackControllerTest" file="/mnt/c/Users/isabe/dbwebb-kurser/mvc/me/report/tests/Controller/BlackJackControllerTest.php" line="226" assertions="4" time="0.001517"/>
        <testcase name="testHit" class="App\Tests\Controller\BlackJackControllerTest" classname="App.Tests.Controller.BlackJackControllerTest" file="/mnt/c/Users/isabe/dbwebb-kurser/mvc/me/report/tests/Controller/BlackJackControllerTest.php" line="269" assertions="4" time="0.002241"/>
        <testcase name="testDealerHit" class="App\Tests\Controller\BlackJackControllerTest" classname="App.Tests.Controller.BlackJackControllerTest" file="/mnt/c/Users/isabe/dbwebb-kurser/mvc/me/report/tests/Controller/BlackJackControllerTest.php" line="318" assertions="4" time="0.001763"/>
        <testcase name="testEndResult" class="App\Tests\Controller\BlackJackControllerTest" classname="App.Tests.Controller.BlackJackControllerTest" file="/mnt/c/Users/isabe/dbwebb-kurser/mvc/me/report/tests/Controller/BlackJackControllerTest.php" line="366" assertions="4" time="0.003796"/>
        <testcase name="testDoc" class="App\Tests\Controller\BlackJackControllerTest" classname="App.Tests.Controller.BlackJackControllerTest" file="/mnt/c/Users/isabe/dbwebb-kurser/mvc/me/report/tests/Controller/BlackJackControllerTest.php" line="434" assertions="3" time="0.000867"/>
      </testsuite>
      <testsuite name="App\Tests\Controller\BlackJackJsonTest" file="/mnt/c/Users/isabe/dbwebb-kurser/mvc/me/report/tests/Controller/BlackJackJsonTest.php" tests="2" assertions="28" errors="0" warnings="0" failures="0" skipped="0" time="0.028721">
        <testcase name="testPlayWithoutGameStarted" class="App\Tests\Controller\BlackJackJsonTest" classname="App.Tests.Controller.BlackJackJsonTest" file="/mnt/c/Users/isabe/dbwebb-kurser/mvc/me/report/tests/Controller/BlackJackJsonTest.php" line="36" assertions="4" time="0.026704"/>
        <testcase name="testPlayWithGameInProgress" class="App\Tests\Controller\BlackJackJsonTest" classname="App.Tests.Controller.BlackJackJsonTest" file="/mnt/c/Users/isabe/dbwebb-kurser/mvc/me/report/tests/Controller/BlackJackJsonTest.php" line="60" assertions="24" time="0.002017"/>
      </testsuite>
      <testsuite name="App\Tests\Controller\LibraryControllerTest" file="/mnt/c/Users/isabe/dbwebb-kurser/mvc/me/report/tests/Controller/LibraryControllerTest.php" tests="1" assertions="0" errors="0" warnings="1" failures="0" skipped="0" time="0.020251">
        <testcase name="Warning" assertions="0" time="0.020251">
          <warning type="PHPUnit\Framework\Warning">Warning
No tests found in class "App\Tests\Controller\LibraryControllerTest".</warning>
        </testcase>
      </testsuite>
      <testsuite name="App\Tests\Controller\ReportSiteJsonTest" file="/mnt/c/Users/isabe/dbwebb-kurser/mvc/me/report/tests/Controller/ReportSiteJsonTest.php" tests="4" assertions="20" errors="0" warnings="0" failures="0" skipped="0" time="0.011140">
        <testcase name="testJsonNumber" class="App\Tests\Controller\ReportSiteJsonTest" classname="App.Tests.Controller.ReportSiteJsonTest" file="/mnt/c/Users/isabe/dbwebb-kurser/mvc/me/report/tests/Controller/ReportSiteJsonTest.php" line="29" assertions="5" time="0.008915"/>
        <testcase name="testJsonQuote" class="App\Tests\Controller\ReportSiteJsonTest" classname="App.Tests.Controller.ReportSiteJsonTest" file="/mnt/c/Users/isabe/dbwebb-kurser/mvc/me/report/tests/Controller/ReportSiteJsonTest.php" line="42" assertions="5" time="0.000705"/>
        <testcase name="testDrawCardFromEmptyDeck" class="App\Tests\Controller\ReportSiteJsonTest" classname="App.Tests.Controller.ReportSiteJsonTest" file="/mnt/c/Users/isabe/dbwebb-kurser/mvc/me/report/tests/Controller/ReportSiteJsonTest.php" line="55" assertions="5" time="0.000767"/>
        <testcase name="testDrawMultipleCardsFromEmptyDeck" class="App\Tests\Controller\ReportSiteJsonTest" classname="App.Tests.Controller.ReportSiteJsonTest" file="/mnt/c/Users/isabe/dbwebb-kurser/mvc/me/report/tests/Controller/ReportSiteJsonTest.php" line="72" assertions="5" time="0.000754"/>
      </testsuite>
      <testsuite name="App\Dice\DiceTest" file="/mnt/c/Users/isabe/dbwebb-kurser/mvc/me/report/tests/Dice/DiceTest.php" tests="1" assertions="2" errors="0" warnings="0" failures="0" skipped="0" time="0.018342">
        <testcase name="testCreateDice" class="App\Dice\DiceTest" classname="App.Dice.DiceTest" file="/mnt/c/Users/isabe/dbwebb-kurser/mvc/me/report/tests/Dice/DiceTest.php" line="16" assertions="2" time="0.018342"/>
      </testsuite>
      <testsuite name="App\Entity\LibraryTest" file="/mnt/c/Users/isabe/dbwebb-kurser/mvc/me/report/tests/Library/LibraryTest.php" tests="5" assertions="5" errors="0" warnings="0" failures="0" skipped="0" time="0.018759">
        <testcase name="testSetTitle" class="App\Entity\LibraryTest" classname="App.Entity.LibraryTest" file="/mnt/c/Users/isabe/dbwebb-kurser/mvc/me/report/tests/Library/LibraryTest.php" line="9" assertions="1" time="0.017520"/>
        <testcase name="testSetAndGetAuthor" class="App\Entity\LibraryTest" classname="App.Entity.LibraryTest" file="/mnt/c/Users/isabe/dbwebb-kurser/mvc/me/report/tests/Library/LibraryTest.php" line="16" assertions="1" time="0.000320"/>
        <testcase name="testSetAndGetIsbn" class="App\Entity\LibraryTest" classname="App.Entity.LibraryTest" file="/mnt/c/Users/isabe/dbwebb-kurser/mvc/me/report/tests/Library/LibraryTest.php" line="23" assertions="1" time="0.000291"/>
        <testcase name="testSetAndGetBookimage" class="App\Entity\LibraryTest" classname="App.Entity.LibraryTest" file="/mnt/c/Users/isabe/dbwebb-kurser/mvc/me/report/tests/Library/LibraryTest.php" line="30" assertions="1" time="0.000313"/>
        <testcase name="testSetAndGetDescription" class="App\Entity\LibraryTest" classname="App.Entity.LibraryTest" file="/mnt/c/Users/isabe/dbwebb-kurser/mvc/me/report/tests/Library/LibraryTest.php" line="37" assertions="1" time="0.000316"/>
      </testsuite>
    </testsuite>
  </testsuite>
</testsuites>
