<?xml version="1.0" encoding="UTF-8"?>
<testsuites>
  <testsuite name="" tests="279" assertions="1002" errors="0" warnings="0" failures="0" skipped="0" time="1.890645">
    <testsuite name="Project Test Suite" tests="279" assertions="1002" errors="0" warnings="0" failures="0" skipped="0" time="1.890645">
      <testsuite name="App\Tests\Card\CardGraphicTest" file="/mnt/c/Users/isabe/dbwebb-kurser/mvc/me/report/tests/Card/CardGraphicTest.php" tests="5" assertions="6" errors="0" warnings="0" failures="0" skipped="0" time="0.158051">
        <testcase name="testCardGraphicConstructor" class="App\Tests\Card\CardGraphicTest" classname="App.Tests.Card.CardGraphicTest" file="/mnt/c/Users/isabe/dbwebb-kurser/mvc/me/report/tests/Card/CardGraphicTest.php" line="11" assertions="2" time="0.130592"/>
        <testcase name="testGetAsStringHeartsAce" class="App\Tests\Card\CardGraphicTest" classname="App.Tests.Card.CardGraphicTest" file="/mnt/c/Users/isabe/dbwebb-kurser/mvc/me/report/tests/Card/CardGraphicTest.php" line="18" assertions="1" time="0.000304"/>
        <testcase name="testGetAsStringDiamondsQueen" class="App\Tests\Card\CardGraphicTest" classname="App.Tests.Card.CardGraphicTest" file="/mnt/c/Users/isabe/dbwebb-kurser/mvc/me/report/tests/Card/CardGraphicTest.php" line="25" assertions="1" time="0.000282"/>
        <testcase name="testGetAsStringSpadesKing" class="App\Tests\Card\CardGraphicTest" classname="App.Tests.Card.CardGraphicTest" file="/mnt/c/Users/isabe/dbwebb-kurser/mvc/me/report/tests/Card/CardGraphicTest.php" line="32" assertions="1" time="0.000278"/>
        <testcase name="testGetAsStringOutOfBounds" class="App\Tests\Card\CardGraphicTest" classname="App.Tests.Card.CardGraphicTest" file="/mnt/c/Users/isabe/dbwebb-kurser/mvc/me/report/tests/Card/CardGraphicTest.php" line="39" assertions="1" time="0.026594"/>
      </testsuite>
      <testsuite name="App\Tests\Card\CardHandTest" file="/mnt/c/Users/isabe/dbwebb-kurser/mvc/me/report/tests/Card/CardHandTest.php" tests="6" assertions="17" errors="0" warnings="0" failures="0" skipped="0" time="0.028389">
        <testcase name="testAddCard" class="App\Tests\Card\CardHandTest" classname="App.Tests.Card.CardHandTest" file="/mnt/c/Users/isabe/dbwebb-kurser/mvc/me/report/tests/Card/CardHandTest.php" line="11" assertions="2" time="0.026700"/>
        <testcase name="testGetHand" class="App\Tests\Card\CardHandTest" classname="App.Tests.Card.CardHandTest" file="/mnt/c/Users/isabe/dbwebb-kurser/mvc/me/report/tests/Card/CardHandTest.php" line="21" assertions="2" time="0.000332"/>
        <testcase name="testDrawMultipleCards" class="App\Tests\Card\CardHandTest" classname="App.Tests.Card.CardHandTest" file="/mnt/c/Users/isabe/dbwebb-kurser/mvc/me/report/tests/Card/CardHandTest.php" line="34" assertions="3" time="0.000362"/>
        <testcase name="testDrawMultipleCardsWhenDeckIsEmpty" class="App\Tests\Card\CardHandTest" classname="App.Tests.Card.CardHandTest" file="/mnt/c/Users/isabe/dbwebb-kurser/mvc/me/report/tests/Card/CardHandTest.php" line="46" assertions="2" time="0.000327"/>
        <testcase name="testDealCardsToPlayers" class="App\Tests\Card\CardHandTest" classname="App.Tests.Card.CardHandTest" file="/mnt/c/Users/isabe/dbwebb-kurser/mvc/me/report/tests/Card/CardHandTest.php" line="57" assertions="4" time="0.000339"/>
        <testcase name="testDealCardsToPlayersWithNotEnoughCards" class="App\Tests\Card\CardHandTest" classname="App.Tests.Card.CardHandTest" file="/mnt/c/Users/isabe/dbwebb-kurser/mvc/me/report/tests/Card/CardHandTest.php" line="76" assertions="4" time="0.000329"/>
      </testsuite>
      <testsuite name="App\Tests\Card\CardTest" file="/mnt/c/Users/isabe/dbwebb-kurser/mvc/me/report/tests/Card/CardTest.php" tests="5" assertions="6" errors="0" warnings="0" failures="0" skipped="0" time="0.001415">
        <testcase name="testCardConstructor" class="App\Tests\Card\CardTest" classname="App.Tests.Card.CardTest" file="/mnt/c/Users/isabe/dbwebb-kurser/mvc/me/report/tests/Card/CardTest.php" line="10" assertions="2" time="0.000287"/>
        <testcase name="testGetValue" class="App\Tests\Card\CardTest" classname="App.Tests.Card.CardTest" file="/mnt/c/Users/isabe/dbwebb-kurser/mvc/me/report/tests/Card/CardTest.php" line="17" assertions="1" time="0.000277"/>
        <testcase name="testGetAsString" class="App\Tests\Card\CardTest" classname="App.Tests.Card.CardTest" file="/mnt/c/Users/isabe/dbwebb-kurser/mvc/me/report/tests/Card/CardTest.php" line="23" assertions="1" time="0.000275"/>
        <testcase name="testGetForAPIWithHeartsAce" class="App\Tests\Card\CardTest" classname="App.Tests.Card.CardTest" file="/mnt/c/Users/isabe/dbwebb-kurser/mvc/me/report/tests/Card/CardTest.php" line="29" assertions="1" time="0.000280"/>
        <testcase name="testGetForAPIWithSpadesKing" class="App\Tests\Card\CardTest" classname="App.Tests.Card.CardTest" file="/mnt/c/Users/isabe/dbwebb-kurser/mvc/me/report/tests/Card/CardTest.php" line="36" assertions="1" time="0.000295"/>
      </testsuite>
      <testsuite name="App\Tests\Card\DeckOfCardsTest" file="/mnt/c/Users/isabe/dbwebb-kurser/mvc/me/report/tests/Card/DeckOfCardsTest.php" tests="4" assertions="56" errors="0" warnings="0" failures="0" skipped="0" time="0.012028">
        <testcase name="testDeckConstructor" class="App\Tests\Card\DeckOfCardsTest" classname="App.Tests.Card.DeckOfCardsTest" file="/mnt/c/Users/isabe/dbwebb-kurser/mvc/me/report/tests/Card/DeckOfCardsTest.php" line="11" assertions="2" time="0.010360"/>
        <testcase name="testDeckContainsUniqueCards" class="App\Tests\Card\DeckOfCardsTest" classname="App.Tests.Card.DeckOfCardsTest" file="/mnt/c/Users/isabe/dbwebb-kurser/mvc/me/report/tests/Card/DeckOfCardsTest.php" line="23" assertions="1" time="0.000562"/>
        <testcase name="testDeckHasCorrectCardValues" class="App\Tests\Card\DeckOfCardsTest" classname="App.Tests.Card.DeckOfCardsTest" file="/mnt/c/Users/isabe/dbwebb-kurser/mvc/me/report/tests/Card/DeckOfCardsTest.php" line="35" assertions="1" time="0.000479"/>
        <testcase name="testGetCardsReturnsArrayOfCardObjects" class="App\Tests\Card\DeckOfCardsTest" classname="App.Tests.Card.DeckOfCardsTest" file="/mnt/c/Users/isabe/dbwebb-kurser/mvc/me/report/tests/Card/DeckOfCardsTest.php" line="48" assertions="52" time="0.000626"/>
      </testsuite>
      <testsuite name="App\Tests\CardGame\BankTest" file="/mnt/c/Users/isabe/dbwebb-kurser/mvc/me/report/tests/CardGame/BankTest.php" tests="5" assertions="11" errors="0" warnings="0" failures="0" skipped="0" time="0.026090">
        <testcase name="testPlaceBetIncreasesPlayerBetAndPot" class="App\Tests\CardGame\BankTest" classname="App.Tests.CardGame.BankTest" file="/mnt/c/Users/isabe/dbwebb-kurser/mvc/me/report/tests/CardGame/BankTest.php" line="11" assertions="2" time="0.024706"/>
        <testcase name="testPlaceMultipleBetsIncreasesPlayerBetAndPot" class="App\Tests\CardGame\BankTest" classname="App.Tests.CardGame.BankTest" file="/mnt/c/Users/isabe/dbwebb-kurser/mvc/me/report/tests/CardGame/BankTest.php" line="22" assertions="2" time="0.000402"/>
        <testcase name="testPlaceBetFromMultiplePlayersIncreasesPot" class="App\Tests\CardGame\BankTest" classname="App.Tests.CardGame.BankTest" file="/mnt/c/Users/isabe/dbwebb-kurser/mvc/me/report/tests/CardGame/BankTest.php" line="34" assertions="3" time="0.000334"/>
        <testcase name="testGetPlayerBetReturnsZeroIfNoBetPlaced" class="App\Tests\CardGame\BankTest" classname="App.Tests.CardGame.BankTest" file="/mnt/c/Users/isabe/dbwebb-kurser/mvc/me/report/tests/CardGame/BankTest.php" line="48" assertions="1" time="0.000304"/>
        <testcase name="testResetBetsClearsAllBetsButNotPot" class="App\Tests\CardGame\BankTest" classname="App.Tests.CardGame.BankTest" file="/mnt/c/Users/isabe/dbwebb-kurser/mvc/me/report/tests/CardGame/BankTest.php" line="56" assertions="3" time="0.000344"/>
      </testsuite>
      <testsuite name="App\Tests\CardGame\CardGraphicTest" file="/mnt/c/Users/isabe/dbwebb-kurser/mvc/me/report/tests/CardGame/CardGraphicTest.php" tests="2" assertions="2" errors="0" warnings="0" failures="0" skipped="0" time="0.013392">
        <testcase name="testGetAsString" class="App\Tests\CardGame\CardGraphicTest" classname="App.Tests.CardGame.CardGraphicTest" file="/mnt/c/Users/isabe/dbwebb-kurser/mvc/me/report/tests/CardGame/CardGraphicTest.php" line="10" assertions="1" time="0.013059"/>
        <testcase name="testGetUnturned" class="App\Tests\CardGame\CardGraphicTest" classname="App.Tests.CardGame.CardGraphicTest" file="/mnt/c/Users/isabe/dbwebb-kurser/mvc/me/report/tests/CardGame/CardGraphicTest.php" line="16" assertions="1" time="0.000334"/>
      </testsuite>
      <testsuite name="App\Tests\CardGame\CardHandTest" file="/mnt/c/Users/isabe/dbwebb-kurser/mvc/me/report/tests/CardGame/CardHandTest.php" tests="10" assertions="17" errors="0" warnings="0" failures="0" skipped="0" time="0.026031">
        <testcase name="testAddCardAndGetCards" class="App\Tests\CardGame\CardHandTest" classname="App.Tests.CardGame.CardHandTest" file="/mnt/c/Users/isabe/dbwebb-kurser/mvc/me/report/tests/CardGame/CardHandTest.php" line="11" assertions="1" time="0.009110"/>
        <testcase name="testCalculateTotal" class="App\Tests\CardGame\CardHandTest" classname="App.Tests.CardGame.CardHandTest" file="/mnt/c/Users/isabe/dbwebb-kurser/mvc/me/report/tests/CardGame/CardHandTest.php" line="23" assertions="2" time="0.000391"/>
        <testcase name="testCalculateTotalWithAce" class="App\Tests\CardGame\CardHandTest" classname="App.Tests.CardGame.CardHandTest" file="/mnt/c/Users/isabe/dbwebb-kurser/mvc/me/report/tests/CardGame/CardHandTest.php" line="39" assertions="2" time="0.000354"/>
        <testcase name="testCalculateTotalWithAceAsEleven" class="App\Tests\CardGame\CardHandTest" classname="App.Tests.CardGame.CardHandTest" file="/mnt/c/Users/isabe/dbwebb-kurser/mvc/me/report/tests/CardGame/CardHandTest.php" line="55" assertions="2" time="0.000417"/>
        <testcase name="testCalculateTotalWithFaceCards" class="App\Tests\CardGame\CardHandTest" classname="App.Tests.CardGame.CardHandTest" file="/mnt/c/Users/isabe/dbwebb-kurser/mvc/me/report/tests/CardGame/CardHandTest.php" line="68" assertions="2" time="0.000366"/>
        <testcase name="testCalculateTotalDealer" class="App\Tests\CardGame\CardHandTest" classname="App.Tests.CardGame.CardHandTest" file="/mnt/c/Users/isabe/dbwebb-kurser/mvc/me/report/tests/CardGame/CardHandTest.php" line="80" assertions="1" time="0.000320"/>
        <testcase name="testCalculateTotalWithAceHighAdjustment" class="App\Tests\CardGame\CardHandTest" classname="App.Tests.CardGame.CardHandTest" file="/mnt/c/Users/isabe/dbwebb-kurser/mvc/me/report/tests/CardGame/CardHandTest.php" line="96" assertions="2" time="0.000342"/>
        <testcase name="testCalculateTotalDealerWithAce" class="App\Tests\CardGame\CardHandTest" classname="App.Tests.CardGame.CardHandTest" file="/mnt/c/Users/isabe/dbwebb-kurser/mvc/me/report/tests/CardGame/CardHandTest.php" line="114" assertions="1" time="0.000312"/>
        <testcase name="testCalculateTotalDealerWithFaceCard" class="App\Tests\CardGame\CardHandTest" classname="App.Tests.CardGame.CardHandTest" file="/mnt/c/Users/isabe/dbwebb-kurser/mvc/me/report/tests/CardGame/CardHandTest.php" line="125" assertions="1" time="0.000316"/>
        <testcase name="testDealCards" class="App\Tests\CardGame\CardHandTest" classname="App.Tests.CardGame.CardHandTest" file="/mnt/c/Users/isabe/dbwebb-kurser/mvc/me/report/tests/CardGame/CardHandTest.php" line="136" assertions="3" time="0.014104"/>
      </testsuite>
      <testsuite name="App\Tests\CardGame\CardTest" file="/mnt/c/Users/isabe/dbwebb-kurser/mvc/me/report/tests/CardGame/CardTest.php" tests="4" assertions="7" errors="0" warnings="0" failures="0" skipped="0" time="0.001142">
        <testcase name="testGetValue" class="App\Tests\CardGame\CardTest" classname="App.Tests.CardGame.CardTest" file="/mnt/c/Users/isabe/dbwebb-kurser/mvc/me/report/tests/CardGame/CardTest.php" line="10" assertions="1" time="0.000283"/>
        <testcase name="testGetCardName" class="App\Tests\CardGame\CardTest" classname="App.Tests.CardGame.CardTest" file="/mnt/c/Users/isabe/dbwebb-kurser/mvc/me/report/tests/CardGame/CardTest.php" line="16" assertions="4" time="0.000303"/>
        <testcase name="testGetSuit" class="App\Tests\CardGame\CardTest" classname="App.Tests.CardGame.CardTest" file="/mnt/c/Users/isabe/dbwebb-kurser/mvc/me/report/tests/CardGame/CardTest.php" line="28" assertions="1" time="0.000277"/>
        <testcase name="testGetCardNameDefault" class="App\Tests\CardGame\CardTest" classname="App.Tests.CardGame.CardTest" file="/mnt/c/Users/isabe/dbwebb-kurser/mvc/me/report/tests/CardGame/CardTest.php" line="33" assertions="1" time="0.000280"/>
      </testsuite>
      <testsuite name="App\Tests\CardGame\CommunityCardManagerTest" file="/mnt/c/Users/isabe/dbwebb-kurser/mvc/me/report/tests/CardGame/CommunityCardManagerTest.php" tests="4" assertions="15" errors="0" warnings="0" failures="0" skipped="0" time="0.340659">
        <testcase name="testDealCommunityCardsAddsCardsToCommunity" class="App\Tests\CardGame\CommunityCardManagerTest" classname="App.Tests.CardGame.CommunityCardManagerTest" file="/mnt/c/Users/isabe/dbwebb-kurser/mvc/me/report/tests/CardGame/CommunityCardManagerTest.php" line="13" assertions="10" time="0.295136"/>
        <testcase name="testGetCommunityCardsReturnsEmptyArrayWhenNoCardsDealt" class="App\Tests\CardGame\CommunityCardManagerTest" classname="App.Tests.CardGame.CommunityCardManagerTest" file="/mnt/c/Users/isabe/dbwebb-kurser/mvc/me/report/tests/CardGame/CommunityCardManagerTest.php" line="30" assertions="1" time="0.012535"/>
        <testcase name="testResetCommunityCardsClearsCommunityCards" class="App\Tests\CardGame\CommunityCardManagerTest" classname="App.Tests.CardGame.CommunityCardManagerTest" file="/mnt/c/Users/isabe/dbwebb-kurser/mvc/me/report/tests/CardGame/CommunityCardManagerTest.php" line="38" assertions="2" time="0.000552"/>
        <testcase name="testDealInitialCardsAddsCardsToPlayerHands" class="App\Tests\CardGame\CommunityCardManagerTest" classname="App.Tests.CardGame.CommunityCardManagerTest" file="/mnt/c/Users/isabe/dbwebb-kurser/mvc/me/report/tests/CardGame/CommunityCardManagerTest.php" line="53" assertions="2" time="0.032436"/>
      </testsuite>
      <testsuite name="App\Tests\CardGame\DeckOfCardsTest" file="/mnt/c/Users/isabe/dbwebb-kurser/mvc/me/report/tests/CardGame/DeckOfCardsTest.php" tests="1" assertions="1" errors="0" warnings="0" failures="0" skipped="0" time="0.007934">
        <testcase name="testGetDeck" class="App\Tests\CardGame\DeckOfCardsTest" classname="App.Tests.CardGame.DeckOfCardsTest" file="/mnt/c/Users/isabe/dbwebb-kurser/mvc/me/report/tests/CardGame/DeckOfCardsTest.php" line="10" assertions="1" time="0.007934"/>
      </testsuite>
      <testsuite name="App\Tests\CardGame\DeckTest" file="/mnt/c/Users/isabe/dbwebb-kurser/mvc/me/report/tests/CardGame/DeckTest.php" tests="5" assertions="162" errors="0" warnings="0" failures="0" skipped="0" time="0.080663">
        <testcase name="testDeckIsInitializedWith52Cards" class="App\Tests\CardGame\DeckTest" classname="App.Tests.CardGame.DeckTest" file="/mnt/c/Users/isabe/dbwebb-kurser/mvc/me/report/tests/CardGame/DeckTest.php" line="11" assertions="53" time="0.000861"/>
        <testcase name="testDeckContainsCorrectCardCombination" class="App\Tests\CardGame\DeckTest" classname="App.Tests.CardGame.DeckTest" file="/mnt/c/Users/isabe/dbwebb-kurser/mvc/me/report/tests/CardGame/DeckTest.php" line="25" assertions="52" time="0.023291"/>
        <testcase name="testDrawCardReducesDeckSize" class="App\Tests\CardGame\DeckTest" classname="App.Tests.CardGame.DeckTest" file="/mnt/c/Users/isabe/dbwebb-kurser/mvc/me/report/tests/CardGame/DeckTest.php" line="46" assertions="2" time="0.000615"/>
        <testcase name="testDrawAllCardsAndDeckIsEmpty" class="App\Tests\CardGame\DeckTest" classname="App.Tests.CardGame.DeckTest" file="/mnt/c/Users/isabe/dbwebb-kurser/mvc/me/report/tests/CardGame/DeckTest.php" line="60" assertions="54" time="0.011937"/>
        <testcase name="testShuffleRandomizesDeckOrder" class="App\Tests\CardGame\DeckTest" classname="App.Tests.CardGame.DeckTest" file="/mnt/c/Users/isabe/dbwebb-kurser/mvc/me/report/tests/CardGame/DeckTest.php" line="74" assertions="1" time="0.043959"/>
      </testsuite>
      <testsuite name="App\Tests\CardGame\GameDataServiceTest" file="/mnt/c/Users/isabe/dbwebb-kurser/mvc/me/report/tests/CardGame/GameDataServiceTest.php" tests="1" assertions="13" errors="0" warnings="0" failures="0" skipped="0" time="0.042562">
        <testcase name="testGetGameData" class="App\Tests\CardGame\GameDataServiceTest" classname="App.Tests.CardGame.GameDataServiceTest" file="/mnt/c/Users/isabe/dbwebb-kurser/mvc/me/report/tests/CardGame/GameDataServiceTest.php" line="53" assertions="13" time="0.042562"/>
      </testsuite>
      <testsuite name="App\Tests\CardGame\GameLoggerTest" file="/mnt/c/Users/isabe/dbwebb-kurser/mvc/me/report/tests/CardGame/GameLoggerTest.php" tests="2" assertions="3" errors="0" warnings="0" failures="0" skipped="0" time="0.034334">
        <testcase name="testLogGameStart" class="App\Tests\CardGame\GameLoggerTest" classname="App.Tests.CardGame.GameLoggerTest" file="/mnt/c/Users/isabe/dbwebb-kurser/mvc/me/report/tests/CardGame/GameLoggerTest.php" line="33" assertions="2" time="0.022688"/>
        <testcase name="testUpdateGameLog" class="App\Tests\CardGame\GameLoggerTest" classname="App.Tests.CardGame.GameLoggerTest" file="/mnt/c/Users/isabe/dbwebb-kurser/mvc/me/report/tests/CardGame/GameLoggerTest.php" line="70" assertions="1" time="0.011646"/>
      </testsuite>
      <testsuite name="App\Tests\CardGame\GameResultCheckTest" file="/mnt/c/Users/isabe/dbwebb-kurser/mvc/me/report/tests/CardGame/GameResultCheckTest.php" tests="5" assertions="28" errors="0" warnings="0" failures="0" skipped="0" time="0.016093">
        <testcase name="testCheckBlackjack" class="App\Tests\CardGame\GameResultCheckTest" classname="App.Tests.CardGame.GameResultCheckTest" file="/mnt/c/Users/isabe/dbwebb-kurser/mvc/me/report/tests/CardGame/GameResultCheckTest.php" line="10" assertions="5" time="0.014719"/>
        <testcase name="testCheckBust" class="App\Tests\CardGame\GameResultCheckTest" classname="App.Tests.CardGame.GameResultCheckTest" file="/mnt/c/Users/isabe/dbwebb-kurser/mvc/me/report/tests/CardGame/GameResultCheckTest.php" line="35" assertions="5" time="0.000368"/>
        <testcase name="testBlackjackOrBust" class="App\Tests\CardGame\GameResultCheckTest" classname="App.Tests.CardGame.GameResultCheckTest" file="/mnt/c/Users/isabe/dbwebb-kurser/mvc/me/report/tests/CardGame/GameResultCheckTest.php" line="60" assertions="7" time="0.000361"/>
        <testcase name="testHighestScore" class="App\Tests\CardGame\GameResultCheckTest" classname="App.Tests.CardGame.GameResultCheckTest" file="/mnt/c/Users/isabe/dbwebb-kurser/mvc/me/report/tests/CardGame/GameResultCheckTest.php" line="100" assertions="6" time="0.000323"/>
        <testcase name="testCheckCondition" class="App\Tests\CardGame\GameResultCheckTest" classname="App.Tests.CardGame.GameResultCheckTest" file="/mnt/c/Users/isabe/dbwebb-kurser/mvc/me/report/tests/CardGame/GameResultCheckTest.php" line="135" assertions="5" time="0.000322"/>
      </testsuite>
      <testsuite name="App\Tests\CardGame\GameServiceTest" file="/mnt/c/Users/isabe/dbwebb-kurser/mvc/me/report/tests/CardGame/GameServiceTest.php" tests="5" assertions="10" errors="0" warnings="0" failures="0" skipped="0" time="0.030498">
        <testcase name="testInitializeGame" class="App\Tests\CardGame\GameServiceTest" classname="App.Tests.CardGame.GameServiceTest" file="/mnt/c/Users/isabe/dbwebb-kurser/mvc/me/report/tests/CardGame/GameServiceTest.php" line="28" assertions="3" time="0.015995"/>
        <testcase name="testInitGameSuccess" class="App\Tests\CardGame\GameServiceTest" classname="App.Tests.CardGame.GameServiceTest" file="/mnt/c/Users/isabe/dbwebb-kurser/mvc/me/report/tests/CardGame/GameServiceTest.php" line="46" assertions="2" time="0.012874"/>
        <testcase name="testAdjustMoneyForBet" class="App\Tests\CardGame\GameServiceTest" classname="App.Tests.CardGame.GameServiceTest" file="/mnt/c/Users/isabe/dbwebb-kurser/mvc/me/report/tests/CardGame/GameServiceTest.php" line="57" assertions="3" time="0.000628"/>
        <testcase name="testIsValidBet" class="App\Tests\CardGame\GameServiceTest" classname="App.Tests.CardGame.GameServiceTest" file="/mnt/c/Users/isabe/dbwebb-kurser/mvc/me/report/tests/CardGame/GameServiceTest.php" line="80" assertions="1" time="0.000489"/>
        <testcase name="testIsInvalidBet" class="App\Tests\CardGame\GameServiceTest" classname="App.Tests.CardGame.GameServiceTest" file="/mnt/c/Users/isabe/dbwebb-kurser/mvc/me/report/tests/CardGame/GameServiceTest.php" line="92" assertions="1" time="0.000512"/>
      </testsuite>
      <testsuite name="App\Tests\CardGame\GameStageManagerTest" file="/mnt/c/Users/isabe/dbwebb-kurser/mvc/me/report/tests/CardGame/GameStageManagerTest.php" tests="6" assertions="10" errors="0" warnings="0" failures="0" skipped="0" time="0.022773">
        <testcase name="testInitialStageIsPreFlop" class="App\Tests\CardGame\GameStageManagerTest" classname="App.Tests.CardGame.GameStageManagerTest" file="/mnt/c/Users/isabe/dbwebb-kurser/mvc/me/report/tests/CardGame/GameStageManagerTest.php" line="12" assertions="1" time="0.009163"/>
        <testcase name="testAdvanceStageToFlop" class="App\Tests\CardGame\GameStageManagerTest" classname="App.Tests.CardGame.GameStageManagerTest" file="/mnt/c/Users/isabe/dbwebb-kurser/mvc/me/report/tests/CardGame/GameStageManagerTest.php" line="18" assertions="2" time="0.000976"/>
        <testcase name="testAdvanceStageToTurn" class="App\Tests\CardGame\GameStageManagerTest" classname="App.Tests.CardGame.GameStageManagerTest" file="/mnt/c/Users/isabe/dbwebb-kurser/mvc/me/report/tests/CardGame/GameStageManagerTest.php" line="34" assertions="2" time="0.011036"/>
        <testcase name="testAdvanceStageToRiver" class="App\Tests\CardGame\GameStageManagerTest" classname="App.Tests.CardGame.GameStageManagerTest" file="/mnt/c/Users/isabe/dbwebb-kurser/mvc/me/report/tests/CardGame/GameStageManagerTest.php" line="51" assertions="2" time="0.000619"/>
        <testcase name="testIsFinalStage" class="App\Tests\CardGame\GameStageManagerTest" classname="App.Tests.CardGame.GameStageManagerTest" file="/mnt/c/Users/isabe/dbwebb-kurser/mvc/me/report/tests/CardGame/GameStageManagerTest.php" line="68" assertions="1" time="0.000484"/>
        <testcase name="testResetStage" class="App\Tests\CardGame\GameStageManagerTest" classname="App.Tests.CardGame.GameStageManagerTest" file="/mnt/c/Users/isabe/dbwebb-kurser/mvc/me/report/tests/CardGame/GameStageManagerTest.php" line="81" assertions="2" time="0.000494"/>
      </testsuite>
      <testsuite name="App\Tests\CardGame\HandEvaluatorTest" file="/mnt/c/Users/isabe/dbwebb-kurser/mvc/me/report/tests/CardGame/HandEvaluatorTest.php" tests="7" assertions="9" errors="0" warnings="0" failures="0" skipped="0" time="0.021226">
        <testcase name="testGetBestHand" class="App\Tests\CardGame\HandEvaluatorTest" classname="App.Tests.CardGame.HandEvaluatorTest" file="/mnt/c/Users/isabe/dbwebb-kurser/mvc/me/report/tests/CardGame/HandEvaluatorTest.php" line="29" assertions="2" time="0.018465"/>
        <testcase name="testCompareHands" class="App\Tests\CardGame\HandEvaluatorTest" classname="App.Tests.CardGame.HandEvaluatorTest" file="/mnt/c/Users/isabe/dbwebb-kurser/mvc/me/report/tests/CardGame/HandEvaluatorTest.php" line="51" assertions="1" time="0.000517"/>
        <testcase name="testCompareHandsWithSameRank" class="App\Tests\CardGame\HandEvaluatorTest" classname="App.Tests.CardGame.HandEvaluatorTest" file="/mnt/c/Users/isabe/dbwebb-kurser/mvc/me/report/tests/CardGame/HandEvaluatorTest.php" line="61" assertions="1" time="0.000432"/>
        <testcase name="testCompareHandsWithIdenticalValues" class="App\Tests\CardGame\HandEvaluatorTest" classname="App.Tests.CardGame.HandEvaluatorTest" file="/mnt/c/Users/isabe/dbwebb-kurser/mvc/me/report/tests/CardGame/HandEvaluatorTest.php" line="71" assertions="1" time="0.000502"/>
        <testcase name="testCombinations" class="App\Tests\CardGame\HandEvaluatorTest" classname="App.Tests.CardGame.HandEvaluatorTest" file="/mnt/c/Users/isabe/dbwebb-kurser/mvc/me/report/tests/CardGame/HandEvaluatorTest.php" line="81" assertions="2" time="0.000508"/>
        <testcase name="testCompareHandValues" class="App\Tests\CardGame\HandEvaluatorTest" classname="App.Tests.CardGame.HandEvaluatorTest" file="/mnt/c/Users/isabe/dbwebb-kurser/mvc/me/report/tests/CardGame/HandEvaluatorTest.php" line="97" assertions="1" time="0.000403"/>
        <testcase name="testCompareHandValuesWithEqualHands" class="App\Tests\CardGame\HandEvaluatorTest" classname="App.Tests.CardGame.HandEvaluatorTest" file="/mnt/c/Users/isabe/dbwebb-kurser/mvc/me/report/tests/CardGame/HandEvaluatorTest.php" line="107" assertions="1" time="0.000399"/>
      </testsuite>
      <testsuite name="App\Tests\CardGame\HandRankingEvaluatorTest" file="/mnt/c/Users/isabe/dbwebb-kurser/mvc/me/report/tests/CardGame/HandRankingEvaluatorTest.php" tests="15" assertions="24" errors="0" warnings="0" failures="0" skipped="0" time="0.007319">
        <testcase name="testEvaluateHandWithFlush" class="App\Tests\CardGame\HandRankingEvaluatorTest" classname="App.Tests.CardGame.HandRankingEvaluatorTest" file="/mnt/c/Users/isabe/dbwebb-kurser/mvc/me/report/tests/CardGame/HandRankingEvaluatorTest.php" line="21" assertions="2" time="0.000479"/>
        <testcase name="testEvaluateHandWithStraight" class="App\Tests\CardGame\HandRankingEvaluatorTest" classname="App.Tests.CardGame.HandRankingEvaluatorTest" file="/mnt/c/Users/isabe/dbwebb-kurser/mvc/me/report/tests/CardGame/HandRankingEvaluatorTest.php" line="37" assertions="2" time="0.000489"/>
        <testcase name="testEvaluateHandWithFullHouse" class="App\Tests\CardGame\HandRankingEvaluatorTest" classname="App.Tests.CardGame.HandRankingEvaluatorTest" file="/mnt/c/Users/isabe/dbwebb-kurser/mvc/me/report/tests/CardGame/HandRankingEvaluatorTest.php" line="53" assertions="2" time="0.000426"/>
        <testcase name="testEvaluateHandWithThreeOfAKind" class="App\Tests\CardGame\HandRankingEvaluatorTest" classname="App.Tests.CardGame.HandRankingEvaluatorTest" file="/mnt/c/Users/isabe/dbwebb-kurser/mvc/me/report/tests/CardGame/HandRankingEvaluatorTest.php" line="69" assertions="2" time="0.000517"/>
        <testcase name="testEvaluateHandWithTwoPair" class="App\Tests\CardGame\HandRankingEvaluatorTest" classname="App.Tests.CardGame.HandRankingEvaluatorTest" file="/mnt/c/Users/isabe/dbwebb-kurser/mvc/me/report/tests/CardGame/HandRankingEvaluatorTest.php" line="85" assertions="2" time="0.000577"/>
        <testcase name="testEvaluateHandWithOnePair" class="App\Tests\CardGame\HandRankingEvaluatorTest" classname="App.Tests.CardGame.HandRankingEvaluatorTest" file="/mnt/c/Users/isabe/dbwebb-kurser/mvc/me/report/tests/CardGame/HandRankingEvaluatorTest.php" line="101" assertions="2" time="0.000634"/>
        <testcase name="testEvaluateHandWithHighCard" class="App\Tests\CardGame\HandRankingEvaluatorTest" classname="App.Tests.CardGame.HandRankingEvaluatorTest" file="/mnt/c/Users/isabe/dbwebb-kurser/mvc/me/report/tests/CardGame/HandRankingEvaluatorTest.php" line="117" assertions="2" time="0.000762"/>
        <testcase name="testIsFlush" class="App\Tests\CardGame\HandRankingEvaluatorTest" classname="App.Tests.CardGame.HandRankingEvaluatorTest" file="/mnt/c/Users/isabe/dbwebb-kurser/mvc/me/report/tests/CardGame/HandRankingEvaluatorTest.php" line="133" assertions="1" time="0.000386"/>
        <testcase name="testIsStraight" class="App\Tests\CardGame\HandRankingEvaluatorTest" classname="App.Tests.CardGame.HandRankingEvaluatorTest" file="/mnt/c/Users/isabe/dbwebb-kurser/mvc/me/report/tests/CardGame/HandRankingEvaluatorTest.php" line="148" assertions="1" time="0.000373"/>
        <testcase name="testIsFullHouse" class="App\Tests\CardGame\HandRankingEvaluatorTest" classname="App.Tests.CardGame.HandRankingEvaluatorTest" file="/mnt/c/Users/isabe/dbwebb-kurser/mvc/me/report/tests/CardGame/HandRankingEvaluatorTest.php" line="163" assertions="1" time="0.000370"/>
        <testcase name="testIsThreeOfAKind" class="App\Tests\CardGame\HandRankingEvaluatorTest" classname="App.Tests.CardGame.HandRankingEvaluatorTest" file="/mnt/c/Users/isabe/dbwebb-kurser/mvc/me/report/tests/CardGame/HandRankingEvaluatorTest.php" line="178" assertions="1" time="0.000380"/>
        <testcase name="testIsTwoPair" class="App\Tests\CardGame\HandRankingEvaluatorTest" classname="App.Tests.CardGame.HandRankingEvaluatorTest" file="/mnt/c/Users/isabe/dbwebb-kurser/mvc/me/report/tests/CardGame/HandRankingEvaluatorTest.php" line="193" assertions="1" time="0.000409"/>
        <testcase name="testIsOnePair" class="App\Tests\CardGame\HandRankingEvaluatorTest" classname="App.Tests.CardGame.HandRankingEvaluatorTest" file="/mnt/c/Users/isabe/dbwebb-kurser/mvc/me/report/tests/CardGame/HandRankingEvaluatorTest.php" line="208" assertions="1" time="0.000368"/>
        <testcase name="testIsHighCard" class="App\Tests\CardGame\HandRankingEvaluatorTest" classname="App.Tests.CardGame.HandRankingEvaluatorTest" file="/mnt/c/Users/isabe/dbwebb-kurser/mvc/me/report/tests/CardGame/HandRankingEvaluatorTest.php" line="223" assertions="2" time="0.000610"/>
        <testcase name="testIsRoyalFlush" class="App\Tests\CardGame\HandRankingEvaluatorTest" classname="App.Tests.CardGame.HandRankingEvaluatorTest" file="/mnt/c/Users/isabe/dbwebb-kurser/mvc/me/report/tests/CardGame/HandRankingEvaluatorTest.php" line="238" assertions="2" time="0.000540"/>
      </testsuite>
      <testsuite name="App\Tests\CardGame\IntelligentComputerTest" file="/mnt/c/Users/isabe/dbwebb-kurser/mvc/me/report/tests/CardGame/IntelligentComputerTest.php" tests="4" assertions="4" errors="0" warnings="0" failures="0" skipped="0" time="0.012401">
        <testcase name="testFoldWhenNoPairOrHighCardAndCurrentBetGreaterThanZero" class="App\Tests\CardGame\IntelligentComputerTest" classname="App.Tests.CardGame.IntelligentComputerTest" file="/mnt/c/Users/isabe/dbwebb-kurser/mvc/me/report/tests/CardGame/IntelligentComputerTest.php" line="19" assertions="1" time="0.009637"/>
        <testcase name="testCallWhenHighCardExistsAndCurrentBetGreaterThanZero" class="App\Tests\CardGame\IntelligentComputerTest" classname="App.Tests.CardGame.IntelligentComputerTest" file="/mnt/c/Users/isabe/dbwebb-kurser/mvc/me/report/tests/CardGame/IntelligentComputerTest.php" line="37" assertions="1" time="0.000981"/>
        <testcase name="testCheckWhenNoCurrentBet" class="App\Tests\CardGame\IntelligentComputerTest" classname="App.Tests.CardGame.IntelligentComputerTest" file="/mnt/c/Users/isabe/dbwebb-kurser/mvc/me/report/tests/CardGame/IntelligentComputerTest.php" line="55" assertions="1" time="0.000932"/>
        <testcase name="testRaiseWithThreeOfAKind" class="App\Tests\CardGame\IntelligentComputerTest" classname="App.Tests.CardGame.IntelligentComputerTest" file="/mnt/c/Users/isabe/dbwebb-kurser/mvc/me/report/tests/CardGame/IntelligentComputerTest.php" line="73" assertions="1" time="0.000852"/>
      </testsuite>
      <testsuite name="App\Tests\CardGame\MoneyHandlingTest" file="/mnt/c/Users/isabe/dbwebb-kurser/mvc/me/report/tests/CardGame/MoneyHandlingTest.php" tests="4" assertions="8" errors="0" warnings="0" failures="0" skipped="0" time="0.011482">
        <testcase name="testHandleMoneyPlayerWins" class="App\Tests\CardGame\MoneyHandlingTest" classname="App.Tests.CardGame.MoneyHandlingTest" file="/mnt/c/Users/isabe/dbwebb-kurser/mvc/me/report/tests/CardGame/MoneyHandlingTest.php" line="10" assertions="2" time="0.010542"/>
        <testcase name="testHandleMoneyDealerWins" class="App\Tests\CardGame\MoneyHandlingTest" classname="App.Tests.CardGame.MoneyHandlingTest" file="/mnt/c/Users/isabe/dbwebb-kurser/mvc/me/report/tests/CardGame/MoneyHandlingTest.php" line="24" assertions="2" time="0.000327"/>
        <testcase name="testHandleMoneyTie" class="App\Tests\CardGame\MoneyHandlingTest" classname="App.Tests.CardGame.MoneyHandlingTest" file="/mnt/c/Users/isabe/dbwebb-kurser/mvc/me/report/tests/CardGame/MoneyHandlingTest.php" line="38" assertions="2" time="0.000299"/>
        <testcase name="testHandleMoneyNoChange" class="App\Tests\CardGame\MoneyHandlingTest" classname="App.Tests.CardGame.MoneyHandlingTest" file="/mnt/c/Users/isabe/dbwebb-kurser/mvc/me/report/tests/CardGame/MoneyHandlingTest.php" line="52" assertions="2" time="0.000314"/>
      </testsuite>
      <testsuite name="App\Tests\CardGame\NormalComputerTest" file="/mnt/c/Users/isabe/dbwebb-kurser/mvc/me/report/tests/CardGame/NormalComputerTest.php" tests="4" assertions="4" errors="0" warnings="0" failures="0" skipped="0" time="0.002317">
        <testcase name="testFoldWhenNoPairOrHighCardAndCurrentBetGreaterThanZero" class="App\Tests\CardGame\NormalComputerTest" classname="App.Tests.CardGame.NormalComputerTest" file="/mnt/c/Users/isabe/dbwebb-kurser/mvc/me/report/tests/CardGame/NormalComputerTest.php" line="19" assertions="1" time="0.000610"/>
        <testcase name="testCallWhenPairExistsAndCurrentBetGreaterThanZero" class="App\Tests\CardGame\NormalComputerTest" classname="App.Tests.CardGame.NormalComputerTest" file="/mnt/c/Users/isabe/dbwebb-kurser/mvc/me/report/tests/CardGame/NormalComputerTest.php" line="37" assertions="1" time="0.000573"/>
        <testcase name="testCallWhenHighCardExistsAndCurrentBetGreaterThanZero" class="App\Tests\CardGame\NormalComputerTest" classname="App.Tests.CardGame.NormalComputerTest" file="/mnt/c/Users/isabe/dbwebb-kurser/mvc/me/report/tests/CardGame/NormalComputerTest.php" line="55" assertions="1" time="0.000567"/>
        <testcase name="testCheckWhenNoCurrentBet" class="App\Tests\CardGame\NormalComputerTest" classname="App.Tests.CardGame.NormalComputerTest" file="/mnt/c/Users/isabe/dbwebb-kurser/mvc/me/report/tests/CardGame/NormalComputerTest.php" line="73" assertions="1" time="0.000567"/>
      </testsuite>
      <testsuite name="App\Tests\CardGame\PlayerActionHandlerTest" file="/mnt/c/Users/isabe/dbwebb-kurser/mvc/me/report/tests/CardGame/PlayerActionHandlerTest.php" tests="12" assertions="24" errors="0" warnings="0" failures="0" skipped="0" time="0.204830">
        <testcase name="testProcessActionsInOrder" class="App\Tests\CardGame\PlayerActionHandlerTest" classname="App.Tests.CardGame.PlayerActionHandlerTest" file="/mnt/c/Users/isabe/dbwebb-kurser/mvc/me/report/tests/CardGame/PlayerActionHandlerTest.php" line="43" assertions="4" time="0.033733"/>
        <testcase name="testProcessPlayerActionFold" class="App\Tests\CardGame\PlayerActionHandlerTest" classname="App.Tests.CardGame.PlayerActionHandlerTest" file="/mnt/c/Users/isabe/dbwebb-kurser/mvc/me/report/tests/CardGame/PlayerActionHandlerTest.php" line="67" assertions="2" time="0.000828"/>
        <testcase name="testProcessPlayerActionRaise" class="App\Tests\CardGame\PlayerActionHandlerTest" classname="App.Tests.CardGame.PlayerActionHandlerTest" file="/mnt/c/Users/isabe/dbwebb-kurser/mvc/me/report/tests/CardGame/PlayerActionHandlerTest.php" line="82" assertions="1" time="0.140129"/>
        <testcase name="testHandleRemainingPlayersAfterAllIn" class="App\Tests\CardGame\PlayerActionHandlerTest" classname="App.Tests.CardGame.PlayerActionHandlerTest" file="/mnt/c/Users/isabe/dbwebb-kurser/mvc/me/report/tests/CardGame/PlayerActionHandlerTest.php" line="94" assertions="1" time="0.000780"/>
        <testcase name="testProcessNextPlayerActions" class="App\Tests\CardGame\PlayerActionHandlerTest" classname="App.Tests.CardGame.PlayerActionHandlerTest" file="/mnt/c/Users/isabe/dbwebb-kurser/mvc/me/report/tests/CardGame/PlayerActionHandlerTest.php" line="109" assertions="1" time="0.000872"/>
        <testcase name="testProcessRaiseResponses" class="App\Tests\CardGame\PlayerActionHandlerTest" classname="App.Tests.CardGame.PlayerActionHandlerTest" file="/mnt/c/Users/isabe/dbwebb-kurser/mvc/me/report/tests/CardGame/PlayerActionHandlerTest.php" line="125" assertions="1" time="0.000688"/>
        <testcase name="testNormalizeActionForAllIn" class="App\Tests\CardGame\PlayerActionHandlerTest" classname="App.Tests.CardGame.PlayerActionHandlerTest" file="/mnt/c/Users/isabe/dbwebb-kurser/mvc/me/report/tests/CardGame/PlayerActionHandlerTest.php" line="140" assertions="1" time="0.000665"/>
        <testcase name="testProcessPlayerActionOnlyOneActivePlayer" class="App\Tests\CardGame\PlayerActionHandlerTest" classname="App.Tests.CardGame.PlayerActionHandlerTest" file="/mnt/c/Users/isabe/dbwebb-kurser/mvc/me/report/tests/CardGame/PlayerActionHandlerTest.php" line="164" assertions="2" time="0.011131"/>
        <testcase name="testProcessPlayerActionCallsProcessNextPlayerActions" class="App\Tests\CardGame\PlayerActionHandlerTest" classname="App.Tests.CardGame.PlayerActionHandlerTest" file="/mnt/c/Users/isabe/dbwebb-kurser/mvc/me/report/tests/CardGame/PlayerActionHandlerTest.php" line="182" assertions="2" time="0.001546"/>
        <testcase name="testProcessNextPlayerActionsOnlyOneActivePlayer" class="App\Tests\CardGame\PlayerActionHandlerTest" classname="App.Tests.CardGame.PlayerActionHandlerTest" file="/mnt/c/Users/isabe/dbwebb-kurser/mvc/me/report/tests/CardGame/PlayerActionHandlerTest.php" line="213" assertions="2" time="0.002581"/>
        <testcase name="testProcessActionsInOrderSkipsFoldedPlayer" class="App\Tests\CardGame\PlayerActionHandlerTest" classname="App.Tests.CardGame.PlayerActionHandlerTest" file="/mnt/c/Users/isabe/dbwebb-kurser/mvc/me/report/tests/CardGame/PlayerActionHandlerTest.php" line="269" assertions="3" time="0.010607"/>
        <testcase name="testProcessActionsInOrderHandlesHumanPlayer" class="App\Tests\CardGame\PlayerActionHandlerTest" classname="App.Tests.CardGame.PlayerActionHandlerTest" file="/mnt/c/Users/isabe/dbwebb-kurser/mvc/me/report/tests/CardGame/PlayerActionHandlerTest.php" line="299" assertions="4" time="0.001271"/>
      </testsuite>
      <testsuite name="App\Tests\CardGame\PlayerActionInitTest" file="/mnt/c/Users/isabe/dbwebb-kurser/mvc/me/report/tests/CardGame/PlayerActionInitTest.php" tests="9" assertions="22" errors="0" warnings="0" failures="0" skipped="0" time="0.003750">
        <testcase name="testHandleBlinds" class="App\Tests\CardGame\PlayerActionInitTest" classname="App.Tests.CardGame.PlayerActionInitTest" file="/mnt/c/Users/isabe/dbwebb-kurser/mvc/me/report/tests/CardGame/PlayerActionInitTest.php" line="21" assertions="3" time="0.000626"/>
        <testcase name="testHandleCall" class="App\Tests\CardGame\PlayerActionInitTest" classname="App.Tests.CardGame.PlayerActionInitTest" file="/mnt/c/Users/isabe/dbwebb-kurser/mvc/me/report/tests/CardGame/PlayerActionInitTest.php" line="38" assertions="2" time="0.000477"/>
        <testcase name="testHandleRaise" class="App\Tests\CardGame\PlayerActionInitTest" classname="App.Tests.CardGame.PlayerActionInitTest" file="/mnt/c/Users/isabe/dbwebb-kurser/mvc/me/report/tests/CardGame/PlayerActionInitTest.php" line="51" assertions="3" time="0.000525"/>
        <testcase name="testHandleCheck" class="App\Tests\CardGame\PlayerActionInitTest" classname="App.Tests.CardGame.PlayerActionInitTest" file="/mnt/c/Users/isabe/dbwebb-kurser/mvc/me/report/tests/CardGame/PlayerActionInitTest.php" line="62" assertions="1" time="0.000309"/>
        <testcase name="testHandleAllIn" class="App\Tests\CardGame\PlayerActionInitTest" classname="App.Tests.CardGame.PlayerActionInitTest" file="/mnt/c/Users/isabe/dbwebb-kurser/mvc/me/report/tests/CardGame/PlayerActionInitTest.php" line="72" assertions="3" time="0.000494"/>
        <testcase name="testResetCurrentBet" class="App\Tests\CardGame\PlayerActionInitTest" classname="App.Tests.CardGame.PlayerActionInitTest" file="/mnt/c/Users/isabe/dbwebb-kurser/mvc/me/report/tests/CardGame/PlayerActionInitTest.php" line="83" assertions="1" time="0.000304"/>
        <testcase name="testInitializeRoles" class="App\Tests\CardGame\PlayerActionInitTest" classname="App.Tests.CardGame.PlayerActionInitTest" file="/mnt/c/Users/isabe/dbwebb-kurser/mvc/me/report/tests/CardGame/PlayerActionInitTest.php" line="93" assertions="3" time="0.000324"/>
        <testcase name="testRotateRoles" class="App\Tests\CardGame\PlayerActionInitTest" classname="App.Tests.CardGame.PlayerActionInitTest" file="/mnt/c/Users/isabe/dbwebb-kurser/mvc/me/report/tests/CardGame/PlayerActionInitTest.php" line="106" assertions="3" time="0.000292"/>
        <testcase name="testResetPlayersForNewRound" class="App\Tests\CardGame\PlayerActionInitTest" classname="App.Tests.CardGame.PlayerActionInitTest" file="/mnt/c/Users/isabe/dbwebb-kurser/mvc/me/report/tests/CardGame/PlayerActionInitTest.php" line="119" assertions="3" time="0.000399"/>
      </testsuite>
      <testsuite name="App\Tests\CardGame\PlayerTest" file="/mnt/c/Users/isabe/dbwebb-kurser/mvc/me/report/tests/CardGame/PlayerTest.php" tests="10" assertions="20" errors="0" warnings="0" failures="0" skipped="0" time="0.013591">
        <testcase name="testConstructorSetsPropertiesCorrectly" class="App\Tests\CardGame\PlayerTest" classname="App.Tests.CardGame.PlayerTest" file="/mnt/c/Users/isabe/dbwebb-kurser/mvc/me/report/tests/CardGame/PlayerTest.php" line="15" assertions="6" time="0.000342"/>
        <testcase name="testConstructorWithInvalidStrategyLevel" class="App\Tests\CardGame\PlayerTest" classname="App.Tests.CardGame.PlayerTest" file="/mnt/c/Users/isabe/dbwebb-kurser/mvc/me/report/tests/CardGame/PlayerTest.php" line="26" assertions="2" time="0.010643"/>
        <testcase name="testAddCardToHand" class="App\Tests\CardGame\PlayerTest" classname="App.Tests.CardGame.PlayerTest" file="/mnt/c/Users/isabe/dbwebb-kurser/mvc/me/report/tests/CardGame/PlayerTest.php" line="52" assertions="2" time="0.000351"/>
        <testcase name="testResetHand" class="App\Tests\CardGame\PlayerTest" classname="App.Tests.CardGame.PlayerTest" file="/mnt/c/Users/isabe/dbwebb-kurser/mvc/me/report/tests/CardGame/PlayerTest.php" line="63" assertions="1" time="0.000312"/>
        <testcase name="testSetAndGetChips" class="App\Tests\CardGame\PlayerTest" classname="App.Tests.CardGame.PlayerTest" file="/mnt/c/Users/isabe/dbwebb-kurser/mvc/me/report/tests/CardGame/PlayerTest.php" line="74" assertions="1" time="0.000284"/>
        <testcase name="testAddChips" class="App\Tests\CardGame\PlayerTest" classname="App.Tests.CardGame.PlayerTest" file="/mnt/c/Users/isabe/dbwebb-kurser/mvc/me/report/tests/CardGame/PlayerTest.php" line="83" assertions="1" time="0.000281"/>
        <testcase name="testFoldAndUnfold" class="App\Tests\CardGame\PlayerTest" classname="App.Tests.CardGame.PlayerTest" file="/mnt/c/Users/isabe/dbwebb-kurser/mvc/me/report/tests/CardGame/PlayerTest.php" line="92" assertions="2" time="0.000292"/>
        <testcase name="testSetAndGetCurrentBet" class="App\Tests\CardGame\PlayerTest" classname="App.Tests.CardGame.PlayerTest" file="/mnt/c/Users/isabe/dbwebb-kurser/mvc/me/report/tests/CardGame/PlayerTest.php" line="103" assertions="1" time="0.000306"/>
        <testcase name="testSetAndGetRole" class="App\Tests\CardGame\PlayerTest" classname="App.Tests.CardGame.PlayerTest" file="/mnt/c/Users/isabe/dbwebb-kurser/mvc/me/report/tests/CardGame/PlayerTest.php" line="112" assertions="3" time="0.000415"/>
        <testcase name="testMakeDecision" class="App\Tests\CardGame\PlayerTest" classname="App.Tests.CardGame.PlayerTest" file="/mnt/c/Users/isabe/dbwebb-kurser/mvc/me/report/tests/CardGame/PlayerTest.php" line="130" assertions="1" time="0.000366"/>
      </testsuite>
      <testsuite name="App\Tests\CardGame\PotManagerTest" file="/mnt/c/Users/isabe/dbwebb-kurser/mvc/me/report/tests/CardGame/PotManagerTest.php" tests="6" assertions="10" errors="0" warnings="0" failures="0" skipped="0" time="0.003276">
        <testcase name="testAddToPot" class="App\Tests\CardGame\PotManagerTest" classname="App.Tests.CardGame.PotManagerTest" file="/mnt/c/Users/isabe/dbwebb-kurser/mvc/me/report/tests/CardGame/PotManagerTest.php" line="18" assertions="2" time="0.000292"/>
        <testcase name="testResetPot" class="App\Tests\CardGame\PotManagerTest" classname="App.Tests.CardGame.PotManagerTest" file="/mnt/c/Users/isabe/dbwebb-kurser/mvc/me/report/tests/CardGame/PotManagerTest.php" line="27" assertions="1" time="0.000283"/>
        <testcase name="testUpdateAndResetCurrentBet" class="App\Tests\CardGame\PotManagerTest" classname="App.Tests.CardGame.PotManagerTest" file="/mnt/c/Users/isabe/dbwebb-kurser/mvc/me/report/tests/CardGame/PotManagerTest.php" line="34" assertions="2" time="0.000293"/>
        <testcase name="testHaveAllActivePlayersMatchedCurrentBet" class="App\Tests\CardGame\PotManagerTest" classname="App.Tests.CardGame.PotManagerTest" file="/mnt/c/Users/isabe/dbwebb-kurser/mvc/me/report/tests/CardGame/PotManagerTest.php" line="43" assertions="2" time="0.001291"/>
        <testcase name="testDistributeWinningsToPlayer" class="App\Tests\CardGame\PotManagerTest" classname="App.Tests.CardGame.PotManagerTest" file="/mnt/c/Users/isabe/dbwebb-kurser/mvc/me/report/tests/CardGame/PotManagerTest.php" line="87" assertions="1" time="0.000510"/>
        <testcase name="testSplitPotAmongWinners" class="App\Tests\CardGame\PotManagerTest" classname="App.Tests.CardGame.PotManagerTest" file="/mnt/c/Users/isabe/dbwebb-kurser/mvc/me/report/tests/CardGame/PotManagerTest.php" line="97" assertions="2" time="0.000607"/>
      </testsuite>
      <testsuite name="App\Tests\CardGame\TexasHoldemGameTest" file="/mnt/c/Users/isabe/dbwebb-kurser/mvc/me/report/tests/CardGame/TexasHoldemGameTest.php" tests="15" assertions="26" errors="0" warnings="0" failures="0" skipped="0" time="0.039249">
        <testcase name="testAddPlayer" class="App\Tests\CardGame\TexasHoldemGameTest" classname="App.Tests.CardGame.TexasHoldemGameTest" file="/mnt/c/Users/isabe/dbwebb-kurser/mvc/me/report/tests/CardGame/TexasHoldemGameTest.php" line="33" assertions="2" time="0.000736"/>
        <testcase name="testGetHandEvaluator" class="App\Tests\CardGame\TexasHoldemGameTest" classname="App.Tests.CardGame.TexasHoldemGameTest" file="/mnt/c/Users/isabe/dbwebb-kurser/mvc/me/report/tests/CardGame/TexasHoldemGameTest.php" line="42" assertions="2" time="0.001656"/>
        <testcase name="testAdvanceGameStage" class="App\Tests\CardGame\TexasHoldemGameTest" classname="App.Tests.CardGame.TexasHoldemGameTest" file="/mnt/c/Users/isabe/dbwebb-kurser/mvc/me/report/tests/CardGame/TexasHoldemGameTest.php" line="65" assertions="1" time="0.000846"/>
        <testcase name="testDetermineWinnerWithSingleActivePlayer" class="App\Tests\CardGame\TexasHoldemGameTest" classname="App.Tests.CardGame.TexasHoldemGameTest" file="/mnt/c/Users/isabe/dbwebb-kurser/mvc/me/report/tests/CardGame/TexasHoldemGameTest.php" line="75" assertions="2" time="0.001039"/>
        <testcase name="testHandleActionCall" class="App\Tests\CardGame\TexasHoldemGameTest" classname="App.Tests.CardGame.TexasHoldemGameTest" file="/mnt/c/Users/isabe/dbwebb-kurser/mvc/me/report/tests/CardGame/TexasHoldemGameTest.php" line="92" assertions="1" time="0.001268"/>
        <testcase name="testStartNewRound" class="App\Tests\CardGame\TexasHoldemGameTest" classname="App.Tests.CardGame.TexasHoldemGameTest" file="/mnt/c/Users/isabe/dbwebb-kurser/mvc/me/report/tests/CardGame/TexasHoldemGameTest.php" line="108" assertions="3" time="0.001346"/>
        <testcase name="testSetAllInOccurred" class="App\Tests\CardGame\TexasHoldemGameTest" classname="App.Tests.CardGame.TexasHoldemGameTest" file="/mnt/c/Users/isabe/dbwebb-kurser/mvc/me/report/tests/CardGame/TexasHoldemGameTest.php" line="121" assertions="1" time="0.000642"/>
        <testcase name="testProcessPlayerAction" class="App\Tests\CardGame\TexasHoldemGameTest" classname="App.Tests.CardGame.TexasHoldemGameTest" file="/mnt/c/Users/isabe/dbwebb-kurser/mvc/me/report/tests/CardGame/TexasHoldemGameTest.php" line="127" assertions="1" time="0.011474"/>
        <testcase name="testCountActivePlayers" class="App\Tests\CardGame\TexasHoldemGameTest" classname="App.Tests.CardGame.TexasHoldemGameTest" file="/mnt/c/Users/isabe/dbwebb-kurser/mvc/me/report/tests/CardGame/TexasHoldemGameTest.php" line="142" assertions="1" time="0.000990"/>
        <testcase name="testGetMinimumChips" class="App\Tests\CardGame\TexasHoldemGameTest" classname="App.Tests.CardGame.TexasHoldemGameTest" file="/mnt/c/Users/isabe/dbwebb-kurser/mvc/me/report/tests/CardGame/TexasHoldemGameTest.php" line="156" assertions="1" time="0.002720"/>
        <testcase name="testGameOverAfterFinalStage" class="App\Tests\CardGame\TexasHoldemGameTest" classname="App.Tests.CardGame.TexasHoldemGameTest" file="/mnt/c/Users/isabe/dbwebb-kurser/mvc/me/report/tests/CardGame/TexasHoldemGameTest.php" line="172" assertions="3" time="0.001779"/>
        <testcase name="testPlayRound" class="App\Tests\CardGame\TexasHoldemGameTest" classname="App.Tests.CardGame.TexasHoldemGameTest" file="/mnt/c/Users/isabe/dbwebb-kurser/mvc/me/report/tests/CardGame/TexasHoldemGameTest.php" line="189" assertions="1" time="0.010810"/>
        <testcase name="testDetermineWinnerNoWinnersFound" class="App\Tests\CardGame\TexasHoldemGameTest" classname="App.Tests.CardGame.TexasHoldemGameTest" file="/mnt/c/Users/isabe/dbwebb-kurser/mvc/me/report/tests/CardGame/TexasHoldemGameTest.php" line="214" assertions="3" time="0.001134"/>
        <testcase name="testHandleAllIn" class="App\Tests\CardGame\TexasHoldemGameTest" classname="App.Tests.CardGame.TexasHoldemGameTest" file="/mnt/c/Users/isabe/dbwebb-kurser/mvc/me/report/tests/CardGame/TexasHoldemGameTest.php" line="246" assertions="3" time="0.001981"/>
        <testcase name="testHandleRemainingPlayersAfterAllIn" class="App\Tests\CardGame\TexasHoldemGameTest" classname="App.Tests.CardGame.TexasHoldemGameTest" file="/mnt/c/Users/isabe/dbwebb-kurser/mvc/me/report/tests/CardGame/TexasHoldemGameTest.php" line="279" assertions="1" time="0.000829"/>
      </testsuite>
      <testsuite name="App\Tests\CardGame\WinnerEvaluatorTest" file="/mnt/c/Users/isabe/dbwebb-kurser/mvc/me/report/tests/CardGame/WinnerEvaluatorTest.php" tests="3" assertions="5" errors="0" warnings="0" failures="0" skipped="0" time="0.014761">
        <testcase name="testDetermineTie" class="App\Tests\CardGame\WinnerEvaluatorTest" classname="App.Tests.CardGame.WinnerEvaluatorTest" file="/mnt/c/Users/isabe/dbwebb-kurser/mvc/me/report/tests/CardGame/WinnerEvaluatorTest.php" line="54" assertions="3" time="0.013849"/>
        <testcase name="testDetermineWinnerWithEmptyPlayers" class="App\Tests\CardGame\WinnerEvaluatorTest" classname="App.Tests.CardGame.WinnerEvaluatorTest" file="/mnt/c/Users/isabe/dbwebb-kurser/mvc/me/report/tests/CardGame/WinnerEvaluatorTest.php" line="81" assertions="1" time="0.000516"/>
        <testcase name="testGetHandEvaluator" class="App\Tests\CardGame\WinnerEvaluatorTest" classname="App.Tests.CardGame.WinnerEvaluatorTest" file="/mnt/c/Users/isabe/dbwebb-kurser/mvc/me/report/tests/CardGame/WinnerEvaluatorTest.php" line="92" assertions="1" time="0.000397"/>
      </testsuite>
      <testsuite name="App\Tests\Controller\BlackJackControllerTest" file="/mnt/c/Users/isabe/dbwebb-kurser/mvc/me/report/tests/Controller/BlackJackControllerTest.php" tests="12" assertions="49" errors="0" warnings="0" failures="0" skipped="0" time="0.185983">
        <testcase name="testGame" class="App\Tests\Controller\BlackJackControllerTest" classname="App.Tests.Controller.BlackJackControllerTest" file="/mnt/c/Users/isabe/dbwebb-kurser/mvc/me/report/tests/Controller/BlackJackControllerTest.php" line="48" assertions="7" time="0.077804"/>
        <testcase name="testInit" class="App\Tests\Controller\BlackJackControllerTest" classname="App.Tests.Controller.BlackJackControllerTest" file="/mnt/c/Users/isabe/dbwebb-kurser/mvc/me/report/tests/Controller/BlackJackControllerTest.php" line="93" assertions="4" time="0.001106"/>
        <testcase name="testInitCallback" class="App\Tests\Controller\BlackJackControllerTest" classname="App.Tests.Controller.BlackJackControllerTest" file="/mnt/c/Users/isabe/dbwebb-kurser/mvc/me/report/tests/Controller/BlackJackControllerTest.php" line="117" assertions="4" time="0.090849"/>
        <testcase name="testInitCallbackFailed" class="App\Tests\Controller\BlackJackControllerTest" classname="App.Tests.Controller.BlackJackControllerTest" file="/mnt/c/Users/isabe/dbwebb-kurser/mvc/me/report/tests/Controller/BlackJackControllerTest.php" line="146" assertions="4" time="0.001270"/>
        <testcase name="testPlay" class="App\Tests\Controller\BlackJackControllerTest" classname="App.Tests.Controller.BlackJackControllerTest" file="/mnt/c/Users/isabe/dbwebb-kurser/mvc/me/report/tests/Controller/BlackJackControllerTest.php" line="178" assertions="5" time="0.001684"/>
        <testcase name="testStand" class="App\Tests\Controller\BlackJackControllerTest" classname="App.Tests.Controller.BlackJackControllerTest" file="/mnt/c/Users/isabe/dbwebb-kurser/mvc/me/report/tests/Controller/BlackJackControllerTest.php" line="237" assertions="4" time="0.001403"/>
        <testcase name="testHit" class="App\Tests\Controller\BlackJackControllerTest" classname="App.Tests.Controller.BlackJackControllerTest" file="/mnt/c/Users/isabe/dbwebb-kurser/mvc/me/report/tests/Controller/BlackJackControllerTest.php" line="280" assertions="4" time="0.002154"/>
        <testcase name="testDealerHit" class="App\Tests\Controller\BlackJackControllerTest" classname="App.Tests.Controller.BlackJackControllerTest" file="/mnt/c/Users/isabe/dbwebb-kurser/mvc/me/report/tests/Controller/BlackJackControllerTest.php" line="329" assertions="4" time="0.001654"/>
        <testcase name="testEndResult" class="App\Tests\Controller\BlackJackControllerTest" classname="App.Tests.Controller.BlackJackControllerTest" file="/mnt/c/Users/isabe/dbwebb-kurser/mvc/me/report/tests/Controller/BlackJackControllerTest.php" line="377" assertions="4" time="0.003599"/>
        <testcase name="testDoc" class="App\Tests\Controller\BlackJackControllerTest" classname="App.Tests.Controller.BlackJackControllerTest" file="/mnt/c/Users/isabe/dbwebb-kurser/mvc/me/report/tests/Controller/BlackJackControllerTest.php" line="445" assertions="3" time="0.000825"/>
        <testcase name="testPlayWithInvalidBet" class="App\Tests\Controller\BlackJackControllerTest" classname="App.Tests.Controller.BlackJackControllerTest" file="/mnt/c/Users/isabe/dbwebb-kurser/mvc/me/report/tests/Controller/BlackJackControllerTest.php" line="467" assertions="3" time="0.001373"/>
        <testcase name="testRedirectToGameEndResultAfterHit" class="App\Tests\Controller\BlackJackControllerTest" classname="App.Tests.Controller.BlackJackControllerTest" file="/mnt/c/Users/isabe/dbwebb-kurser/mvc/me/report/tests/Controller/BlackJackControllerTest.php" line="497" assertions="3" time="0.002262"/>
      </testsuite>
      <testsuite name="App\Tests\Controller\BlackJackJsonTest" file="/mnt/c/Users/isabe/dbwebb-kurser/mvc/me/report/tests/Controller/BlackJackJsonTest.php" tests="2" assertions="28" errors="0" warnings="0" failures="0" skipped="0" time="0.027995">
        <testcase name="testPlayWithoutGameStarted" class="App\Tests\Controller\BlackJackJsonTest" classname="App.Tests.Controller.BlackJackJsonTest" file="/mnt/c/Users/isabe/dbwebb-kurser/mvc/me/report/tests/Controller/BlackJackJsonTest.php" line="36" assertions="4" time="0.025963"/>
        <testcase name="testPlayWithGameInProgress" class="App\Tests\Controller\BlackJackJsonTest" classname="App.Tests.Controller.BlackJackJsonTest" file="/mnt/c/Users/isabe/dbwebb-kurser/mvc/me/report/tests/Controller/BlackJackJsonTest.php" line="60" assertions="24" time="0.002033"/>
      </testsuite>
      <testsuite name="App\Tests\Controller\CardGameControllerTest" file="/mnt/c/Users/isabe/dbwebb-kurser/mvc/me/report/tests/Controller/CardGameControllerTest.php" tests="13" assertions="42" errors="0" warnings="0" failures="0" skipped="0" time="0.045714">
        <testcase name="testShowSession" class="App\Tests\Controller\CardGameControllerTest" classname="App.Tests.Controller.CardGameControllerTest" file="/mnt/c/Users/isabe/dbwebb-kurser/mvc/me/report/tests/Controller/CardGameControllerTest.php" line="30" assertions="4" time="0.008845"/>
        <testcase name="testDeleteSession" class="App\Tests\Controller\CardGameControllerTest" classname="App.Tests.Controller.CardGameControllerTest" file="/mnt/c/Users/isabe/dbwebb-kurser/mvc/me/report/tests/Controller/CardGameControllerTest.php" line="54" assertions="4" time="0.001307"/>
        <testcase name="testHome" class="App\Tests\Controller\CardGameControllerTest" classname="App.Tests.Controller.CardGameControllerTest" file="/mnt/c/Users/isabe/dbwebb-kurser/mvc/me/report/tests/Controller/CardGameControllerTest.php" line="87" assertions="3" time="0.000719"/>
        <testcase name="testShowDeck" class="App\Tests\Controller\CardGameControllerTest" classname="App.Tests.Controller.CardGameControllerTest" file="/mnt/c/Users/isabe/dbwebb-kurser/mvc/me/report/tests/Controller/CardGameControllerTest.php" line="112" assertions="4" time="0.011138"/>
        <testcase name="testDrawCardWithNoDeckInSession" class="App\Tests\Controller\CardGameControllerTest" classname="App.Tests.Controller.CardGameControllerTest" file="/mnt/c/Users/isabe/dbwebb-kurser/mvc/me/report/tests/Controller/CardGameControllerTest.php" line="205" assertions="3" time="0.000995"/>
        <testcase name="testDrawCardWithEmptyDeck" class="App\Tests\Controller\CardGameControllerTest" classname="App.Tests.Controller.CardGameControllerTest" file="/mnt/c/Users/isabe/dbwebb-kurser/mvc/me/report/tests/Controller/CardGameControllerTest.php" line="234" assertions="3" time="0.001090"/>
        <testcase name="testDrawCardSuccessfully" class="App\Tests\Controller\CardGameControllerTest" classname="App.Tests.Controller.CardGameControllerTest" file="/mnt/c/Users/isabe/dbwebb-kurser/mvc/me/report/tests/Controller/CardGameControllerTest.php" line="267" assertions="3" time="0.001138"/>
        <testcase name="testDrawCardsPost" class="App\Tests\Controller\CardGameControllerTest" classname="App.Tests.Controller.CardGameControllerTest" file="/mnt/c/Users/isabe/dbwebb-kurser/mvc/me/report/tests/Controller/CardGameControllerTest.php" line="307" assertions="3" time="0.001039"/>
        <testcase name="testDrawNumberCardsWithNoDeckInSession" class="App\Tests\Controller\CardGameControllerTest" classname="App.Tests.Controller.CardGameControllerTest" file="/mnt/c/Users/isabe/dbwebb-kurser/mvc/me/report/tests/Controller/CardGameControllerTest.php" line="335" assertions="3" time="0.015097"/>
        <testcase name="testDrawNumberCardsWithEmptyDeck" class="App\Tests\Controller\CardGameControllerTest" classname="App.Tests.Controller.CardGameControllerTest" file="/mnt/c/Users/isabe/dbwebb-kurser/mvc/me/report/tests/Controller/CardGameControllerTest.php" line="363" assertions="3" time="0.001182"/>
        <testcase name="testDealCardsPost" class="App\Tests\Controller\CardGameControllerTest" classname="App.Tests.Controller.CardGameControllerTest" file="/mnt/c/Users/isabe/dbwebb-kurser/mvc/me/report/tests/Controller/CardGameControllerTest.php" line="395" assertions="3" time="0.000762"/>
        <testcase name="testDealCardsGetWithNoDeckInSession" class="App\Tests\Controller\CardGameControllerTest" classname="App.Tests.Controller.CardGameControllerTest" file="/mnt/c/Users/isabe/dbwebb-kurser/mvc/me/report/tests/Controller/CardGameControllerTest.php" line="420" assertions="3" time="0.001290"/>
        <testcase name="testDealCardsGetWithEmptyDeck" class="App\Tests\Controller\CardGameControllerTest" classname="App.Tests.Controller.CardGameControllerTest" file="/mnt/c/Users/isabe/dbwebb-kurser/mvc/me/report/tests/Controller/CardGameControllerTest.php" line="447" assertions="3" time="0.001111"/>
      </testsuite>
      <testsuite name="App\Tests\Controller\GamePlayerControllerTest" file="/mnt/c/Users/isabe/dbwebb-kurser/mvc/me/report/tests/Controller/GamePlayerControllerTest.php" tests="4" assertions="15" errors="0" warnings="0" failures="0" skipped="0" time="0.126883">
        <testcase name="testIndex" class="App\Tests\Controller\GamePlayerControllerTest" classname="App.Tests.Controller.GamePlayerControllerTest" file="/mnt/c/Users/isabe/dbwebb-kurser/mvc/me/report/tests/Controller/GamePlayerControllerTest.php" line="27" assertions="3" time="0.017528"/>
        <testcase name="testShowAllGamePlayers" class="App\Tests\Controller\GamePlayerControllerTest" classname="App.Tests.Controller.GamePlayerControllerTest" file="/mnt/c/Users/isabe/dbwebb-kurser/mvc/me/report/tests/Controller/GamePlayerControllerTest.php" line="48" assertions="4" time="0.098733"/>
        <testcase name="testShowAllScoresWithPlayers" class="App\Tests\Controller\GamePlayerControllerTest" classname="App.Tests.Controller.GamePlayerControllerTest" file="/mnt/c/Users/isabe/dbwebb-kurser/mvc/me/report/tests/Controller/GamePlayerControllerTest.php" line="88" assertions="4" time="0.009907"/>
        <testcase name="testResetPlayerDatabase" class="App\Tests\Controller\GamePlayerControllerTest" classname="App.Tests.Controller.GamePlayerControllerTest" file="/mnt/c/Users/isabe/dbwebb-kurser/mvc/me/report/tests/Controller/GamePlayerControllerTest.php" line="119" assertions="4" time="0.000716"/>
      </testsuite>
      <testsuite name="App\Tests\Controller\LibraryControllerTest" file="/mnt/c/Users/isabe/dbwebb-kurser/mvc/me/report/tests/Controller/LibraryControllerTest.php" tests="7" assertions="24" errors="0" warnings="0" failures="0" skipped="0" time="0.046055">
        <testcase name="testIndex" class="App\Tests\Controller\LibraryControllerTest" classname="App.Tests.Controller.LibraryControllerTest" file="/mnt/c/Users/isabe/dbwebb-kurser/mvc/me/report/tests/Controller/LibraryControllerTest.php" line="31" assertions="3" time="0.022990"/>
        <testcase name="testShowAllBooks" class="App\Tests\Controller\LibraryControllerTest" classname="App.Tests.Controller.LibraryControllerTest" file="/mnt/c/Users/isabe/dbwebb-kurser/mvc/me/report/tests/Controller/LibraryControllerTest.php" line="52" assertions="4" time="0.018436"/>
        <testcase name="testShowBookById" class="App\Tests\Controller\LibraryControllerTest" classname="App.Tests.Controller.LibraryControllerTest" file="/mnt/c/Users/isabe/dbwebb-kurser/mvc/me/report/tests/Controller/LibraryControllerTest.php" line="79" assertions="4" time="0.001154"/>
        <testcase name="testDeleteBookById" class="App\Tests\Controller\LibraryControllerTest" classname="App.Tests.Controller.LibraryControllerTest" file="/mnt/c/Users/isabe/dbwebb-kurser/mvc/me/report/tests/Controller/LibraryControllerTest.php" line="108" assertions="4" time="0.001382"/>
        <testcase name="testGetAllBooks" class="App\Tests\Controller\LibraryControllerTest" classname="App.Tests.Controller.LibraryControllerTest" file="/mnt/c/Users/isabe/dbwebb-kurser/mvc/me/report/tests/Controller/LibraryControllerTest.php" line="141" assertions="3" time="0.000686"/>
        <testcase name="testGetBookByIsbn" class="App\Tests\Controller\LibraryControllerTest" classname="App.Tests.Controller.LibraryControllerTest" file="/mnt/c/Users/isabe/dbwebb-kurser/mvc/me/report/tests/Controller/LibraryControllerTest.php" line="155" assertions="3" time="0.000677"/>
        <testcase name="testResetDatabase" class="App\Tests\Controller\LibraryControllerTest" classname="App.Tests.Controller.LibraryControllerTest" file="/mnt/c/Users/isabe/dbwebb-kurser/mvc/me/report/tests/Controller/LibraryControllerTest.php" line="170" assertions="3" time="0.000728"/>
      </testsuite>
      <testsuite name="App\Tests\Controller\LuckyControllerTest" file="/mnt/c/Users/isabe/dbwebb-kurser/mvc/me/report/tests/Controller/LuckyControllerTest.php" tests="2" assertions="10" errors="0" warnings="0" failures="0" skipped="0" time="0.049750">
        <testcase name="testNumber" class="App\Tests\Controller\LuckyControllerTest" classname="App.Tests.Controller.LuckyControllerTest" file="/mnt/c/Users/isabe/dbwebb-kurser/mvc/me/report/tests/Controller/LuckyControllerTest.php" line="11" assertions="7" time="0.049310"/>
        <testcase name="testHiya" class="App\Tests\Controller\LuckyControllerTest" classname="App.Tests.Controller.LuckyControllerTest" file="/mnt/c/Users/isabe/dbwebb-kurser/mvc/me/report/tests/Controller/LuckyControllerTest.php" line="27" assertions="3" time="0.000440"/>
      </testsuite>
      <testsuite name="App\Tests\Controller\ReportSiteJsonTest" file="/mnt/c/Users/isabe/dbwebb-kurser/mvc/me/report/tests/Controller/ReportSiteJsonTest.php" tests="11" assertions="65" errors="0" warnings="0" failures="0" skipped="0" time="0.031130">
        <testcase name="testJsonNumber" class="App\Tests\Controller\ReportSiteJsonTest" classname="App.Tests.Controller.ReportSiteJsonTest" file="/mnt/c/Users/isabe/dbwebb-kurser/mvc/me/report/tests/Controller/ReportSiteJsonTest.php" line="36" assertions="5" time="0.008457"/>
        <testcase name="testJsonQuote" class="App\Tests\Controller\ReportSiteJsonTest" classname="App.Tests.Controller.ReportSiteJsonTest" file="/mnt/c/Users/isabe/dbwebb-kurser/mvc/me/report/tests/Controller/ReportSiteJsonTest.php" line="49" assertions="5" time="0.000691"/>
        <testcase name="testDrawCardFromEmptyDeck" class="App\Tests\Controller\ReportSiteJsonTest" classname="App.Tests.Controller.ReportSiteJsonTest" file="/mnt/c/Users/isabe/dbwebb-kurser/mvc/me/report/tests/Controller/ReportSiteJsonTest.php" line="62" assertions="5" time="0.000797"/>
        <testcase name="testDrawMultipleCardsFromEmptyDeck" class="App\Tests\Controller\ReportSiteJsonTest" classname="App.Tests.Controller.ReportSiteJsonTest" file="/mnt/c/Users/isabe/dbwebb-kurser/mvc/me/report/tests/Controller/ReportSiteJsonTest.php" line="79" assertions="5" time="0.000750"/>
        <testcase name="testDrawMultipleCardsInvalidNumber" class="App\Tests\Controller\ReportSiteJsonTest" classname="App.Tests.Controller.ReportSiteJsonTest" file="/mnt/c/Users/isabe/dbwebb-kurser/mvc/me/report/tests/Controller/ReportSiteJsonTest.php" line="96" assertions="6" time="0.000727"/>
        <testcase name="testDrawMultipleCardsSuccessfully" class="App\Tests\Controller\ReportSiteJsonTest" classname="App.Tests.Controller.ReportSiteJsonTest" file="/mnt/c/Users/isabe/dbwebb-kurser/mvc/me/report/tests/Controller/ReportSiteJsonTest.php" line="118" assertions="11" time="0.000979"/>
        <testcase name="testGetDeck" class="App\Tests\Controller\ReportSiteJsonTest" classname="App.Tests.Controller.ReportSiteJsonTest" file="/mnt/c/Users/isabe/dbwebb-kurser/mvc/me/report/tests/Controller/ReportSiteJsonTest.php" line="171" assertions="7" time="0.005664"/>
        <testcase name="testShuffleDeck" class="App\Tests\Controller\ReportSiteJsonTest" classname="App.Tests.Controller.ReportSiteJsonTest" file="/mnt/c/Users/isabe/dbwebb-kurser/mvc/me/report/tests/Controller/ReportSiteJsonTest.php" line="193" assertions="4" time="0.010084"/>
        <testcase name="testDrawCard" class="App\Tests\Controller\ReportSiteJsonTest" classname="App.Tests.Controller.ReportSiteJsonTest" file="/mnt/c/Users/isabe/dbwebb-kurser/mvc/me/report/tests/Controller/ReportSiteJsonTest.php" line="216" assertions="6" time="0.001083"/>
        <testcase name="testDealCardsToPlayers" class="App\Tests\Controller\ReportSiteJsonTest" classname="App.Tests.Controller.ReportSiteJsonTest" file="/mnt/c/Users/isabe/dbwebb-kurser/mvc/me/report/tests/Controller/ReportSiteJsonTest.php" line="241" assertions="6" time="0.001132"/>
        <testcase name="testDealCardsToPlayersWithInvalidNumbers" class="App\Tests\Controller\ReportSiteJsonTest" classname="App.Tests.Controller.ReportSiteJsonTest" file="/mnt/c/Users/isabe/dbwebb-kurser/mvc/me/report/tests/Controller/ReportSiteJsonTest.php" line="266" assertions="5" time="0.000766"/>
      </testsuite>
      <testsuite name="App\Tests\Controller\ReportSiteTest" file="/mnt/c/Users/isabe/dbwebb-kurser/mvc/me/report/tests/Controller/ReportSiteTest.php" tests="7" assertions="21" errors="0" warnings="0" failures="0" skipped="0" time="0.013892">
        <testcase name="testNumber" class="App\Tests\Controller\ReportSiteTest" classname="App.Tests.Controller.ReportSiteTest" file="/mnt/c/Users/isabe/dbwebb-kurser/mvc/me/report/tests/Controller/ReportSiteTest.php" line="32" assertions="3" time="0.009763"/>
        <testcase name="testHome" class="App\Tests\Controller\ReportSiteTest" classname="App.Tests.Controller.ReportSiteTest" file="/mnt/c/Users/isabe/dbwebb-kurser/mvc/me/report/tests/Controller/ReportSiteTest.php" line="45" assertions="3" time="0.000753"/>
        <testcase name="testAbout" class="App\Tests\Controller\ReportSiteTest" classname="App.Tests.Controller.ReportSiteTest" file="/mnt/c/Users/isabe/dbwebb-kurser/mvc/me/report/tests/Controller/ReportSiteTest.php" line="58" assertions="3" time="0.000683"/>
        <testcase name="testReport" class="App\Tests\Controller\ReportSiteTest" classname="App.Tests.Controller.ReportSiteTest" file="/mnt/c/Users/isabe/dbwebb-kurser/mvc/me/report/tests/Controller/ReportSiteTest.php" line="71" assertions="3" time="0.000678"/>
        <testcase name="testMetrics" class="App\Tests\Controller\ReportSiteTest" classname="App.Tests.Controller.ReportSiteTest" file="/mnt/c/Users/isabe/dbwebb-kurser/mvc/me/report/tests/Controller/ReportSiteTest.php" line="84" assertions="3" time="0.000671"/>
        <testcase name="testProj" class="App\Tests\Controller\ReportSiteTest" classname="App.Tests.Controller.ReportSiteTest" file="/mnt/c/Users/isabe/dbwebb-kurser/mvc/me/report/tests/Controller/ReportSiteTest.php" line="97" assertions="3" time="0.000651"/>
        <testcase name="testApiHome" class="App\Tests\Controller\ReportSiteTest" classname="App.Tests.Controller.ReportSiteTest" file="/mnt/c/Users/isabe/dbwebb-kurser/mvc/me/report/tests/Controller/ReportSiteTest.php" line="110" assertions="3" time="0.000692"/>
      </testsuite>
      <testsuite name="App\Tests\Controller\TexasHoldemControllerTest" file="/mnt/c/Users/isabe/dbwebb-kurser/mvc/me/report/tests/Controller/TexasHoldemControllerTest.php" tests="19" assertions="69" errors="0" warnings="0" failures="0" skipped="0" time="0.117811">
        <testcase name="testSubmitScore" class="App\Tests\Controller\TexasHoldemControllerTest" classname="App.Tests.Controller.TexasHoldemControllerTest" file="/mnt/c/Users/isabe/dbwebb-kurser/mvc/me/report/tests/Controller/TexasHoldemControllerTest.php" line="76" assertions="5" time="0.089392"/>
        <testcase name="testStartGameGetRequest" class="App\Tests\Controller\TexasHoldemControllerTest" classname="App.Tests.Controller.TexasHoldemControllerTest" file="/mnt/c/Users/isabe/dbwebb-kurser/mvc/me/report/tests/Controller/TexasHoldemControllerTest.php" line="118" assertions="3" time="0.001129"/>
        <testcase name="testAboutRequest" class="App\Tests\Controller\TexasHoldemControllerTest" classname="App.Tests.Controller.TexasHoldemControllerTest" file="/mnt/c/Users/isabe/dbwebb-kurser/mvc/me/report/tests/Controller/TexasHoldemControllerTest.php" line="137" assertions="3" time="0.000926"/>
        <testcase name="testStartTexasHoldemGame" class="App\Tests\Controller\TexasHoldemControllerTest" classname="App.Tests.Controller.TexasHoldemControllerTest" file="/mnt/c/Users/isabe/dbwebb-kurser/mvc/me/report/tests/Controller/TexasHoldemControllerTest.php" line="153" assertions="5" time="0.002801"/>
        <testcase name="testIndexPage" class="App\Tests\Controller\TexasHoldemControllerTest" classname="App.Tests.Controller.TexasHoldemControllerTest" file="/mnt/c/Users/isabe/dbwebb-kurser/mvc/me/report/tests/Controller/TexasHoldemControllerTest.php" line="196" assertions="3" time="0.001126"/>
        <testcase name="testPlayRoundGet" class="App\Tests\Controller\TexasHoldemControllerTest" classname="App.Tests.Controller.TexasHoldemControllerTest" file="/mnt/c/Users/isabe/dbwebb-kurser/mvc/me/report/tests/Controller/TexasHoldemControllerTest.php" line="216" assertions="5" time="0.001604"/>
        <testcase name="testPlayRoundRedirectsToStartIfNoGameInSession" class="App\Tests\Controller\TexasHoldemControllerTest" classname="App.Tests.Controller.TexasHoldemControllerTest" file="/mnt/c/Users/isabe/dbwebb-kurser/mvc/me/report/tests/Controller/TexasHoldemControllerTest.php" line="248" assertions="4" time="0.001292"/>
        <testcase name="testPlayRoundHandlesComputerPlayerAction" class="App\Tests\Controller\TexasHoldemControllerTest" classname="App.Tests.Controller.TexasHoldemControllerTest" file="/mnt/c/Users/isabe/dbwebb-kurser/mvc/me/report/tests/Controller/TexasHoldemControllerTest.php" line="279" assertions="5" time="0.002213"/>
        <testcase name="testStartNewRound" class="App\Tests\Controller\TexasHoldemControllerTest" classname="App.Tests.Controller.TexasHoldemControllerTest" file="/mnt/c/Users/isabe/dbwebb-kurser/mvc/me/report/tests/Controller/TexasHoldemControllerTest.php" line="332" assertions="5" time="0.001215"/>
        <testcase name="testStartNewRoundRedirectsToStartIfNoGameInSession" class="App\Tests\Controller\TexasHoldemControllerTest" classname="App.Tests.Controller.TexasHoldemControllerTest" file="/mnt/c/Users/isabe/dbwebb-kurser/mvc/me/report/tests/Controller/TexasHoldemControllerTest.php" line="364" assertions="4" time="0.001345"/>
        <testcase name="testSubmitScoreInvalidUsername" class="App\Tests\Controller\TexasHoldemControllerTest" classname="App.Tests.Controller.TexasHoldemControllerTest" file="/mnt/c/Users/isabe/dbwebb-kurser/mvc/me/report/tests/Controller/TexasHoldemControllerTest.php" line="394" assertions="6" time="0.000923"/>
        <testcase name="testSubmitScoreRedirectsToStartIfNoGameInSession" class="App\Tests\Controller\TexasHoldemControllerTest" classname="App.Tests.Controller.TexasHoldemControllerTest" file="/mnt/c/Users/isabe/dbwebb-kurser/mvc/me/report/tests/Controller/TexasHoldemControllerTest.php" line="428" assertions="4" time="0.001281"/>
        <testcase name="testDatabaseRequest" class="App\Tests\Controller\TexasHoldemControllerTest" classname="App.Tests.Controller.TexasHoldemControllerTest" file="/mnt/c/Users/isabe/dbwebb-kurser/mvc/me/report/tests/Controller/TexasHoldemControllerTest.php" line="466" assertions="3" time="0.000916"/>
        <testcase name="testPlayRoundRendersGameView" class="App\Tests\Controller\TexasHoldemControllerTest" classname="App.Tests.Controller.TexasHoldemControllerTest" file="/mnt/c/Users/isabe/dbwebb-kurser/mvc/me/report/tests/Controller/TexasHoldemControllerTest.php" line="481" assertions="4" time="0.001499"/>
        <testcase name="testRenderGameViewWhenGameIsOver" class="App\Tests\Controller\TexasHoldemControllerTest" classname="App.Tests.Controller.TexasHoldemControllerTest" file="/mnt/c/Users/isabe/dbwebb-kurser/mvc/me/report/tests/Controller/TexasHoldemControllerTest.php" line="518" assertions="1" time="0.004666"/>
        <testcase name="testCurrentActionIndexResetToDefaultIfNotNumeric" class="App\Tests\Controller\TexasHoldemControllerTest" classname="App.Tests.Controller.TexasHoldemControllerTest" file="/mnt/c/Users/isabe/dbwebb-kurser/mvc/me/report/tests/Controller/TexasHoldemControllerTest.php" line="535" assertions="1" time="0.001099"/>
        <testcase name="testFoldedPlayerIsSkipped" class="App\Tests\Controller\TexasHoldemControllerTest" classname="App.Tests.Controller.TexasHoldemControllerTest" file="/mnt/c/Users/isabe/dbwebb-kurser/mvc/me/report/tests/Controller/TexasHoldemControllerTest.php" line="556" assertions="1" time="0.001431"/>
        <testcase name="testReturnResponse" class="App\Tests\Controller\TexasHoldemControllerTest" classname="App.Tests.Controller.TexasHoldemControllerTest" file="/mnt/c/Users/isabe/dbwebb-kurser/mvc/me/report/tests/Controller/TexasHoldemControllerTest.php" line="584" assertions="5" time="0.001699"/>
        <testcase name="testHandleAllInScenario" class="App\Tests\Controller\TexasHoldemControllerTest" classname="App.Tests.Controller.TexasHoldemControllerTest" file="/mnt/c/Users/isabe/dbwebb-kurser/mvc/me/report/tests/Controller/TexasHoldemControllerTest.php" line="616" assertions="2" time="0.001255"/>
      </testsuite>
      <testsuite name="App\Tests\Controller\TexasHoldemJsonTest" file="/mnt/c/Users/isabe/dbwebb-kurser/mvc/me/report/tests/Controller/TexasHoldemJsonTest.php" tests="14" assertions="88" errors="0" warnings="0" failures="0" skipped="0" time="0.023395">
        <testcase name="testApiPage" class="App\Tests\Controller\TexasHoldemJsonTest" classname="App.Tests.Controller.TexasHoldemJsonTest" file="/mnt/c/Users/isabe/dbwebb-kurser/mvc/me/report/tests/Controller/TexasHoldemJsonTest.php" line="38" assertions="2" time="0.009466"/>
        <testcase name="testStartNewGame" class="App\Tests\Controller\TexasHoldemJsonTest" classname="App.Tests.Controller.TexasHoldemJsonTest" file="/mnt/c/Users/isabe/dbwebb-kurser/mvc/me/report/tests/Controller/TexasHoldemJsonTest.php" line="54" assertions="6" time="0.001407"/>
        <testcase name="testGetGameStateWithoutGame" class="App\Tests\Controller\TexasHoldemJsonTest" classname="App.Tests.Controller.TexasHoldemJsonTest" file="/mnt/c/Users/isabe/dbwebb-kurser/mvc/me/report/tests/Controller/TexasHoldemJsonTest.php" line="78" assertions="6" time="0.000768"/>
        <testcase name="testGetGameStateWithGame" class="App\Tests\Controller\TexasHoldemJsonTest" classname="App.Tests.Controller.TexasHoldemJsonTest" file="/mnt/c/Users/isabe/dbwebb-kurser/mvc/me/report/tests/Controller/TexasHoldemJsonTest.php" line="97" assertions="7" time="0.001269"/>
        <testcase name="testStartNewRound" class="App\Tests\Controller\TexasHoldemJsonTest" classname="App.Tests.Controller.TexasHoldemJsonTest" file="/mnt/c/Users/isabe/dbwebb-kurser/mvc/me/report/tests/Controller/TexasHoldemJsonTest.php" line="121" assertions="7" time="0.000982"/>
        <testcase name="testResetGame" class="App\Tests\Controller\TexasHoldemJsonTest" classname="App.Tests.Controller.TexasHoldemJsonTest" file="/mnt/c/Users/isabe/dbwebb-kurser/mvc/me/report/tests/Controller/TexasHoldemJsonTest.php" line="147" assertions="6" time="0.000636"/>
        <testcase name="testSetChips" class="App\Tests\Controller\TexasHoldemJsonTest" classname="App.Tests.Controller.TexasHoldemJsonTest" file="/mnt/c/Users/isabe/dbwebb-kurser/mvc/me/report/tests/Controller/TexasHoldemJsonTest.php" line="165" assertions="7" time="0.001133"/>
        <testcase name="testSetChipsCompOne" class="App\Tests\Controller\TexasHoldemJsonTest" classname="App.Tests.Controller.TexasHoldemJsonTest" file="/mnt/c/Users/isabe/dbwebb-kurser/mvc/me/report/tests/Controller/TexasHoldemJsonTest.php" line="191" assertions="7" time="0.001180"/>
        <testcase name="testSetChipsCompTwo" class="App\Tests\Controller\TexasHoldemJsonTest" classname="App.Tests.Controller.TexasHoldemJsonTest" file="/mnt/c/Users/isabe/dbwebb-kurser/mvc/me/report/tests/Controller/TexasHoldemJsonTest.php" line="217" assertions="7" time="0.001256"/>
        <testcase name="testGetCommunityCardsWithoutGame" class="App\Tests\Controller\TexasHoldemJsonTest" classname="App.Tests.Controller.TexasHoldemJsonTest" file="/mnt/c/Users/isabe/dbwebb-kurser/mvc/me/report/tests/Controller/TexasHoldemJsonTest.php" line="244" assertions="6" time="0.000794"/>
        <testcase name="testGetCommunityCards" class="App\Tests\Controller\TexasHoldemJsonTest" classname="App.Tests.Controller.TexasHoldemJsonTest" file="/mnt/c/Users/isabe/dbwebb-kurser/mvc/me/report/tests/Controller/TexasHoldemJsonTest.php" line="263" assertions="6" time="0.001317"/>
        <testcase name="testGetPlayerCardsWithoutGame" class="App\Tests\Controller\TexasHoldemJsonTest" classname="App.Tests.Controller.TexasHoldemJsonTest" file="/mnt/c/Users/isabe/dbwebb-kurser/mvc/me/report/tests/Controller/TexasHoldemJsonTest.php" line="295" assertions="6" time="0.000708"/>
        <testcase name="testGetPlayerCards" class="App\Tests\Controller\TexasHoldemJsonTest" classname="App.Tests.Controller.TexasHoldemJsonTest" file="/mnt/c/Users/isabe/dbwebb-kurser/mvc/me/report/tests/Controller/TexasHoldemJsonTest.php" line="314" assertions="8" time="0.001331"/>
        <testcase name="testGetPlayerCardsPlayerNotFound" class="App\Tests\Controller\TexasHoldemJsonTest" classname="App.Tests.Controller.TexasHoldemJsonTest" file="/mnt/c/Users/isabe/dbwebb-kurser/mvc/me/report/tests/Controller/TexasHoldemJsonTest.php" line="348" assertions="7" time="0.001147"/>
      </testsuite>
      <testsuite name="App\Dice\DiceTest" file="/mnt/c/Users/isabe/dbwebb-kurser/mvc/me/report/tests/Dice/DiceTest.php" tests="1" assertions="2" errors="0" warnings="0" failures="0" skipped="0" time="0.012132">
        <testcase name="testCreateDice" class="App\Dice\DiceTest" classname="App.Dice.DiceTest" file="/mnt/c/Users/isabe/dbwebb-kurser/mvc/me/report/tests/Dice/DiceTest.php" line="16" assertions="2" time="0.012132"/>
      </testsuite>
      <testsuite name="App\Tests\Entity\GamePlayerTest" file="/mnt/c/Users/isabe/dbwebb-kurser/mvc/me/report/tests/Entity/GamePlayerTest.php" tests="10" assertions="23" errors="0" warnings="0" failures="0" skipped="0" time="0.004642">
        <testcase name="testInitialValues" class="App\Tests\Entity\GamePlayerTest" classname="App.Tests.Entity.GamePlayerTest" file="/mnt/c/Users/isabe/dbwebb-kurser/mvc/me/report/tests/Entity/GamePlayerTest.php" line="14" assertions="5" time="0.000351"/>
        <testcase name="testGetId" class="App\Tests\Entity\GamePlayerTest" classname="App.Tests.Entity.GamePlayerTest" file="/mnt/c/Users/isabe/dbwebb-kurser/mvc/me/report/tests/Entity/GamePlayerTest.php" line="25" assertions="2" time="0.000300"/>
        <testcase name="testGetUsername" class="App\Tests\Entity\GamePlayerTest" classname="App.Tests.Entity.GamePlayerTest" file="/mnt/c/Users/isabe/dbwebb-kurser/mvc/me/report/tests/Entity/GamePlayerTest.php" line="38" assertions="2" time="0.000296"/>
        <testcase name="testSetId" class="App\Tests\Entity\GamePlayerTest" classname="App.Tests.Entity.GamePlayerTest" file="/mnt/c/Users/isabe/dbwebb-kurser/mvc/me/report/tests/Entity/GamePlayerTest.php" line="51" assertions="1" time="0.000303"/>
        <testcase name="testGetAge" class="App\Tests\Entity\GamePlayerTest" classname="App.Tests.Entity.GamePlayerTest" file="/mnt/c/Users/isabe/dbwebb-kurser/mvc/me/report/tests/Entity/GamePlayerTest.php" line="59" assertions="2" time="0.000305"/>
        <testcase name="testGetScores" class="App\Tests\Entity\GamePlayerTest" classname="App.Tests.Entity.GamePlayerTest" file="/mnt/c/Users/isabe/dbwebb-kurser/mvc/me/report/tests/Entity/GamePlayerTest.php" line="73" assertions="4" time="0.001106"/>
        <testcase name="testSetAndGetUsername" class="App\Tests\Entity\GamePlayerTest" classname="App.Tests.Entity.GamePlayerTest" file="/mnt/c/Users/isabe/dbwebb-kurser/mvc/me/report/tests/Entity/GamePlayerTest.php" line="86" assertions="1" time="0.000291"/>
        <testcase name="testSetAndGetAge" class="App\Tests\Entity\GamePlayerTest" classname="App.Tests.Entity.GamePlayerTest" file="/mnt/c/Users/isabe/dbwebb-kurser/mvc/me/report/tests/Entity/GamePlayerTest.php" line="95" assertions="1" time="0.000284"/>
        <testcase name="testGetScoresReturnsCollection" class="App\Tests\Entity\GamePlayerTest" classname="App.Tests.Entity.GamePlayerTest" file="/mnt/c/Users/isabe/dbwebb-kurser/mvc/me/report/tests/Entity/GamePlayerTest.php" line="104" assertions="2" time="0.000295"/>
        <testcase name="testAddScore" class="App\Tests\Entity\GamePlayerTest" classname="App.Tests.Entity.GamePlayerTest" file="/mnt/c/Users/isabe/dbwebb-kurser/mvc/me/report/tests/Entity/GamePlayerTest.php" line="111" assertions="3" time="0.001109"/>
      </testsuite>
      <testsuite name="App\Tests\Entity\ScoresTest" file="/mnt/c/Users/isabe/dbwebb-kurser/mvc/me/report/tests/Entity/ScoresTest.php" tests="5" assertions="10" errors="0" warnings="0" failures="0" skipped="0" time="0.001654">
        <testcase name="testInitialValues" class="App\Tests\Entity\ScoresTest" classname="App.Tests.Entity.ScoresTest" file="/mnt/c/Users/isabe/dbwebb-kurser/mvc/me/report/tests/Entity/ScoresTest.php" line="12" assertions="4" time="0.000334"/>
        <testcase name="testSetAndGetUserId" class="App\Tests\Entity\ScoresTest" classname="App.Tests.Entity.ScoresTest" file="/mnt/c/Users/isabe/dbwebb-kurser/mvc/me/report/tests/Entity/ScoresTest.php" line="22" assertions="1" time="0.000430"/>
        <testcase name="testSetAndGetScore" class="App\Tests\Entity\ScoresTest" classname="App.Tests.Entity.ScoresTest" file="/mnt/c/Users/isabe/dbwebb-kurser/mvc/me/report/tests/Entity/ScoresTest.php" line="32" assertions="1" time="0.000284"/>
        <testcase name="testSetAndGetDate" class="App\Tests\Entity\ScoresTest" classname="App.Tests.Entity.ScoresTest" file="/mnt/c/Users/isabe/dbwebb-kurser/mvc/me/report/tests/Entity/ScoresTest.php" line="42" assertions="1" time="0.000286"/>
        <testcase name="testScoreRelationshipWithGamePlayer" class="App\Tests\Entity\ScoresTest" classname="App.Tests.Entity.ScoresTest" file="/mnt/c/Users/isabe/dbwebb-kurser/mvc/me/report/tests/Entity/ScoresTest.php" line="52" assertions="3" time="0.000320"/>
      </testsuite>
      <testsuite name="App\Entity\LibraryTest" file="/mnt/c/Users/isabe/dbwebb-kurser/mvc/me/report/tests/Library/LibraryTest.php" tests="5" assertions="5" errors="0" warnings="0" failures="0" skipped="0" time="0.001411">
        <testcase name="testSetTitle" class="App\Entity\LibraryTest" classname="App.Entity.LibraryTest" file="/mnt/c/Users/isabe/dbwebb-kurser/mvc/me/report/tests/Library/LibraryTest.php" line="9" assertions="1" time="0.000292"/>
        <testcase name="testSetAndGetAuthor" class="App\Entity\LibraryTest" classname="App.Entity.LibraryTest" file="/mnt/c/Users/isabe/dbwebb-kurser/mvc/me/report/tests/Library/LibraryTest.php" line="16" assertions="1" time="0.000280"/>
        <testcase name="testSetAndGetIsbn" class="App\Entity\LibraryTest" classname="App.Entity.LibraryTest" file="/mnt/c/Users/isabe/dbwebb-kurser/mvc/me/report/tests/Library/LibraryTest.php" line="23" assertions="1" time="0.000280"/>
        <testcase name="testSetAndGetBookimage" class="App\Entity\LibraryTest" classname="App.Entity.LibraryTest" file="/mnt/c/Users/isabe/dbwebb-kurser/mvc/me/report/tests/Library/LibraryTest.php" line="30" assertions="1" time="0.000280"/>
        <testcase name="testSetAndGetDescription" class="App\Entity\LibraryTest" classname="App.Entity.LibraryTest" file="/mnt/c/Users/isabe/dbwebb-kurser/mvc/me/report/tests/Library/LibraryTest.php" line="37" assertions="1" time="0.000279"/>
      </testsuite>
      <testsuite name="App\Tests\Entity\ProductTest" file="/mnt/c/Users/isabe/dbwebb-kurser/mvc/me/report/tests/Library/ProductTest.php" tests="2" assertions="2" errors="0" warnings="0" failures="0" skipped="0" time="0.009258">
        <testcase name="testSetName" class="App\Tests\Entity\ProductTest" classname="App.Tests.Entity.ProductTest" file="/mnt/c/Users/isabe/dbwebb-kurser/mvc/me/report/tests/Library/ProductTest.php" line="10" assertions="1" time="0.008937"/>
        <testcase name="testSetValue" class="App\Tests\Entity\ProductTest" classname="App.Tests.Entity.ProductTest" file="/mnt/c/Users/isabe/dbwebb-kurser/mvc/me/report/tests/Library/ProductTest.php" line="17" assertions="1" time="0.000321"/>
      </testsuite>
      <testsuite name="App\Tests\Service\ApiServiceTest" file="/mnt/c/Users/isabe/dbwebb-kurser/mvc/me/report/tests/Service/ApiServiceTest.php" tests="3" assertions="17" errors="0" warnings="0" failures="0" skipped="0" time="0.003173">
        <testcase name="testGetAllBooks" class="App\Tests\Service\ApiServiceTest" classname="App.Tests.Service.ApiServiceTest" file="/mnt/c/Users/isabe/dbwebb-kurser/mvc/me/report/tests/Service/ApiServiceTest.php" line="24" assertions="6" time="0.001157"/>
        <testcase name="testGetBookByIsbn" class="App\Tests\Service\ApiServiceTest" classname="App.Tests.Service.ApiServiceTest" file="/mnt/c/Users/isabe/dbwebb-kurser/mvc/me/report/tests/Service/ApiServiceTest.php" line="49" assertions="5" time="0.001284"/>
        <testcase name="testGetBookByIsbnNotFound" class="App\Tests\Service\ApiServiceTest" classname="App.Tests.Service.ApiServiceTest" file="/mnt/c/Users/isabe/dbwebb-kurser/mvc/me/report/tests/Service/ApiServiceTest.php" line="74" assertions="6" time="0.000731"/>
      </testsuite>
      <testsuite name="App\Tests\Service\DatabaseResetServiceTest" file="/mnt/c/Users/isabe/dbwebb-kurser/mvc/me/report/tests/Service/DatabaseResetServiceTest.php" tests="1" assertions="3" errors="0" warnings="0" failures="0" skipped="0" time="0.000833">
        <testcase name="testResetDatabase" class="App\Tests\Service\DatabaseResetServiceTest" classname="App.Tests.Service.DatabaseResetServiceTest" file="/mnt/c/Users/isabe/dbwebb-kurser/mvc/me/report/tests/Service/DatabaseResetServiceTest.php" line="24" assertions="3" time="0.000833"/>
      </testsuite>
      <testsuite name="App\Tests\Service\PlayerScoreResetServiceTest" file="/mnt/c/Users/isabe/dbwebb-kurser/mvc/me/report/tests/Service/PlayerScoreResetServiceTest.php" tests="2" assertions="9" errors="0" warnings="0" failures="0" skipped="0" time="0.012677">
        <testcase name="testResetPlayerDataSuccess" class="App\Tests\Service\PlayerScoreResetServiceTest" classname="App.Tests.Service.PlayerScoreResetServiceTest" file="/mnt/c/Users/isabe/dbwebb-kurser/mvc/me/report/tests/Service/PlayerScoreResetServiceTest.php" line="49" assertions="5" time="0.000921"/>
        <testcase name="testResetPlayerDataFailure" class="App\Tests\Service\PlayerScoreResetServiceTest" classname="App.Tests.Service.PlayerScoreResetServiceTest" file="/mnt/c/Users/isabe/dbwebb-kurser/mvc/me/report/tests/Service/PlayerScoreResetServiceTest.php" line="67" assertions="4" time="0.011756"/>
      </testsuite>
    </testsuite>
  </testsuite>
</testsuites>
