<?xml version="1.0" encoding="UTF-8"?>
<testsuites>
  <testsuite name="" tests="303" assertions="1034" errors="0" warnings="0" failures="0" skipped="0" time="2.048444">
    <testsuite name="Project Test Suite" tests="303" assertions="1034" errors="0" warnings="0" failures="0" skipped="0" time="2.048444">
      <testsuite name="App\Tests\Card\CardGraphicTest" file="/mnt/c/Users/isabe/dbwebb-kurser/mvc/me/report/tests/Card/CardGraphicTest.php" tests="5" assertions="6" errors="0" warnings="0" failures="0" skipped="0" time="0.142022">
        <testcase name="testCardGraphicConstructor" class="App\Tests\Card\CardGraphicTest" classname="App.Tests.Card.CardGraphicTest" file="/mnt/c/Users/isabe/dbwebb-kurser/mvc/me/report/tests/Card/CardGraphicTest.php" line="11" assertions="2" time="0.119200"/>
        <testcase name="testGetAsStringHeartsAce" class="App\Tests\Card\CardGraphicTest" classname="App.Tests.Card.CardGraphicTest" file="/mnt/c/Users/isabe/dbwebb-kurser/mvc/me/report/tests/Card/CardGraphicTest.php" line="18" assertions="1" time="0.000311"/>
        <testcase name="testGetAsStringDiamondsQueen" class="App\Tests\Card\CardGraphicTest" classname="App.Tests.Card.CardGraphicTest" file="/mnt/c/Users/isabe/dbwebb-kurser/mvc/me/report/tests/Card/CardGraphicTest.php" line="25" assertions="1" time="0.000284"/>
        <testcase name="testGetAsStringSpadesKing" class="App\Tests\Card\CardGraphicTest" classname="App.Tests.Card.CardGraphicTest" file="/mnt/c/Users/isabe/dbwebb-kurser/mvc/me/report/tests/Card/CardGraphicTest.php" line="32" assertions="1" time="0.000281"/>
        <testcase name="testGetAsStringOutOfBounds" class="App\Tests\Card\CardGraphicTest" classname="App.Tests.Card.CardGraphicTest" file="/mnt/c/Users/isabe/dbwebb-kurser/mvc/me/report/tests/Card/CardGraphicTest.php" line="39" assertions="1" time="0.021947"/>
      </testsuite>
      <testsuite name="App\Tests\Card\CardHandTest" file="/mnt/c/Users/isabe/dbwebb-kurser/mvc/me/report/tests/Card/CardHandTest.php" tests="6" assertions="17" errors="0" warnings="0" failures="0" skipped="0" time="0.028111">
        <testcase name="testAddCard" class="App\Tests\Card\CardHandTest" classname="App.Tests.Card.CardHandTest" file="/mnt/c/Users/isabe/dbwebb-kurser/mvc/me/report/tests/Card/CardHandTest.php" line="11" assertions="2" time="0.026382"/>
        <testcase name="testGetHand" class="App\Tests\Card\CardHandTest" classname="App.Tests.Card.CardHandTest" file="/mnt/c/Users/isabe/dbwebb-kurser/mvc/me/report/tests/Card/CardHandTest.php" line="21" assertions="2" time="0.000372"/>
        <testcase name="testDrawMultipleCards" class="App\Tests\Card\CardHandTest" classname="App.Tests.Card.CardHandTest" file="/mnt/c/Users/isabe/dbwebb-kurser/mvc/me/report/tests/Card/CardHandTest.php" line="34" assertions="3" time="0.000339"/>
        <testcase name="testDrawMultipleCardsWhenDeckIsEmpty" class="App\Tests\Card\CardHandTest" classname="App.Tests.Card.CardHandTest" file="/mnt/c/Users/isabe/dbwebb-kurser/mvc/me/report/tests/Card/CardHandTest.php" line="46" assertions="2" time="0.000326"/>
        <testcase name="testDealCardsToPlayers" class="App\Tests\Card\CardHandTest" classname="App.Tests.Card.CardHandTest" file="/mnt/c/Users/isabe/dbwebb-kurser/mvc/me/report/tests/Card/CardHandTest.php" line="57" assertions="4" time="0.000350"/>
        <testcase name="testDealCardsToPlayersWithNotEnoughCards" class="App\Tests\Card\CardHandTest" classname="App.Tests.Card.CardHandTest" file="/mnt/c/Users/isabe/dbwebb-kurser/mvc/me/report/tests/Card/CardHandTest.php" line="76" assertions="4" time="0.000341"/>
      </testsuite>
      <testsuite name="App\Tests\Card\CardTest" file="/mnt/c/Users/isabe/dbwebb-kurser/mvc/me/report/tests/Card/CardTest.php" tests="5" assertions="6" errors="0" warnings="0" failures="0" skipped="0" time="0.001741">
        <testcase name="testCardConstructor" class="App\Tests\Card\CardTest" classname="App.Tests.Card.CardTest" file="/mnt/c/Users/isabe/dbwebb-kurser/mvc/me/report/tests/Card/CardTest.php" line="10" assertions="2" time="0.000488"/>
        <testcase name="testGetValue" class="App\Tests\Card\CardTest" classname="App.Tests.Card.CardTest" file="/mnt/c/Users/isabe/dbwebb-kurser/mvc/me/report/tests/Card/CardTest.php" line="17" assertions="1" time="0.000280"/>
        <testcase name="testGetAsString" class="App\Tests\Card\CardTest" classname="App.Tests.Card.CardTest" file="/mnt/c/Users/isabe/dbwebb-kurser/mvc/me/report/tests/Card/CardTest.php" line="23" assertions="1" time="0.000322"/>
        <testcase name="testGetForAPIWithHeartsAce" class="App\Tests\Card\CardTest" classname="App.Tests.Card.CardTest" file="/mnt/c/Users/isabe/dbwebb-kurser/mvc/me/report/tests/Card/CardTest.php" line="29" assertions="1" time="0.000324"/>
        <testcase name="testGetForAPIWithSpadesKing" class="App\Tests\Card\CardTest" classname="App.Tests.Card.CardTest" file="/mnt/c/Users/isabe/dbwebb-kurser/mvc/me/report/tests/Card/CardTest.php" line="36" assertions="1" time="0.000328"/>
      </testsuite>
      <testsuite name="App\Tests\Card\DeckOfCardsTest" file="/mnt/c/Users/isabe/dbwebb-kurser/mvc/me/report/tests/Card/DeckOfCardsTest.php" tests="4" assertions="56" errors="0" warnings="0" failures="0" skipped="0" time="0.010157">
        <testcase name="testDeckConstructor" class="App\Tests\Card\DeckOfCardsTest" classname="App.Tests.Card.DeckOfCardsTest" file="/mnt/c/Users/isabe/dbwebb-kurser/mvc/me/report/tests/Card/DeckOfCardsTest.php" line="11" assertions="2" time="0.008510"/>
        <testcase name="testDeckContainsUniqueCards" class="App\Tests\Card\DeckOfCardsTest" classname="App.Tests.Card.DeckOfCardsTest" file="/mnt/c/Users/isabe/dbwebb-kurser/mvc/me/report/tests/Card/DeckOfCardsTest.php" line="23" assertions="1" time="0.000499"/>
        <testcase name="testDeckHasCorrectCardValues" class="App\Tests\Card\DeckOfCardsTest" classname="App.Tests.Card.DeckOfCardsTest" file="/mnt/c/Users/isabe/dbwebb-kurser/mvc/me/report/tests/Card/DeckOfCardsTest.php" line="35" assertions="1" time="0.000526"/>
        <testcase name="testGetCardsReturnsArrayOfCardObjects" class="App\Tests\Card\DeckOfCardsTest" classname="App.Tests.Card.DeckOfCardsTest" file="/mnt/c/Users/isabe/dbwebb-kurser/mvc/me/report/tests/Card/DeckOfCardsTest.php" line="48" assertions="52" time="0.000622"/>
      </testsuite>
      <testsuite name="App\Tests\CardGame\AllInScenarioHandlerTest" file="/mnt/c/Users/isabe/dbwebb-kurser/mvc/me/report/tests/CardGame/AllInScenarioHandlerTest.php" tests="2" assertions="4" errors="0" warnings="0" failures="0" skipped="0" time="0.432665">
        <testcase name="testHandleAllInScenarioWhenAllInOccurs" class="App\Tests\CardGame\AllInScenarioHandlerTest" classname="App.Tests.CardGame.AllInScenarioHandlerTest" file="/mnt/c/Users/isabe/dbwebb-kurser/mvc/me/report/tests/CardGame/AllInScenarioHandlerTest.php" line="12" assertions="2" time="0.410086"/>
        <testcase name="testHandleAllInScenarioWhenNoAllInOccurs" class="App\Tests\CardGame\AllInScenarioHandlerTest" classname="App.Tests.CardGame.AllInScenarioHandlerTest" file="/mnt/c/Users/isabe/dbwebb-kurser/mvc/me/report/tests/CardGame/AllInScenarioHandlerTest.php" line="42" assertions="2" time="0.022579"/>
      </testsuite>
      <testsuite name="App\Tests\CardGame\BankTest" file="/mnt/c/Users/isabe/dbwebb-kurser/mvc/me/report/tests/CardGame/BankTest.php" tests="5" assertions="11" errors="0" warnings="0" failures="0" skipped="0" time="0.026996">
        <testcase name="testPlaceBetIncreasesPlayerBetAndPot" class="App\Tests\CardGame\BankTest" classname="App.Tests.CardGame.BankTest" file="/mnt/c/Users/isabe/dbwebb-kurser/mvc/me/report/tests/CardGame/BankTest.php" line="11" assertions="2" time="0.025509"/>
        <testcase name="testPlaceMultipleBetsIncreasesPlayerBetAndPot" class="App\Tests\CardGame\BankTest" classname="App.Tests.CardGame.BankTest" file="/mnt/c/Users/isabe/dbwebb-kurser/mvc/me/report/tests/CardGame/BankTest.php" line="22" assertions="2" time="0.000374"/>
        <testcase name="testPlaceBetFromMultiplePlayersIncreasesPot" class="App\Tests\CardGame\BankTest" classname="App.Tests.CardGame.BankTest" file="/mnt/c/Users/isabe/dbwebb-kurser/mvc/me/report/tests/CardGame/BankTest.php" line="34" assertions="3" time="0.000365"/>
        <testcase name="testGetPlayerBetReturnsZeroIfNoBetPlaced" class="App\Tests\CardGame\BankTest" classname="App.Tests.CardGame.BankTest" file="/mnt/c/Users/isabe/dbwebb-kurser/mvc/me/report/tests/CardGame/BankTest.php" line="48" assertions="1" time="0.000353"/>
        <testcase name="testResetBetsClearsAllBetsButNotPot" class="App\Tests\CardGame\BankTest" classname="App.Tests.CardGame.BankTest" file="/mnt/c/Users/isabe/dbwebb-kurser/mvc/me/report/tests/CardGame/BankTest.php" line="56" assertions="3" time="0.000395"/>
      </testsuite>
      <testsuite name="App\Tests\CardGame\CardGraphicTest" file="/mnt/c/Users/isabe/dbwebb-kurser/mvc/me/report/tests/CardGame/CardGraphicTest.php" tests="2" assertions="2" errors="0" warnings="0" failures="0" skipped="0" time="0.015740">
        <testcase name="testGetAsString" class="App\Tests\CardGame\CardGraphicTest" classname="App.Tests.CardGame.CardGraphicTest" file="/mnt/c/Users/isabe/dbwebb-kurser/mvc/me/report/tests/CardGame/CardGraphicTest.php" line="10" assertions="1" time="0.015293"/>
        <testcase name="testGetUnturned" class="App\Tests\CardGame\CardGraphicTest" classname="App.Tests.CardGame.CardGraphicTest" file="/mnt/c/Users/isabe/dbwebb-kurser/mvc/me/report/tests/CardGame/CardGraphicTest.php" line="16" assertions="1" time="0.000447"/>
      </testsuite>
      <testsuite name="App\Tests\CardGame\CardHandTest" file="/mnt/c/Users/isabe/dbwebb-kurser/mvc/me/report/tests/CardGame/CardHandTest.php" tests="10" assertions="17" errors="0" warnings="0" failures="0" skipped="0" time="0.013674">
        <testcase name="testAddCardAndGetCards" class="App\Tests\CardGame\CardHandTest" classname="App.Tests.CardGame.CardHandTest" file="/mnt/c/Users/isabe/dbwebb-kurser/mvc/me/report/tests/CardGame/CardHandTest.php" line="11" assertions="1" time="0.010509"/>
        <testcase name="testCalculateTotal" class="App\Tests\CardGame\CardHandTest" classname="App.Tests.CardGame.CardHandTest" file="/mnt/c/Users/isabe/dbwebb-kurser/mvc/me/report/tests/CardGame/CardHandTest.php" line="23" assertions="2" time="0.000399"/>
        <testcase name="testCalculateTotalWithAce" class="App\Tests\CardGame\CardHandTest" classname="App.Tests.CardGame.CardHandTest" file="/mnt/c/Users/isabe/dbwebb-kurser/mvc/me/report/tests/CardGame/CardHandTest.php" line="38" assertions="2" time="0.000368"/>
        <testcase name="testCalculateTotalWithAceAsEleven" class="App\Tests\CardGame\CardHandTest" classname="App.Tests.CardGame.CardHandTest" file="/mnt/c/Users/isabe/dbwebb-kurser/mvc/me/report/tests/CardGame/CardHandTest.php" line="54" assertions="2" time="0.000342"/>
        <testcase name="testCalculateTotalWithFaceCards" class="App\Tests\CardGame\CardHandTest" classname="App.Tests.CardGame.CardHandTest" file="/mnt/c/Users/isabe/dbwebb-kurser/mvc/me/report/tests/CardGame/CardHandTest.php" line="67" assertions="2" time="0.000344"/>
        <testcase name="testCalculateTotalDealer" class="App\Tests\CardGame\CardHandTest" classname="App.Tests.CardGame.CardHandTest" file="/mnt/c/Users/isabe/dbwebb-kurser/mvc/me/report/tests/CardGame/CardHandTest.php" line="79" assertions="1" time="0.000315"/>
        <testcase name="testCalculateTotalWithAceHighAdjustment" class="App\Tests\CardGame\CardHandTest" classname="App.Tests.CardGame.CardHandTest" file="/mnt/c/Users/isabe/dbwebb-kurser/mvc/me/report/tests/CardGame/CardHandTest.php" line="92" assertions="2" time="0.000340"/>
        <testcase name="testCalculateTotalDealerWithAce" class="App\Tests\CardGame\CardHandTest" classname="App.Tests.CardGame.CardHandTest" file="/mnt/c/Users/isabe/dbwebb-kurser/mvc/me/report/tests/CardGame/CardHandTest.php" line="109" assertions="1" time="0.000369"/>
        <testcase name="testCalculateTotalDealerWithFaceCard" class="App\Tests\CardGame\CardHandTest" classname="App.Tests.CardGame.CardHandTest" file="/mnt/c/Users/isabe/dbwebb-kurser/mvc/me/report/tests/CardGame/CardHandTest.php" line="119" assertions="1" time="0.000335"/>
        <testcase name="testDealCards" class="App\Tests\CardGame\CardHandTest" classname="App.Tests.CardGame.CardHandTest" file="/mnt/c/Users/isabe/dbwebb-kurser/mvc/me/report/tests/CardGame/CardHandTest.php" line="129" assertions="3" time="0.000352"/>
      </testsuite>
      <testsuite name="App\Tests\CardGame\CardTest" file="/mnt/c/Users/isabe/dbwebb-kurser/mvc/me/report/tests/CardGame/CardTest.php" tests="4" assertions="7" errors="0" warnings="0" failures="0" skipped="0" time="0.001470">
        <testcase name="testGetValue" class="App\Tests\CardGame\CardTest" classname="App.Tests.CardGame.CardTest" file="/mnt/c/Users/isabe/dbwebb-kurser/mvc/me/report/tests/CardGame/CardTest.php" line="10" assertions="1" time="0.000281"/>
        <testcase name="testGetCardName" class="App\Tests\CardGame\CardTest" classname="App.Tests.CardGame.CardTest" file="/mnt/c/Users/isabe/dbwebb-kurser/mvc/me/report/tests/CardGame/CardTest.php" line="16" assertions="4" time="0.000307"/>
        <testcase name="testGetSuit" class="App\Tests\CardGame\CardTest" classname="App.Tests.CardGame.CardTest" file="/mnt/c/Users/isabe/dbwebb-kurser/mvc/me/report/tests/CardGame/CardTest.php" line="28" assertions="1" time="0.000293"/>
        <testcase name="testGetCardNameDefault" class="App\Tests\CardGame\CardTest" classname="App.Tests.CardGame.CardTest" file="/mnt/c/Users/isabe/dbwebb-kurser/mvc/me/report/tests/CardGame/CardTest.php" line="33" assertions="1" time="0.000589"/>
      </testsuite>
      <testsuite name="App\Tests\CardGame\CommunityCardManagerTest" file="/mnt/c/Users/isabe/dbwebb-kurser/mvc/me/report/tests/CardGame/CommunityCardManagerTest.php" tests="4" assertions="15" errors="0" warnings="0" failures="0" skipped="0" time="0.044950">
        <testcase name="testDealCommunityCardsAddsCardsToCommunity" class="App\Tests\CardGame\CommunityCardManagerTest" classname="App.Tests.CardGame.CommunityCardManagerTest" file="/mnt/c/Users/isabe/dbwebb-kurser/mvc/me/report/tests/CardGame/CommunityCardManagerTest.php" line="13" assertions="10" time="0.029678"/>
        <testcase name="testGetCommunityCardsReturnsEmptyArrayWhenNoCardsDealt" class="App\Tests\CardGame\CommunityCardManagerTest" classname="App.Tests.CardGame.CommunityCardManagerTest" file="/mnt/c/Users/isabe/dbwebb-kurser/mvc/me/report/tests/CardGame/CommunityCardManagerTest.php" line="29" assertions="1" time="0.012781"/>
        <testcase name="testResetCommunityCardsClearsCommunityCards" class="App\Tests\CardGame\CommunityCardManagerTest" classname="App.Tests.CardGame.CommunityCardManagerTest" file="/mnt/c/Users/isabe/dbwebb-kurser/mvc/me/report/tests/CardGame/CommunityCardManagerTest.php" line="37" assertions="2" time="0.000555"/>
        <testcase name="testDealInitialCardsAddsCardsToPlayerHands" class="App\Tests\CardGame\CommunityCardManagerTest" classname="App.Tests.CardGame.CommunityCardManagerTest" file="/mnt/c/Users/isabe/dbwebb-kurser/mvc/me/report/tests/CardGame/CommunityCardManagerTest.php" line="51" assertions="2" time="0.001937"/>
      </testsuite>
      <testsuite name="App\Tests\CardGame\DeckOfCardsTest" file="/mnt/c/Users/isabe/dbwebb-kurser/mvc/me/report/tests/CardGame/DeckOfCardsTest.php" tests="1" assertions="1" errors="0" warnings="0" failures="0" skipped="0" time="0.009761">
        <testcase name="testGetDeck" class="App\Tests\CardGame\DeckOfCardsTest" classname="App.Tests.CardGame.DeckOfCardsTest" file="/mnt/c/Users/isabe/dbwebb-kurser/mvc/me/report/tests/CardGame/DeckOfCardsTest.php" line="10" assertions="1" time="0.009761"/>
      </testsuite>
      <testsuite name="App\Tests\CardGame\DeckTest" file="/mnt/c/Users/isabe/dbwebb-kurser/mvc/me/report/tests/CardGame/DeckTest.php" tests="5" assertions="162" errors="0" warnings="0" failures="0" skipped="0" time="0.081010">
        <testcase name="testDeckIsInitializedWith52Cards" class="App\Tests\CardGame\DeckTest" classname="App.Tests.CardGame.DeckTest" file="/mnt/c/Users/isabe/dbwebb-kurser/mvc/me/report/tests/CardGame/DeckTest.php" line="11" assertions="53" time="0.000944"/>
        <testcase name="testDeckContainsCorrectCardCombination" class="App\Tests\CardGame\DeckTest" classname="App.Tests.CardGame.DeckTest" file="/mnt/c/Users/isabe/dbwebb-kurser/mvc/me/report/tests/CardGame/DeckTest.php" line="24" assertions="52" time="0.024664"/>
        <testcase name="testDrawCardReducesDeckSize" class="App\Tests\CardGame\DeckTest" classname="App.Tests.CardGame.DeckTest" file="/mnt/c/Users/isabe/dbwebb-kurser/mvc/me/report/tests/CardGame/DeckTest.php" line="44" assertions="2" time="0.000649"/>
        <testcase name="testDrawAllCardsAndDeckIsEmpty" class="App\Tests\CardGame\DeckTest" classname="App.Tests.CardGame.DeckTest" file="/mnt/c/Users/isabe/dbwebb-kurser/mvc/me/report/tests/CardGame/DeckTest.php" line="58" assertions="54" time="0.010108"/>
        <testcase name="testShuffleRandomizesDeckOrder" class="App\Tests\CardGame\DeckTest" classname="App.Tests.CardGame.DeckTest" file="/mnt/c/Users/isabe/dbwebb-kurser/mvc/me/report/tests/CardGame/DeckTest.php" line="72" assertions="1" time="0.044646"/>
      </testsuite>
      <testsuite name="App\Tests\CardGame\GameDataServiceTest" file="/mnt/c/Users/isabe/dbwebb-kurser/mvc/me/report/tests/CardGame/GameDataServiceTest.php" tests="1" assertions="13" errors="0" warnings="0" failures="0" skipped="0" time="0.044859">
        <testcase name="testGetGameData" class="App\Tests\CardGame\GameDataServiceTest" classname="App.Tests.CardGame.GameDataServiceTest" file="/mnt/c/Users/isabe/dbwebb-kurser/mvc/me/report/tests/CardGame/GameDataServiceTest.php" line="53" assertions="13" time="0.044859"/>
      </testsuite>
      <testsuite name="App\Tests\CardGame\GameLoggerTest" file="/mnt/c/Users/isabe/dbwebb-kurser/mvc/me/report/tests/CardGame/GameLoggerTest.php" tests="2" assertions="3" errors="0" warnings="0" failures="0" skipped="0" time="0.023314">
        <testcase name="testLogGameStart" class="App\Tests\CardGame\GameLoggerTest" classname="App.Tests.CardGame.GameLoggerTest" file="/mnt/c/Users/isabe/dbwebb-kurser/mvc/me/report/tests/CardGame/GameLoggerTest.php" line="33" assertions="2" time="0.022285"/>
        <testcase name="testUpdateGameLog" class="App\Tests\CardGame\GameLoggerTest" classname="App.Tests.CardGame.GameLoggerTest" file="/mnt/c/Users/isabe/dbwebb-kurser/mvc/me/report/tests/CardGame/GameLoggerTest.php" line="70" assertions="1" time="0.001029"/>
      </testsuite>
      <testsuite name="App\Tests\CardGame\GameManagerJsonTest" file="/mnt/c/Users/isabe/dbwebb-kurser/mvc/me/report/tests/CardGame/GameManagerJsonTest.php" tests="3" assertions="15" errors="0" warnings="0" failures="0" skipped="0" time="0.211481">
        <testcase name="testStartNewGame" class="App\Tests\CardGame\GameManagerJsonTest" classname="App.Tests.CardGame.GameManagerJsonTest" file="/mnt/c/Users/isabe/dbwebb-kurser/mvc/me/report/tests/CardGame/GameManagerJsonTest.php" line="26" assertions="6" time="0.197928"/>
        <testcase name="testGetGameState" class="App\Tests\CardGame\GameManagerJsonTest" classname="App.Tests.CardGame.GameManagerJsonTest" file="/mnt/c/Users/isabe/dbwebb-kurser/mvc/me/report/tests/CardGame/GameManagerJsonTest.php" line="48" assertions="4" time="0.012625"/>
        <testcase name="testGetCommunityCards" class="App\Tests\CardGame\GameManagerJsonTest" classname="App.Tests.CardGame.GameManagerJsonTest" file="/mnt/c/Users/isabe/dbwebb-kurser/mvc/me/report/tests/CardGame/GameManagerJsonTest.php" line="61" assertions="5" time="0.000928"/>
      </testsuite>
      <testsuite name="App\Tests\CardGame\GameProgressionTest" file="/mnt/c/Users/isabe/dbwebb-kurser/mvc/me/report/tests/CardGame/GameProgressionTest.php" tests="2" assertions="5" errors="0" warnings="0" failures="0" skipped="0" time="0.053306">
        <testcase name="testAdvancePhaseWhenGameOver" class="App\Tests\CardGame\GameProgressionTest" classname="App.Tests.CardGame.GameProgressionTest" file="/mnt/c/Users/isabe/dbwebb-kurser/mvc/me/report/tests/CardGame/GameProgressionTest.php" line="16" assertions="1" time="0.052046"/>
        <testcase name="testAdvancePhaseToNextStage" class="App\Tests\CardGame\GameProgressionTest" classname="App.Tests.CardGame.GameProgressionTest" file="/mnt/c/Users/isabe/dbwebb-kurser/mvc/me/report/tests/CardGame/GameProgressionTest.php" line="41" assertions="4" time="0.001260"/>
      </testsuite>
      <testsuite name="App\Tests\CardGame\GameResultCheckTest" file="/mnt/c/Users/isabe/dbwebb-kurser/mvc/me/report/tests/CardGame/GameResultCheckTest.php" tests="5" assertions="28" errors="0" warnings="0" failures="0" skipped="0" time="0.011129">
        <testcase name="testCheckBlackjack" class="App\Tests\CardGame\GameResultCheckTest" classname="App.Tests.CardGame.GameResultCheckTest" file="/mnt/c/Users/isabe/dbwebb-kurser/mvc/me/report/tests/CardGame/GameResultCheckTest.php" line="10" assertions="5" time="0.009500"/>
        <testcase name="testCheckBust" class="App\Tests\CardGame\GameResultCheckTest" classname="App.Tests.CardGame.GameResultCheckTest" file="/mnt/c/Users/isabe/dbwebb-kurser/mvc/me/report/tests/CardGame/GameResultCheckTest.php" line="35" assertions="5" time="0.000571"/>
        <testcase name="testBlackjackOrBust" class="App\Tests\CardGame\GameResultCheckTest" classname="App.Tests.CardGame.GameResultCheckTest" file="/mnt/c/Users/isabe/dbwebb-kurser/mvc/me/report/tests/CardGame/GameResultCheckTest.php" line="60" assertions="7" time="0.000403"/>
        <testcase name="testHighestScore" class="App\Tests\CardGame\GameResultCheckTest" classname="App.Tests.CardGame.GameResultCheckTest" file="/mnt/c/Users/isabe/dbwebb-kurser/mvc/me/report/tests/CardGame/GameResultCheckTest.php" line="100" assertions="6" time="0.000331"/>
        <testcase name="testCheckCondition" class="App\Tests\CardGame\GameResultCheckTest" classname="App.Tests.CardGame.GameResultCheckTest" file="/mnt/c/Users/isabe/dbwebb-kurser/mvc/me/report/tests/CardGame/GameResultCheckTest.php" line="135" assertions="5" time="0.000325"/>
      </testsuite>
      <testsuite name="App\Tests\CardGame\GameServiceTest" file="/mnt/c/Users/isabe/dbwebb-kurser/mvc/me/report/tests/CardGame/GameServiceTest.php" tests="5" assertions="10" errors="0" warnings="0" failures="0" skipped="0" time="0.029987">
        <testcase name="testInitializeGame" class="App\Tests\CardGame\GameServiceTest" classname="App.Tests.CardGame.GameServiceTest" file="/mnt/c/Users/isabe/dbwebb-kurser/mvc/me/report/tests/CardGame/GameServiceTest.php" line="28" assertions="3" time="0.017877"/>
        <testcase name="testInitGameSuccess" class="App\Tests\CardGame\GameServiceTest" classname="App.Tests.CardGame.GameServiceTest" file="/mnt/c/Users/isabe/dbwebb-kurser/mvc/me/report/tests/CardGame/GameServiceTest.php" line="46" assertions="2" time="0.010563"/>
        <testcase name="testAdjustMoneyForBet" class="App\Tests\CardGame\GameServiceTest" classname="App.Tests.CardGame.GameServiceTest" file="/mnt/c/Users/isabe/dbwebb-kurser/mvc/me/report/tests/CardGame/GameServiceTest.php" line="57" assertions="3" time="0.000601"/>
        <testcase name="testIsValidBet" class="App\Tests\CardGame\GameServiceTest" classname="App.Tests.CardGame.GameServiceTest" file="/mnt/c/Users/isabe/dbwebb-kurser/mvc/me/report/tests/CardGame/GameServiceTest.php" line="79" assertions="1" time="0.000473"/>
        <testcase name="testIsInvalidBet" class="App\Tests\CardGame\GameServiceTest" classname="App.Tests.CardGame.GameServiceTest" file="/mnt/c/Users/isabe/dbwebb-kurser/mvc/me/report/tests/CardGame/GameServiceTest.php" line="91" assertions="1" time="0.000472"/>
      </testsuite>
      <testsuite name="App\Tests\CardGame\GameStageManagerTest" file="/mnt/c/Users/isabe/dbwebb-kurser/mvc/me/report/tests/CardGame/GameStageManagerTest.php" tests="6" assertions="10" errors="0" warnings="0" failures="0" skipped="0" time="0.015193">
        <testcase name="testInitialStageIsPreFlop" class="App\Tests\CardGame\GameStageManagerTest" classname="App.Tests.CardGame.GameStageManagerTest" file="/mnt/c/Users/isabe/dbwebb-kurser/mvc/me/report/tests/CardGame/GameStageManagerTest.php" line="12" assertions="1" time="0.000281"/>
        <testcase name="testAdvanceStageToFlop" class="App\Tests\CardGame\GameStageManagerTest" classname="App.Tests.CardGame.GameStageManagerTest" file="/mnt/c/Users/isabe/dbwebb-kurser/mvc/me/report/tests/CardGame/GameStageManagerTest.php" line="18" assertions="2" time="0.000958"/>
        <testcase name="testAdvanceStageToTurn" class="App\Tests\CardGame\GameStageManagerTest" classname="App.Tests.CardGame.GameStageManagerTest" file="/mnt/c/Users/isabe/dbwebb-kurser/mvc/me/report/tests/CardGame/GameStageManagerTest.php" line="34" assertions="2" time="0.012311"/>
        <testcase name="testAdvanceStageToRiver" class="App\Tests\CardGame\GameStageManagerTest" classname="App.Tests.CardGame.GameStageManagerTest" file="/mnt/c/Users/isabe/dbwebb-kurser/mvc/me/report/tests/CardGame/GameStageManagerTest.php" line="51" assertions="2" time="0.000696"/>
        <testcase name="testIsFinalStage" class="App\Tests\CardGame\GameStageManagerTest" classname="App.Tests.CardGame.GameStageManagerTest" file="/mnt/c/Users/isabe/dbwebb-kurser/mvc/me/report/tests/CardGame/GameStageManagerTest.php" line="68" assertions="1" time="0.000504"/>
        <testcase name="testResetStage" class="App\Tests\CardGame\GameStageManagerTest" classname="App.Tests.CardGame.GameStageManagerTest" file="/mnt/c/Users/isabe/dbwebb-kurser/mvc/me/report/tests/CardGame/GameStageManagerTest.php" line="81" assertions="2" time="0.000443"/>
      </testsuite>
      <testsuite name="App\Tests\CardGame\GameViewRendererTest" file="/mnt/c/Users/isabe/dbwebb-kurser/mvc/me/report/tests/CardGame/GameViewRendererTest.php" tests="1" assertions="4" errors="0" warnings="0" failures="0" skipped="0" time="0.023150">
        <testcase name="testRenderGameView" class="App\Tests\CardGame\GameViewRendererTest" classname="App.Tests.CardGame.GameViewRendererTest" file="/mnt/c/Users/isabe/dbwebb-kurser/mvc/me/report/tests/CardGame/GameViewRendererTest.php" line="13" assertions="4" time="0.023150"/>
      </testsuite>
      <testsuite name="App\Tests\CardGame\HandEvaluatorTest" file="/mnt/c/Users/isabe/dbwebb-kurser/mvc/me/report/tests/CardGame/HandEvaluatorTest.php" tests="7" assertions="9" errors="0" warnings="0" failures="0" skipped="0" time="0.004712">
        <testcase name="testGetBestHand" class="App\Tests\CardGame\HandEvaluatorTest" classname="App.Tests.CardGame.HandEvaluatorTest" file="/mnt/c/Users/isabe/dbwebb-kurser/mvc/me/report/tests/CardGame/HandEvaluatorTest.php" line="27" assertions="2" time="0.002099"/>
        <testcase name="testCompareHands" class="App\Tests\CardGame\HandEvaluatorTest" classname="App.Tests.CardGame.HandEvaluatorTest" file="/mnt/c/Users/isabe/dbwebb-kurser/mvc/me/report/tests/CardGame/HandEvaluatorTest.php" line="48" assertions="1" time="0.000457"/>
        <testcase name="testCompareHandsWithSameRank" class="App\Tests\CardGame\HandEvaluatorTest" classname="App.Tests.CardGame.HandEvaluatorTest" file="/mnt/c/Users/isabe/dbwebb-kurser/mvc/me/report/tests/CardGame/HandEvaluatorTest.php" line="58" assertions="1" time="0.000427"/>
        <testcase name="testCompareHandsWithIdenticalValues" class="App\Tests\CardGame\HandEvaluatorTest" classname="App.Tests.CardGame.HandEvaluatorTest" file="/mnt/c/Users/isabe/dbwebb-kurser/mvc/me/report/tests/CardGame/HandEvaluatorTest.php" line="68" assertions="1" time="0.000450"/>
        <testcase name="testCombinations" class="App\Tests\CardGame\HandEvaluatorTest" classname="App.Tests.CardGame.HandEvaluatorTest" file="/mnt/c/Users/isabe/dbwebb-kurser/mvc/me/report/tests/CardGame/HandEvaluatorTest.php" line="78" assertions="2" time="0.000492"/>
        <testcase name="testCompareHandValues" class="App\Tests\CardGame\HandEvaluatorTest" classname="App.Tests.CardGame.HandEvaluatorTest" file="/mnt/c/Users/isabe/dbwebb-kurser/mvc/me/report/tests/CardGame/HandEvaluatorTest.php" line="94" assertions="1" time="0.000393"/>
        <testcase name="testCompareHandValuesWithEqualHands" class="App\Tests\CardGame\HandEvaluatorTest" classname="App.Tests.CardGame.HandEvaluatorTest" file="/mnt/c/Users/isabe/dbwebb-kurser/mvc/me/report/tests/CardGame/HandEvaluatorTest.php" line="104" assertions="1" time="0.000393"/>
      </testsuite>
      <testsuite name="App\Tests\CardGame\HandRankingEvaluatorTest" file="/mnt/c/Users/isabe/dbwebb-kurser/mvc/me/report/tests/CardGame/HandRankingEvaluatorTest.php" tests="15" assertions="24" errors="0" warnings="0" failures="0" skipped="0" time="0.007708">
        <testcase name="testEvaluateHandWithFlush" class="App\Tests\CardGame\HandRankingEvaluatorTest" classname="App.Tests.CardGame.HandRankingEvaluatorTest" file="/mnt/c/Users/isabe/dbwebb-kurser/mvc/me/report/tests/CardGame/HandRankingEvaluatorTest.php" line="21" assertions="2" time="0.000467"/>
        <testcase name="testEvaluateHandWithStraight" class="App\Tests\CardGame\HandRankingEvaluatorTest" classname="App.Tests.CardGame.HandRankingEvaluatorTest" file="/mnt/c/Users/isabe/dbwebb-kurser/mvc/me/report/tests/CardGame/HandRankingEvaluatorTest.php" line="37" assertions="2" time="0.000663"/>
        <testcase name="testEvaluateHandWithFullHouse" class="App\Tests\CardGame\HandRankingEvaluatorTest" classname="App.Tests.CardGame.HandRankingEvaluatorTest" file="/mnt/c/Users/isabe/dbwebb-kurser/mvc/me/report/tests/CardGame/HandRankingEvaluatorTest.php" line="53" assertions="2" time="0.000432"/>
        <testcase name="testEvaluateHandWithThreeOfAKind" class="App\Tests\CardGame\HandRankingEvaluatorTest" classname="App.Tests.CardGame.HandRankingEvaluatorTest" file="/mnt/c/Users/isabe/dbwebb-kurser/mvc/me/report/tests/CardGame/HandRankingEvaluatorTest.php" line="69" assertions="2" time="0.000518"/>
        <testcase name="testEvaluateHandWithTwoPair" class="App\Tests\CardGame\HandRankingEvaluatorTest" classname="App.Tests.CardGame.HandRankingEvaluatorTest" file="/mnt/c/Users/isabe/dbwebb-kurser/mvc/me/report/tests/CardGame/HandRankingEvaluatorTest.php" line="85" assertions="2" time="0.000603"/>
        <testcase name="testEvaluateHandWithOnePair" class="App\Tests\CardGame\HandRankingEvaluatorTest" classname="App.Tests.CardGame.HandRankingEvaluatorTest" file="/mnt/c/Users/isabe/dbwebb-kurser/mvc/me/report/tests/CardGame/HandRankingEvaluatorTest.php" line="101" assertions="2" time="0.000656"/>
        <testcase name="testEvaluateHandWithHighCard" class="App\Tests\CardGame\HandRankingEvaluatorTest" classname="App.Tests.CardGame.HandRankingEvaluatorTest" file="/mnt/c/Users/isabe/dbwebb-kurser/mvc/me/report/tests/CardGame/HandRankingEvaluatorTest.php" line="117" assertions="2" time="0.000668"/>
        <testcase name="testIsFlush" class="App\Tests\CardGame\HandRankingEvaluatorTest" classname="App.Tests.CardGame.HandRankingEvaluatorTest" file="/mnt/c/Users/isabe/dbwebb-kurser/mvc/me/report/tests/CardGame/HandRankingEvaluatorTest.php" line="133" assertions="1" time="0.000385"/>
        <testcase name="testIsStraight" class="App\Tests\CardGame\HandRankingEvaluatorTest" classname="App.Tests.CardGame.HandRankingEvaluatorTest" file="/mnt/c/Users/isabe/dbwebb-kurser/mvc/me/report/tests/CardGame/HandRankingEvaluatorTest.php" line="148" assertions="1" time="0.000444"/>
        <testcase name="testIsFullHouse" class="App\Tests\CardGame\HandRankingEvaluatorTest" classname="App.Tests.CardGame.HandRankingEvaluatorTest" file="/mnt/c/Users/isabe/dbwebb-kurser/mvc/me/report/tests/CardGame/HandRankingEvaluatorTest.php" line="163" assertions="1" time="0.000410"/>
        <testcase name="testIsThreeOfAKind" class="App\Tests\CardGame\HandRankingEvaluatorTest" classname="App.Tests.CardGame.HandRankingEvaluatorTest" file="/mnt/c/Users/isabe/dbwebb-kurser/mvc/me/report/tests/CardGame/HandRankingEvaluatorTest.php" line="178" assertions="1" time="0.000390"/>
        <testcase name="testIsTwoPair" class="App\Tests\CardGame\HandRankingEvaluatorTest" classname="App.Tests.CardGame.HandRankingEvaluatorTest" file="/mnt/c/Users/isabe/dbwebb-kurser/mvc/me/report/tests/CardGame/HandRankingEvaluatorTest.php" line="193" assertions="1" time="0.000422"/>
        <testcase name="testIsOnePair" class="App\Tests\CardGame\HandRankingEvaluatorTest" classname="App.Tests.CardGame.HandRankingEvaluatorTest" file="/mnt/c/Users/isabe/dbwebb-kurser/mvc/me/report/tests/CardGame/HandRankingEvaluatorTest.php" line="208" assertions="1" time="0.000401"/>
        <testcase name="testIsHighCard" class="App\Tests\CardGame\HandRankingEvaluatorTest" classname="App.Tests.CardGame.HandRankingEvaluatorTest" file="/mnt/c/Users/isabe/dbwebb-kurser/mvc/me/report/tests/CardGame/HandRankingEvaluatorTest.php" line="223" assertions="2" time="0.000627"/>
        <testcase name="testIsRoyalFlush" class="App\Tests\CardGame\HandRankingEvaluatorTest" classname="App.Tests.CardGame.HandRankingEvaluatorTest" file="/mnt/c/Users/isabe/dbwebb-kurser/mvc/me/report/tests/CardGame/HandRankingEvaluatorTest.php" line="238" assertions="2" time="0.000622"/>
      </testsuite>
      <testsuite name="App\Tests\CardGame\IntelligentComputerTest" file="/mnt/c/Users/isabe/dbwebb-kurser/mvc/me/report/tests/CardGame/IntelligentComputerTest.php" tests="7" assertions="7" errors="0" warnings="0" failures="0" skipped="0" time="0.017808">
        <testcase name="testFoldWhenNoPairOrHighCardAndCurrentBetGreaterThanZero" class="App\Tests\CardGame\IntelligentComputerTest" classname="App.Tests.CardGame.IntelligentComputerTest" file="/mnt/c/Users/isabe/dbwebb-kurser/mvc/me/report/tests/CardGame/IntelligentComputerTest.php" line="19" assertions="1" time="0.001278"/>
        <testcase name="testCheckWhenNoCurrentBet" class="App\Tests\CardGame\IntelligentComputerTest" classname="App.Tests.CardGame.IntelligentComputerTest" file="/mnt/c/Users/isabe/dbwebb-kurser/mvc/me/report/tests/CardGame/IntelligentComputerTest.php" line="39" assertions="1" time="0.001103"/>
        <testcase name="testCallWhenAllInRequiredAndRankIsHigh" class="App\Tests\CardGame\IntelligentComputerTest" classname="App.Tests.CardGame.IntelligentComputerTest" file="/mnt/c/Users/isabe/dbwebb-kurser/mvc/me/report/tests/CardGame/IntelligentComputerTest.php" line="59" assertions="1" time="0.001021"/>
        <testcase name="testFoldWhenAllInRequiredAndRankIsLow" class="App\Tests\CardGame\IntelligentComputerTest" classname="App.Tests.CardGame.IntelligentComputerTest" file="/mnt/c/Users/isabe/dbwebb-kurser/mvc/me/report/tests/CardGame/IntelligentComputerTest.php" line="80" assertions="1" time="0.001125"/>
        <testcase name="testAllInWithStraightFlushOrRoyalFlush" class="App\Tests\CardGame\IntelligentComputerTest" classname="App.Tests.CardGame.IntelligentComputerTest" file="/mnt/c/Users/isabe/dbwebb-kurser/mvc/me/report/tests/CardGame/IntelligentComputerTest.php" line="101" assertions="1" time="0.011167"/>
        <testcase name="testRaiseWithFullHouseOrHigher" class="App\Tests\CardGame\IntelligentComputerTest" classname="App.Tests.CardGame.IntelligentComputerTest" file="/mnt/c/Users/isabe/dbwebb-kurser/mvc/me/report/tests/CardGame/IntelligentComputerTest.php" line="123" assertions="1" time="0.000979"/>
        <testcase name="testCallWithLowBetAndPairOrHigher" class="App\Tests\CardGame\IntelligentComputerTest" classname="App.Tests.CardGame.IntelligentComputerTest" file="/mnt/c/Users/isabe/dbwebb-kurser/mvc/me/report/tests/CardGame/IntelligentComputerTest.php" line="142" assertions="1" time="0.001133"/>
      </testsuite>
      <testsuite name="App\Tests\CardGame\MoneyHandlingTest" file="/mnt/c/Users/isabe/dbwebb-kurser/mvc/me/report/tests/CardGame/MoneyHandlingTest.php" tests="4" assertions="8" errors="0" warnings="0" failures="0" skipped="0" time="0.010166">
        <testcase name="testHandleMoneyPlayerWins" class="App\Tests\CardGame\MoneyHandlingTest" classname="App.Tests.CardGame.MoneyHandlingTest" file="/mnt/c/Users/isabe/dbwebb-kurser/mvc/me/report/tests/CardGame/MoneyHandlingTest.php" line="10" assertions="2" time="0.009097"/>
        <testcase name="testHandleMoneyDealerWins" class="App\Tests\CardGame\MoneyHandlingTest" classname="App.Tests.CardGame.MoneyHandlingTest" file="/mnt/c/Users/isabe/dbwebb-kurser/mvc/me/report/tests/CardGame/MoneyHandlingTest.php" line="24" assertions="2" time="0.000421"/>
        <testcase name="testHandleMoneyTie" class="App\Tests\CardGame\MoneyHandlingTest" classname="App.Tests.CardGame.MoneyHandlingTest" file="/mnt/c/Users/isabe/dbwebb-kurser/mvc/me/report/tests/CardGame/MoneyHandlingTest.php" line="38" assertions="2" time="0.000336"/>
        <testcase name="testHandleMoneyNoChange" class="App\Tests\CardGame\MoneyHandlingTest" classname="App.Tests.CardGame.MoneyHandlingTest" file="/mnt/c/Users/isabe/dbwebb-kurser/mvc/me/report/tests/CardGame/MoneyHandlingTest.php" line="52" assertions="2" time="0.000312"/>
      </testsuite>
      <testsuite name="App\Tests\CardGame\NormalComputerTest" file="/mnt/c/Users/isabe/dbwebb-kurser/mvc/me/report/tests/CardGame/NormalComputerTest.php" tests="4" assertions="4" errors="0" warnings="0" failures="0" skipped="0" time="0.002697">
        <testcase name="testFoldWhenNoPairOrHighCardAndCurrentBetGreaterThanZero" class="App\Tests\CardGame\NormalComputerTest" classname="App.Tests.CardGame.NormalComputerTest" file="/mnt/c/Users/isabe/dbwebb-kurser/mvc/me/report/tests/CardGame/NormalComputerTest.php" line="19" assertions="1" time="0.000735"/>
        <testcase name="testCallWhenPairExistsAndCurrentBetGreaterThanZero" class="App\Tests\CardGame\NormalComputerTest" classname="App.Tests.CardGame.NormalComputerTest" file="/mnt/c/Users/isabe/dbwebb-kurser/mvc/me/report/tests/CardGame/NormalComputerTest.php" line="37" assertions="1" time="0.000749"/>
        <testcase name="testCallWhenHighCardExistsAndCurrentBetGreaterThanZero" class="App\Tests\CardGame\NormalComputerTest" classname="App.Tests.CardGame.NormalComputerTest" file="/mnt/c/Users/isabe/dbwebb-kurser/mvc/me/report/tests/CardGame/NormalComputerTest.php" line="55" assertions="1" time="0.000637"/>
        <testcase name="testCheckWhenNoCurrentBet" class="App\Tests\CardGame\NormalComputerTest" classname="App.Tests.CardGame.NormalComputerTest" file="/mnt/c/Users/isabe/dbwebb-kurser/mvc/me/report/tests/CardGame/NormalComputerTest.php" line="73" assertions="1" time="0.000575"/>
      </testsuite>
      <testsuite name="App\Tests\CardGame\PlayerActionHandlerTest" file="/mnt/c/Users/isabe/dbwebb-kurser/mvc/me/report/tests/CardGame/PlayerActionHandlerTest.php" tests="12" assertions="24" errors="0" warnings="0" failures="0" skipped="0" time="0.014222">
        <testcase name="testProcessActionsInOrder" class="App\Tests\CardGame\PlayerActionHandlerTest" classname="App.Tests.CardGame.PlayerActionHandlerTest" file="/mnt/c/Users/isabe/dbwebb-kurser/mvc/me/report/tests/CardGame/PlayerActionHandlerTest.php" line="43" assertions="4" time="0.001087"/>
        <testcase name="testProcessPlayerActionFold" class="App\Tests\CardGame\PlayerActionHandlerTest" classname="App.Tests.CardGame.PlayerActionHandlerTest" file="/mnt/c/Users/isabe/dbwebb-kurser/mvc/me/report/tests/CardGame/PlayerActionHandlerTest.php" line="67" assertions="2" time="0.000710"/>
        <testcase name="testProcessPlayerActionRaise" class="App\Tests\CardGame\PlayerActionHandlerTest" classname="App.Tests.CardGame.PlayerActionHandlerTest" file="/mnt/c/Users/isabe/dbwebb-kurser/mvc/me/report/tests/CardGame/PlayerActionHandlerTest.php" line="82" assertions="1" time="0.001206"/>
        <testcase name="testHandleRemainingPlayersAfterAllIn" class="App\Tests\CardGame\PlayerActionHandlerTest" classname="App.Tests.CardGame.PlayerActionHandlerTest" file="/mnt/c/Users/isabe/dbwebb-kurser/mvc/me/report/tests/CardGame/PlayerActionHandlerTest.php" line="94" assertions="1" time="0.000760"/>
        <testcase name="testProcessNextPlayerActions" class="App\Tests\CardGame\PlayerActionHandlerTest" classname="App.Tests.CardGame.PlayerActionHandlerTest" file="/mnt/c/Users/isabe/dbwebb-kurser/mvc/me/report/tests/CardGame/PlayerActionHandlerTest.php" line="109" assertions="1" time="0.001143"/>
        <testcase name="testProcessRaiseResponses" class="App\Tests\CardGame\PlayerActionHandlerTest" classname="App.Tests.CardGame.PlayerActionHandlerTest" file="/mnt/c/Users/isabe/dbwebb-kurser/mvc/me/report/tests/CardGame/PlayerActionHandlerTest.php" line="123" assertions="1" time="0.000724"/>
        <testcase name="testNormalizeActionForAllIn" class="App\Tests\CardGame\PlayerActionHandlerTest" classname="App.Tests.CardGame.PlayerActionHandlerTest" file="/mnt/c/Users/isabe/dbwebb-kurser/mvc/me/report/tests/CardGame/PlayerActionHandlerTest.php" line="137" assertions="1" time="0.000769"/>
        <testcase name="testProcessPlayerActionOnlyOneActivePlayer" class="App\Tests\CardGame\PlayerActionHandlerTest" classname="App.Tests.CardGame.PlayerActionHandlerTest" file="/mnt/c/Users/isabe/dbwebb-kurser/mvc/me/report/tests/CardGame/PlayerActionHandlerTest.php" line="161" assertions="2" time="0.001454"/>
        <testcase name="testProcessPlayerActionCallsProcessNextPlayerActions" class="App\Tests\CardGame\PlayerActionHandlerTest" classname="App.Tests.CardGame.PlayerActionHandlerTest" file="/mnt/c/Users/isabe/dbwebb-kurser/mvc/me/report/tests/CardGame/PlayerActionHandlerTest.php" line="175" assertions="2" time="0.001617"/>
        <testcase name="testProcessNextPlayerActionsOnlyOneActivePlayer" class="App\Tests\CardGame\PlayerActionHandlerTest" classname="App.Tests.CardGame.PlayerActionHandlerTest" file="/mnt/c/Users/isabe/dbwebb-kurser/mvc/me/report/tests/CardGame/PlayerActionHandlerTest.php" line="203" assertions="2" time="0.002099"/>
        <testcase name="testProcessActionsInOrderSkipsFoldedPlayer" class="App\Tests\CardGame\PlayerActionHandlerTest" classname="App.Tests.CardGame.PlayerActionHandlerTest" file="/mnt/c/Users/isabe/dbwebb-kurser/mvc/me/report/tests/CardGame/PlayerActionHandlerTest.php" line="256" assertions="3" time="0.001228"/>
        <testcase name="testProcessActionsInOrderHandlesHumanPlayer" class="App\Tests\CardGame\PlayerActionHandlerTest" classname="App.Tests.CardGame.PlayerActionHandlerTest" file="/mnt/c/Users/isabe/dbwebb-kurser/mvc/me/report/tests/CardGame/PlayerActionHandlerTest.php" line="285" assertions="4" time="0.001425"/>
      </testsuite>
      <testsuite name="App\Tests\CardGame\PlayerActionInitTest" file="/mnt/c/Users/isabe/dbwebb-kurser/mvc/me/report/tests/CardGame/PlayerActionInitTest.php" tests="9" assertions="22" errors="0" warnings="0" failures="0" skipped="0" time="0.004667">
        <testcase name="testHandleBlinds" class="App\Tests\CardGame\PlayerActionInitTest" classname="App.Tests.CardGame.PlayerActionInitTest" file="/mnt/c/Users/isabe/dbwebb-kurser/mvc/me/report/tests/CardGame/PlayerActionInitTest.php" line="21" assertions="3" time="0.000670"/>
        <testcase name="testHandleCall" class="App\Tests\CardGame\PlayerActionInitTest" classname="App.Tests.CardGame.PlayerActionInitTest" file="/mnt/c/Users/isabe/dbwebb-kurser/mvc/me/report/tests/CardGame/PlayerActionInitTest.php" line="38" assertions="2" time="0.000807"/>
        <testcase name="testHandleRaise" class="App\Tests\CardGame\PlayerActionInitTest" classname="App.Tests.CardGame.PlayerActionInitTest" file="/mnt/c/Users/isabe/dbwebb-kurser/mvc/me/report/tests/CardGame/PlayerActionInitTest.php" line="51" assertions="3" time="0.000514"/>
        <testcase name="testHandleCheck" class="App\Tests\CardGame\PlayerActionInitTest" classname="App.Tests.CardGame.PlayerActionInitTest" file="/mnt/c/Users/isabe/dbwebb-kurser/mvc/me/report/tests/CardGame/PlayerActionInitTest.php" line="62" assertions="1" time="0.000651"/>
        <testcase name="testHandleAllIn" class="App\Tests\CardGame\PlayerActionInitTest" classname="App.Tests.CardGame.PlayerActionInitTest" file="/mnt/c/Users/isabe/dbwebb-kurser/mvc/me/report/tests/CardGame/PlayerActionInitTest.php" line="71" assertions="3" time="0.000701"/>
        <testcase name="testResetCurrentBet" class="App\Tests\CardGame\PlayerActionInitTest" classname="App.Tests.CardGame.PlayerActionInitTest" file="/mnt/c/Users/isabe/dbwebb-kurser/mvc/me/report/tests/CardGame/PlayerActionInitTest.php" line="82" assertions="1" time="0.000319"/>
        <testcase name="testInitializeRoles" class="App\Tests\CardGame\PlayerActionInitTest" classname="App.Tests.CardGame.PlayerActionInitTest" file="/mnt/c/Users/isabe/dbwebb-kurser/mvc/me/report/tests/CardGame/PlayerActionInitTest.php" line="92" assertions="3" time="0.000349"/>
        <testcase name="testRotateRoles" class="App\Tests\CardGame\PlayerActionInitTest" classname="App.Tests.CardGame.PlayerActionInitTest" file="/mnt/c/Users/isabe/dbwebb-kurser/mvc/me/report/tests/CardGame/PlayerActionInitTest.php" line="105" assertions="3" time="0.000300"/>
        <testcase name="testResetPlayersForNewRound" class="App\Tests\CardGame\PlayerActionInitTest" classname="App.Tests.CardGame.PlayerActionInitTest" file="/mnt/c/Users/isabe/dbwebb-kurser/mvc/me/report/tests/CardGame/PlayerActionInitTest.php" line="118" assertions="3" time="0.000355"/>
      </testsuite>
      <testsuite name="App\Tests\CardGame\PlayerManagerJsonTest" file="/mnt/c/Users/isabe/dbwebb-kurser/mvc/me/report/tests/CardGame/PlayerManagerJsonTest.php" tests="4" assertions="15" errors="0" warnings="0" failures="0" skipped="0" time="0.011504">
        <testcase name="testSetChipsSuccess" class="App\Tests\CardGame\PlayerManagerJsonTest" classname="App.Tests.CardGame.PlayerManagerJsonTest" file="/mnt/c/Users/isabe/dbwebb-kurser/mvc/me/report/tests/CardGame/PlayerManagerJsonTest.php" line="21" assertions="4" time="0.009144"/>
        <testcase name="testSetChipsInvalidPlayerIndex" class="App\Tests\CardGame\PlayerManagerJsonTest" classname="App.Tests.CardGame.PlayerManagerJsonTest" file="/mnt/c/Users/isabe/dbwebb-kurser/mvc/me/report/tests/CardGame/PlayerManagerJsonTest.php" line="40" assertions="3" time="0.000726"/>
        <testcase name="testGetPlayerCardsSuccess" class="App\Tests\CardGame\PlayerManagerJsonTest" classname="App.Tests.CardGame.PlayerManagerJsonTest" file="/mnt/c/Users/isabe/dbwebb-kurser/mvc/me/report/tests/CardGame/PlayerManagerJsonTest.php" line="54" assertions="5" time="0.001088"/>
        <testcase name="testGetPlayerCardsPlayerNotFound" class="App\Tests\CardGame\PlayerManagerJsonTest" classname="App.Tests.CardGame.PlayerManagerJsonTest" file="/mnt/c/Users/isabe/dbwebb-kurser/mvc/me/report/tests/CardGame/PlayerManagerJsonTest.php" line="83" assertions="3" time="0.000547"/>
      </testsuite>
      <testsuite name="App\Tests\CardGame\PlayerTest" file="/mnt/c/Users/isabe/dbwebb-kurser/mvc/me/report/tests/CardGame/PlayerTest.php" tests="9" assertions="17" errors="0" warnings="0" failures="0" skipped="0" time="0.012068">
        <testcase name="testConstructorSetsPropertiesCorrectly" class="App\Tests\CardGame\PlayerTest" classname="App.Tests.CardGame.PlayerTest" file="/mnt/c/Users/isabe/dbwebb-kurser/mvc/me/report/tests/CardGame/PlayerTest.php" line="18" assertions="6" time="0.000413"/>
        <testcase name="testConstructorWithInvalidStrategyLevel" class="App\Tests\CardGame\PlayerTest" classname="App.Tests.CardGame.PlayerTest" file="/mnt/c/Users/isabe/dbwebb-kurser/mvc/me/report/tests/CardGame/PlayerTest.php" line="29" assertions="2" time="0.009251"/>
        <testcase name="testAddCardToHand" class="App\Tests\CardGame\PlayerTest" classname="App.Tests.CardGame.PlayerTest" file="/mnt/c/Users/isabe/dbwebb-kurser/mvc/me/report/tests/CardGame/PlayerTest.php" line="54" assertions="2" time="0.000348"/>
        <testcase name="testResetHand" class="App\Tests\CardGame\PlayerTest" classname="App.Tests.CardGame.PlayerTest" file="/mnt/c/Users/isabe/dbwebb-kurser/mvc/me/report/tests/CardGame/PlayerTest.php" line="65" assertions="1" time="0.000481"/>
        <testcase name="testSetAndGetChips" class="App\Tests\CardGame\PlayerTest" classname="App.Tests.CardGame.PlayerTest" file="/mnt/c/Users/isabe/dbwebb-kurser/mvc/me/report/tests/CardGame/PlayerTest.php" line="76" assertions="1" time="0.000300"/>
        <testcase name="testAddChips" class="App\Tests\CardGame\PlayerTest" classname="App.Tests.CardGame.PlayerTest" file="/mnt/c/Users/isabe/dbwebb-kurser/mvc/me/report/tests/CardGame/PlayerTest.php" line="85" assertions="1" time="0.000309"/>
        <testcase name="testFoldAndUnfold" class="App\Tests\CardGame\PlayerTest" classname="App.Tests.CardGame.PlayerTest" file="/mnt/c/Users/isabe/dbwebb-kurser/mvc/me/report/tests/CardGame/PlayerTest.php" line="94" assertions="2" time="0.000298"/>
        <testcase name="testSetAndGetCurrentBet" class="App\Tests\CardGame\PlayerTest" classname="App.Tests.CardGame.PlayerTest" file="/mnt/c/Users/isabe/dbwebb-kurser/mvc/me/report/tests/CardGame/PlayerTest.php" line="105" assertions="1" time="0.000284"/>
        <testcase name="testMakeDecision" class="App\Tests\CardGame\PlayerTest" classname="App.Tests.CardGame.PlayerTest" file="/mnt/c/Users/isabe/dbwebb-kurser/mvc/me/report/tests/CardGame/PlayerTest.php" line="151" assertions="1" time="0.000383"/>
      </testsuite>
      <testsuite name="App\Tests\CardGame\PotManagerTest" file="/mnt/c/Users/isabe/dbwebb-kurser/mvc/me/report/tests/CardGame/PotManagerTest.php" tests="6" assertions="10" errors="0" warnings="0" failures="0" skipped="0" time="0.003417">
        <testcase name="testAddToPot" class="App\Tests\CardGame\PotManagerTest" classname="App.Tests.CardGame.PotManagerTest" file="/mnt/c/Users/isabe/dbwebb-kurser/mvc/me/report/tests/CardGame/PotManagerTest.php" line="18" assertions="2" time="0.000303"/>
        <testcase name="testResetPot" class="App\Tests\CardGame\PotManagerTest" classname="App.Tests.CardGame.PotManagerTest" file="/mnt/c/Users/isabe/dbwebb-kurser/mvc/me/report/tests/CardGame/PotManagerTest.php" line="27" assertions="1" time="0.000287"/>
        <testcase name="testUpdateAndResetCurrentBet" class="App\Tests\CardGame\PotManagerTest" classname="App.Tests.CardGame.PotManagerTest" file="/mnt/c/Users/isabe/dbwebb-kurser/mvc/me/report/tests/CardGame/PotManagerTest.php" line="34" assertions="2" time="0.000291"/>
        <testcase name="testHaveAllActivePlayersMatchedCurrentBet" class="App\Tests\CardGame\PotManagerTest" classname="App.Tests.CardGame.PotManagerTest" file="/mnt/c/Users/isabe/dbwebb-kurser/mvc/me/report/tests/CardGame/PotManagerTest.php" line="43" assertions="2" time="0.001276"/>
        <testcase name="testDistributeWinningsToPlayer" class="App\Tests\CardGame\PotManagerTest" classname="App.Tests.CardGame.PotManagerTest" file="/mnt/c/Users/isabe/dbwebb-kurser/mvc/me/report/tests/CardGame/PotManagerTest.php" line="84" assertions="1" time="0.000510"/>
        <testcase name="testSplitPotAmongWinners" class="App\Tests\CardGame\PotManagerTest" classname="App.Tests.CardGame.PotManagerTest" file="/mnt/c/Users/isabe/dbwebb-kurser/mvc/me/report/tests/CardGame/PotManagerTest.php" line="94" assertions="2" time="0.000750"/>
      </testsuite>
      <testsuite name="App\Tests\CardGame\TexasHoldemGameTest" file="/mnt/c/Users/isabe/dbwebb-kurser/mvc/me/report/tests/CardGame/TexasHoldemGameTest.php" tests="15" assertions="26" errors="0" warnings="0" failures="0" skipped="0" time="0.027419">
        <testcase name="testAddPlayer" class="App\Tests\CardGame\TexasHoldemGameTest" classname="App.Tests.CardGame.TexasHoldemGameTest" file="/mnt/c/Users/isabe/dbwebb-kurser/mvc/me/report/tests/CardGame/TexasHoldemGameTest.php" line="33" assertions="2" time="0.000752"/>
        <testcase name="testGetHandEvaluator" class="App\Tests\CardGame\TexasHoldemGameTest" classname="App.Tests.CardGame.TexasHoldemGameTest" file="/mnt/c/Users/isabe/dbwebb-kurser/mvc/me/report/tests/CardGame/TexasHoldemGameTest.php" line="42" assertions="2" time="0.001585"/>
        <testcase name="testAdvanceGameStage" class="App\Tests\CardGame\TexasHoldemGameTest" classname="App.Tests.CardGame.TexasHoldemGameTest" file="/mnt/c/Users/isabe/dbwebb-kurser/mvc/me/report/tests/CardGame/TexasHoldemGameTest.php" line="62" assertions="1" time="0.000919"/>
        <testcase name="testDetermineWinnerWithSingleActivePlayer" class="App\Tests\CardGame\TexasHoldemGameTest" classname="App.Tests.CardGame.TexasHoldemGameTest" file="/mnt/c/Users/isabe/dbwebb-kurser/mvc/me/report/tests/CardGame/TexasHoldemGameTest.php" line="72" assertions="2" time="0.001127"/>
        <testcase name="testHandleActionCall" class="App\Tests\CardGame\TexasHoldemGameTest" classname="App.Tests.CardGame.TexasHoldemGameTest" file="/mnt/c/Users/isabe/dbwebb-kurser/mvc/me/report/tests/CardGame/TexasHoldemGameTest.php" line="89" assertions="1" time="0.001274"/>
        <testcase name="testStartNewRound" class="App\Tests\CardGame\TexasHoldemGameTest" classname="App.Tests.CardGame.TexasHoldemGameTest" file="/mnt/c/Users/isabe/dbwebb-kurser/mvc/me/report/tests/CardGame/TexasHoldemGameTest.php" line="105" assertions="3" time="0.001540"/>
        <testcase name="testSetAllInOccurred" class="App\Tests\CardGame\TexasHoldemGameTest" classname="App.Tests.CardGame.TexasHoldemGameTest" file="/mnt/c/Users/isabe/dbwebb-kurser/mvc/me/report/tests/CardGame/TexasHoldemGameTest.php" line="118" assertions="1" time="0.000675"/>
        <testcase name="testProcessPlayerAction" class="App\Tests\CardGame\TexasHoldemGameTest" classname="App.Tests.CardGame.TexasHoldemGameTest" file="/mnt/c/Users/isabe/dbwebb-kurser/mvc/me/report/tests/CardGame/TexasHoldemGameTest.php" line="124" assertions="1" time="0.001123"/>
        <testcase name="testCountActivePlayers" class="App\Tests\CardGame\TexasHoldemGameTest" classname="App.Tests.CardGame.TexasHoldemGameTest" file="/mnt/c/Users/isabe/dbwebb-kurser/mvc/me/report/tests/CardGame/TexasHoldemGameTest.php" line="139" assertions="1" time="0.001104"/>
        <testcase name="testGetMinimumChips" class="App\Tests\CardGame\TexasHoldemGameTest" classname="App.Tests.CardGame.TexasHoldemGameTest" file="/mnt/c/Users/isabe/dbwebb-kurser/mvc/me/report/tests/CardGame/TexasHoldemGameTest.php" line="153" assertions="1" time="0.001199"/>
        <testcase name="testGameOverAfterFinalStage" class="App\Tests\CardGame\TexasHoldemGameTest" classname="App.Tests.CardGame.TexasHoldemGameTest" file="/mnt/c/Users/isabe/dbwebb-kurser/mvc/me/report/tests/CardGame/TexasHoldemGameTest.php" line="169" assertions="3" time="0.002056"/>
        <testcase name="testPlayRound" class="App\Tests\CardGame\TexasHoldemGameTest" classname="App.Tests.CardGame.TexasHoldemGameTest" file="/mnt/c/Users/isabe/dbwebb-kurser/mvc/me/report/tests/CardGame/TexasHoldemGameTest.php" line="186" assertions="1" time="0.009985"/>
        <testcase name="testDetermineWinnerNoWinnersFound" class="App\Tests\CardGame\TexasHoldemGameTest" classname="App.Tests.CardGame.TexasHoldemGameTest" file="/mnt/c/Users/isabe/dbwebb-kurser/mvc/me/report/tests/CardGame/TexasHoldemGameTest.php" line="211" assertions="3" time="0.001153"/>
        <testcase name="testHandleAllIn" class="App\Tests\CardGame\TexasHoldemGameTest" classname="App.Tests.CardGame.TexasHoldemGameTest" file="/mnt/c/Users/isabe/dbwebb-kurser/mvc/me/report/tests/CardGame/TexasHoldemGameTest.php" line="243" assertions="3" time="0.002027"/>
        <testcase name="testHandleRemainingPlayersAfterAllIn" class="App\Tests\CardGame\TexasHoldemGameTest" classname="App.Tests.CardGame.TexasHoldemGameTest" file="/mnt/c/Users/isabe/dbwebb-kurser/mvc/me/report/tests/CardGame/TexasHoldemGameTest.php" line="276" assertions="1" time="0.000901"/>
      </testsuite>
      <testsuite name="App\Tests\CardGame\WinnerEvaluatorTest" file="/mnt/c/Users/isabe/dbwebb-kurser/mvc/me/report/tests/CardGame/WinnerEvaluatorTest.php" tests="3" assertions="5" errors="0" warnings="0" failures="0" skipped="0" time="0.001859">
        <testcase name="testDetermineTie" class="App\Tests\CardGame\WinnerEvaluatorTest" classname="App.Tests.CardGame.WinnerEvaluatorTest" file="/mnt/c/Users/isabe/dbwebb-kurser/mvc/me/report/tests/CardGame/WinnerEvaluatorTest.php" line="54" assertions="3" time="0.001015"/>
        <testcase name="testDetermineWinnerWithEmptyPlayers" class="App\Tests\CardGame\WinnerEvaluatorTest" classname="App.Tests.CardGame.WinnerEvaluatorTest" file="/mnt/c/Users/isabe/dbwebb-kurser/mvc/me/report/tests/CardGame/WinnerEvaluatorTest.php" line="78" assertions="1" time="0.000459"/>
        <testcase name="testGetHandEvaluator" class="App\Tests\CardGame\WinnerEvaluatorTest" classname="App.Tests.CardGame.WinnerEvaluatorTest" file="/mnt/c/Users/isabe/dbwebb-kurser/mvc/me/report/tests/CardGame/WinnerEvaluatorTest.php" line="88" assertions="1" time="0.000384"/>
      </testsuite>
      <testsuite name="App\Tests\Controller\BlackJackControllerTest" file="/mnt/c/Users/isabe/dbwebb-kurser/mvc/me/report/tests/Controller/BlackJackControllerTest.php" tests="12" assertions="49" errors="0" warnings="0" failures="0" skipped="0" time="0.154582">
        <testcase name="testGame" class="App\Tests\Controller\BlackJackControllerTest" classname="App.Tests.Controller.BlackJackControllerTest" file="/mnt/c/Users/isabe/dbwebb-kurser/mvc/me/report/tests/Controller/BlackJackControllerTest.php" line="48" assertions="7" time="0.040589"/>
        <testcase name="testInit" class="App\Tests\Controller\BlackJackControllerTest" classname="App.Tests.Controller.BlackJackControllerTest" file="/mnt/c/Users/isabe/dbwebb-kurser/mvc/me/report/tests/Controller/BlackJackControllerTest.php" line="93" assertions="4" time="0.001290"/>
        <testcase name="testInitCallback" class="App\Tests\Controller\BlackJackControllerTest" classname="App.Tests.Controller.BlackJackControllerTest" file="/mnt/c/Users/isabe/dbwebb-kurser/mvc/me/report/tests/Controller/BlackJackControllerTest.php" line="117" assertions="4" time="0.096194"/>
        <testcase name="testInitCallbackFailed" class="App\Tests\Controller\BlackJackControllerTest" classname="App.Tests.Controller.BlackJackControllerTest" file="/mnt/c/Users/isabe/dbwebb-kurser/mvc/me/report/tests/Controller/BlackJackControllerTest.php" line="146" assertions="4" time="0.001218"/>
        <testcase name="testPlay" class="App\Tests\Controller\BlackJackControllerTest" classname="App.Tests.Controller.BlackJackControllerTest" file="/mnt/c/Users/isabe/dbwebb-kurser/mvc/me/report/tests/Controller/BlackJackControllerTest.php" line="178" assertions="5" time="0.001685"/>
        <testcase name="testStand" class="App\Tests\Controller\BlackJackControllerTest" classname="App.Tests.Controller.BlackJackControllerTest" file="/mnt/c/Users/isabe/dbwebb-kurser/mvc/me/report/tests/Controller/BlackJackControllerTest.php" line="237" assertions="4" time="0.001682"/>
        <testcase name="testHit" class="App\Tests\Controller\BlackJackControllerTest" classname="App.Tests.Controller.BlackJackControllerTest" file="/mnt/c/Users/isabe/dbwebb-kurser/mvc/me/report/tests/Controller/BlackJackControllerTest.php" line="280" assertions="4" time="0.002124"/>
        <testcase name="testDealerHit" class="App\Tests\Controller\BlackJackControllerTest" classname="App.Tests.Controller.BlackJackControllerTest" file="/mnt/c/Users/isabe/dbwebb-kurser/mvc/me/report/tests/Controller/BlackJackControllerTest.php" line="329" assertions="4" time="0.001670"/>
        <testcase name="testEndResult" class="App\Tests\Controller\BlackJackControllerTest" classname="App.Tests.Controller.BlackJackControllerTest" file="/mnt/c/Users/isabe/dbwebb-kurser/mvc/me/report/tests/Controller/BlackJackControllerTest.php" line="377" assertions="4" time="0.003361"/>
        <testcase name="testDoc" class="App\Tests\Controller\BlackJackControllerTest" classname="App.Tests.Controller.BlackJackControllerTest" file="/mnt/c/Users/isabe/dbwebb-kurser/mvc/me/report/tests/Controller/BlackJackControllerTest.php" line="445" assertions="3" time="0.000812"/>
        <testcase name="testPlayWithInvalidBet" class="App\Tests\Controller\BlackJackControllerTest" classname="App.Tests.Controller.BlackJackControllerTest" file="/mnt/c/Users/isabe/dbwebb-kurser/mvc/me/report/tests/Controller/BlackJackControllerTest.php" line="467" assertions="3" time="0.001387"/>
        <testcase name="testRedirectToGameEndResultAfterHit" class="App\Tests\Controller\BlackJackControllerTest" classname="App.Tests.Controller.BlackJackControllerTest" file="/mnt/c/Users/isabe/dbwebb-kurser/mvc/me/report/tests/Controller/BlackJackControllerTest.php" line="497" assertions="3" time="0.002570"/>
      </testsuite>
      <testsuite name="App\Tests\Controller\BlackJackJsonTest" file="/mnt/c/Users/isabe/dbwebb-kurser/mvc/me/report/tests/Controller/BlackJackJsonTest.php" tests="2" assertions="28" errors="0" warnings="0" failures="0" skipped="0" time="0.020501">
        <testcase name="testPlayWithoutGameStarted" class="App\Tests\Controller\BlackJackJsonTest" classname="App.Tests.Controller.BlackJackJsonTest" file="/mnt/c/Users/isabe/dbwebb-kurser/mvc/me/report/tests/Controller/BlackJackJsonTest.php" line="36" assertions="4" time="0.018302"/>
        <testcase name="testPlayWithGameInProgress" class="App\Tests\Controller\BlackJackJsonTest" classname="App.Tests.Controller.BlackJackJsonTest" file="/mnt/c/Users/isabe/dbwebb-kurser/mvc/me/report/tests/Controller/BlackJackJsonTest.php" line="60" assertions="24" time="0.002199"/>
      </testsuite>
      <testsuite name="App\Tests\Controller\CardGameControllerTest" file="/mnt/c/Users/isabe/dbwebb-kurser/mvc/me/report/tests/Controller/CardGameControllerTest.php" tests="13" assertions="42" errors="0" warnings="0" failures="0" skipped="0" time="0.047625">
        <testcase name="testShowSession" class="App\Tests\Controller\CardGameControllerTest" classname="App.Tests.Controller.CardGameControllerTest" file="/mnt/c/Users/isabe/dbwebb-kurser/mvc/me/report/tests/Controller/CardGameControllerTest.php" line="30" assertions="4" time="0.010893"/>
        <testcase name="testDeleteSession" class="App\Tests\Controller\CardGameControllerTest" classname="App.Tests.Controller.CardGameControllerTest" file="/mnt/c/Users/isabe/dbwebb-kurser/mvc/me/report/tests/Controller/CardGameControllerTest.php" line="54" assertions="4" time="0.001351"/>
        <testcase name="testHome" class="App\Tests\Controller\CardGameControllerTest" classname="App.Tests.Controller.CardGameControllerTest" file="/mnt/c/Users/isabe/dbwebb-kurser/mvc/me/report/tests/Controller/CardGameControllerTest.php" line="87" assertions="3" time="0.000817"/>
        <testcase name="testShowDeck" class="App\Tests\Controller\CardGameControllerTest" classname="App.Tests.Controller.CardGameControllerTest" file="/mnt/c/Users/isabe/dbwebb-kurser/mvc/me/report/tests/Controller/CardGameControllerTest.php" line="112" assertions="4" time="0.011131"/>
        <testcase name="testDrawCardWithNoDeckInSession" class="App\Tests\Controller\CardGameControllerTest" classname="App.Tests.Controller.CardGameControllerTest" file="/mnt/c/Users/isabe/dbwebb-kurser/mvc/me/report/tests/Controller/CardGameControllerTest.php" line="205" assertions="3" time="0.001024"/>
        <testcase name="testDrawCardWithEmptyDeck" class="App\Tests\Controller\CardGameControllerTest" classname="App.Tests.Controller.CardGameControllerTest" file="/mnt/c/Users/isabe/dbwebb-kurser/mvc/me/report/tests/Controller/CardGameControllerTest.php" line="234" assertions="3" time="0.001188"/>
        <testcase name="testDrawCardSuccessfully" class="App\Tests\Controller\CardGameControllerTest" classname="App.Tests.Controller.CardGameControllerTest" file="/mnt/c/Users/isabe/dbwebb-kurser/mvc/me/report/tests/Controller/CardGameControllerTest.php" line="267" assertions="3" time="0.001138"/>
        <testcase name="testDrawCardsPost" class="App\Tests\Controller\CardGameControllerTest" classname="App.Tests.Controller.CardGameControllerTest" file="/mnt/c/Users/isabe/dbwebb-kurser/mvc/me/report/tests/Controller/CardGameControllerTest.php" line="307" assertions="3" time="0.001020"/>
        <testcase name="testDrawNumberCardsWithNoDeckInSession" class="App\Tests\Controller\CardGameControllerTest" classname="App.Tests.Controller.CardGameControllerTest" file="/mnt/c/Users/isabe/dbwebb-kurser/mvc/me/report/tests/Controller/CardGameControllerTest.php" line="335" assertions="3" time="0.015146"/>
        <testcase name="testDrawNumberCardsWithEmptyDeck" class="App\Tests\Controller\CardGameControllerTest" classname="App.Tests.Controller.CardGameControllerTest" file="/mnt/c/Users/isabe/dbwebb-kurser/mvc/me/report/tests/Controller/CardGameControllerTest.php" line="363" assertions="3" time="0.001151"/>
        <testcase name="testDealCardsPost" class="App\Tests\Controller\CardGameControllerTest" classname="App.Tests.Controller.CardGameControllerTest" file="/mnt/c/Users/isabe/dbwebb-kurser/mvc/me/report/tests/Controller/CardGameControllerTest.php" line="395" assertions="3" time="0.000765"/>
        <testcase name="testDealCardsGetWithNoDeckInSession" class="App\Tests\Controller\CardGameControllerTest" classname="App.Tests.Controller.CardGameControllerTest" file="/mnt/c/Users/isabe/dbwebb-kurser/mvc/me/report/tests/Controller/CardGameControllerTest.php" line="420" assertions="3" time="0.000922"/>
        <testcase name="testDealCardsGetWithEmptyDeck" class="App\Tests\Controller\CardGameControllerTest" classname="App.Tests.Controller.CardGameControllerTest" file="/mnt/c/Users/isabe/dbwebb-kurser/mvc/me/report/tests/Controller/CardGameControllerTest.php" line="447" assertions="3" time="0.001078"/>
      </testsuite>
      <testsuite name="App\Tests\Controller\GamePlayerControllerTest" file="/mnt/c/Users/isabe/dbwebb-kurser/mvc/me/report/tests/Controller/GamePlayerControllerTest.php" tests="4" assertions="15" errors="0" warnings="0" failures="0" skipped="0" time="0.133688">
        <testcase name="testIndex" class="App\Tests\Controller\GamePlayerControllerTest" classname="App.Tests.Controller.GamePlayerControllerTest" file="/mnt/c/Users/isabe/dbwebb-kurser/mvc/me/report/tests/Controller/GamePlayerControllerTest.php" line="26" assertions="3" time="0.019531"/>
        <testcase name="testShowAllGamePlayers" class="App\Tests\Controller\GamePlayerControllerTest" classname="App.Tests.Controller.GamePlayerControllerTest" file="/mnt/c/Users/isabe/dbwebb-kurser/mvc/me/report/tests/Controller/GamePlayerControllerTest.php" line="47" assertions="4" time="0.102050"/>
        <testcase name="testShowAllScoresWithPlayers" class="App\Tests\Controller\GamePlayerControllerTest" classname="App.Tests.Controller.GamePlayerControllerTest" file="/mnt/c/Users/isabe/dbwebb-kurser/mvc/me/report/tests/Controller/GamePlayerControllerTest.php" line="85" assertions="4" time="0.011402"/>
        <testcase name="testResetPlayerDatabase" class="App\Tests\Controller\GamePlayerControllerTest" classname="App.Tests.Controller.GamePlayerControllerTest" file="/mnt/c/Users/isabe/dbwebb-kurser/mvc/me/report/tests/Controller/GamePlayerControllerTest.php" line="115" assertions="4" time="0.000704"/>
      </testsuite>
      <testsuite name="App\Tests\Controller\LibraryControllerTest" file="/mnt/c/Users/isabe/dbwebb-kurser/mvc/me/report/tests/Controller/LibraryControllerTest.php" tests="10" assertions="32" errors="0" warnings="0" failures="0" skipped="0" time="0.047751">
        <testcase name="testIndex" class="App\Tests\Controller\LibraryControllerTest" classname="App.Tests.Controller.LibraryControllerTest" file="/mnt/c/Users/isabe/dbwebb-kurser/mvc/me/report/tests/Controller/LibraryControllerTest.php" line="31" assertions="3" time="0.020017"/>
        <testcase name="testCreateBookFormRendering" class="App\Tests\Controller\LibraryControllerTest" classname="App.Tests.Controller.LibraryControllerTest" file="/mnt/c/Users/isabe/dbwebb-kurser/mvc/me/report/tests/Controller/LibraryControllerTest.php" line="52" assertions="3" time="0.011167"/>
        <testcase name="testCreateBookWithPost" class="App\Tests\Controller\LibraryControllerTest" classname="App.Tests.Controller.LibraryControllerTest" file="/mnt/c/Users/isabe/dbwebb-kurser/mvc/me/report/tests/Controller/LibraryControllerTest.php" line="81" assertions="1" time="0.000831"/>
        <testcase name="testUpdateBookFormRendering" class="App\Tests\Controller\LibraryControllerTest" classname="App.Tests.Controller.LibraryControllerTest" file="/mnt/c/Users/isabe/dbwebb-kurser/mvc/me/report/tests/Controller/LibraryControllerTest.php" line="103" assertions="4" time="0.010018"/>
        <testcase name="testShowAllBooks" class="App\Tests\Controller\LibraryControllerTest" classname="App.Tests.Controller.LibraryControllerTest" file="/mnt/c/Users/isabe/dbwebb-kurser/mvc/me/report/tests/Controller/LibraryControllerTest.php" line="142" assertions="4" time="0.001165"/>
        <testcase name="testShowBookById" class="App\Tests\Controller\LibraryControllerTest" classname="App.Tests.Controller.LibraryControllerTest" file="/mnt/c/Users/isabe/dbwebb-kurser/mvc/me/report/tests/Controller/LibraryControllerTest.php" line="169" assertions="4" time="0.001153"/>
        <testcase name="testDeleteBookById" class="App\Tests\Controller\LibraryControllerTest" classname="App.Tests.Controller.LibraryControllerTest" file="/mnt/c/Users/isabe/dbwebb-kurser/mvc/me/report/tests/Controller/LibraryControllerTest.php" line="198" assertions="4" time="0.001393"/>
        <testcase name="testGetAllBooks" class="App\Tests\Controller\LibraryControllerTest" classname="App.Tests.Controller.LibraryControllerTest" file="/mnt/c/Users/isabe/dbwebb-kurser/mvc/me/report/tests/Controller/LibraryControllerTest.php" line="231" assertions="3" time="0.000660"/>
        <testcase name="testGetBookByIsbn" class="App\Tests\Controller\LibraryControllerTest" classname="App.Tests.Controller.LibraryControllerTest" file="/mnt/c/Users/isabe/dbwebb-kurser/mvc/me/report/tests/Controller/LibraryControllerTest.php" line="245" assertions="3" time="0.000714"/>
        <testcase name="testResetDatabase" class="App\Tests\Controller\LibraryControllerTest" classname="App.Tests.Controller.LibraryControllerTest" file="/mnt/c/Users/isabe/dbwebb-kurser/mvc/me/report/tests/Controller/LibraryControllerTest.php" line="260" assertions="3" time="0.000634"/>
      </testsuite>
      <testsuite name="App\Tests\Controller\LuckyControllerTest" file="/mnt/c/Users/isabe/dbwebb-kurser/mvc/me/report/tests/Controller/LuckyControllerTest.php" tests="2" assertions="10" errors="0" warnings="0" failures="0" skipped="0" time="0.049931">
        <testcase name="testNumber" class="App\Tests\Controller\LuckyControllerTest" classname="App.Tests.Controller.LuckyControllerTest" file="/mnt/c/Users/isabe/dbwebb-kurser/mvc/me/report/tests/Controller/LuckyControllerTest.php" line="11" assertions="7" time="0.049453"/>
        <testcase name="testHiya" class="App\Tests\Controller\LuckyControllerTest" classname="App.Tests.Controller.LuckyControllerTest" file="/mnt/c/Users/isabe/dbwebb-kurser/mvc/me/report/tests/Controller/LuckyControllerTest.php" line="27" assertions="3" time="0.000478"/>
      </testsuite>
      <testsuite name="App\Tests\Controller\ReportSiteJsonTest" file="/mnt/c/Users/isabe/dbwebb-kurser/mvc/me/report/tests/Controller/ReportSiteJsonTest.php" tests="11" assertions="65" errors="0" warnings="0" failures="0" skipped="0" time="0.032497">
        <testcase name="testJsonNumber" class="App\Tests\Controller\ReportSiteJsonTest" classname="App.Tests.Controller.ReportSiteJsonTest" file="/mnt/c/Users/isabe/dbwebb-kurser/mvc/me/report/tests/Controller/ReportSiteJsonTest.php" line="36" assertions="5" time="0.010255"/>
        <testcase name="testJsonQuote" class="App\Tests\Controller\ReportSiteJsonTest" classname="App.Tests.Controller.ReportSiteJsonTest" file="/mnt/c/Users/isabe/dbwebb-kurser/mvc/me/report/tests/Controller/ReportSiteJsonTest.php" line="49" assertions="5" time="0.000877"/>
        <testcase name="testDrawCardFromEmptyDeck" class="App\Tests\Controller\ReportSiteJsonTest" classname="App.Tests.Controller.ReportSiteJsonTest" file="/mnt/c/Users/isabe/dbwebb-kurser/mvc/me/report/tests/Controller/ReportSiteJsonTest.php" line="62" assertions="5" time="0.000870"/>
        <testcase name="testDrawMultipleCardsFromEmptyDeck" class="App\Tests\Controller\ReportSiteJsonTest" classname="App.Tests.Controller.ReportSiteJsonTest" file="/mnt/c/Users/isabe/dbwebb-kurser/mvc/me/report/tests/Controller/ReportSiteJsonTest.php" line="79" assertions="5" time="0.000717"/>
        <testcase name="testDrawMultipleCardsInvalidNumber" class="App\Tests\Controller\ReportSiteJsonTest" classname="App.Tests.Controller.ReportSiteJsonTest" file="/mnt/c/Users/isabe/dbwebb-kurser/mvc/me/report/tests/Controller/ReportSiteJsonTest.php" line="96" assertions="6" time="0.000746"/>
        <testcase name="testDrawMultipleCardsSuccessfully" class="App\Tests\Controller\ReportSiteJsonTest" classname="App.Tests.Controller.ReportSiteJsonTest" file="/mnt/c/Users/isabe/dbwebb-kurser/mvc/me/report/tests/Controller/ReportSiteJsonTest.php" line="118" assertions="11" time="0.000963"/>
        <testcase name="testGetDeck" class="App\Tests\Controller\ReportSiteJsonTest" classname="App.Tests.Controller.ReportSiteJsonTest" file="/mnt/c/Users/isabe/dbwebb-kurser/mvc/me/report/tests/Controller/ReportSiteJsonTest.php" line="171" assertions="7" time="0.005539"/>
        <testcase name="testShuffleDeck" class="App\Tests\Controller\ReportSiteJsonTest" classname="App.Tests.Controller.ReportSiteJsonTest" file="/mnt/c/Users/isabe/dbwebb-kurser/mvc/me/report/tests/Controller/ReportSiteJsonTest.php" line="193" assertions="4" time="0.009396"/>
        <testcase name="testDrawCard" class="App\Tests\Controller\ReportSiteJsonTest" classname="App.Tests.Controller.ReportSiteJsonTest" file="/mnt/c/Users/isabe/dbwebb-kurser/mvc/me/report/tests/Controller/ReportSiteJsonTest.php" line="216" assertions="6" time="0.001093"/>
        <testcase name="testDealCardsToPlayers" class="App\Tests\Controller\ReportSiteJsonTest" classname="App.Tests.Controller.ReportSiteJsonTest" file="/mnt/c/Users/isabe/dbwebb-kurser/mvc/me/report/tests/Controller/ReportSiteJsonTest.php" line="241" assertions="6" time="0.001214"/>
        <testcase name="testDealCardsToPlayersWithInvalidNumbers" class="App\Tests\Controller\ReportSiteJsonTest" classname="App.Tests.Controller.ReportSiteJsonTest" file="/mnt/c/Users/isabe/dbwebb-kurser/mvc/me/report/tests/Controller/ReportSiteJsonTest.php" line="266" assertions="5" time="0.000825"/>
      </testsuite>
      <testsuite name="App\Tests\Controller\ReportSiteTest" file="/mnt/c/Users/isabe/dbwebb-kurser/mvc/me/report/tests/Controller/ReportSiteTest.php" tests="7" assertions="21" errors="0" warnings="0" failures="0" skipped="0" time="0.014852">
        <testcase name="testNumber" class="App\Tests\Controller\ReportSiteTest" classname="App.Tests.Controller.ReportSiteTest" file="/mnt/c/Users/isabe/dbwebb-kurser/mvc/me/report/tests/Controller/ReportSiteTest.php" line="32" assertions="3" time="0.010631"/>
        <testcase name="testHome" class="App\Tests\Controller\ReportSiteTest" classname="App.Tests.Controller.ReportSiteTest" file="/mnt/c/Users/isabe/dbwebb-kurser/mvc/me/report/tests/Controller/ReportSiteTest.php" line="45" assertions="3" time="0.000800"/>
        <testcase name="testAbout" class="App\Tests\Controller\ReportSiteTest" classname="App.Tests.Controller.ReportSiteTest" file="/mnt/c/Users/isabe/dbwebb-kurser/mvc/me/report/tests/Controller/ReportSiteTest.php" line="58" assertions="3" time="0.000727"/>
        <testcase name="testReport" class="App\Tests\Controller\ReportSiteTest" classname="App.Tests.Controller.ReportSiteTest" file="/mnt/c/Users/isabe/dbwebb-kurser/mvc/me/report/tests/Controller/ReportSiteTest.php" line="71" assertions="3" time="0.000689"/>
        <testcase name="testMetrics" class="App\Tests\Controller\ReportSiteTest" classname="App.Tests.Controller.ReportSiteTest" file="/mnt/c/Users/isabe/dbwebb-kurser/mvc/me/report/tests/Controller/ReportSiteTest.php" line="84" assertions="3" time="0.000657"/>
        <testcase name="testProj" class="App\Tests\Controller\ReportSiteTest" classname="App.Tests.Controller.ReportSiteTest" file="/mnt/c/Users/isabe/dbwebb-kurser/mvc/me/report/tests/Controller/ReportSiteTest.php" line="97" assertions="3" time="0.000656"/>
        <testcase name="testApiHome" class="App\Tests\Controller\ReportSiteTest" classname="App.Tests.Controller.ReportSiteTest" file="/mnt/c/Users/isabe/dbwebb-kurser/mvc/me/report/tests/Controller/ReportSiteTest.php" line="110" assertions="3" time="0.000692"/>
      </testsuite>
      <testsuite name="App\Tests\Controller\TexasHoldemControllerTest" file="/mnt/c/Users/isabe/dbwebb-kurser/mvc/me/report/tests/Controller/TexasHoldemControllerTest.php" tests="16" assertions="38" errors="0" warnings="0" failures="0" skipped="0" time="0.050420">
        <testcase name="testIndex" class="App\Tests\Controller\TexasHoldemControllerTest" classname="App.Tests.Controller.TexasHoldemControllerTest" file="/mnt/c/Users/isabe/dbwebb-kurser/mvc/me/report/tests/Controller/TexasHoldemControllerTest.php" line="67" assertions="2" time="0.032462"/>
        <testcase name="testAbout" class="App\Tests\Controller\TexasHoldemControllerTest" classname="App.Tests.Controller.TexasHoldemControllerTest" file="/mnt/c/Users/isabe/dbwebb-kurser/mvc/me/report/tests/Controller/TexasHoldemControllerTest.php" line="74" assertions="2" time="0.001118"/>
        <testcase name="testDatabase" class="App\Tests\Controller\TexasHoldemControllerTest" classname="App.Tests.Controller.TexasHoldemControllerTest" file="/mnt/c/Users/isabe/dbwebb-kurser/mvc/me/report/tests/Controller/TexasHoldemControllerTest.php" line="81" assertions="2" time="0.000956"/>
        <testcase name="testStartGamePostRequest" class="App\Tests\Controller\TexasHoldemControllerTest" classname="App.Tests.Controller.TexasHoldemControllerTest" file="/mnt/c/Users/isabe/dbwebb-kurser/mvc/me/report/tests/Controller/TexasHoldemControllerTest.php" line="88" assertions="4" time="0.001355"/>
        <testcase name="testStartGameGetRequest" class="App\Tests\Controller\TexasHoldemControllerTest" classname="App.Tests.Controller.TexasHoldemControllerTest" file="/mnt/c/Users/isabe/dbwebb-kurser/mvc/me/report/tests/Controller/TexasHoldemControllerTest.php" line="120" assertions="2" time="0.000875"/>
        <testcase name="testPlayRoundWhenNoGameInSession" class="App\Tests\Controller\TexasHoldemControllerTest" classname="App.Tests.Controller.TexasHoldemControllerTest" file="/mnt/c/Users/isabe/dbwebb-kurser/mvc/me/report/tests/Controller/TexasHoldemControllerTest.php" line="129" assertions="2" time="0.001047"/>
        <testcase name="testPlayRoundWithAllInScenario" class="App\Tests\Controller\TexasHoldemControllerTest" classname="App.Tests.Controller.TexasHoldemControllerTest" file="/mnt/c/Users/isabe/dbwebb-kurser/mvc/me/report/tests/Controller/TexasHoldemControllerTest.php" line="139" assertions="2" time="0.001383"/>
        <testcase name="testSubmitScoreWithValidData" class="App\Tests\Controller\TexasHoldemControllerTest" classname="App.Tests.Controller.TexasHoldemControllerTest" file="/mnt/c/Users/isabe/dbwebb-kurser/mvc/me/report/tests/Controller/TexasHoldemControllerTest.php" line="158" assertions="3" time="0.001445"/>
        <testcase name="testSubmitScoreWithInvalidUsername" class="App\Tests\Controller\TexasHoldemControllerTest" classname="App.Tests.Controller.TexasHoldemControllerTest" file="/mnt/c/Users/isabe/dbwebb-kurser/mvc/me/report/tests/Controller/TexasHoldemControllerTest.php" line="179" assertions="2" time="0.000929"/>
        <testcase name="testSubmitScoreWhenNoGameInSession" class="App\Tests\Controller\TexasHoldemControllerTest" classname="App.Tests.Controller.TexasHoldemControllerTest" file="/mnt/c/Users/isabe/dbwebb-kurser/mvc/me/report/tests/Controller/TexasHoldemControllerTest.php" line="193" assertions="3" time="0.001247"/>
        <testcase name="testStartNewRoundWhenNoGameInSession" class="App\Tests\Controller\TexasHoldemControllerTest" classname="App.Tests.Controller.TexasHoldemControllerTest" file="/mnt/c/Users/isabe/dbwebb-kurser/mvc/me/report/tests/Controller/TexasHoldemControllerTest.php" line="219" assertions="2" time="0.001015"/>
        <testcase name="testStartNewRoundWithGameInSession" class="App\Tests\Controller\TexasHoldemControllerTest" classname="App.Tests.Controller.TexasHoldemControllerTest" file="/mnt/c/Users/isabe/dbwebb-kurser/mvc/me/report/tests/Controller/TexasHoldemControllerTest.php" line="229" assertions="3" time="0.001145"/>
        <testcase name="testApiPage" class="App\Tests\Controller\TexasHoldemControllerTest" classname="App.Tests.Controller.TexasHoldemControllerTest" file="/mnt/c/Users/isabe/dbwebb-kurser/mvc/me/report/tests/Controller/TexasHoldemControllerTest.php" line="241" assertions="2" time="0.000905"/>
        <testcase name="testPlayRoundWithNormalScenario" class="App\Tests\Controller\TexasHoldemControllerTest" classname="App.Tests.Controller.TexasHoldemControllerTest" file="/mnt/c/Users/isabe/dbwebb-kurser/mvc/me/report/tests/Controller/TexasHoldemControllerTest.php" line="248" assertions="2" time="0.001715"/>
        <testcase name="testPlayRoundWithPhaseAdvanced" class="App\Tests\Controller\TexasHoldemControllerTest" classname="App.Tests.Controller.TexasHoldemControllerTest" file="/mnt/c/Users/isabe/dbwebb-kurser/mvc/me/report/tests/Controller/TexasHoldemControllerTest.php" line="275" assertions="3" time="0.001454"/>
        <testcase name="testPlayRoundWithGameOver" class="App\Tests\Controller\TexasHoldemControllerTest" classname="App.Tests.Controller.TexasHoldemControllerTest" file="/mnt/c/Users/isabe/dbwebb-kurser/mvc/me/report/tests/Controller/TexasHoldemControllerTest.php" line="300" assertions="2" time="0.001367"/>
      </testsuite>
      <testsuite name="App\Tests\Controller\TexasHoldemJsonTest" file="/mnt/c/Users/isabe/dbwebb-kurser/mvc/me/report/tests/Controller/TexasHoldemJsonTest.php" tests="11" assertions="79" errors="0" warnings="0" failures="0" skipped="0" time="0.023681">
        <testcase name="testStartNewGame" class="App\Tests\Controller\TexasHoldemJsonTest" classname="App.Tests.Controller.TexasHoldemJsonTest" file="/mnt/c/Users/isabe/dbwebb-kurser/mvc/me/report/tests/Controller/TexasHoldemJsonTest.php" line="51" assertions="7" time="0.011933"/>
        <testcase name="testGetGameStateWithoutGame" class="App\Tests\Controller\TexasHoldemJsonTest" classname="App.Tests.Controller.TexasHoldemJsonTest" file="/mnt/c/Users/isabe/dbwebb-kurser/mvc/me/report/tests/Controller/TexasHoldemJsonTest.php" line="86" assertions="6" time="0.001093"/>
        <testcase name="testGetGameStateWithGame" class="App\Tests\Controller\TexasHoldemJsonTest" classname="App.Tests.Controller.TexasHoldemJsonTest" file="/mnt/c/Users/isabe/dbwebb-kurser/mvc/me/report/tests/Controller/TexasHoldemJsonTest.php" line="105" assertions="8" time="0.001641"/>
        <testcase name="testResetGame" class="App\Tests\Controller\TexasHoldemJsonTest" classname="App.Tests.Controller.TexasHoldemJsonTest" file="/mnt/c/Users/isabe/dbwebb-kurser/mvc/me/report/tests/Controller/TexasHoldemJsonTest.php" line="138" assertions="6" time="0.000845"/>
        <testcase name="testSetChipsForPlayer" class="App\Tests\Controller\TexasHoldemJsonTest" classname="App.Tests.Controller.TexasHoldemJsonTest" file="/mnt/c/Users/isabe/dbwebb-kurser/mvc/me/report/tests/Controller/TexasHoldemJsonTest.php" line="156" assertions="7" time="0.001687"/>
        <testcase name="testSetChipsNoGameFound" class="App\Tests\Controller\TexasHoldemJsonTest" classname="App.Tests.Controller.TexasHoldemJsonTest" file="/mnt/c/Users/isabe/dbwebb-kurser/mvc/me/report/tests/Controller/TexasHoldemJsonTest.php" line="186" assertions="7" time="0.000845"/>
        <testcase name="testGetCommunityCardsWithoutGame" class="App\Tests\Controller\TexasHoldemJsonTest" classname="App.Tests.Controller.TexasHoldemJsonTest" file="/mnt/c/Users/isabe/dbwebb-kurser/mvc/me/report/tests/Controller/TexasHoldemJsonTest.php" line="208" assertions="6" time="0.000952"/>
        <testcase name="testGetCommunityCards" class="App\Tests\Controller\TexasHoldemJsonTest" classname="App.Tests.Controller.TexasHoldemJsonTest" file="/mnt/c/Users/isabe/dbwebb-kurser/mvc/me/report/tests/Controller/TexasHoldemJsonTest.php" line="227" assertions="6" time="0.001438"/>
        <testcase name="testGetPlayerCardsWithoutGame" class="App\Tests\Controller\TexasHoldemJsonTest" classname="App.Tests.Controller.TexasHoldemJsonTest" file="/mnt/c/Users/isabe/dbwebb-kurser/mvc/me/report/tests/Controller/TexasHoldemJsonTest.php" line="263" assertions="6" time="0.000855"/>
        <testcase name="testGetPlayerCardsPlayerNotFound" class="App\Tests\Controller\TexasHoldemJsonTest" classname="App.Tests.Controller.TexasHoldemJsonTest" file="/mnt/c/Users/isabe/dbwebb-kurser/mvc/me/report/tests/Controller/TexasHoldemJsonTest.php" line="281" assertions="9" time="0.001031"/>
        <testcase name="testGetPlayerCardsSuccess" class="App\Tests\Controller\TexasHoldemJsonTest" classname="App.Tests.Controller.TexasHoldemJsonTest" file="/mnt/c/Users/isabe/dbwebb-kurser/mvc/me/report/tests/Controller/TexasHoldemJsonTest.php" line="309" assertions="11" time="0.001361"/>
      </testsuite>
      <testsuite name="App\Dice\DiceTest" file="/mnt/c/Users/isabe/dbwebb-kurser/mvc/me/report/tests/Dice/DiceTest.php" tests="1" assertions="2" errors="0" warnings="0" failures="0" skipped="0" time="0.010793">
        <testcase name="testCreateDice" class="App\Dice\DiceTest" classname="App.Dice.DiceTest" file="/mnt/c/Users/isabe/dbwebb-kurser/mvc/me/report/tests/Dice/DiceTest.php" line="16" assertions="2" time="0.010793"/>
      </testsuite>
      <testsuite name="App\Tests\Entity\GamePlayerTest" file="/mnt/c/Users/isabe/dbwebb-kurser/mvc/me/report/tests/Entity/GamePlayerTest.php" tests="10" assertions="23" errors="0" warnings="0" failures="0" skipped="0" time="0.040142">
        <testcase name="testInitialValues" class="App\Tests\Entity\GamePlayerTest" classname="App.Tests.Entity.GamePlayerTest" file="/mnt/c/Users/isabe/dbwebb-kurser/mvc/me/report/tests/Entity/GamePlayerTest.php" line="14" assertions="5" time="0.027233"/>
        <testcase name="testGetId" class="App\Tests\Entity\GamePlayerTest" classname="App.Tests.Entity.GamePlayerTest" file="/mnt/c/Users/isabe/dbwebb-kurser/mvc/me/report/tests/Entity/GamePlayerTest.php" line="25" assertions="2" time="0.000382"/>
        <testcase name="testGetUsername" class="App\Tests\Entity\GamePlayerTest" classname="App.Tests.Entity.GamePlayerTest" file="/mnt/c/Users/isabe/dbwebb-kurser/mvc/me/report/tests/Entity/GamePlayerTest.php" line="37" assertions="2" time="0.000333"/>
        <testcase name="testSetId" class="App\Tests\Entity\GamePlayerTest" classname="App.Tests.Entity.GamePlayerTest" file="/mnt/c/Users/isabe/dbwebb-kurser/mvc/me/report/tests/Entity/GamePlayerTest.php" line="49" assertions="1" time="0.000298"/>
        <testcase name="testGetAge" class="App\Tests\Entity\GamePlayerTest" classname="App.Tests.Entity.GamePlayerTest" file="/mnt/c/Users/isabe/dbwebb-kurser/mvc/me/report/tests/Entity/GamePlayerTest.php" line="57" assertions="2" time="0.000300"/>
        <testcase name="testGetScores" class="App\Tests\Entity\GamePlayerTest" classname="App.Tests.Entity.GamePlayerTest" file="/mnt/c/Users/isabe/dbwebb-kurser/mvc/me/report/tests/Entity/GamePlayerTest.php" line="70" assertions="4" time="0.009402"/>
        <testcase name="testSetAndGetUsername" class="App\Tests\Entity\GamePlayerTest" classname="App.Tests.Entity.GamePlayerTest" file="/mnt/c/Users/isabe/dbwebb-kurser/mvc/me/report/tests/Entity/GamePlayerTest.php" line="83" assertions="1" time="0.000352"/>
        <testcase name="testSetAndGetAge" class="App\Tests\Entity\GamePlayerTest" classname="App.Tests.Entity.GamePlayerTest" file="/mnt/c/Users/isabe/dbwebb-kurser/mvc/me/report/tests/Entity/GamePlayerTest.php" line="92" assertions="1" time="0.000320"/>
        <testcase name="testGetScoresReturnsCollection" class="App\Tests\Entity\GamePlayerTest" classname="App.Tests.Entity.GamePlayerTest" file="/mnt/c/Users/isabe/dbwebb-kurser/mvc/me/report/tests/Entity/GamePlayerTest.php" line="101" assertions="2" time="0.000331"/>
        <testcase name="testAddScore" class="App\Tests\Entity\GamePlayerTest" classname="App.Tests.Entity.GamePlayerTest" file="/mnt/c/Users/isabe/dbwebb-kurser/mvc/me/report/tests/Entity/GamePlayerTest.php" line="108" assertions="3" time="0.001190"/>
      </testsuite>
      <testsuite name="App\Tests\Entity\ScoresTest" file="/mnt/c/Users/isabe/dbwebb-kurser/mvc/me/report/tests/Entity/ScoresTest.php" tests="5" assertions="10" errors="0" warnings="0" failures="0" skipped="0" time="0.001618">
        <testcase name="testInitialValues" class="App\Tests\Entity\ScoresTest" classname="App.Tests.Entity.ScoresTest" file="/mnt/c/Users/isabe/dbwebb-kurser/mvc/me/report/tests/Entity/ScoresTest.php" line="12" assertions="4" time="0.000308"/>
        <testcase name="testSetAndGetUserId" class="App\Tests\Entity\ScoresTest" classname="App.Tests.Entity.ScoresTest" file="/mnt/c/Users/isabe/dbwebb-kurser/mvc/me/report/tests/Entity/ScoresTest.php" line="22" assertions="1" time="0.000400"/>
        <testcase name="testSetAndGetScore" class="App\Tests\Entity\ScoresTest" classname="App.Tests.Entity.ScoresTest" file="/mnt/c/Users/isabe/dbwebb-kurser/mvc/me/report/tests/Entity/ScoresTest.php" line="32" assertions="1" time="0.000283"/>
        <testcase name="testSetAndGetDate" class="App\Tests\Entity\ScoresTest" classname="App.Tests.Entity.ScoresTest" file="/mnt/c/Users/isabe/dbwebb-kurser/mvc/me/report/tests/Entity/ScoresTest.php" line="42" assertions="1" time="0.000287"/>
        <testcase name="testScoreRelationshipWithGamePlayer" class="App\Tests\Entity\ScoresTest" classname="App.Tests.Entity.ScoresTest" file="/mnt/c/Users/isabe/dbwebb-kurser/mvc/me/report/tests/Entity/ScoresTest.php" line="52" assertions="3" time="0.000340"/>
      </testsuite>
      <testsuite name="App\Entity\LibraryTest" file="/mnt/c/Users/isabe/dbwebb-kurser/mvc/me/report/tests/Library/LibraryTest.php" tests="5" assertions="5" errors="0" warnings="0" failures="0" skipped="0" time="0.001415">
        <testcase name="testSetTitle" class="App\Entity\LibraryTest" classname="App.Entity.LibraryTest" file="/mnt/c/Users/isabe/dbwebb-kurser/mvc/me/report/tests/Library/LibraryTest.php" line="9" assertions="1" time="0.000285"/>
        <testcase name="testSetAndGetAuthor" class="App\Entity\LibraryTest" classname="App.Entity.LibraryTest" file="/mnt/c/Users/isabe/dbwebb-kurser/mvc/me/report/tests/Library/LibraryTest.php" line="16" assertions="1" time="0.000282"/>
        <testcase name="testSetAndGetIsbn" class="App\Entity\LibraryTest" classname="App.Entity.LibraryTest" file="/mnt/c/Users/isabe/dbwebb-kurser/mvc/me/report/tests/Library/LibraryTest.php" line="23" assertions="1" time="0.000281"/>
        <testcase name="testSetAndGetBookimage" class="App\Entity\LibraryTest" classname="App.Entity.LibraryTest" file="/mnt/c/Users/isabe/dbwebb-kurser/mvc/me/report/tests/Library/LibraryTest.php" line="30" assertions="1" time="0.000281"/>
        <testcase name="testSetAndGetDescription" class="App\Entity\LibraryTest" classname="App.Entity.LibraryTest" file="/mnt/c/Users/isabe/dbwebb-kurser/mvc/me/report/tests/Library/LibraryTest.php" line="37" assertions="1" time="0.000286"/>
      </testsuite>
      <testsuite name="App\Tests\Entity\ProductTest" file="/mnt/c/Users/isabe/dbwebb-kurser/mvc/me/report/tests/Library/ProductTest.php" tests="2" assertions="2" errors="0" warnings="0" failures="0" skipped="0" time="0.008560">
        <testcase name="testSetName" class="App\Tests\Entity\ProductTest" classname="App.Tests.Entity.ProductTest" file="/mnt/c/Users/isabe/dbwebb-kurser/mvc/me/report/tests/Library/ProductTest.php" line="10" assertions="1" time="0.008252"/>
        <testcase name="testSetValue" class="App\Tests\Entity\ProductTest" classname="App.Tests.Entity.ProductTest" file="/mnt/c/Users/isabe/dbwebb-kurser/mvc/me/report/tests/Library/ProductTest.php" line="17" assertions="1" time="0.000308"/>
      </testsuite>
      <testsuite name="App\Tests\Service\ApiServiceTest" file="/mnt/c/Users/isabe/dbwebb-kurser/mvc/me/report/tests/Service/ApiServiceTest.php" tests="3" assertions="17" errors="0" warnings="0" failures="0" skipped="0" time="0.003074">
        <testcase name="testGetAllBooks" class="App\Tests\Service\ApiServiceTest" classname="App.Tests.Service.ApiServiceTest" file="/mnt/c/Users/isabe/dbwebb-kurser/mvc/me/report/tests/Service/ApiServiceTest.php" line="24" assertions="6" time="0.001172"/>
        <testcase name="testGetBookByIsbn" class="App\Tests\Service\ApiServiceTest" classname="App.Tests.Service.ApiServiceTest" file="/mnt/c/Users/isabe/dbwebb-kurser/mvc/me/report/tests/Service/ApiServiceTest.php" line="49" assertions="5" time="0.001223"/>
        <testcase name="testGetBookByIsbnNotFound" class="App\Tests\Service\ApiServiceTest" classname="App.Tests.Service.ApiServiceTest" file="/mnt/c/Users/isabe/dbwebb-kurser/mvc/me/report/tests/Service/ApiServiceTest.php" line="74" assertions="6" time="0.000679"/>
      </testsuite>
      <testsuite name="App\Tests\Service\DatabaseResetServiceTest" file="/mnt/c/Users/isabe/dbwebb-kurser/mvc/me/report/tests/Service/DatabaseResetServiceTest.php" tests="1" assertions="3" errors="0" warnings="0" failures="0" skipped="0" time="0.001111">
        <testcase name="testResetDatabase" class="App\Tests\Service\DatabaseResetServiceTest" classname="App.Tests.Service.DatabaseResetServiceTest" file="/mnt/c/Users/isabe/dbwebb-kurser/mvc/me/report/tests/Service/DatabaseResetServiceTest.php" line="24" assertions="3" time="0.001111"/>
      </testsuite>
      <testsuite name="App\Tests\Service\GameHandlerServiceTest" file="/mnt/c/Users/isabe/dbwebb-kurser/mvc/me/report/tests/Service/GameHandlerServiceTest.php" tests="9" assertions="10" errors="0" warnings="0" failures="0" skipped="0" time="0.006424">
        <testcase name="testHandleAllInScenarioWhenAllInOccurs" class="App\Tests\Service\GameHandlerServiceTest" classname="App.Tests.Service.GameHandlerServiceTest" file="/mnt/c/Users/isabe/dbwebb-kurser/mvc/me/report/tests/Service/GameHandlerServiceTest.php" line="51" assertions="1" time="0.000837"/>
        <testcase name="testHandleAllInScenarioWhenNoAllInOccurs" class="App\Tests\Service\GameHandlerServiceTest" classname="App.Tests.Service.GameHandlerServiceTest" file="/mnt/c/Users/isabe/dbwebb-kurser/mvc/me/report/tests/Service/GameHandlerServiceTest.php" line="64" assertions="1" time="0.000681"/>
        <testcase name="testAdvancePhaseIfNeededWhenPhaseAdvanced" class="App\Tests\Service\GameHandlerServiceTest" classname="App.Tests.Service.GameHandlerServiceTest" file="/mnt/c/Users/isabe/dbwebb-kurser/mvc/me/report/tests/Service/GameHandlerServiceTest.php" line="75" assertions="1" time="0.000948"/>
        <testcase name="testAdvancePhaseIfNeededWhenGameOver" class="App\Tests\Service\GameHandlerServiceTest" classname="App.Tests.Service.GameHandlerServiceTest" file="/mnt/c/Users/isabe/dbwebb-kurser/mvc/me/report/tests/Service/GameHandlerServiceTest.php" line="90" assertions="1" time="0.000925"/>
        <testcase name="testAdvancePhaseIfNeededWhenNoPhaseAdvanceNeeded" class="App\Tests\Service\GameHandlerServiceTest" classname="App.Tests.Service.GameHandlerServiceTest" file="/mnt/c/Users/isabe/dbwebb-kurser/mvc/me/report/tests/Service/GameHandlerServiceTest.php" line="105" assertions="1" time="0.000518"/>
        <testcase name="testHandleGameStatusWhenGameOver" class="App\Tests\Service\GameHandlerServiceTest" classname="App.Tests.Service.GameHandlerServiceTest" file="/mnt/c/Users/isabe/dbwebb-kurser/mvc/me/report/tests/Service/GameHandlerServiceTest.php" line="113" assertions="1" time="0.000653"/>
        <testcase name="testHandleGameStatusWhenPhaseAdvanced" class="App\Tests\Service\GameHandlerServiceTest" classname="App.Tests.Service.GameHandlerServiceTest" file="/mnt/c/Users/isabe/dbwebb-kurser/mvc/me/report/tests/Service/GameHandlerServiceTest.php" line="123" assertions="2" time="0.000579"/>
        <testcase name="testHandleGameStatusWhenStatusIsNull" class="App\Tests\Service\GameHandlerServiceTest" classname="App.Tests.Service.GameHandlerServiceTest" file="/mnt/c/Users/isabe/dbwebb-kurser/mvc/me/report/tests/Service/GameHandlerServiceTest.php" line="132" assertions="1" time="0.000646"/>
        <testcase name="testRenderGameView" class="App\Tests\Service\GameHandlerServiceTest" classname="App.Tests.Service.GameHandlerServiceTest" file="/mnt/c/Users/isabe/dbwebb-kurser/mvc/me/report/tests/Service/GameHandlerServiceTest.php" line="142" assertions="1" time="0.000637"/>
      </testsuite>
      <testsuite name="App\Tests\Service\GameInitializerTest" file="/mnt/c/Users/isabe/dbwebb-kurser/mvc/me/report/tests/Service/GameInitializerTest.php" tests="2" assertions="6" errors="0" warnings="0" failures="0" skipped="0" time="0.002593">
        <testcase name="testInitializeGame" class="App\Tests\Service\GameInitializerTest" classname="App.Tests.Service.GameInitializerTest" file="/mnt/c/Users/isabe/dbwebb-kurser/mvc/me/report/tests/Service/GameInitializerTest.php" line="26" assertions="5" time="0.001453"/>
        <testcase name="testSaveGameToSession" class="App\Tests\Service\GameInitializerTest" classname="App.Tests.Service.GameInitializerTest" file="/mnt/c/Users/isabe/dbwebb-kurser/mvc/me/report/tests/Service/GameInitializerTest.php" line="39" assertions="1" time="0.001139"/>
      </testsuite>
      <testsuite name="App\Tests\Service\PlayerScoreResetServiceTest" file="/mnt/c/Users/isabe/dbwebb-kurser/mvc/me/report/tests/Service/PlayerScoreResetServiceTest.php" tests="2" assertions="9" errors="0" warnings="0" failures="0" skipped="0" time="0.037097">
        <testcase name="testResetPlayerDataSuccess" class="App\Tests\Service\PlayerScoreResetServiceTest" classname="App.Tests.Service.PlayerScoreResetServiceTest" file="/mnt/c/Users/isabe/dbwebb-kurser/mvc/me/report/tests/Service/PlayerScoreResetServiceTest.php" line="47" assertions="5" time="0.025294"/>
        <testcase name="testResetPlayerDataFailure" class="App\Tests\Service\PlayerScoreResetServiceTest" classname="App.Tests.Service.PlayerScoreResetServiceTest" file="/mnt/c/Users/isabe/dbwebb-kurser/mvc/me/report/tests/Service/PlayerScoreResetServiceTest.php" line="61" assertions="4" time="0.011803"/>
      </testsuite>
      <testsuite name="App\Tests\Service\ScoreServiceTest" file="/mnt/c/Users/isabe/dbwebb-kurser/mvc/me/report/tests/Service/ScoreServiceTest.php" tests="2" assertions="5" errors="0" warnings="0" failures="0" skipped="0" time="0.021124">
        <testcase name="testSubmitScoreSuccessfully" class="App\Tests\Service\ScoreServiceTest" classname="App.Tests.Service.ScoreServiceTest" file="/mnt/c/Users/isabe/dbwebb-kurser/mvc/me/report/tests/Service/ScoreServiceTest.php" line="36" assertions="3" time="0.020224"/>
        <testcase name="testSubmitScoreFailure" class="App\Tests\Service\ScoreServiceTest" classname="App.Tests.Service.ScoreServiceTest" file="/mnt/c/Users/isabe/dbwebb-kurser/mvc/me/report/tests/Service/ScoreServiceTest.php" line="47" assertions="2" time="0.000901"/>
      </testsuite>
    </testsuite>
  </testsuite>
</testsuites>
