<?xml version="1.0" encoding="UTF-8"?>
<testsuites>
  <testsuite name="" tests="57" assertions="181" errors="0" warnings="1" failures="0" skipped="0" time="1.001596">
    <testsuite name="Project Test Suite" tests="57" assertions="181" errors="0" warnings="1" failures="0" skipped="0" time="1.001596">
      <testsuite name="App\Tests\CardGame\CardGraphicTest" file="/mnt/c/Users/isabe/dbwebb-kurser/mvc/me/report/tests/CardGame/CardGraphicTest.php" tests="2" assertions="2" errors="0" warnings="0" failures="0" skipped="0" time="0.118126">
        <testcase name="testGetAsString" class="App\Tests\CardGame\CardGraphicTest" classname="App.Tests.CardGame.CardGraphicTest" file="/mnt/c/Users/isabe/dbwebb-kurser/mvc/me/report/tests/CardGame/CardGraphicTest.php" line="10" assertions="1" time="0.117781"/>
        <testcase name="testGetUnturned" class="App\Tests\CardGame\CardGraphicTest" classname="App.Tests.CardGame.CardGraphicTest" file="/mnt/c/Users/isabe/dbwebb-kurser/mvc/me/report/tests/CardGame/CardGraphicTest.php" line="16" assertions="1" time="0.000345"/>
      </testsuite>
      <testsuite name="App\Tests\CardGame\CardHandTest" file="/mnt/c/Users/isabe/dbwebb-kurser/mvc/me/report/tests/CardGame/CardHandTest.php" tests="10" assertions="17" errors="0" warnings="0" failures="0" skipped="0" time="0.048326">
        <testcase name="testAddCardAndGetCards" class="App\Tests\CardGame\CardHandTest" classname="App.Tests.CardGame.CardHandTest" file="/mnt/c/Users/isabe/dbwebb-kurser/mvc/me/report/tests/CardGame/CardHandTest.php" line="11" assertions="1" time="0.027405"/>
        <testcase name="testCalculateTotal" class="App\Tests\CardGame\CardHandTest" classname="App.Tests.CardGame.CardHandTest" file="/mnt/c/Users/isabe/dbwebb-kurser/mvc/me/report/tests/CardGame/CardHandTest.php" line="23" assertions="2" time="0.000346"/>
        <testcase name="testCalculateTotalWithAce" class="App\Tests\CardGame\CardHandTest" classname="App.Tests.CardGame.CardHandTest" file="/mnt/c/Users/isabe/dbwebb-kurser/mvc/me/report/tests/CardGame/CardHandTest.php" line="39" assertions="2" time="0.000348"/>
        <testcase name="testCalculateTotalWithAceAsEleven" class="App\Tests\CardGame\CardHandTest" classname="App.Tests.CardGame.CardHandTest" file="/mnt/c/Users/isabe/dbwebb-kurser/mvc/me/report/tests/CardGame/CardHandTest.php" line="55" assertions="2" time="0.000330"/>
        <testcase name="testCalculateTotalWithFaceCards" class="App\Tests\CardGame\CardHandTest" classname="App.Tests.CardGame.CardHandTest" file="/mnt/c/Users/isabe/dbwebb-kurser/mvc/me/report/tests/CardGame/CardHandTest.php" line="68" assertions="2" time="0.000381"/>
        <testcase name="testCalculateTotalDealer" class="App\Tests\CardGame\CardHandTest" classname="App.Tests.CardGame.CardHandTest" file="/mnt/c/Users/isabe/dbwebb-kurser/mvc/me/report/tests/CardGame/CardHandTest.php" line="80" assertions="1" time="0.000307"/>
        <testcase name="testCalculateTotalWithAceHighAdjustment" class="App\Tests\CardGame\CardHandTest" classname="App.Tests.CardGame.CardHandTest" file="/mnt/c/Users/isabe/dbwebb-kurser/mvc/me/report/tests/CardGame/CardHandTest.php" line="96" assertions="2" time="0.000332"/>
        <testcase name="testCalculateTotalDealerWithAce" class="App\Tests\CardGame\CardHandTest" classname="App.Tests.CardGame.CardHandTest" file="/mnt/c/Users/isabe/dbwebb-kurser/mvc/me/report/tests/CardGame/CardHandTest.php" line="114" assertions="1" time="0.000302"/>
        <testcase name="testCalculateTotalDealerWithFaceCard" class="App\Tests\CardGame\CardHandTest" classname="App.Tests.CardGame.CardHandTest" file="/mnt/c/Users/isabe/dbwebb-kurser/mvc/me/report/tests/CardGame/CardHandTest.php" line="125" assertions="1" time="0.000302"/>
        <testcase name="testDealCards" class="App\Tests\CardGame\CardHandTest" classname="App.Tests.CardGame.CardHandTest" file="/mnt/c/Users/isabe/dbwebb-kurser/mvc/me/report/tests/CardGame/CardHandTest.php" line="136" assertions="3" time="0.018274"/>
      </testsuite>
      <testsuite name="App\Tests\CardGame\CardTest" file="/mnt/c/Users/isabe/dbwebb-kurser/mvc/me/report/tests/CardGame/CardTest.php" tests="4" assertions="7" errors="0" warnings="0" failures="0" skipped="0" time="0.001156">
        <testcase name="testGetValue" class="App\Tests\CardGame\CardTest" classname="App.Tests.CardGame.CardTest" file="/mnt/c/Users/isabe/dbwebb-kurser/mvc/me/report/tests/CardGame/CardTest.php" line="10" assertions="1" time="0.000284"/>
        <testcase name="testGetCardName" class="App\Tests\CardGame\CardTest" classname="App.Tests.CardGame.CardTest" file="/mnt/c/Users/isabe/dbwebb-kurser/mvc/me/report/tests/CardGame/CardTest.php" line="16" assertions="4" time="0.000309"/>
        <testcase name="testGetSuit" class="App\Tests\CardGame\CardTest" classname="App.Tests.CardGame.CardTest" file="/mnt/c/Users/isabe/dbwebb-kurser/mvc/me/report/tests/CardGame/CardTest.php" line="28" assertions="1" time="0.000280"/>
        <testcase name="testGetCardNameDefault" class="App\Tests\CardGame\CardTest" classname="App.Tests.CardGame.CardTest" file="/mnt/c/Users/isabe/dbwebb-kurser/mvc/me/report/tests/CardGame/CardTest.php" line="33" assertions="1" time="0.000283"/>
      </testsuite>
      <testsuite name="App\Tests\CardGame\DeckOfCardsTest" file="/mnt/c/Users/isabe/dbwebb-kurser/mvc/me/report/tests/CardGame/DeckOfCardsTest.php" tests="1" assertions="1" errors="0" warnings="0" failures="0" skipped="0" time="0.007646">
        <testcase name="testGetDeck" class="App\Tests\CardGame\DeckOfCardsTest" classname="App.Tests.CardGame.DeckOfCardsTest" file="/mnt/c/Users/isabe/dbwebb-kurser/mvc/me/report/tests/CardGame/DeckOfCardsTest.php" line="10" assertions="1" time="0.007646"/>
      </testsuite>
      <testsuite name="App\Tests\CardGame\GameDataServiceTest" file="/mnt/c/Users/isabe/dbwebb-kurser/mvc/me/report/tests/CardGame/GameDataServiceTest.php" tests="1" assertions="13" errors="0" warnings="0" failures="0" skipped="0" time="0.371588">
        <testcase name="testGetGameData" class="App\Tests\CardGame\GameDataServiceTest" classname="App.Tests.CardGame.GameDataServiceTest" file="/mnt/c/Users/isabe/dbwebb-kurser/mvc/me/report/tests/CardGame/GameDataServiceTest.php" line="53" assertions="13" time="0.371588"/>
      </testsuite>
      <testsuite name="App\Tests\CardGame\GameLoggerTest" file="/mnt/c/Users/isabe/dbwebb-kurser/mvc/me/report/tests/CardGame/GameLoggerTest.php" tests="2" assertions="3" errors="0" warnings="0" failures="0" skipped="0" time="0.053225">
        <testcase name="testLogGameStart" class="App\Tests\CardGame\GameLoggerTest" classname="App.Tests.CardGame.GameLoggerTest" file="/mnt/c/Users/isabe/dbwebb-kurser/mvc/me/report/tests/CardGame/GameLoggerTest.php" line="33" assertions="2" time="0.028808"/>
        <testcase name="testUpdateGameLog" class="App\Tests\CardGame\GameLoggerTest" classname="App.Tests.CardGame.GameLoggerTest" file="/mnt/c/Users/isabe/dbwebb-kurser/mvc/me/report/tests/CardGame/GameLoggerTest.php" line="70" assertions="1" time="0.024417"/>
      </testsuite>
      <testsuite name="App\Tests\CardGame\GameResultCheckTest" file="/mnt/c/Users/isabe/dbwebb-kurser/mvc/me/report/tests/CardGame/GameResultCheckTest.php" tests="5" assertions="28" errors="0" warnings="0" failures="0" skipped="0" time="0.019691">
        <testcase name="testCheckBlackjack" class="App\Tests\CardGame\GameResultCheckTest" classname="App.Tests.CardGame.GameResultCheckTest" file="/mnt/c/Users/isabe/dbwebb-kurser/mvc/me/report/tests/CardGame/GameResultCheckTest.php" line="10" assertions="5" time="0.018310"/>
        <testcase name="testCheckBust" class="App\Tests\CardGame\GameResultCheckTest" classname="App.Tests.CardGame.GameResultCheckTest" file="/mnt/c/Users/isabe/dbwebb-kurser/mvc/me/report/tests/CardGame/GameResultCheckTest.php" line="35" assertions="5" time="0.000362"/>
        <testcase name="testBlackjackOrBust" class="App\Tests\CardGame\GameResultCheckTest" classname="App.Tests.CardGame.GameResultCheckTest" file="/mnt/c/Users/isabe/dbwebb-kurser/mvc/me/report/tests/CardGame/GameResultCheckTest.php" line="60" assertions="7" time="0.000366"/>
        <testcase name="testHighestScore" class="App\Tests\CardGame\GameResultCheckTest" classname="App.Tests.CardGame.GameResultCheckTest" file="/mnt/c/Users/isabe/dbwebb-kurser/mvc/me/report/tests/CardGame/GameResultCheckTest.php" line="100" assertions="6" time="0.000325"/>
        <testcase name="testCheckCondition" class="App\Tests\CardGame\GameResultCheckTest" classname="App.Tests.CardGame.GameResultCheckTest" file="/mnt/c/Users/isabe/dbwebb-kurser/mvc/me/report/tests/CardGame/GameResultCheckTest.php" line="135" assertions="5" time="0.000328"/>
      </testsuite>
      <testsuite name="App\Tests\CardGame\GameServiceTest" file="/mnt/c/Users/isabe/dbwebb-kurser/mvc/me/report/tests/CardGame/GameServiceTest.php" tests="5" assertions="6" errors="0" warnings="0" failures="0" skipped="0" time="0.022627">
        <testcase name="testInitializeGame" class="App\Tests\CardGame\GameServiceTest" classname="App.Tests.CardGame.GameServiceTest" file="/mnt/c/Users/isabe/dbwebb-kurser/mvc/me/report/tests/CardGame/GameServiceTest.php" line="28" assertions="1" time="0.018539"/>
        <testcase name="testInitGameSuccess" class="App\Tests\CardGame\GameServiceTest" classname="App.Tests.CardGame.GameServiceTest" file="/mnt/c/Users/isabe/dbwebb-kurser/mvc/me/report/tests/CardGame/GameServiceTest.php" line="42" assertions="2" time="0.002214"/>
        <testcase name="testAdjustMoneyForBet" class="App\Tests\CardGame\GameServiceTest" classname="App.Tests.CardGame.GameServiceTest" file="/mnt/c/Users/isabe/dbwebb-kurser/mvc/me/report/tests/CardGame/GameServiceTest.php" line="51" assertions="1" time="0.000799"/>
        <testcase name="testIsValidBet" class="App\Tests\CardGame\GameServiceTest" classname="App.Tests.CardGame.GameServiceTest" file="/mnt/c/Users/isabe/dbwebb-kurser/mvc/me/report/tests/CardGame/GameServiceTest.php" line="70" assertions="1" time="0.000499"/>
        <testcase name="testIsInvalidBet" class="App\Tests\CardGame\GameServiceTest" classname="App.Tests.CardGame.GameServiceTest" file="/mnt/c/Users/isabe/dbwebb-kurser/mvc/me/report/tests/CardGame/GameServiceTest.php" line="82" assertions="1" time="0.000574"/>
      </testsuite>
      <testsuite name="App\Tests\CardGame\MoneyHandlingTest" file="/mnt/c/Users/isabe/dbwebb-kurser/mvc/me/report/tests/CardGame/MoneyHandlingTest.php" tests="4" assertions="8" errors="0" warnings="0" failures="0" skipped="0" time="0.009537">
        <testcase name="testHandleMoneyPlayerWins" class="App\Tests\CardGame\MoneyHandlingTest" classname="App.Tests.CardGame.MoneyHandlingTest" file="/mnt/c/Users/isabe/dbwebb-kurser/mvc/me/report/tests/CardGame/MoneyHandlingTest.php" line="10" assertions="2" time="0.008370"/>
        <testcase name="testHandleMoneyDealerWins" class="App\Tests\CardGame\MoneyHandlingTest" classname="App.Tests.CardGame.MoneyHandlingTest" file="/mnt/c/Users/isabe/dbwebb-kurser/mvc/me/report/tests/CardGame/MoneyHandlingTest.php" line="24" assertions="2" time="0.000329"/>
        <testcase name="testHandleMoneyTie" class="App\Tests\CardGame\MoneyHandlingTest" classname="App.Tests.CardGame.MoneyHandlingTest" file="/mnt/c/Users/isabe/dbwebb-kurser/mvc/me/report/tests/CardGame/MoneyHandlingTest.php" line="38" assertions="2" time="0.000521"/>
        <testcase name="testHandleMoneyNoChange" class="App\Tests\CardGame\MoneyHandlingTest" classname="App.Tests.CardGame.MoneyHandlingTest" file="/mnt/c/Users/isabe/dbwebb-kurser/mvc/me/report/tests/CardGame/MoneyHandlingTest.php" line="52" assertions="2" time="0.000316"/>
      </testsuite>
      <testsuite name="App\Tests\Controller\BlackJackControllerTest" file="/mnt/c/Users/isabe/dbwebb-kurser/mvc/me/report/tests/Controller/BlackJackControllerTest.php" tests="10" assertions="41" errors="0" warnings="0" failures="0" skipped="0" time="0.242649">
        <testcase name="testGame" class="App\Tests\Controller\BlackJackControllerTest" classname="App.Tests.Controller.BlackJackControllerTest" file="/mnt/c/Users/isabe/dbwebb-kurser/mvc/me/report/tests/Controller/BlackJackControllerTest.php" line="43" assertions="5" time="0.124616"/>
        <testcase name="testInit" class="App\Tests\Controller\BlackJackControllerTest" classname="App.Tests.Controller.BlackJackControllerTest" file="/mnt/c/Users/isabe/dbwebb-kurser/mvc/me/report/tests/Controller/BlackJackControllerTest.php" line="80" assertions="4" time="0.001093"/>
        <testcase name="testInitCallback" class="App\Tests\Controller\BlackJackControllerTest" classname="App.Tests.Controller.BlackJackControllerTest" file="/mnt/c/Users/isabe/dbwebb-kurser/mvc/me/report/tests/Controller/BlackJackControllerTest.php" line="104" assertions="4" time="0.104459"/>
        <testcase name="testInitCallbackFailed" class="App\Tests\Controller\BlackJackControllerTest" classname="App.Tests.Controller.BlackJackControllerTest" file="/mnt/c/Users/isabe/dbwebb-kurser/mvc/me/report/tests/Controller/BlackJackControllerTest.php" line="133" assertions="4" time="0.001179"/>
        <testcase name="testPlay" class="App\Tests\Controller\BlackJackControllerTest" classname="App.Tests.Controller.BlackJackControllerTest" file="/mnt/c/Users/isabe/dbwebb-kurser/mvc/me/report/tests/Controller/BlackJackControllerTest.php" line="165" assertions="5" time="0.001712"/>
        <testcase name="testStand" class="App\Tests\Controller\BlackJackControllerTest" classname="App.Tests.Controller.BlackJackControllerTest" file="/mnt/c/Users/isabe/dbwebb-kurser/mvc/me/report/tests/Controller/BlackJackControllerTest.php" line="226" assertions="4" time="0.001438"/>
        <testcase name="testHit" class="App\Tests\Controller\BlackJackControllerTest" classname="App.Tests.Controller.BlackJackControllerTest" file="/mnt/c/Users/isabe/dbwebb-kurser/mvc/me/report/tests/Controller/BlackJackControllerTest.php" line="269" assertions="4" time="0.002057"/>
        <testcase name="testDealerHit" class="App\Tests\Controller\BlackJackControllerTest" classname="App.Tests.Controller.BlackJackControllerTest" file="/mnt/c/Users/isabe/dbwebb-kurser/mvc/me/report/tests/Controller/BlackJackControllerTest.php" line="318" assertions="4" time="0.001717"/>
        <testcase name="testEndResult" class="App\Tests\Controller\BlackJackControllerTest" classname="App.Tests.Controller.BlackJackControllerTest" file="/mnt/c/Users/isabe/dbwebb-kurser/mvc/me/report/tests/Controller/BlackJackControllerTest.php" line="366" assertions="4" time="0.003513"/>
        <testcase name="testDoc" class="App\Tests\Controller\BlackJackControllerTest" classname="App.Tests.Controller.BlackJackControllerTest" file="/mnt/c/Users/isabe/dbwebb-kurser/mvc/me/report/tests/Controller/BlackJackControllerTest.php" line="433" assertions="3" time="0.000863"/>
      </testsuite>
      <testsuite name="App\Tests\Controller\BlackJackJsonTest" file="/mnt/c/Users/isabe/dbwebb-kurser/mvc/me/report/tests/Controller/BlackJackJsonTest.php" tests="2" assertions="28" errors="0" warnings="0" failures="0" skipped="0" time="0.035648">
        <testcase name="testPlayWithoutGameStarted" class="App\Tests\Controller\BlackJackJsonTest" classname="App.Tests.Controller.BlackJackJsonTest" file="/mnt/c/Users/isabe/dbwebb-kurser/mvc/me/report/tests/Controller/BlackJackJsonTest.php" line="36" assertions="4" time="0.033423"/>
        <testcase name="testPlayWithGameInProgress" class="App\Tests\Controller\BlackJackJsonTest" classname="App.Tests.Controller.BlackJackJsonTest" file="/mnt/c/Users/isabe/dbwebb-kurser/mvc/me/report/tests/Controller/BlackJackJsonTest.php" line="59" assertions="24" time="0.002225"/>
      </testsuite>
      <testsuite name="App\Tests\Controller\LibraryControllerTest" file="/mnt/c/Users/isabe/dbwebb-kurser/mvc/me/report/tests/Controller/LibraryControllerTest.php" tests="1" assertions="0" errors="0" warnings="1" failures="0" skipped="0" time="0.018543">
        <testcase name="Warning" assertions="0" time="0.018543">
          <warning type="PHPUnit\Framework\Warning">Warning
No tests found in class "App\Tests\Controller\LibraryControllerTest".</warning>
        </testcase>
      </testsuite>
      <testsuite name="App\Tests\Controller\ReportSiteJsonTest" file="/mnt/c/Users/isabe/dbwebb-kurser/mvc/me/report/tests/Controller/ReportSiteJsonTest.php" tests="4" assertions="20" errors="0" warnings="0" failures="0" skipped="0" time="0.011193">
        <testcase name="testJsonNumber" class="App\Tests\Controller\ReportSiteJsonTest" classname="App.Tests.Controller.ReportSiteJsonTest" file="/mnt/c/Users/isabe/dbwebb-kurser/mvc/me/report/tests/Controller/ReportSiteJsonTest.php" line="29" assertions="5" time="0.009016"/>
        <testcase name="testJsonQuote" class="App\Tests\Controller\ReportSiteJsonTest" classname="App.Tests.Controller.ReportSiteJsonTest" file="/mnt/c/Users/isabe/dbwebb-kurser/mvc/me/report/tests/Controller/ReportSiteJsonTest.php" line="42" assertions="5" time="0.000687"/>
        <testcase name="testDrawCardFromEmptyDeck" class="App\Tests\Controller\ReportSiteJsonTest" classname="App.Tests.Controller.ReportSiteJsonTest" file="/mnt/c/Users/isabe/dbwebb-kurser/mvc/me/report/tests/Controller/ReportSiteJsonTest.php" line="55" assertions="5" time="0.000759"/>
        <testcase name="testDrawMultipleCardsFromEmptyDeck" class="App\Tests\Controller\ReportSiteJsonTest" classname="App.Tests.Controller.ReportSiteJsonTest" file="/mnt/c/Users/isabe/dbwebb-kurser/mvc/me/report/tests/Controller/ReportSiteJsonTest.php" line="72" assertions="5" time="0.000731"/>
      </testsuite>
      <testsuite name="App\Dice\DiceTest" file="/mnt/c/Users/isabe/dbwebb-kurser/mvc/me/report/tests/Dice/DiceTest.php" tests="1" assertions="2" errors="0" warnings="0" failures="0" skipped="0" time="0.022374">
        <testcase name="testCreateDice" class="App\Dice\DiceTest" classname="App.Dice.DiceTest" file="/mnt/c/Users/isabe/dbwebb-kurser/mvc/me/report/tests/Dice/DiceTest.php" line="16" assertions="2" time="0.022374"/>
      </testsuite>
      <testsuite name="App\Entity\LibraryTest" file="/mnt/c/Users/isabe/dbwebb-kurser/mvc/me/report/tests/Library/LibraryTest.php" tests="5" assertions="5" errors="0" warnings="0" failures="0" skipped="0" time="0.019267">
        <testcase name="testSetTitle" class="App\Entity\LibraryTest" classname="App.Entity.LibraryTest" file="/mnt/c/Users/isabe/dbwebb-kurser/mvc/me/report/tests/Library/LibraryTest.php" line="9" assertions="1" time="0.018088"/>
        <testcase name="testSetAndGetAuthor" class="App\Entity\LibraryTest" classname="App.Entity.LibraryTest" file="/mnt/c/Users/isabe/dbwebb-kurser/mvc/me/report/tests/Library/LibraryTest.php" line="16" assertions="1" time="0.000310"/>
        <testcase name="testSetAndGetIsbn" class="App\Entity\LibraryTest" classname="App.Entity.LibraryTest" file="/mnt/c/Users/isabe/dbwebb-kurser/mvc/me/report/tests/Library/LibraryTest.php" line="23" assertions="1" time="0.000285"/>
        <testcase name="testSetAndGetBookimage" class="App\Entity\LibraryTest" classname="App.Entity.LibraryTest" file="/mnt/c/Users/isabe/dbwebb-kurser/mvc/me/report/tests/Library/LibraryTest.php" line="30" assertions="1" time="0.000285"/>
        <testcase name="testSetAndGetDescription" class="App\Entity\LibraryTest" classname="App.Entity.LibraryTest" file="/mnt/c/Users/isabe/dbwebb-kurser/mvc/me/report/tests/Library/LibraryTest.php" line="37" assertions="1" time="0.000299"/>
      </testsuite>
    </testsuite>
  </testsuite>
</testsuites>
