<?xml version="1.0" encoding="UTF-8"?>
<testsuites>
  <testsuite name="" tests="32" assertions="69" errors="0" warnings="0" failures="0" skipped="0" time="0.292305">
    <testsuite name="Project Test Suite" tests="32" assertions="69" errors="0" warnings="0" failures="0" skipped="0" time="0.292305">
      <testsuite name="App\CardGame\CardGraphicTest" file="/mnt/c/Users/isabe/dbwebb-kurser/mvc/me/report/tests/CardGame/CardGraphicTest.php" tests="2" assertions="2" errors="0" warnings="0" failures="0" skipped="0" time="0.131351">
        <testcase name="testGetAsString" class="App\CardGame\CardGraphicTest" classname="App.CardGame.CardGraphicTest" file="/mnt/c/Users/isabe/dbwebb-kurser/mvc/me/report/tests/CardGame/CardGraphicTest.php" line="9" assertions="1" time="0.131032"/>
        <testcase name="testGetUnturned" class="App\CardGame\CardGraphicTest" classname="App.CardGame.CardGraphicTest" file="/mnt/c/Users/isabe/dbwebb-kurser/mvc/me/report/tests/CardGame/CardGraphicTest.php" line="15" assertions="1" time="0.000318"/>
      </testsuite>
      <testsuite name="App\CardGame\CardHandTest" file="/mnt/c/Users/isabe/dbwebb-kurser/mvc/me/report/tests/CardGame/CardHandTest.php" tests="10" assertions="16" errors="0" warnings="0" failures="0" skipped="0" time="0.029389">
        <testcase name="testAddCardAndGetCards" class="App\CardGame\CardHandTest" classname="App.CardGame.CardHandTest" file="/mnt/c/Users/isabe/dbwebb-kurser/mvc/me/report/tests/CardGame/CardHandTest.php" line="9" assertions="1" time="0.026324"/>
        <testcase name="testCalculateTotal" class="App\CardGame\CardHandTest" classname="App.CardGame.CardHandTest" file="/mnt/c/Users/isabe/dbwebb-kurser/mvc/me/report/tests/CardGame/CardHandTest.php" line="21" assertions="2" time="0.000358"/>
        <testcase name="testCalculateTotalWithAce" class="App\CardGame\CardHandTest" classname="App.CardGame.CardHandTest" file="/mnt/c/Users/isabe/dbwebb-kurser/mvc/me/report/tests/CardGame/CardHandTest.php" line="37" assertions="2" time="0.000325"/>
        <testcase name="testCalculateTotalWithAceAsEleven" class="App\CardGame\CardHandTest" classname="App.CardGame.CardHandTest" file="/mnt/c/Users/isabe/dbwebb-kurser/mvc/me/report/tests/CardGame/CardHandTest.php" line="53" assertions="2" time="0.000321"/>
        <testcase name="testCalculateTotalWithFaceCards" class="App\CardGame\CardHandTest" classname="App.CardGame.CardHandTest" file="/mnt/c/Users/isabe/dbwebb-kurser/mvc/me/report/tests/CardGame/CardHandTest.php" line="66" assertions="2" time="0.000358"/>
        <testcase name="testCalculateTotalDealer" class="App\CardGame\CardHandTest" classname="App.CardGame.CardHandTest" file="/mnt/c/Users/isabe/dbwebb-kurser/mvc/me/report/tests/CardGame/CardHandTest.php" line="78" assertions="1" time="0.000311"/>
        <testcase name="testCalculateTotalWithAceHighAdjustment" class="App\CardGame\CardHandTest" classname="App.CardGame.CardHandTest" file="/mnt/c/Users/isabe/dbwebb-kurser/mvc/me/report/tests/CardGame/CardHandTest.php" line="94" assertions="2" time="0.000354"/>
        <testcase name="testCalculateTotalWithThreeAcesAndRandomCard" class="App\CardGame\CardHandTest" classname="App.CardGame.CardHandTest" file="/mnt/c/Users/isabe/dbwebb-kurser/mvc/me/report/tests/CardGame/CardHandTest.php" line="112" assertions="2" time="0.000371"/>
        <testcase name="testCalculateTotalDealerWithAce" class="App\CardGame\CardHandTest" classname="App.CardGame.CardHandTest" file="/mnt/c/Users/isabe/dbwebb-kurser/mvc/me/report/tests/CardGame/CardHandTest.php" line="133" assertions="1" time="0.000341"/>
        <testcase name="testCalculateTotalDealerWithFaceCard" class="App\CardGame\CardHandTest" classname="App.CardGame.CardHandTest" file="/mnt/c/Users/isabe/dbwebb-kurser/mvc/me/report/tests/CardGame/CardHandTest.php" line="144" assertions="1" time="0.000326"/>
      </testsuite>
      <testsuite name="App\CardGame\CardTest" file="/mnt/c/Users/isabe/dbwebb-kurser/mvc/me/report/tests/CardGame/CardTest.php" tests="4" assertions="7" errors="0" warnings="0" failures="0" skipped="0" time="0.001273">
        <testcase name="testGetValue" class="App\CardGame\CardTest" classname="App.CardGame.CardTest" file="/mnt/c/Users/isabe/dbwebb-kurser/mvc/me/report/tests/CardGame/CardTest.php" line="9" assertions="1" time="0.000348"/>
        <testcase name="testGetCardName" class="App\CardGame\CardTest" classname="App.CardGame.CardTest" file="/mnt/c/Users/isabe/dbwebb-kurser/mvc/me/report/tests/CardGame/CardTest.php" line="15" assertions="4" time="0.000308"/>
        <testcase name="testGetSuit" class="App\CardGame\CardTest" classname="App.CardGame.CardTest" file="/mnt/c/Users/isabe/dbwebb-kurser/mvc/me/report/tests/CardGame/CardTest.php" line="27" assertions="1" time="0.000308"/>
        <testcase name="testGetCardNameDefault" class="App\CardGame\CardTest" classname="App.CardGame.CardTest" file="/mnt/c/Users/isabe/dbwebb-kurser/mvc/me/report/tests/CardGame/CardTest.php" line="32" assertions="1" time="0.000309"/>
      </testsuite>
      <testsuite name="App\CardGame\DeckOfCardsTest" file="/mnt/c/Users/isabe/dbwebb-kurser/mvc/me/report/tests/CardGame/DeckOfCardsTest.php" tests="1" assertions="1" errors="0" warnings="0" failures="0" skipped="0" time="0.009640">
        <testcase name="testGetDeck" class="App\CardGame\DeckOfCardsTest" classname="App.CardGame.DeckOfCardsTest" file="/mnt/c/Users/isabe/dbwebb-kurser/mvc/me/report/tests/CardGame/DeckOfCardsTest.php" line="9" assertions="1" time="0.009640"/>
      </testsuite>
      <testsuite name="App\CardGame\GameResultCheckTest" file="/mnt/c/Users/isabe/dbwebb-kurser/mvc/me/report/tests/CardGame/GameResultCheckTest.php" tests="5" assertions="28" errors="0" warnings="0" failures="0" skipped="0" time="0.029760">
        <testcase name="testCheckBlackjack" class="App\CardGame\GameResultCheckTest" classname="App.CardGame.GameResultCheckTest" file="/mnt/c/Users/isabe/dbwebb-kurser/mvc/me/report/tests/CardGame/GameResultCheckTest.php" line="9" assertions="5" time="0.028351"/>
        <testcase name="testCheckBust" class="App\CardGame\GameResultCheckTest" classname="App.CardGame.GameResultCheckTest" file="/mnt/c/Users/isabe/dbwebb-kurser/mvc/me/report/tests/CardGame/GameResultCheckTest.php" line="34" assertions="5" time="0.000355"/>
        <testcase name="testBlackjackOrBust" class="App\CardGame\GameResultCheckTest" classname="App.CardGame.GameResultCheckTest" file="/mnt/c/Users/isabe/dbwebb-kurser/mvc/me/report/tests/CardGame/GameResultCheckTest.php" line="59" assertions="7" time="0.000375"/>
        <testcase name="testHighestScore" class="App\CardGame\GameResultCheckTest" classname="App.CardGame.GameResultCheckTest" file="/mnt/c/Users/isabe/dbwebb-kurser/mvc/me/report/tests/CardGame/GameResultCheckTest.php" line="99" assertions="6" time="0.000346"/>
        <testcase name="testCheckCondition" class="App\CardGame\GameResultCheckTest" classname="App.CardGame.GameResultCheckTest" file="/mnt/c/Users/isabe/dbwebb-kurser/mvc/me/report/tests/CardGame/GameResultCheckTest.php" line="134" assertions="5" time="0.000333"/>
      </testsuite>
      <testsuite name="App\CardGame\MoneyHandlingTest" file="/mnt/c/Users/isabe/dbwebb-kurser/mvc/me/report/tests/CardGame/MoneyHandlingTest.php" tests="4" assertions="8" errors="0" warnings="0" failures="0" skipped="0" time="0.011064">
        <testcase name="testHandleMoneyPlayerWins" class="App\CardGame\MoneyHandlingTest" classname="App.CardGame.MoneyHandlingTest" file="/mnt/c/Users/isabe/dbwebb-kurser/mvc/me/report/tests/CardGame/MoneyHandlingTest.php" line="9" assertions="2" time="0.010148"/>
        <testcase name="testHandleMoneyDealerWins" class="App\CardGame\MoneyHandlingTest" classname="App.CardGame.MoneyHandlingTest" file="/mnt/c/Users/isabe/dbwebb-kurser/mvc/me/report/tests/CardGame/MoneyHandlingTest.php" line="23" assertions="2" time="0.000327"/>
        <testcase name="testHandleMoneyTie" class="App\CardGame\MoneyHandlingTest" classname="App.CardGame.MoneyHandlingTest" file="/mnt/c/Users/isabe/dbwebb-kurser/mvc/me/report/tests/CardGame/MoneyHandlingTest.php" line="37" assertions="2" time="0.000293"/>
        <testcase name="testHandleMoneyNoChange" class="App\CardGame\MoneyHandlingTest" classname="App.CardGame.MoneyHandlingTest" file="/mnt/c/Users/isabe/dbwebb-kurser/mvc/me/report/tests/CardGame/MoneyHandlingTest.php" line="51" assertions="2" time="0.000295"/>
      </testsuite>
      <testsuite name="App\Dice\DiceTest" file="/mnt/c/Users/isabe/dbwebb-kurser/mvc/me/report/tests/Dice/DiceTest.php" tests="1" assertions="2" errors="0" warnings="0" failures="0" skipped="0" time="0.059789">
        <testcase name="testCreateDice" class="App\Dice\DiceTest" classname="App.Dice.DiceTest" file="/mnt/c/Users/isabe/dbwebb-kurser/mvc/me/report/tests/Dice/DiceTest.php" line="16" assertions="2" time="0.059789"/>
      </testsuite>
      <testsuite name="App\Entity\LibraryTest" file="/mnt/c/Users/isabe/dbwebb-kurser/mvc/me/report/tests/Library/LibraryTest.php" tests="5" assertions="5" errors="0" warnings="0" failures="0" skipped="0" time="0.020040">
        <testcase name="testSetTitle" class="App\Entity\LibraryTest" classname="App.Entity.LibraryTest" file="/mnt/c/Users/isabe/dbwebb-kurser/mvc/me/report/tests/Library/LibraryTest.php" line="9" assertions="1" time="0.018859"/>
        <testcase name="testSetAndGetAuthor" class="App\Entity\LibraryTest" classname="App.Entity.LibraryTest" file="/mnt/c/Users/isabe/dbwebb-kurser/mvc/me/report/tests/Library/LibraryTest.php" line="16" assertions="1" time="0.000311"/>
        <testcase name="testSetAndGetIsbn" class="App\Entity\LibraryTest" classname="App.Entity.LibraryTest" file="/mnt/c/Users/isabe/dbwebb-kurser/mvc/me/report/tests/Library/LibraryTest.php" line="23" assertions="1" time="0.000290"/>
        <testcase name="testSetAndGetBookimage" class="App\Entity\LibraryTest" classname="App.Entity.LibraryTest" file="/mnt/c/Users/isabe/dbwebb-kurser/mvc/me/report/tests/Library/LibraryTest.php" line="30" assertions="1" time="0.000283"/>
        <testcase name="testSetAndGetDescription" class="App\Entity\LibraryTest" classname="App.Entity.LibraryTest" file="/mnt/c/Users/isabe/dbwebb-kurser/mvc/me/report/tests/Library/LibraryTest.php" line="37" assertions="1" time="0.000297"/>
      </testsuite>
    </testsuite>
  </testsuite>
</testsuites>
